<?xml version="1.0" encoding="UTF-8"?>
<testsuites name="TS_Event Group Management" time="55" tests="0" failures="0" errors="1">
   <testsuite name="TS_Event Group Management" tests="0" failures="0" errors="1" time="55" timestamp="2019-01-28 10:08:42" hostname="Ebtehal Gamal Yusuf - LPALXY0199.ejadaalex.local" id="Test Suites/Event Group Management/TS_Event Group Management">
      <properties>
         <property name="deviceName" value=""/>
         <property name="devicePlatform" value=""/>
         <property name="logFolder" value="C:\\Users\\Administrator\\git\\MOF\\Reports\\Event Group Management\\TS_Event Group Management\\20190128_100839"/>
         <property name="logFiles" value="C:\\Users\\Administrator\\git\\MOF\\Reports\\Event Group Management\\TS_Event Group Management\\20190128_100839\\execution0.log"/>
         <property name="attachments" value=""/>
         <property name="hostName" value="Ebtehal Gamal Yusuf - LPALXY0199.ejadaalex.local"/>
         <property name="os" value="Windows 7 64bit"/>
         <property name="katalonVersion" value="5.10.1.1"/>
         <property name="browser" value="Chrome 71.0.3578.98"/>
         <property name="hostAddress" value="192.168.3.51"/>
         <property name="sessionId" value="fad214e53d92d85deaf3daa14f69913b"/>
         <property name="seleniumVersion" value="3.7.1"/>
         <property name="proxyInformation" value="ProxyInformation{proxyOption=NO_PROXY, proxyServerType=HTTP, password=, proxyServerAddress=, proxyServerPort=0}"/>
         <property name="platform" value="Windows 7"/>
      </properties>
      <testcase name="Test Cases/Event Group Management/TC_Update_FullScenario" classname="Test Cases/Event Group Management/TC_Update_FullScenario" status="ERROR">
         <error type="ERROR" message="Test Cases/Event Group Management/TC_Update_FullScenario FAILED.
Reason:
java.lang.NullPointerException: Cannot invoke method getValue() on null object
	at pk_Functions.CS_VerifyPageData.CheckMatching(CS_VerifyPageData.groovy:34)
	at pk_Functions.CS_VerifyPageData.invokeMethod(CS_VerifyPageData.groovy)
	at com.kms.katalon.core.main.CustomKeywordDelegatingMetaClass.invokeStaticMethod(CustomKeywordDelegatingMetaClass.java:49)
	at TC_Update_FullScenario.run(TC_Update_FullScenario:43)
	at com.kms.katalon.core.main.ScriptEngine.run(ScriptEngine.java:194)
	at com.kms.katalon.core.main.ScriptEngine.runScriptAsRawText(ScriptEngine.java:119)
	at com.kms.katalon.core.main.TestCaseExecutor.runScript(TestCaseExecutor.java:328)
	at com.kms.katalon.core.main.TestCaseExecutor.doExecute(TestCaseExecutor.java:319)
	at com.kms.katalon.core.main.TestCaseExecutor.processExecutionPhase(TestCaseExecutor.java:298)
	at com.kms.katalon.core.main.TestCaseExecutor.accessMainPhase(TestCaseExecutor.java:290)
	at com.kms.katalon.core.main.TestCaseExecutor.execute(TestCaseExecutor.java:224)
	at com.kms.katalon.core.main.TestSuiteExecutor.accessTestCaseMainPhase(TestSuiteExecutor.java:129)
	at com.kms.katalon.core.main.TestSuiteExecutor.accessTestSuiteMainPhase(TestSuiteExecutor.java:112)
	at com.kms.katalon.core.main.TestSuiteExecutor.execute(TestSuiteExecutor.java:81)
	at com.kms.katalon.core.main.TestCaseMain.startTestSuite(TestCaseMain.java:149)
	at com.kms.katalon.core.main.TestCaseMain$startTestSuite$0.call(Unknown Source)
	at TempTestSuite1548662919709.run(TempTestSuite1548662919709.groovy:36)
"/>
         <system-out><![CDATA[2019-01-28 10:08:42 - [TEST_CASE][ERROR] - Test Cases/Event Group Management/TC_Update_FullScenario: Test Cases/Event Group Management/TC_Update_FullScenario FAILED.
Reason:
java.lang.NullPointerException: Cannot invoke method getValue() on null object
	at pk_Functions.CS_VerifyPageData.CheckMatching(CS_VerifyPageData.groovy:34)
	at pk_Functions.CS_VerifyPageData.invokeMethod(CS_VerifyPageData.groovy)
	at com.kms.katalon.core.main.CustomKeywordDelegatingMetaClass.invokeStaticMethod(CustomKeywordDelegatingMetaClass.java:49)
	at TC_Update_FullScenario.run(TC_Update_FullScenario:43)
	at com.kms.katalon.core.main.ScriptEngine.run(ScriptEngine.java:194)
	at com.kms.katalon.core.main.ScriptEngine.runScriptAsRawText(ScriptEngine.java:119)
	at com.kms.katalon.core.main.TestCaseExecutor.runScript(TestCaseExecutor.java:328)
	at com.kms.katalon.core.main.TestCaseExecutor.doExecute(TestCaseExecutor.java:319)
	at com.kms.katalon.core.main.TestCaseExecutor.processExecutionPhase(TestCaseExecutor.java:298)
	at com.kms.katalon.core.main.TestCaseExecutor.accessMainPhase(TestCaseExecutor.java:290)
	at com.kms.katalon.core.main.TestCaseExecutor.execute(TestCaseExecutor.java:224)
	at com.kms.katalon.core.main.TestSuiteExecutor.accessTestCaseMainPhase(TestSuiteExecutor.java:129)
	at com.kms.katalon.core.main.TestSuiteExecutor.accessTestSuiteMainPhase(TestSuiteExecutor.java:112)
	at com.kms.katalon.core.main.TestSuiteExecutor.execute(TestSuiteExecutor.java:81)
	at com.kms.katalon.core.main.TestCaseMain.startTestSuite(TestCaseMain.java:149)
	at com.kms.katalon.core.main.TestCaseMain$startTestSuite$0.call(Unknown Source)
	at TempTestSuite1548662919709.run(TempTestSuite1548662919709.groovy:36)


2019-01-28 10:08:43 - [TEST_STEP][PASSED] - pk_Functions.CS_Login.LoginFun(findTestObject(null), "http://192.168.0.190:8080/mof/#/", findTestObject("Login/Username"), findTestObject("Login/Password"), "AAttia", "123", findTestObject("Login/Login")): pk_Functions.CS_Login.LoginFun is PASSED

2019-01-28 10:08:43 - [MESSAGE][WARNING] - Test object id is null

2019-01-28 10:08:44 - [MESSAGE][INFO] - Starting 'Chrome' driver

2019-01-28 10:08:44 - [MESSAGE][INFO] - Action delay is set to 0 seconds

2019-01-28 10:08:59 - [MESSAGE][PASSED] - Browser is opened with url: 'http://192.168.0.190:8080/mof/#/'

2019-01-28 10:08:59 - [MESSAGE][PASSED] - Text 'AAttia' is set on object 'Object Repository/Login/Username'

2019-01-28 10:08:59 - [MESSAGE][PASSED] - Text '123' is set on object 'Object Repository/Login/Password'

2019-01-28 10:09:00 - [MESSAGE][PASSED] - Object: 'Object Repository/Login/Login' is clicked on

2019-01-28 10:09:00 - [MESSAGE][PASSED] - pk_Functions.CS_Login.LoginFun is PASSED

2019-01-28 10:09:00 - [TEST_STEP][PASSED] - click(findTestObject("NE_SideMenu")): Object: 'Object Repository/NE_SideMenu' is clicked on

2019-01-28 10:09:01 - [MESSAGE][PASSED] - Object: 'Object Repository/NE_SideMenu' is clicked on

2019-01-28 10:09:01 - [TEST_STEP][PASSED] - click(findTestObject("NE_EventGroupManagement")): Object: 'Object Repository/NE_EventGroupManagement' is clicked on

2019-01-28 10:09:01 - [MESSAGE][PASSED] - Object: 'Object Repository/NE_EventGroupManagement' is clicked on

2019-01-28 10:09:01 - [TEST_STEP][PASSED] - click(findTestObject("Event Group Managemnt/BTN_Search")): Object: 'Object Repository/Event Group Managemnt/BTN_Search' is clicked on

2019-01-28 10:09:02 - [MESSAGE][PASSED] - Object: 'Object Repository/Event Group Managemnt/BTN_Search' is clicked on

2019-01-28 10:09:02 - [TEST_STEP][PASSED] - delay(5): Delayed 5 second(s)

2019-01-28 10:09:07 - [MESSAGE][PASSED] - Delayed 5 second(s)

2019-01-28 10:09:07 - [TEST_STEP][PASSED] - pk_Functions.CS_SelectRecordFromWebtable_IPO.SelectRecordFromWebtableFun("Event Group Management/MOF_NE_Event Group ManagementObjectRepository", "Search_Function", "1", 0, 3, 2): pk_Functions.CS_SelectRecordFromWebtable_IPO.SelectRecordFromWebtableFun is PASSED

2019-01-28 10:09:12 - [MESSAGE][PASSED] - Delayed 4 second(s)

2019-01-28 10:09:16 - [MESSAGE][PASSED] - Delayed 4 second(s)

2019-01-28 10:09:16 - [MESSAGE][PASSED] - pk_Functions.CS_SelectRecordFromWebtable_IPO.SelectRecordFromWebtableFun is PASSED

2019-01-28 10:09:16 - [TEST_STEP][PASSED] - delay(5): Delayed 5 second(s)

2019-01-28 10:09:21 - [MESSAGE][PASSED] - Delayed 5 second(s)

2019-01-28 10:09:21 - [TEST_STEP][PASSED] - pk_Functions.CS_SpecificPageData.DataFun(["Arabic Description", "English Description", "save", "back"], "Event Group Management/MOF_NE_Event Group ManagementObjectRepository", "Sheet1", [ArabicDescription, EnglishDescription, Save, Back]): pk_Functions.CS_SpecificPageData.DataFun is PASSED

2019-01-28 10:09:22 - [MESSAGE][PASSED] - Text 'Venice Venice' is set on object ''

2019-01-28 10:09:22 - [MESSAGE][PASSED] - Text 'Rome Rome' is set on object ''

2019-01-28 10:09:24 - [MESSAGE][PASSED] - Delayed 2 second(s)

2019-01-28 10:09:24 - [MESSAGE][PASSED] - Object: '' is clicked on

2019-01-28 10:09:26 - [MESSAGE][PASSED] - Delayed 2 second(s)

2019-01-28 10:09:26 - [MESSAGE][PASSED] - Object: '' is clicked on

2019-01-28 10:09:26 - [MESSAGE][PASSED] - pk_Functions.CS_SpecificPageData.DataFun is PASSED

2019-01-28 10:09:26 - [TEST_STEP][PASSED] - delay(2): Delayed 2 second(s)

2019-01-28 10:09:28 - [MESSAGE][PASSED] - Delayed 2 second(s)

2019-01-28 10:09:28 - [TEST_STEP][PASSED] - pk_Functions.CS_SelectRecordFromWebtable_IPO.SelectRecordFromWebtableFun("Event Group Management/MOF_NE_Event Group ManagementObjectRepository", "Search_Function", "1", 0, 3, 1): pk_Functions.CS_SelectRecordFromWebtable_IPO.SelectRecordFromWebtableFun is PASSED

2019-01-28 10:09:32 - [MESSAGE][PASSED] - Delayed 4 second(s)

2019-01-28 10:09:36 - [MESSAGE][PASSED] - Delayed 4 second(s)

2019-01-28 10:09:36 - [MESSAGE][PASSED] - pk_Functions.CS_SelectRecordFromWebtable_IPO.SelectRecordFromWebtableFun is PASSED

2019-01-28 10:09:36 - [TEST_STEP][PASSED] - delay(1): Delayed 1 second(s)

2019-01-28 10:09:37 - [MESSAGE][PASSED] - Delayed 1 second(s)

2019-01-28 10:09:37 - [TEST_STEP][ERROR] - pk_Functions.CS_VerifyPageData.CheckMatching("Event Group Management/EventManagementGPUpdate_ObjectRepository", "Sheet3", "Event Group Management/EventManagemntGPUpdate_Data1", ""): pk_Functions.CS_VerifyPageData.CheckMatching("Event Group Management/EventManagementGPUpdate_ObjectRepository", "Sheet3", "Event Group Management/EventManagemntGPUpdate_Data1", "") FAILED.
Reason:
java.lang.NullPointerException: Cannot invoke method getValue() on null object
	at pk_Functions.CS_VerifyPageData.CheckMatching(CS_VerifyPageData.groovy:34)
	at pk_Functions.CS_VerifyPageData.invokeMethod(CS_VerifyPageData.groovy)
	at com.kms.katalon.core.main.CustomKeywordDelegatingMetaClass.invokeStaticMethod(CustomKeywordDelegatingMetaClass.java:49)
	at TC_Update_FullScenario.run(TC_Update_FullScenario:43)
	at com.kms.katalon.core.main.ScriptEngine.run(ScriptEngine.java:194)
	at com.kms.katalon.core.main.ScriptEngine.runScriptAsRawText(ScriptEngine.java:119)
	at com.kms.katalon.core.main.TestCaseExecutor.runScript(TestCaseExecutor.java:328)
	at com.kms.katalon.core.main.TestCaseExecutor.doExecute(TestCaseExecutor.java:319)
	at com.kms.katalon.core.main.TestCaseExecutor.processExecutionPhase(TestCaseExecutor.java:298)
	at com.kms.katalon.core.main.TestCaseExecutor.accessMainPhase(TestCaseExecutor.java:290)
	at com.kms.katalon.core.main.TestCaseExecutor.execute(TestCaseExecutor.java:224)
	at com.kms.katalon.core.main.TestSuiteExecutor.accessTestCaseMainPhase(TestSuiteExecutor.java:129)
	at com.kms.katalon.core.main.TestSuiteExecutor.accessTestSuiteMainPhase(TestSuiteExecutor.java:112)
	at com.kms.katalon.core.main.TestSuiteExecutor.execute(TestSuiteExecutor.java:81)
	at com.kms.katalon.core.main.TestCaseMain.startTestSuite(TestCaseMain.java:149)
	at com.kms.katalon.core.main.TestCaseMain$startTestSuite$0.call(Unknown Source)
	at TempTestSuite1548662919709.run(TempTestSuite1548662919709.groovy:36)


2019-01-28 10:09:38 - [MESSAGE][ERROR] - Cannot invoke method getValue() on null object

2019-01-28 10:09:38 - [MESSAGE][ERROR] - pk_Functions.CS_VerifyPageData.CheckMatching("Event Group Management/EventManagementGPUpdate_ObjectRepository", "Sheet3", "Event Group Management/EventManagemntGPUpdate_Data1", "") FAILED.
Reason:
java.lang.NullPointerException: Cannot invoke method getValue() on null object
	at pk_Functions.CS_VerifyPageData.CheckMatching(CS_VerifyPageData.groovy:34)
	at pk_Functions.CS_VerifyPageData.invokeMethod(CS_VerifyPageData.groovy)
	at com.kms.katalon.core.main.CustomKeywordDelegatingMetaClass.invokeStaticMethod(CustomKeywordDelegatingMetaClass.java:49)
	at TC_Update_FullScenario.run(TC_Update_FullScenario:43)
	at com.kms.katalon.core.main.ScriptEngine.run(ScriptEngine.java:194)
	at com.kms.katalon.core.main.ScriptEngine.runScriptAsRawText(ScriptEngine.java:119)
	at com.kms.katalon.core.main.TestCaseExecutor.runScript(TestCaseExecutor.java:328)
	at com.kms.katalon.core.main.TestCaseExecutor.doExecute(TestCaseExecutor.java:319)
	at com.kms.katalon.core.main.TestCaseExecutor.processExecutionPhase(TestCaseExecutor.java:298)
	at com.kms.katalon.core.main.TestCaseExecutor.accessMainPhase(TestCaseExecutor.java:290)
	at com.kms.katalon.core.main.TestCaseExecutor.execute(TestCaseExecutor.java:224)
	at com.kms.katalon.core.main.TestSuiteExecutor.accessTestCaseMainPhase(TestSuiteExecutor.java:129)
	at com.kms.katalon.core.main.TestSuiteExecutor.accessTestSuiteMainPhase(TestSuiteExecutor.java:112)
	at com.kms.katalon.core.main.TestSuiteExecutor.execute(TestSuiteExecutor.java:81)
	at com.kms.katalon.core.main.TestCaseMain.startTestSuite(TestCaseMain.java:149)
	at com.kms.katalon.core.main.TestCaseMain$startTestSuite$0.call(Unknown Source)
	at TempTestSuite1548662919709.run(TempTestSuite1548662919709.groovy:36)]]></system-out>
         <system-err><![CDATA[2019-01-28 10:08:42 - [TEST_CASE][ERROR] - Test Cases/Event Group Management/TC_Update_FullScenario: Test Cases/Event Group Management/TC_Update_FullScenario FAILED.
Reason:
java.lang.NullPointerException: Cannot invoke method getValue() on null object
	at pk_Functions.CS_VerifyPageData.CheckMatching(CS_VerifyPageData.groovy:34)
	at pk_Functions.CS_VerifyPageData.invokeMethod(CS_VerifyPageData.groovy)
	at com.kms.katalon.core.main.CustomKeywordDelegatingMetaClass.invokeStaticMethod(CustomKeywordDelegatingMetaClass.java:49)
	at TC_Update_FullScenario.run(TC_Update_FullScenario:43)
	at com.kms.katalon.core.main.ScriptEngine.run(ScriptEngine.java:194)
	at com.kms.katalon.core.main.ScriptEngine.runScriptAsRawText(ScriptEngine.java:119)
	at com.kms.katalon.core.main.TestCaseExecutor.runScript(TestCaseExecutor.java:328)
	at com.kms.katalon.core.main.TestCaseExecutor.doExecute(TestCaseExecutor.java:319)
	at com.kms.katalon.core.main.TestCaseExecutor.processExecutionPhase(TestCaseExecutor.java:298)
	at com.kms.katalon.core.main.TestCaseExecutor.accessMainPhase(TestCaseExecutor.java:290)
	at com.kms.katalon.core.main.TestCaseExecutor.execute(TestCaseExecutor.java:224)
	at com.kms.katalon.core.main.TestSuiteExecutor.accessTestCaseMainPhase(TestSuiteExecutor.java:129)
	at com.kms.katalon.core.main.TestSuiteExecutor.accessTestSuiteMainPhase(TestSuiteExecutor.java:112)
	at com.kms.katalon.core.main.TestSuiteExecutor.execute(TestSuiteExecutor.java:81)
	at com.kms.katalon.core.main.TestCaseMain.startTestSuite(TestCaseMain.java:149)
	at com.kms.katalon.core.main.TestCaseMain$startTestSuite$0.call(Unknown Source)
	at TempTestSuite1548662919709.run(TempTestSuite1548662919709.groovy:36)]]></system-err>
      </testcase>
      <system-out><![CDATA[2019-01-28 10:08:42 - [TEST_SUITE][ERROR] - TS_Event Group Management: Test Cases/Event Group Management/TC_Update_FullScenario FAILED.
Reason:
java.lang.NullPointerException: Cannot invoke method getValue() on null object
	at pk_Functions.CS_VerifyPageData.CheckMatching(CS_VerifyPageData.groovy:34)
	at pk_Functions.CS_VerifyPageData.invokeMethod(CS_VerifyPageData.groovy)
	at com.kms.katalon.core.main.CustomKeywordDelegatingMetaClass.invokeStaticMethod(CustomKeywordDelegatingMetaClass.java:49)
	at TC_Update_FullScenario.run(TC_Update_FullScenario:43)
	at com.kms.katalon.core.main.ScriptEngine.run(ScriptEngine.java:194)
	at com.kms.katalon.core.main.ScriptEngine.runScriptAsRawText(ScriptEngine.java:119)
	at com.kms.katalon.core.main.TestCaseExecutor.runScript(TestCaseExecutor.java:328)
	at com.kms.katalon.core.main.TestCaseExecutor.doExecute(TestCaseExecutor.java:319)
	at com.kms.katalon.core.main.TestCaseExecutor.processExecutionPhase(TestCaseExecutor.java:298)
	at com.kms.katalon.core.main.TestCaseExecutor.accessMainPhase(TestCaseExecutor.java:290)
	at com.kms.katalon.core.main.TestCaseExecutor.execute(TestCaseExecutor.java:224)
	at com.kms.katalon.core.main.TestSuiteExecutor.accessTestCaseMainPhase(TestSuiteExecutor.java:129)
	at com.kms.katalon.core.main.TestSuiteExecutor.accessTestSuiteMainPhase(TestSuiteExecutor.java:112)
	at com.kms.katalon.core.main.TestSuiteExecutor.execute(TestSuiteExecutor.java:81)
	at com.kms.katalon.core.main.TestCaseMain.startTestSuite(TestCaseMain.java:149)
	at com.kms.katalon.core.main.TestCaseMain$startTestSuite$0.call(Unknown Source)
	at TempTestSuite1548662919709.run(TempTestSuite1548662919709.groovy:36)]]></system-out>
      <system-err><![CDATA[2019-01-28 10:08:42 - [TEST_SUITE][ERROR] - TS_Event Group Management: Test Cases/Event Group Management/TC_Update_FullScenario FAILED.
Reason:
java.lang.NullPointerException: Cannot invoke method getValue() on null object
	at pk_Functions.CS_VerifyPageData.CheckMatching(CS_VerifyPageData.groovy:34)
	at pk_Functions.CS_VerifyPageData.invokeMethod(CS_VerifyPageData.groovy)
	at com.kms.katalon.core.main.CustomKeywordDelegatingMetaClass.invokeStaticMethod(CustomKeywordDelegatingMetaClass.java:49)
	at TC_Update_FullScenario.run(TC_Update_FullScenario:43)
	at com.kms.katalon.core.main.ScriptEngine.run(ScriptEngine.java:194)
	at com.kms.katalon.core.main.ScriptEngine.runScriptAsRawText(ScriptEngine.java:119)
	at com.kms.katalon.core.main.TestCaseExecutor.runScript(TestCaseExecutor.java:328)
	at com.kms.katalon.core.main.TestCaseExecutor.doExecute(TestCaseExecutor.java:319)
	at com.kms.katalon.core.main.TestCaseExecutor.processExecutionPhase(TestCaseExecutor.java:298)
	at com.kms.katalon.core.main.TestCaseExecutor.accessMainPhase(TestCaseExecutor.java:290)
	at com.kms.katalon.core.main.TestCaseExecutor.execute(TestCaseExecutor.java:224)
	at com.kms.katalon.core.main.TestSuiteExecutor.accessTestCaseMainPhase(TestSuiteExecutor.java:129)
	at com.kms.katalon.core.main.TestSuiteExecutor.accessTestSuiteMainPhase(TestSuiteExecutor.java:112)
	at com.kms.katalon.core.main.TestSuiteExecutor.execute(TestSuiteExecutor.java:81)
	at com.kms.katalon.core.main.TestCaseMain.startTestSuite(TestCaseMain.java:149)
	at com.kms.katalon.core.main.TestCaseMain$startTestSuite$0.call(Unknown Source)
	at TempTestSuite1548662919709.run(TempTestSuite1548662919709.groovy:36)]]></system-err>
   </testsuite>
</testsuites>
