<?xml version="1.0" encoding="UTF-8"?>
<testsuites name="TS_Event Group Management" time="97" tests="0" failures="0" errors="1">
   <testsuite name="TS_Event Group Management" tests="0" failures="0" errors="1" time="97" timestamp="2019-01-22 09:52:08" hostname="Ebtehal Gamal Yusuf - LPALXY0199.ejadaalex.local" id="Test Suites/Event Group Management/TS_Event Group Management">
      <properties>
         <property name="deviceName" value=""/>
         <property name="devicePlatform" value=""/>
         <property name="logFolder" value="C:\\Users\\Administrator\\git\\MOF\\Reports\\Event Group Management\\TS_Event Group Management\\20190122_095206"/>
         <property name="logFiles" value="C:\\Users\\Administrator\\git\\MOF\\Reports\\Event Group Management\\TS_Event Group Management\\20190122_095206\\execution0.log"/>
         <property name="attachments" value=""/>
         <property name="hostName" value="Ebtehal Gamal Yusuf - LPALXY0199.ejadaalex.local"/>
         <property name="os" value="Windows 7 64bit"/>
         <property name="katalonVersion" value="5.10.1.1"/>
         <property name="browser" value="Chrome 71.0.3578.98"/>
         <property name="hostAddress" value="192.168.3.51"/>
         <property name="sessionId" value="41adb867c1960bb28d55e5b9e272bba0"/>
         <property name="seleniumVersion" value="3.7.1"/>
         <property name="proxyInformation" value="ProxyInformation{proxyOption=NO_PROXY, proxyServerType=HTTP, password=, proxyServerAddress=, proxyServerPort=0}"/>
         <property name="platform" value="Windows 7"/>
      </properties>
      <testcase name="Test Cases/Event Group Management/TC_Update" classname="Test Cases/Event Group Management/TC_Update" status="ERROR">
         <error type="ERROR" message="Test Cases/Event Group Management/TC_Update FAILED.
Reason:
java.lang.IllegalArgumentException: Cannot find test data with id 'Data Files/Event Management/EventManagementGPUpdate_ObjectRepository' because (of) 'java.lang.IllegalArgumentException: Test data with id 'Data Files/Event Management/EventManagementGPUpdate_ObjectRepository' does not exist'
	at com.kms.katalon.core.testdata.TestDataFactory.findTestData(TestDataFactory.java:122)
	at com.kms.katalon.core.testdata.TestDataFactory$findTestData.callStatic(Unknown Source)
	at pk_Functions.CS_AllPageObject.AllPageObjectFun(CS_AllPageObject.groovy:53)
	at pk_Functions.CS_AllPageObject$AllPageObjectFun.call(Unknown Source)
	at pk_Functions.CS_VerifyPageData.CheckMatching(CS_VerifyPageData.groovy:30)
	at pk_Functions.CS_VerifyPageData.invokeMethod(CS_VerifyPageData.groovy)
	at com.kms.katalon.core.main.CustomKeywordDelegatingMetaClass.invokeStaticMethod(CustomKeywordDelegatingMetaClass.java:49)
	at TC_Update.run(TC_Update:38)
	at com.kms.katalon.core.main.ScriptEngine.run(ScriptEngine.java:194)
	at com.kms.katalon.core.main.ScriptEngine.runScriptAsRawText(ScriptEngine.java:119)
	at com.kms.katalon.core.main.TestCaseExecutor.runScript(TestCaseExecutor.java:328)
	at com.kms.katalon.core.main.TestCaseExecutor.doExecute(TestCaseExecutor.java:319)
	at com.kms.katalon.core.main.TestCaseExecutor.processExecutionPhase(TestCaseExecutor.java:298)
	at com.kms.katalon.core.main.TestCaseExecutor.accessMainPhase(TestCaseExecutor.java:290)
	at com.kms.katalon.core.main.TestCaseExecutor.execute(TestCaseExecutor.java:224)
	at com.kms.katalon.core.main.TestSuiteExecutor.accessTestCaseMainPhase(TestSuiteExecutor.java:129)
	at com.kms.katalon.core.main.TestSuiteExecutor.accessTestSuiteMainPhase(TestSuiteExecutor.java:112)
	at com.kms.katalon.core.main.TestSuiteExecutor.execute(TestSuiteExecutor.java:81)
	at com.kms.katalon.core.main.TestCaseMain.startTestSuite(TestCaseMain.java:149)
	at com.kms.katalon.core.main.TestCaseMain$startTestSuite$0.call(Unknown Source)
	at TempTestSuite1548143526194.run(TempTestSuite1548143526194.groovy:36)
"/>
         <system-out><![CDATA[2019-01-22 09:52:09 - [TEST_CASE][ERROR] - Test Cases/Event Group Management/TC_Update: Test Cases/Event Group Management/TC_Update FAILED.
Reason:
java.lang.IllegalArgumentException: Cannot find test data with id 'Data Files/Event Management/EventManagementGPUpdate_ObjectRepository' because (of) 'java.lang.IllegalArgumentException: Test data with id 'Data Files/Event Management/EventManagementGPUpdate_ObjectRepository' does not exist'
	at com.kms.katalon.core.testdata.TestDataFactory.findTestData(TestDataFactory.java:122)
	at com.kms.katalon.core.testdata.TestDataFactory$findTestData.callStatic(Unknown Source)
	at pk_Functions.CS_AllPageObject.AllPageObjectFun(CS_AllPageObject.groovy:53)
	at pk_Functions.CS_AllPageObject$AllPageObjectFun.call(Unknown Source)
	at pk_Functions.CS_VerifyPageData.CheckMatching(CS_VerifyPageData.groovy:30)
	at pk_Functions.CS_VerifyPageData.invokeMethod(CS_VerifyPageData.groovy)
	at com.kms.katalon.core.main.CustomKeywordDelegatingMetaClass.invokeStaticMethod(CustomKeywordDelegatingMetaClass.java:49)
	at TC_Update.run(TC_Update:38)
	at com.kms.katalon.core.main.ScriptEngine.run(ScriptEngine.java:194)
	at com.kms.katalon.core.main.ScriptEngine.runScriptAsRawText(ScriptEngine.java:119)
	at com.kms.katalon.core.main.TestCaseExecutor.runScript(TestCaseExecutor.java:328)
	at com.kms.katalon.core.main.TestCaseExecutor.doExecute(TestCaseExecutor.java:319)
	at com.kms.katalon.core.main.TestCaseExecutor.processExecutionPhase(TestCaseExecutor.java:298)
	at com.kms.katalon.core.main.TestCaseExecutor.accessMainPhase(TestCaseExecutor.java:290)
	at com.kms.katalon.core.main.TestCaseExecutor.execute(TestCaseExecutor.java:224)
	at com.kms.katalon.core.main.TestSuiteExecutor.accessTestCaseMainPhase(TestSuiteExecutor.java:129)
	at com.kms.katalon.core.main.TestSuiteExecutor.accessTestSuiteMainPhase(TestSuiteExecutor.java:112)
	at com.kms.katalon.core.main.TestSuiteExecutor.execute(TestSuiteExecutor.java:81)
	at com.kms.katalon.core.main.TestCaseMain.startTestSuite(TestCaseMain.java:149)
	at com.kms.katalon.core.main.TestCaseMain$startTestSuite$0.call(Unknown Source)
	at TempTestSuite1548143526194.run(TempTestSuite1548143526194.groovy:36)


2019-01-22 09:52:10 - [TEST_STEP][PASSED] - pk_Functions.CS_Login.LoginFun(findTestObject(null), "http://192.168.0.190:8080/mof/#/", findTestObject("Login/Username"), findTestObject("Login/Password"), "AAttia", "123", findTestObject("Login/Login")): pk_Functions.CS_Login.LoginFun is PASSED

2019-01-22 09:52:10 - [MESSAGE][WARNING] - Test object id is null

2019-01-22 09:52:10 - [MESSAGE][INFO] - Starting 'Chrome' driver

2019-01-22 09:52:10 - [MESSAGE][INFO] - Action delay is set to 0 seconds

2019-01-22 09:53:08 - [MESSAGE][PASSED] - Browser is opened with url: 'http://192.168.0.190:8080/mof/#/'

2019-01-22 09:53:09 - [MESSAGE][PASSED] - Text 'AAttia' is set on object 'Object Repository/Login/Username'

2019-01-22 09:53:10 - [MESSAGE][PASSED] - Text '123' is set on object 'Object Repository/Login/Password'

2019-01-22 09:53:10 - [MESSAGE][PASSED] - Object: 'Object Repository/Login/Login' is clicked on

2019-01-22 09:53:10 - [MESSAGE][PASSED] - pk_Functions.CS_Login.LoginFun is PASSED

2019-01-22 09:53:10 - [TEST_STEP][PASSED] - click(findTestObject("NE_SideMenu")): Object: 'Object Repository/NE_SideMenu' is clicked on

2019-01-22 09:53:12 - [MESSAGE][PASSED] - Object: 'Object Repository/NE_SideMenu' is clicked on

2019-01-22 09:53:12 - [TEST_STEP][PASSED] - click(findTestObject("NE_EventGroupManagement")): Object: 'Object Repository/NE_EventGroupManagement' is clicked on

2019-01-22 09:53:12 - [MESSAGE][PASSED] - Object: 'Object Repository/NE_EventGroupManagement' is clicked on

2019-01-22 09:53:12 - [TEST_STEP][PASSED] - click(findTestObject("Search")): Object: 'Object Repository/Search' is clicked on

2019-01-22 09:53:13 - [MESSAGE][PASSED] - Object: 'Object Repository/Search' is clicked on

2019-01-22 09:53:13 - [TEST_STEP][PASSED] - delay(5): Delayed 5 second(s)

2019-01-22 09:53:18 - [MESSAGE][PASSED] - Delayed 5 second(s)

2019-01-22 09:53:18 - [TEST_STEP][PASSED] - pk_Functions.CS_SelectRecordFromWebtable_IPO.SelectRecordFromWebtableFun("xpath", "//*[@id="app-form"]//app-body//app-event-categories-management-layout//app-event-categories-management-list/p-panel//p-datatable/div/div[2]", "1", 0, 3, 2): pk_Functions.CS_SelectRecordFromWebtable_IPO.SelectRecordFromWebtableFun is PASSED

2019-01-22 09:53:22 - [MESSAGE][PASSED] - Delayed 4 second(s)

2019-01-22 09:53:27 - [MESSAGE][PASSED] - Delayed 4 second(s)

2019-01-22 09:53:27 - [MESSAGE][PASSED] - pk_Functions.CS_SelectRecordFromWebtable_IPO.SelectRecordFromWebtableFun is PASSED

2019-01-22 09:53:27 - [TEST_STEP][PASSED] - delay(5): Delayed 5 second(s)

2019-01-22 09:53:32 - [MESSAGE][PASSED] - Delayed 5 second(s)

2019-01-22 09:53:32 - [TEST_STEP][PASSED] - pk_Functions.CS_AllPageData.AllPageDataFun("Event Group Management/EventManagementGPUpdate_ObjectRepository", "Sheet1", [ArabicDescription, EnglishDescription, Save, Back]): pk_Functions.CS_AllPageData.AllPageDataFun is PASSED

2019-01-22 09:53:38 - [MESSAGE][PASSED] - Delayed 2 second(s)

2019-01-22 09:53:38 - [MESSAGE][PASSED] - Text 'Venice' is set on object ''

2019-01-22 09:53:40 - [MESSAGE][PASSED] - Delayed 2 second(s)

2019-01-22 09:53:41 - [MESSAGE][PASSED] - Text 'Rome' is set on object ''

2019-01-22 09:53:43 - [MESSAGE][PASSED] - Delayed 2 second(s)

2019-01-22 09:53:43 - [MESSAGE][PASSED] - Object: '' is clicked on

2019-01-22 09:53:45 - [MESSAGE][PASSED] - Delayed 2 second(s)

2019-01-22 09:53:45 - [MESSAGE][PASSED] - Object: '' is clicked on

2019-01-22 09:53:45 - [MESSAGE][PASSED] - pk_Functions.CS_AllPageData.AllPageDataFun is PASSED

2019-01-22 09:53:45 - [TEST_STEP][PASSED] - pk_Functions.CS_SelectRecordFromWebtable_IPO.SelectRecordFromWebtableFun("xpath", "//*[@id="app-form"]//app-body//app-event-categories-management-layout//app-event-categories-management-list/p-panel//p-datatable/div/div[2]", "1", 0, 3, 1): pk_Functions.CS_SelectRecordFromWebtable_IPO.SelectRecordFromWebtableFun is PASSED

2019-01-22 09:53:45 - [MESSAGE][PASSED] - pk_Functions.CS_SelectRecordFromWebtable_IPO.SelectRecordFromWebtableFun is PASSED

2019-01-22 09:53:45 - [TEST_STEP][ERROR] - pk_Functions.CS_VerifyPageData.CheckMatching("Event Management/EventManagementGPUpdate_ObjectRepository", "Sheet1", "Event Management/EventManagemntGPUpdate_Data"): pk_Functions.CS_VerifyPageData.CheckMatching("Event Management/EventManagementGPUpdate_ObjectRepository", "Sheet1", "Event Management/EventManagemntGPUpdate_Data") FAILED.
Reason:
java.lang.IllegalArgumentException: Cannot find test data with id 'Data Files/Event Management/EventManagementGPUpdate_ObjectRepository' because (of) 'java.lang.IllegalArgumentException: Test data with id 'Data Files/Event Management/EventManagementGPUpdate_ObjectRepository' does not exist'
	at com.kms.katalon.core.testdata.TestDataFactory.findTestData(TestDataFactory.java:122)
	at com.kms.katalon.core.testdata.TestDataFactory$findTestData.callStatic(Unknown Source)
	at pk_Functions.CS_AllPageObject.AllPageObjectFun(CS_AllPageObject.groovy:53)
	at pk_Functions.CS_AllPageObject$AllPageObjectFun.call(Unknown Source)
	at pk_Functions.CS_VerifyPageData.CheckMatching(CS_VerifyPageData.groovy:30)
	at pk_Functions.CS_VerifyPageData.invokeMethod(CS_VerifyPageData.groovy)
	at com.kms.katalon.core.main.CustomKeywordDelegatingMetaClass.invokeStaticMethod(CustomKeywordDelegatingMetaClass.java:49)
	at TC_Update.run(TC_Update:38)
	at com.kms.katalon.core.main.ScriptEngine.run(ScriptEngine.java:194)
	at com.kms.katalon.core.main.ScriptEngine.runScriptAsRawText(ScriptEngine.java:119)
	at com.kms.katalon.core.main.TestCaseExecutor.runScript(TestCaseExecutor.java:328)
	at com.kms.katalon.core.main.TestCaseExecutor.doExecute(TestCaseExecutor.java:319)
	at com.kms.katalon.core.main.TestCaseExecutor.processExecutionPhase(TestCaseExecutor.java:298)
	at com.kms.katalon.core.main.TestCaseExecutor.accessMainPhase(TestCaseExecutor.java:290)
	at com.kms.katalon.core.main.TestCaseExecutor.execute(TestCaseExecutor.java:224)
	at com.kms.katalon.core.main.TestSuiteExecutor.accessTestCaseMainPhase(TestSuiteExecutor.java:129)
	at com.kms.katalon.core.main.TestSuiteExecutor.accessTestSuiteMainPhase(TestSuiteExecutor.java:112)
	at com.kms.katalon.core.main.TestSuiteExecutor.execute(TestSuiteExecutor.java:81)
	at com.kms.katalon.core.main.TestCaseMain.startTestSuite(TestCaseMain.java:149)
	at com.kms.katalon.core.main.TestCaseMain$startTestSuite$0.call(Unknown Source)
	at TempTestSuite1548143526194.run(TempTestSuite1548143526194.groovy:36)


2019-01-22 09:53:45 - [MESSAGE][ERROR] - Cannot find test data with id 'Data Files/Event Management/EventManagementGPUpdate_ObjectRepository' because (of) 'java.lang.IllegalArgumentException: Test data with id 'Data Files/Event Management/EventManagementGPUpdate_ObjectRepository' does not exist'

2019-01-22 09:53:46 - [MESSAGE][ERROR] - pk_Functions.CS_VerifyPageData.CheckMatching("Event Management/EventManagementGPUpdate_ObjectRepository", "Sheet1", "Event Management/EventManagemntGPUpdate_Data") FAILED.
Reason:
java.lang.IllegalArgumentException: Cannot find test data with id 'Data Files/Event Management/EventManagementGPUpdate_ObjectRepository' because (of) 'java.lang.IllegalArgumentException: Test data with id 'Data Files/Event Management/EventManagementGPUpdate_ObjectRepository' does not exist'
	at com.kms.katalon.core.testdata.TestDataFactory.findTestData(TestDataFactory.java:122)
	at com.kms.katalon.core.testdata.TestDataFactory$findTestData.callStatic(Unknown Source)
	at pk_Functions.CS_AllPageObject.AllPageObjectFun(CS_AllPageObject.groovy:53)
	at pk_Functions.CS_AllPageObject$AllPageObjectFun.call(Unknown Source)
	at pk_Functions.CS_VerifyPageData.CheckMatching(CS_VerifyPageData.groovy:30)
	at pk_Functions.CS_VerifyPageData.invokeMethod(CS_VerifyPageData.groovy)
	at com.kms.katalon.core.main.CustomKeywordDelegatingMetaClass.invokeStaticMethod(CustomKeywordDelegatingMetaClass.java:49)
	at TC_Update.run(TC_Update:38)
	at com.kms.katalon.core.main.ScriptEngine.run(ScriptEngine.java:194)
	at com.kms.katalon.core.main.ScriptEngine.runScriptAsRawText(ScriptEngine.java:119)
	at com.kms.katalon.core.main.TestCaseExecutor.runScript(TestCaseExecutor.java:328)
	at com.kms.katalon.core.main.TestCaseExecutor.doExecute(TestCaseExecutor.java:319)
	at com.kms.katalon.core.main.TestCaseExecutor.processExecutionPhase(TestCaseExecutor.java:298)
	at com.kms.katalon.core.main.TestCaseExecutor.accessMainPhase(TestCaseExecutor.java:290)
	at com.kms.katalon.core.main.TestCaseExecutor.execute(TestCaseExecutor.java:224)
	at com.kms.katalon.core.main.TestSuiteExecutor.accessTestCaseMainPhase(TestSuiteExecutor.java:129)
	at com.kms.katalon.core.main.TestSuiteExecutor.accessTestSuiteMainPhase(TestSuiteExecutor.java:112)
	at com.kms.katalon.core.main.TestSuiteExecutor.execute(TestSuiteExecutor.java:81)
	at com.kms.katalon.core.main.TestCaseMain.startTestSuite(TestCaseMain.java:149)
	at com.kms.katalon.core.main.TestCaseMain$startTestSuite$0.call(Unknown Source)
	at TempTestSuite1548143526194.run(TempTestSuite1548143526194.groovy:36)]]></system-out>
         <system-err><![CDATA[2019-01-22 09:52:09 - [TEST_CASE][ERROR] - Test Cases/Event Group Management/TC_Update: Test Cases/Event Group Management/TC_Update FAILED.
Reason:
java.lang.IllegalArgumentException: Cannot find test data with id 'Data Files/Event Management/EventManagementGPUpdate_ObjectRepository' because (of) 'java.lang.IllegalArgumentException: Test data with id 'Data Files/Event Management/EventManagementGPUpdate_ObjectRepository' does not exist'
	at com.kms.katalon.core.testdata.TestDataFactory.findTestData(TestDataFactory.java:122)
	at com.kms.katalon.core.testdata.TestDataFactory$findTestData.callStatic(Unknown Source)
	at pk_Functions.CS_AllPageObject.AllPageObjectFun(CS_AllPageObject.groovy:53)
	at pk_Functions.CS_AllPageObject$AllPageObjectFun.call(Unknown Source)
	at pk_Functions.CS_VerifyPageData.CheckMatching(CS_VerifyPageData.groovy:30)
	at pk_Functions.CS_VerifyPageData.invokeMethod(CS_VerifyPageData.groovy)
	at com.kms.katalon.core.main.CustomKeywordDelegatingMetaClass.invokeStaticMethod(CustomKeywordDelegatingMetaClass.java:49)
	at TC_Update.run(TC_Update:38)
	at com.kms.katalon.core.main.ScriptEngine.run(ScriptEngine.java:194)
	at com.kms.katalon.core.main.ScriptEngine.runScriptAsRawText(ScriptEngine.java:119)
	at com.kms.katalon.core.main.TestCaseExecutor.runScript(TestCaseExecutor.java:328)
	at com.kms.katalon.core.main.TestCaseExecutor.doExecute(TestCaseExecutor.java:319)
	at com.kms.katalon.core.main.TestCaseExecutor.processExecutionPhase(TestCaseExecutor.java:298)
	at com.kms.katalon.core.main.TestCaseExecutor.accessMainPhase(TestCaseExecutor.java:290)
	at com.kms.katalon.core.main.TestCaseExecutor.execute(TestCaseExecutor.java:224)
	at com.kms.katalon.core.main.TestSuiteExecutor.accessTestCaseMainPhase(TestSuiteExecutor.java:129)
	at com.kms.katalon.core.main.TestSuiteExecutor.accessTestSuiteMainPhase(TestSuiteExecutor.java:112)
	at com.kms.katalon.core.main.TestSuiteExecutor.execute(TestSuiteExecutor.java:81)
	at com.kms.katalon.core.main.TestCaseMain.startTestSuite(TestCaseMain.java:149)
	at com.kms.katalon.core.main.TestCaseMain$startTestSuite$0.call(Unknown Source)
	at TempTestSuite1548143526194.run(TempTestSuite1548143526194.groovy:36)]]></system-err>
      </testcase>
      <system-out><![CDATA[2019-01-22 09:52:08 - [TEST_SUITE][ERROR] - TS_Event Group Management: Test Cases/Event Group Management/TC_Update FAILED.
Reason:
java.lang.IllegalArgumentException: Cannot find test data with id 'Data Files/Event Management/EventManagementGPUpdate_ObjectRepository' because (of) 'java.lang.IllegalArgumentException: Test data with id 'Data Files/Event Management/EventManagementGPUpdate_ObjectRepository' does not exist'
	at com.kms.katalon.core.testdata.TestDataFactory.findTestData(TestDataFactory.java:122)
	at com.kms.katalon.core.testdata.TestDataFactory$findTestData.callStatic(Unknown Source)
	at pk_Functions.CS_AllPageObject.AllPageObjectFun(CS_AllPageObject.groovy:53)
	at pk_Functions.CS_AllPageObject$AllPageObjectFun.call(Unknown Source)
	at pk_Functions.CS_VerifyPageData.CheckMatching(CS_VerifyPageData.groovy:30)
	at pk_Functions.CS_VerifyPageData.invokeMethod(CS_VerifyPageData.groovy)
	at com.kms.katalon.core.main.CustomKeywordDelegatingMetaClass.invokeStaticMethod(CustomKeywordDelegatingMetaClass.java:49)
	at TC_Update.run(TC_Update:38)
	at com.kms.katalon.core.main.ScriptEngine.run(ScriptEngine.java:194)
	at com.kms.katalon.core.main.ScriptEngine.runScriptAsRawText(ScriptEngine.java:119)
	at com.kms.katalon.core.main.TestCaseExecutor.runScript(TestCaseExecutor.java:328)
	at com.kms.katalon.core.main.TestCaseExecutor.doExecute(TestCaseExecutor.java:319)
	at com.kms.katalon.core.main.TestCaseExecutor.processExecutionPhase(TestCaseExecutor.java:298)
	at com.kms.katalon.core.main.TestCaseExecutor.accessMainPhase(TestCaseExecutor.java:290)
	at com.kms.katalon.core.main.TestCaseExecutor.execute(TestCaseExecutor.java:224)
	at com.kms.katalon.core.main.TestSuiteExecutor.accessTestCaseMainPhase(TestSuiteExecutor.java:129)
	at com.kms.katalon.core.main.TestSuiteExecutor.accessTestSuiteMainPhase(TestSuiteExecutor.java:112)
	at com.kms.katalon.core.main.TestSuiteExecutor.execute(TestSuiteExecutor.java:81)
	at com.kms.katalon.core.main.TestCaseMain.startTestSuite(TestCaseMain.java:149)
	at com.kms.katalon.core.main.TestCaseMain$startTestSuite$0.call(Unknown Source)
	at TempTestSuite1548143526194.run(TempTestSuite1548143526194.groovy:36)]]></system-out>
      <system-err><![CDATA[2019-01-22 09:52:08 - [TEST_SUITE][ERROR] - TS_Event Group Management: Test Cases/Event Group Management/TC_Update FAILED.
Reason:
java.lang.IllegalArgumentException: Cannot find test data with id 'Data Files/Event Management/EventManagementGPUpdate_ObjectRepository' because (of) 'java.lang.IllegalArgumentException: Test data with id 'Data Files/Event Management/EventManagementGPUpdate_ObjectRepository' does not exist'
	at com.kms.katalon.core.testdata.TestDataFactory.findTestData(TestDataFactory.java:122)
	at com.kms.katalon.core.testdata.TestDataFactory$findTestData.callStatic(Unknown Source)
	at pk_Functions.CS_AllPageObject.AllPageObjectFun(CS_AllPageObject.groovy:53)
	at pk_Functions.CS_AllPageObject$AllPageObjectFun.call(Unknown Source)
	at pk_Functions.CS_VerifyPageData.CheckMatching(CS_VerifyPageData.groovy:30)
	at pk_Functions.CS_VerifyPageData.invokeMethod(CS_VerifyPageData.groovy)
	at com.kms.katalon.core.main.CustomKeywordDelegatingMetaClass.invokeStaticMethod(CustomKeywordDelegatingMetaClass.java:49)
	at TC_Update.run(TC_Update:38)
	at com.kms.katalon.core.main.ScriptEngine.run(ScriptEngine.java:194)
	at com.kms.katalon.core.main.ScriptEngine.runScriptAsRawText(ScriptEngine.java:119)
	at com.kms.katalon.core.main.TestCaseExecutor.runScript(TestCaseExecutor.java:328)
	at com.kms.katalon.core.main.TestCaseExecutor.doExecute(TestCaseExecutor.java:319)
	at com.kms.katalon.core.main.TestCaseExecutor.processExecutionPhase(TestCaseExecutor.java:298)
	at com.kms.katalon.core.main.TestCaseExecutor.accessMainPhase(TestCaseExecutor.java:290)
	at com.kms.katalon.core.main.TestCaseExecutor.execute(TestCaseExecutor.java:224)
	at com.kms.katalon.core.main.TestSuiteExecutor.accessTestCaseMainPhase(TestSuiteExecutor.java:129)
	at com.kms.katalon.core.main.TestSuiteExecutor.accessTestSuiteMainPhase(TestSuiteExecutor.java:112)
	at com.kms.katalon.core.main.TestSuiteExecutor.execute(TestSuiteExecutor.java:81)
	at com.kms.katalon.core.main.TestCaseMain.startTestSuite(TestCaseMain.java:149)
	at com.kms.katalon.core.main.TestCaseMain$startTestSuite$0.call(Unknown Source)
	at TempTestSuite1548143526194.run(TempTestSuite1548143526194.groovy:36)]]></system-err>
   </testsuite>
</testsuites>
