<?xml version="1.0" encoding="UTF-8"?>
<testsuites name="TS_EGMFullScenario" time="247" tests="22" failures="0" errors="3">
   <testsuite name="TS_EGMFullScenario" tests="22" failures="0" errors="3" time="247" timestamp="2019-02-19 10:55:55" hostname="aeibrahim - LPALXY0477.ejadaalex.local" id="Test Suites/Event Group Management/TS_EGMFullScenario">
      <properties>
         <property name="deviceName" value=""/>
         <property name="devicePlatform" value=""/>
         <property name="logFolder" value="C:\\Users\\aeibrahim\\git\\MOF\\Reports\\Event Group Management\\TS_EGMFullScenario\\20190219_105553"/>
         <property name="logFiles" value="C:\\Users\\aeibrahim\\git\\MOF\\Reports\\Event Group Management\\TS_EGMFullScenario\\20190219_105553\\execution0.log"/>
         <property name="attachments" value=""/>
         <property name="hostName" value="aeibrahim - LPALXY0477.ejadaalex.local"/>
         <property name="os" value="Windows 10 64bit"/>
         <property name="katalonVersion" value="5.10.1.1"/>
         <property name="browser" value="Chrome 72.0.3626.109"/>
         <property name="hostAddress" value="192.168.3.64"/>
         <property name="sessionId" value="15f8b0947d244d24a9977c4fa93e01b5"/>
         <property name="seleniumVersion" value="3.7.1"/>
         <property name="proxyInformation" value="ProxyInformation{proxyOption=NO_PROXY, proxyServerType=HTTP, password=, proxyServerAddress=, proxyServerPort=0}"/>
         <property name="platform" value="Windows 10"/>
      </properties>
      <testcase name="Test Cases/TC_Login" classname="Test Cases/TC_Login" status="PASSED">
         <system-out><![CDATA[2019-02-19 10:55:56 - [TEST_CASE][PASSED] - Test Cases/TC_Login: Test Cases/TC_Login

2019-02-19 10:55:56 - [TEST_STEP][PASSED] - pk_Functions.CS_Login.LoginFun(findTestObject(null), "http://192.168.0.190:8080/mof/#/", findTestObject("Login/Username"), findTestObject("Login/Password"), "AAttia", "123", findTestObject("Login/Login")): pk_Functions.CS_Login.LoginFun is PASSED

2019-02-19 10:55:56 - [MESSAGE][WARNING] - Test object id is null

2019-02-19 10:55:57 - [MESSAGE][INFO] - Starting 'Chrome' driver

2019-02-19 10:55:57 - [MESSAGE][INFO] - Action delay is set to 0 seconds

2019-02-19 10:56:14 - [MESSAGE][PASSED] - Browser is opened with url: 'http://192.168.0.190:8080/mof/#/'

2019-02-19 10:56:14 - [MESSAGE][PASSED] - Text 'AAttia' is set on object 'Object Repository/Login/Username'

2019-02-19 10:56:14 - [MESSAGE][PASSED] - Text '123' is set on object 'Object Repository/Login/Password'

2019-02-19 10:56:14 - [MESSAGE][PASSED] - Object: 'Object Repository/Login/Login' is clicked on

2019-02-19 10:56:14 - [MESSAGE][PASSED] - pk_Functions.CS_Login.LoginFun is PASSED

2019-02-19 10:56:14 - [TEST_STEP][PASSED] - maximizeWindow(): Current window maximized

2019-02-19 10:56:15 - [MESSAGE][PASSED] - Current window maximized]]></system-out>
         <system-err><![CDATA[]]></system-err>
      </testcase>
      <testcase name="Test Cases/Event Group Management/TC_Select_Screen" classname="Test Cases/Event Group Management/TC_Select_Screen" status="PASSED">
         <system-out><![CDATA[2019-02-19 10:56:15 - [TEST_CASE][PASSED] - Test Cases/Event Group Management/TC_Select_Screen: Test Cases/Event Group Management/TC_Select_Screen

2019-02-19 10:56:16 - [TEST_STEP][PASSED] - click(findTestObject("NE_SideMenu")): Object: 'Object Repository/NE_SideMenu' is clicked on

2019-02-19 10:56:16 - [MESSAGE][PASSED] - Object: 'Object Repository/NE_SideMenu' is clicked on

2019-02-19 10:56:16 - [TEST_STEP][PASSED] - click(findTestObject("NE_EventGroupManagement")): Object: 'Object Repository/NE_EventGroupManagement' is clicked on

2019-02-19 10:56:16 - [MESSAGE][PASSED] - Object: 'Object Repository/NE_EventGroupManagement' is clicked on

2019-02-19 10:56:16 - [TEST_STEP][PASSED] - click(findTestObject("Event Group Managemnt/BTN_Search")): Object: 'Object Repository/Event Group Managemnt/BTN_Search' is clicked on

2019-02-19 10:56:17 - [MESSAGE][PASSED] - Object: 'Object Repository/Event Group Managemnt/BTN_Search' is clicked on

2019-02-19 10:56:17 - [TEST_STEP][PASSED] - delay(2): Delayed 2 second(s)

2019-02-19 10:56:19 - [MESSAGE][PASSED] - Delayed 2 second(s)]]></system-out>
         <system-err><![CDATA[]]></system-err>
      </testcase>
      <testcase name="Test Cases/Event Group Management/TC_Insert_Records" classname="Test Cases/Event Group Management/TC_Insert_Records" status="PASSED">
         <system-out><![CDATA[2019-02-19 10:56:19 - [TEST_CASE][PASSED] - Test Cases/Event Group Management/TC_Insert_Records: Test Cases/Event Group Management/TC_Insert_Records

2019-02-19 10:56:19 - [TEST_STEP][PASSED] - click(findTestObject("Event Group Managemnt/BTN_Insert")): Object: 'Object Repository/Event Group Managemnt/BTN_Insert' is clicked on

2019-02-19 10:56:19 - [MESSAGE][PASSED] - Object: 'Object Repository/Event Group Managemnt/BTN_Insert' is clicked on

2019-02-19 10:56:19 - [TEST_STEP][PASSED] - pk_Functions.CS_AllPageData.AllPageDataFun("Event Group Management/MOF_NE_Event Group ManagementObjectRepository", "Sheet1", [code, arabic_des, english_des]): pk_Functions.CS_AllPageData.AllPageDataFun is PASSED

2019-02-19 10:56:21 - [MESSAGE][PASSED] - Delayed 1 second(s)

2019-02-19 10:56:21 - [MESSAGE][PASSED] - Text 'EB2' is set on object ''

2019-02-19 10:56:22 - [MESSAGE][PASSED] - Delayed 1 second(s)

2019-02-19 10:56:23 - [MESSAGE][PASSED] - Text 'English Description_1' is set on object ''

2019-02-19 10:56:24 - [MESSAGE][PASSED] - Delayed 1 second(s)

2019-02-19 10:56:24 - [MESSAGE][PASSED] - Text 'English Description_123' is set on object ''

2019-02-19 10:56:24 - [MESSAGE][PASSED] - pk_Functions.CS_AllPageData.AllPageDataFun is PASSED

2019-02-19 10:56:24 - [TEST_STEP][PASSED] - click(findTestObject("BTN_Save")): Object: 'Object Repository/BTN_Save' is clicked on

2019-02-19 10:56:24 - [MESSAGE][PASSED] - Object: 'Object Repository/BTN_Save' is clicked on

2019-02-19 10:56:24 - [TEST_STEP][PASSED] - delay(3): Delayed 3 second(s)

2019-02-19 10:56:27 - [MESSAGE][PASSED] - Delayed 3 second(s)

2019-02-19 10:56:27 - [TEST_STEP][PASSED] - click(findTestObject("Event Group Managemnt/BTN_Back (1)")): Object: 'Object Repository/Event Group Managemnt/BTN_Back (1)' is clicked on

2019-02-19 10:56:27 - [MESSAGE][PASSED] - Object: 'Object Repository/Event Group Managemnt/BTN_Back (1)' is clicked on

2019-02-19 10:56:27 - [TEST_STEP][PASSED] - delay(3): Delayed 3 second(s)

2019-02-19 10:56:30 - [MESSAGE][PASSED] - Delayed 3 second(s)]]></system-out>
         <system-err><![CDATA[]]></system-err>
      </testcase>
      <testcase name="Test Cases/Event Group Management/TC_Insert_Records" classname="Test Cases/Event Group Management/TC_Insert_Records" status="PASSED">
         <system-out><![CDATA[2019-02-19 10:56:30 - [TEST_CASE][PASSED] - Test Cases/Event Group Management/TC_Insert_Records: Test Cases/Event Group Management/TC_Insert_Records

2019-02-19 10:56:30 - [TEST_STEP][PASSED] - click(findTestObject("Event Group Managemnt/BTN_Insert")): Object: 'Object Repository/Event Group Managemnt/BTN_Insert' is clicked on

2019-02-19 10:56:30 - [MESSAGE][PASSED] - Object: 'Object Repository/Event Group Managemnt/BTN_Insert' is clicked on

2019-02-19 10:56:30 - [TEST_STEP][PASSED] - pk_Functions.CS_AllPageData.AllPageDataFun("Event Group Management/MOF_NE_Event Group ManagementObjectRepository", "Sheet1", [code, arabic_des, english_des]): pk_Functions.CS_AllPageData.AllPageDataFun is PASSED

2019-02-19 10:56:31 - [MESSAGE][PASSED] - Delayed 1 second(s)

2019-02-19 10:56:32 - [MESSAGE][PASSED] - Text 'EB3' is set on object ''

2019-02-19 10:56:33 - [MESSAGE][PASSED] - Delayed 1 second(s)

2019-02-19 10:56:33 - [MESSAGE][PASSED] - Text 'English Description_2' is set on object ''

2019-02-19 10:56:34 - [MESSAGE][PASSED] - Delayed 1 second(s)

2019-02-19 10:56:34 - [MESSAGE][PASSED] - Text 'English Description_2' is set on object ''

2019-02-19 10:56:34 - [MESSAGE][PASSED] - pk_Functions.CS_AllPageData.AllPageDataFun is PASSED

2019-02-19 10:56:34 - [TEST_STEP][PASSED] - click(findTestObject("BTN_Save")): Object: 'Object Repository/BTN_Save' is clicked on

2019-02-19 10:56:34 - [MESSAGE][PASSED] - Object: 'Object Repository/BTN_Save' is clicked on

2019-02-19 10:56:34 - [TEST_STEP][PASSED] - delay(3): Delayed 3 second(s)

2019-02-19 10:56:37 - [MESSAGE][PASSED] - Delayed 3 second(s)

2019-02-19 10:56:37 - [TEST_STEP][PASSED] - click(findTestObject("Event Group Managemnt/BTN_Back (1)")): Object: 'Object Repository/Event Group Managemnt/BTN_Back (1)' is clicked on

2019-02-19 10:56:37 - [MESSAGE][PASSED] - Object: 'Object Repository/Event Group Managemnt/BTN_Back (1)' is clicked on

2019-02-19 10:56:37 - [TEST_STEP][PASSED] - delay(3): Delayed 3 second(s)

2019-02-19 10:56:40 - [MESSAGE][PASSED] - Delayed 3 second(s)]]></system-out>
         <system-err><![CDATA[]]></system-err>
      </testcase>
      <testcase name="Test Cases/Event Group Management/TC_Insert_Records" classname="Test Cases/Event Group Management/TC_Insert_Records" status="PASSED">
         <system-out><![CDATA[2019-02-19 10:56:40 - [TEST_CASE][PASSED] - Test Cases/Event Group Management/TC_Insert_Records: Test Cases/Event Group Management/TC_Insert_Records

2019-02-19 10:56:40 - [TEST_STEP][PASSED] - click(findTestObject("Event Group Managemnt/BTN_Insert")): Object: 'Object Repository/Event Group Managemnt/BTN_Insert' is clicked on

2019-02-19 10:56:41 - [MESSAGE][PASSED] - Object: 'Object Repository/Event Group Managemnt/BTN_Insert' is clicked on

2019-02-19 10:56:41 - [TEST_STEP][PASSED] - pk_Functions.CS_AllPageData.AllPageDataFun("Event Group Management/MOF_NE_Event Group ManagementObjectRepository", "Sheet1", [code, arabic_des, english_des]): pk_Functions.CS_AllPageData.AllPageDataFun is PASSED

2019-02-19 10:56:42 - [MESSAGE][PASSED] - Delayed 1 second(s)

2019-02-19 10:56:42 - [MESSAGE][PASSED] - Text 'EB4' is set on object ''

2019-02-19 10:56:43 - [MESSAGE][PASSED] - Delayed 1 second(s)

2019-02-19 10:56:43 - [MESSAGE][PASSED] - Text 'English Description_3' is set on object ''

2019-02-19 10:56:44 - [MESSAGE][PASSED] - Delayed 1 second(s)

2019-02-19 10:56:45 - [MESSAGE][PASSED] - Text 'English Description_3' is set on object ''

2019-02-19 10:56:45 - [MESSAGE][PASSED] - pk_Functions.CS_AllPageData.AllPageDataFun is PASSED

2019-02-19 10:56:45 - [TEST_STEP][PASSED] - click(findTestObject("BTN_Save")): Object: 'Object Repository/BTN_Save' is clicked on

2019-02-19 10:56:45 - [MESSAGE][PASSED] - Object: 'Object Repository/BTN_Save' is clicked on

2019-02-19 10:56:45 - [TEST_STEP][PASSED] - delay(3): Delayed 3 second(s)

2019-02-19 10:56:48 - [MESSAGE][PASSED] - Delayed 3 second(s)

2019-02-19 10:56:48 - [TEST_STEP][PASSED] - click(findTestObject("Event Group Managemnt/BTN_Back (1)")): Object: 'Object Repository/Event Group Managemnt/BTN_Back (1)' is clicked on

2019-02-19 10:56:48 - [MESSAGE][PASSED] - Object: 'Object Repository/Event Group Managemnt/BTN_Back (1)' is clicked on

2019-02-19 10:56:48 - [TEST_STEP][PASSED] - delay(3): Delayed 3 second(s)

2019-02-19 10:56:51 - [MESSAGE][PASSED] - Delayed 3 second(s)]]></system-out>
         <system-err><![CDATA[]]></system-err>
      </testcase>
      <testcase name="Test Cases/Event Group Management/TC_Insert_Records" classname="Test Cases/Event Group Management/TC_Insert_Records" status="PASSED">
         <system-out><![CDATA[2019-02-19 10:56:51 - [TEST_CASE][PASSED] - Test Cases/Event Group Management/TC_Insert_Records: Test Cases/Event Group Management/TC_Insert_Records

2019-02-19 10:56:51 - [TEST_STEP][PASSED] - click(findTestObject("Event Group Managemnt/BTN_Insert")): Object: 'Object Repository/Event Group Managemnt/BTN_Insert' is clicked on

2019-02-19 10:56:51 - [MESSAGE][PASSED] - Object: 'Object Repository/Event Group Managemnt/BTN_Insert' is clicked on

2019-02-19 10:56:51 - [TEST_STEP][PASSED] - pk_Functions.CS_AllPageData.AllPageDataFun("Event Group Management/MOF_NE_Event Group ManagementObjectRepository", "Sheet1", [code, arabic_des, english_des]): pk_Functions.CS_AllPageData.AllPageDataFun is PASSED

2019-02-19 10:56:52 - [MESSAGE][PASSED] - Delayed 1 second(s)

2019-02-19 10:56:52 - [MESSAGE][PASSED] - Text 'EB5' is set on object ''

2019-02-19 10:56:53 - [MESSAGE][PASSED] - Delayed 1 second(s)

2019-02-19 10:56:54 - [MESSAGE][PASSED] - Text 'English Description_4' is set on object ''

2019-02-19 10:56:55 - [MESSAGE][PASSED] - Delayed 1 second(s)

2019-02-19 10:56:55 - [MESSAGE][PASSED] - Text 'English Description_4' is set on object ''

2019-02-19 10:56:55 - [MESSAGE][PASSED] - pk_Functions.CS_AllPageData.AllPageDataFun is PASSED

2019-02-19 10:56:55 - [TEST_STEP][PASSED] - click(findTestObject("BTN_Save")): Object: 'Object Repository/BTN_Save' is clicked on

2019-02-19 10:56:55 - [MESSAGE][PASSED] - Object: 'Object Repository/BTN_Save' is clicked on

2019-02-19 10:56:55 - [TEST_STEP][PASSED] - delay(3): Delayed 3 second(s)

2019-02-19 10:56:58 - [MESSAGE][PASSED] - Delayed 3 second(s)

2019-02-19 10:56:58 - [TEST_STEP][PASSED] - click(findTestObject("Event Group Managemnt/BTN_Back (1)")): Object: 'Object Repository/Event Group Managemnt/BTN_Back (1)' is clicked on

2019-02-19 10:56:58 - [MESSAGE][PASSED] - Object: 'Object Repository/Event Group Managemnt/BTN_Back (1)' is clicked on

2019-02-19 10:56:58 - [TEST_STEP][PASSED] - delay(3): Delayed 3 second(s)

2019-02-19 10:57:01 - [MESSAGE][PASSED] - Delayed 3 second(s)]]></system-out>
         <system-err><![CDATA[]]></system-err>
      </testcase>
      <testcase name="Test Cases/Event Group Management/TC_Insert_Records" classname="Test Cases/Event Group Management/TC_Insert_Records" status="PASSED">
         <system-out><![CDATA[2019-02-19 10:57:01 - [TEST_CASE][PASSED] - Test Cases/Event Group Management/TC_Insert_Records: Test Cases/Event Group Management/TC_Insert_Records

2019-02-19 10:57:01 - [TEST_STEP][PASSED] - click(findTestObject("Event Group Managemnt/BTN_Insert")): Object: 'Object Repository/Event Group Managemnt/BTN_Insert' is clicked on

2019-02-19 10:57:01 - [MESSAGE][PASSED] - Object: 'Object Repository/Event Group Managemnt/BTN_Insert' is clicked on

2019-02-19 10:57:01 - [TEST_STEP][PASSED] - pk_Functions.CS_AllPageData.AllPageDataFun("Event Group Management/MOF_NE_Event Group ManagementObjectRepository", "Sheet1", [code, arabic_des, english_des]): pk_Functions.CS_AllPageData.AllPageDataFun is PASSED

2019-02-19 10:57:02 - [MESSAGE][PASSED] - Delayed 1 second(s)

2019-02-19 10:57:03 - [MESSAGE][PASSED] - Text 'z12' is set on object ''

2019-02-19 10:57:04 - [MESSAGE][PASSED] - Delayed 1 second(s)

2019-02-19 10:57:04 - [MESSAGE][PASSED] - Text 'English Description_4' is set on object ''

2019-02-19 10:57:05 - [MESSAGE][PASSED] - Delayed 1 second(s)

2019-02-19 10:57:05 - [MESSAGE][PASSED] - Text 'English Description_4' is set on object ''

2019-02-19 10:57:05 - [MESSAGE][PASSED] - pk_Functions.CS_AllPageData.AllPageDataFun is PASSED

2019-02-19 10:57:05 - [TEST_STEP][PASSED] - click(findTestObject("BTN_Save")): Object: 'Object Repository/BTN_Save' is clicked on

2019-02-19 10:57:05 - [MESSAGE][PASSED] - Object: 'Object Repository/BTN_Save' is clicked on

2019-02-19 10:57:05 - [TEST_STEP][PASSED] - delay(3): Delayed 3 second(s)

2019-02-19 10:57:08 - [MESSAGE][PASSED] - Delayed 3 second(s)

2019-02-19 10:57:08 - [TEST_STEP][PASSED] - click(findTestObject("Event Group Managemnt/BTN_Back (1)")): Object: 'Object Repository/Event Group Managemnt/BTN_Back (1)' is clicked on

2019-02-19 10:57:08 - [MESSAGE][PASSED] - Object: 'Object Repository/Event Group Managemnt/BTN_Back (1)' is clicked on

2019-02-19 10:57:08 - [TEST_STEP][PASSED] - delay(3): Delayed 3 second(s)

2019-02-19 10:57:11 - [MESSAGE][PASSED] - Delayed 3 second(s)]]></system-out>
         <system-err><![CDATA[]]></system-err>
      </testcase>
      <testcase name="Test Cases/Event Group Management/TC_Click on Clear Button" classname="Test Cases/Event Group Management/TC_Click on Clear Button" status="PASSED">
         <system-out><![CDATA[2019-02-19 10:57:11 - [TEST_CASE][PASSED] - Test Cases/Event Group Management/TC_Click on Clear Button: Test Cases/Event Group Management/TC_Click on Clear Button

2019-02-19 10:57:11 - [TEST_STEP][PASSED] - click(findTestObject("Event Group Managemnt/BTN_Clear")): Object: 'Object Repository/Event Group Managemnt/BTN_Clear' is clicked on

2019-02-19 10:57:12 - [MESSAGE][PASSED] - Object: 'Object Repository/Event Group Managemnt/BTN_Clear' is clicked on]]></system-out>
         <system-err><![CDATA[]]></system-err>
      </testcase>
      <testcase name="Test Cases/Event Group Management/TC_Verify_Clear" classname="Test Cases/Event Group Management/TC_Verify_Clear" status="PASSED">
         <system-out><![CDATA[2019-02-19 10:57:12 - [TEST_CASE][PASSED] - Test Cases/Event Group Management/TC_Verify_Clear: Test Cases/Event Group Management/TC_Verify_Clear

2019-02-19 10:57:12 - [TEST_STEP][PASSED] - pk_Functions.CS_WebtableVerification.ValidateSearchParameters("Clear", "Event Group Management/MOF_NE_Event Group ManagementObjectRepository", "Sheet1", [], 0): pk_Functions.CS_WebtableVerification.ValidateSearchParameters is PASSED

2019-02-19 10:57:15 - [MESSAGE][PASSED] - Delayed 3 second(s)

2019-02-19 10:57:17 - [MESSAGE][PASSED] - Delayed 2 second(s)

2019-02-19 10:57:17 - [MESSAGE][PASSED] - Object: '' is clicked on

2019-02-19 10:57:19 - [MESSAGE][PASSED] - Delayed 2 second(s)

2019-02-19 10:57:19 - [MESSAGE][PASSED] - Attribute 'tabindex' of object '' is: '-1'

2019-02-19 10:57:19 - [MESSAGE][PASSED] - pk_Functions.CS_WebtableVerification.ValidateSearchParameters is PASSED]]></system-out>
         <system-err><![CDATA[]]></system-err>
      </testcase>
      <testcase name="Test Cases/Event Group Management/TC_Verify_Insert" classname="Test Cases/Event Group Management/TC_Verify_Insert" status="ERROR">
         <error type="ERROR" message="Test Cases/Event Group Management/TC_Verify_Insert FAILED.
Reason:
org.codehaus.groovy.runtime.InvokerInvocationException: Assertion failed: 

assert Columns_row_text == expectedValues
       |                |  |
       |                |  [EB2, English Description_123, English Description_1]
       |                false
       [EB2, English Description_1_Update, English Description_1_Update]

	at pk_Functions.CS_WebtableVerification.invokeMethod(CS_WebtableVerification.groovy)
	at com.kms.katalon.core.main.CustomKeywordDelegatingMetaClass.invokeStaticMethod(CustomKeywordDelegatingMetaClass.java:49)
	at TC_Verify_Insert.run(TC_Verify_Insert:25)
	at com.kms.katalon.core.main.ScriptEngine.run(ScriptEngine.java:194)
	at com.kms.katalon.core.main.ScriptEngine.runScriptAsRawText(ScriptEngine.java:119)
	at com.kms.katalon.core.main.TestCaseExecutor.runScript(TestCaseExecutor.java:328)
	at com.kms.katalon.core.main.TestCaseExecutor.doExecute(TestCaseExecutor.java:319)
	at com.kms.katalon.core.main.TestCaseExecutor.processExecutionPhase(TestCaseExecutor.java:298)
	at com.kms.katalon.core.main.TestCaseExecutor.accessMainPhase(TestCaseExecutor.java:290)
	at com.kms.katalon.core.main.TestCaseExecutor.execute(TestCaseExecutor.java:224)
	at com.kms.katalon.core.main.TestSuiteExecutor.accessTestCaseMainPhase(TestSuiteExecutor.java:129)
	at com.kms.katalon.core.main.TestSuiteExecutor.accessTestSuiteMainPhase(TestSuiteExecutor.java:112)
	at com.kms.katalon.core.main.TestSuiteExecutor.execute(TestSuiteExecutor.java:81)
	at com.kms.katalon.core.main.TestCaseMain.startTestSuite(TestCaseMain.java:149)
	at com.kms.katalon.core.main.TestCaseMain$startTestSuite$0.call(Unknown Source)
	at TempTestSuite1550566553053.run(TempTestSuite1550566553053.groovy:36)
Caused by: Assertion failed: 

assert Columns_row_text == expectedValues
       |                |  |
       |                |  [EB2, English Description_123, English Description_1]
       |                false
       [EB2, English Description_1_Update, English Description_1_Update]

	at pk_Functions.CS_WebtableVerification.ValidateSearchParameters(CS_WebtableVerification.groovy:130)
	at pk_Functions.CS_WebtableVerification.invokeMethod(CS_WebtableVerification.groovy)
	at com.kms.katalon.core.main.CustomKeywordDelegatingMetaClass.invokeStaticMethod(CustomKeywordDelegatingMetaClass.java:49)
	at Script1549377986201.run(Script1549377986201.groovy:25)
	... 13 more
"/>
         <system-out><![CDATA[2019-02-19 10:57:19 - [TEST_CASE][ERROR] - Test Cases/Event Group Management/TC_Verify_Insert: Test Cases/Event Group Management/TC_Verify_Insert FAILED.
Reason:
org.codehaus.groovy.runtime.InvokerInvocationException: Assertion failed: 

assert Columns_row_text == expectedValues
       |                |  |
       |                |  [EB2, English Description_123, English Description_1]
       |                false
       [EB2, English Description_1_Update, English Description_1_Update]

	at pk_Functions.CS_WebtableVerification.invokeMethod(CS_WebtableVerification.groovy)
	at com.kms.katalon.core.main.CustomKeywordDelegatingMetaClass.invokeStaticMethod(CustomKeywordDelegatingMetaClass.java:49)
	at TC_Verify_Insert.run(TC_Verify_Insert:25)
	at com.kms.katalon.core.main.ScriptEngine.run(ScriptEngine.java:194)
	at com.kms.katalon.core.main.ScriptEngine.runScriptAsRawText(ScriptEngine.java:119)
	at com.kms.katalon.core.main.TestCaseExecutor.runScript(TestCaseExecutor.java:328)
	at com.kms.katalon.core.main.TestCaseExecutor.doExecute(TestCaseExecutor.java:319)
	at com.kms.katalon.core.main.TestCaseExecutor.processExecutionPhase(TestCaseExecutor.java:298)
	at com.kms.katalon.core.main.TestCaseExecutor.accessMainPhase(TestCaseExecutor.java:290)
	at com.kms.katalon.core.main.TestCaseExecutor.execute(TestCaseExecutor.java:224)
	at com.kms.katalon.core.main.TestSuiteExecutor.accessTestCaseMainPhase(TestSuiteExecutor.java:129)
	at com.kms.katalon.core.main.TestSuiteExecutor.accessTestSuiteMainPhase(TestSuiteExecutor.java:112)
	at com.kms.katalon.core.main.TestSuiteExecutor.execute(TestSuiteExecutor.java:81)
	at com.kms.katalon.core.main.TestCaseMain.startTestSuite(TestCaseMain.java:149)
	at com.kms.katalon.core.main.TestCaseMain$startTestSuite$0.call(Unknown Source)
	at TempTestSuite1550566553053.run(TempTestSuite1550566553053.groovy:36)
Caused by: Assertion failed: 

assert Columns_row_text == expectedValues
       |                |  |
       |                |  [EB2, English Description_123, English Description_1]
       |                false
       [EB2, English Description_1_Update, English Description_1_Update]

	at pk_Functions.CS_WebtableVerification.ValidateSearchParameters(CS_WebtableVerification.groovy:130)
	at pk_Functions.CS_WebtableVerification.invokeMethod(CS_WebtableVerification.groovy)
	at com.kms.katalon.core.main.CustomKeywordDelegatingMetaClass.invokeStaticMethod(CustomKeywordDelegatingMetaClass.java:49)
	at Script1549377986201.run(Script1549377986201.groovy:25)
	... 13 more


2019-02-19 10:57:20 - [TEST_STEP][ERROR] - if (search == "SearchYes"): if (search == "SearchYes") FAILED.
Reason:
org.codehaus.groovy.runtime.InvokerInvocationException: Assertion failed: 

assert Columns_row_text == expectedValues
       |                |  |
       |                |  [EB2, English Description_123, English Description_1]
       |                false
       [EB2, English Description_1_Update, English Description_1_Update]

	at pk_Functions.CS_WebtableVerification.invokeMethod(CS_WebtableVerification.groovy)
	at com.kms.katalon.core.main.CustomKeywordDelegatingMetaClass.invokeStaticMethod(CustomKeywordDelegatingMetaClass.java:49)
	at TC_Verify_Insert.run(TC_Verify_Insert:25)
	at com.kms.katalon.core.main.ScriptEngine.run(ScriptEngine.java:194)
	at com.kms.katalon.core.main.ScriptEngine.runScriptAsRawText(ScriptEngine.java:119)
	at com.kms.katalon.core.main.TestCaseExecutor.runScript(TestCaseExecutor.java:328)
	at com.kms.katalon.core.main.TestCaseExecutor.doExecute(TestCaseExecutor.java:319)
	at com.kms.katalon.core.main.TestCaseExecutor.processExecutionPhase(TestCaseExecutor.java:298)
	at com.kms.katalon.core.main.TestCaseExecutor.accessMainPhase(TestCaseExecutor.java:290)
	at com.kms.katalon.core.main.TestCaseExecutor.execute(TestCaseExecutor.java:224)
	at com.kms.katalon.core.main.TestSuiteExecutor.accessTestCaseMainPhase(TestSuiteExecutor.java:129)
	at com.kms.katalon.core.main.TestSuiteExecutor.accessTestSuiteMainPhase(TestSuiteExecutor.java:112)
	at com.kms.katalon.core.main.TestSuiteExecutor.execute(TestSuiteExecutor.java:81)
	at com.kms.katalon.core.main.TestCaseMain.startTestSuite(TestCaseMain.java:149)
	at com.kms.katalon.core.main.TestCaseMain$startTestSuite$0.call(Unknown Source)
	at TempTestSuite1550566553053.run(TempTestSuite1550566553053.groovy:36)
Caused by: Assertion failed: 

assert Columns_row_text == expectedValues
       |                |  |
       |                |  [EB2, English Description_123, English Description_1]
       |                false
       [EB2, English Description_1_Update, English Description_1_Update]

	at pk_Functions.CS_WebtableVerification.ValidateSearchParameters(CS_WebtableVerification.groovy:130)
	at pk_Functions.CS_WebtableVerification.invokeMethod(CS_WebtableVerification.groovy)
	at com.kms.katalon.core.main.CustomKeywordDelegatingMetaClass.invokeStaticMethod(CustomKeywordDelegatingMetaClass.java:49)
	at Script1549377986201.run(Script1549377986201.groovy:25)
	... 13 more


2019-02-19 10:57:20 - [TEST_STEP][PASSED] - pk_Functions.CS_SpecificPageData.DataFun(["Code_Search"], "Event Group Management/MOF_NE_Event Group ManagementObjectRepository", "Sheet1", [Code]): pk_Functions.CS_SpecificPageData.DataFun is PASSED

2019-02-19 10:57:20 - [MESSAGE][PASSED] - Text 'EB2' is set on object ''

2019-02-19 10:57:20 - [MESSAGE][PASSED] - pk_Functions.CS_SpecificPageData.DataFun is PASSED

2019-02-19 10:57:20 - [TEST_STEP][PASSED] - delay(2): Delayed 2 second(s)

2019-02-19 10:57:22 - [MESSAGE][PASSED] - Delayed 2 second(s)

2019-02-19 10:57:22 - [TEST_STEP][PASSED] - click(findTestObject("Event Group Managemnt/BTN_Search")): Object: 'Object Repository/Event Group Managemnt/BTN_Search' is clicked on

2019-02-19 10:57:22 - [MESSAGE][PASSED] - Object: 'Object Repository/Event Group Managemnt/BTN_Search' is clicked on

2019-02-19 10:57:22 - [TEST_STEP][ERROR] - pk_Functions.CS_WebtableVerification.ValidateSearchParameters(search, "Event Group Management/MOF_NE_Event Group ManagementObjectRepository", "Sheet1", [Code, EnglishDescription, ArabicDescription], 0): if (search == "SearchYes") FAILED.
Reason:
org.codehaus.groovy.runtime.InvokerInvocationException: Assertion failed: 

assert Columns_row_text == expectedValues
       |                |  |
       |                |  [EB2, English Description_123, English Description_1]
       |                false
       [EB2, English Description_1_Update, English Description_1_Update]

	at pk_Functions.CS_WebtableVerification.invokeMethod(CS_WebtableVerification.groovy)
	at com.kms.katalon.core.main.CustomKeywordDelegatingMetaClass.invokeStaticMethod(CustomKeywordDelegatingMetaClass.java:49)
	at TC_Verify_Insert.run(TC_Verify_Insert:25)
	at com.kms.katalon.core.main.ScriptEngine.run(ScriptEngine.java:194)
	at com.kms.katalon.core.main.ScriptEngine.runScriptAsRawText(ScriptEngine.java:119)
	at com.kms.katalon.core.main.TestCaseExecutor.runScript(TestCaseExecutor.java:328)
	at com.kms.katalon.core.main.TestCaseExecutor.doExecute(TestCaseExecutor.java:319)
	at com.kms.katalon.core.main.TestCaseExecutor.processExecutionPhase(TestCaseExecutor.java:298)
	at com.kms.katalon.core.main.TestCaseExecutor.accessMainPhase(TestCaseExecutor.java:290)
	at com.kms.katalon.core.main.TestCaseExecutor.execute(TestCaseExecutor.java:224)
	at com.kms.katalon.core.main.TestSuiteExecutor.accessTestCaseMainPhase(TestSuiteExecutor.java:129)
	at com.kms.katalon.core.main.TestSuiteExecutor.accessTestSuiteMainPhase(TestSuiteExecutor.java:112)
	at com.kms.katalon.core.main.TestSuiteExecutor.execute(TestSuiteExecutor.java:81)
	at com.kms.katalon.core.main.TestCaseMain.startTestSuite(TestCaseMain.java:149)
	at com.kms.katalon.core.main.TestCaseMain$startTestSuite$0.call(Unknown Source)
	at TempTestSuite1550566553053.run(TempTestSuite1550566553053.groovy:36)
Caused by: Assertion failed: 

assert Columns_row_text == expectedValues
       |                |  |
       |                |  [EB2, English Description_123, English Description_1]
       |                false
       [EB2, English Description_1_Update, English Description_1_Update]

	at pk_Functions.CS_WebtableVerification.ValidateSearchParameters(CS_WebtableVerification.groovy:130)
	at pk_Functions.CS_WebtableVerification.invokeMethod(CS_WebtableVerification.groovy)
	at com.kms.katalon.core.main.CustomKeywordDelegatingMetaClass.invokeStaticMethod(CustomKeywordDelegatingMetaClass.java:49)
	at Script1549377986201.run(Script1549377986201.groovy:25)
	... 13 more


2019-02-19 10:57:25 - [MESSAGE][PASSED] - Delayed 3 second(s)

2019-02-19 10:57:27 - [MESSAGE][PASSED] - Delayed 2 second(s)

2019-02-19 10:57:27 - [MESSAGE][PASSED] - Object: '' is clicked on

2019-02-19 10:57:29 - [MESSAGE][PASSED] - Delayed 2 second(s)

2019-02-19 10:57:29 - [MESSAGE][FAILED] - Assertion failed: 

assert Columns_row_text == expectedValues
       |                |  |
       |                |  [EB2, English Description_123, English Description_1]
       |                false
       [EB2, English Description_1_Update, English Description_1_Update]


2019-02-19 10:57:29 - [MESSAGE][ERROR] - if (search == "SearchYes") FAILED.
Reason:
org.codehaus.groovy.runtime.InvokerInvocationException: Assertion failed: 

assert Columns_row_text == expectedValues
       |                |  |
       |                |  [EB2, English Description_123, English Description_1]
       |                false
       [EB2, English Description_1_Update, English Description_1_Update]

	at pk_Functions.CS_WebtableVerification.invokeMethod(CS_WebtableVerification.groovy)
	at com.kms.katalon.core.main.CustomKeywordDelegatingMetaClass.invokeStaticMethod(CustomKeywordDelegatingMetaClass.java:49)
	at TC_Verify_Insert.run(TC_Verify_Insert:25)
	at com.kms.katalon.core.main.ScriptEngine.run(ScriptEngine.java:194)
	at com.kms.katalon.core.main.ScriptEngine.runScriptAsRawText(ScriptEngine.java:119)
	at com.kms.katalon.core.main.TestCaseExecutor.runScript(TestCaseExecutor.java:328)
	at com.kms.katalon.core.main.TestCaseExecutor.doExecute(TestCaseExecutor.java:319)
	at com.kms.katalon.core.main.TestCaseExecutor.processExecutionPhase(TestCaseExecutor.java:298)
	at com.kms.katalon.core.main.TestCaseExecutor.accessMainPhase(TestCaseExecutor.java:290)
	at com.kms.katalon.core.main.TestCaseExecutor.execute(TestCaseExecutor.java:224)
	at com.kms.katalon.core.main.TestSuiteExecutor.accessTestCaseMainPhase(TestSuiteExecutor.java:129)
	at com.kms.katalon.core.main.TestSuiteExecutor.accessTestSuiteMainPhase(TestSuiteExecutor.java:112)
	at com.kms.katalon.core.main.TestSuiteExecutor.execute(TestSuiteExecutor.java:81)
	at com.kms.katalon.core.main.TestCaseMain.startTestSuite(TestCaseMain.java:149)
	at com.kms.katalon.core.main.TestCaseMain$startTestSuite$0.call(Unknown Source)
	at TempTestSuite1550566553053.run(TempTestSuite1550566553053.groovy:36)
Caused by: Assertion failed: 

assert Columns_row_text == expectedValues
       |                |  |
       |                |  [EB2, English Description_123, English Description_1]
       |                false
       [EB2, English Description_1_Update, English Description_1_Update]

	at pk_Functions.CS_WebtableVerification.ValidateSearchParameters(CS_WebtableVerification.groovy:130)
	at pk_Functions.CS_WebtableVerification.invokeMethod(CS_WebtableVerification.groovy)
	at com.kms.katalon.core.main.CustomKeywordDelegatingMetaClass.invokeStaticMethod(CustomKeywordDelegatingMetaClass.java:49)
	at Script1549377986201.run(Script1549377986201.groovy:25)
	... 13 more]]></system-out>
         <system-err><![CDATA[2019-02-19 10:57:19 - [TEST_CASE][ERROR] - Test Cases/Event Group Management/TC_Verify_Insert: Test Cases/Event Group Management/TC_Verify_Insert FAILED.
Reason:
org.codehaus.groovy.runtime.InvokerInvocationException: Assertion failed: 

assert Columns_row_text == expectedValues
       |                |  |
       |                |  [EB2, English Description_123, English Description_1]
       |                false
       [EB2, English Description_1_Update, English Description_1_Update]

	at pk_Functions.CS_WebtableVerification.invokeMethod(CS_WebtableVerification.groovy)
	at com.kms.katalon.core.main.CustomKeywordDelegatingMetaClass.invokeStaticMethod(CustomKeywordDelegatingMetaClass.java:49)
	at TC_Verify_Insert.run(TC_Verify_Insert:25)
	at com.kms.katalon.core.main.ScriptEngine.run(ScriptEngine.java:194)
	at com.kms.katalon.core.main.ScriptEngine.runScriptAsRawText(ScriptEngine.java:119)
	at com.kms.katalon.core.main.TestCaseExecutor.runScript(TestCaseExecutor.java:328)
	at com.kms.katalon.core.main.TestCaseExecutor.doExecute(TestCaseExecutor.java:319)
	at com.kms.katalon.core.main.TestCaseExecutor.processExecutionPhase(TestCaseExecutor.java:298)
	at com.kms.katalon.core.main.TestCaseExecutor.accessMainPhase(TestCaseExecutor.java:290)
	at com.kms.katalon.core.main.TestCaseExecutor.execute(TestCaseExecutor.java:224)
	at com.kms.katalon.core.main.TestSuiteExecutor.accessTestCaseMainPhase(TestSuiteExecutor.java:129)
	at com.kms.katalon.core.main.TestSuiteExecutor.accessTestSuiteMainPhase(TestSuiteExecutor.java:112)
	at com.kms.katalon.core.main.TestSuiteExecutor.execute(TestSuiteExecutor.java:81)
	at com.kms.katalon.core.main.TestCaseMain.startTestSuite(TestCaseMain.java:149)
	at com.kms.katalon.core.main.TestCaseMain$startTestSuite$0.call(Unknown Source)
	at TempTestSuite1550566553053.run(TempTestSuite1550566553053.groovy:36)
Caused by: Assertion failed: 

assert Columns_row_text == expectedValues
       |                |  |
       |                |  [EB2, English Description_123, English Description_1]
       |                false
       [EB2, English Description_1_Update, English Description_1_Update]

	at pk_Functions.CS_WebtableVerification.ValidateSearchParameters(CS_WebtableVerification.groovy:130)
	at pk_Functions.CS_WebtableVerification.invokeMethod(CS_WebtableVerification.groovy)
	at com.kms.katalon.core.main.CustomKeywordDelegatingMetaClass.invokeStaticMethod(CustomKeywordDelegatingMetaClass.java:49)
	at Script1549377986201.run(Script1549377986201.groovy:25)
	... 13 more]]></system-err>
      </testcase>
      <testcase name="Test Cases/Event Group Management/TC_Verify_Insert" classname="Test Cases/Event Group Management/TC_Verify_Insert" status="ERROR">
         <error type="ERROR" message="Test Cases/Event Group Management/TC_Verify_Insert FAILED.
Reason:
org.codehaus.groovy.runtime.InvokerInvocationException: Assertion failed: 

assert Columns_row_text == expectedValues
       |                |  |
       |                |  [EB3, English Description_2, English Description_2]
       |                false
       [EB3, English Description_2_Update, English Description_1_Update]

	at pk_Functions.CS_WebtableVerification.invokeMethod(CS_WebtableVerification.groovy)
	at com.kms.katalon.core.main.CustomKeywordDelegatingMetaClass.invokeStaticMethod(CustomKeywordDelegatingMetaClass.java:49)
	at TC_Verify_Insert.run(TC_Verify_Insert:25)
	at com.kms.katalon.core.main.ScriptEngine.run(ScriptEngine.java:194)
	at com.kms.katalon.core.main.ScriptEngine.runScriptAsRawText(ScriptEngine.java:119)
	at com.kms.katalon.core.main.TestCaseExecutor.runScript(TestCaseExecutor.java:328)
	at com.kms.katalon.core.main.TestCaseExecutor.doExecute(TestCaseExecutor.java:319)
	at com.kms.katalon.core.main.TestCaseExecutor.processExecutionPhase(TestCaseExecutor.java:298)
	at com.kms.katalon.core.main.TestCaseExecutor.accessMainPhase(TestCaseExecutor.java:290)
	at com.kms.katalon.core.main.TestCaseExecutor.execute(TestCaseExecutor.java:224)
	at com.kms.katalon.core.main.TestSuiteExecutor.accessTestCaseMainPhase(TestSuiteExecutor.java:129)
	at com.kms.katalon.core.main.TestSuiteExecutor.accessTestSuiteMainPhase(TestSuiteExecutor.java:112)
	at com.kms.katalon.core.main.TestSuiteExecutor.execute(TestSuiteExecutor.java:81)
	at com.kms.katalon.core.main.TestCaseMain.startTestSuite(TestCaseMain.java:149)
	at com.kms.katalon.core.main.TestCaseMain$startTestSuite$0.call(Unknown Source)
	at TempTestSuite1550566553053.run(TempTestSuite1550566553053.groovy:36)
Caused by: Assertion failed: 

assert Columns_row_text == expectedValues
       |                |  |
       |                |  [EB3, English Description_2, English Description_2]
       |                false
       [EB3, English Description_2_Update, English Description_1_Update]

	at pk_Functions.CS_WebtableVerification.ValidateSearchParameters(CS_WebtableVerification.groovy:130)
	at pk_Functions.CS_WebtableVerification.invokeMethod(CS_WebtableVerification.groovy)
	at com.kms.katalon.core.main.CustomKeywordDelegatingMetaClass.invokeStaticMethod(CustomKeywordDelegatingMetaClass.java:49)
	at Script1549377986201.run(Script1549377986201.groovy:25)
	... 13 more
"/>
         <system-out><![CDATA[2019-02-19 10:57:29 - [TEST_CASE][ERROR] - Test Cases/Event Group Management/TC_Verify_Insert: Test Cases/Event Group Management/TC_Verify_Insert FAILED.
Reason:
org.codehaus.groovy.runtime.InvokerInvocationException: Assertion failed: 

assert Columns_row_text == expectedValues
       |                |  |
       |                |  [EB3, English Description_2, English Description_2]
       |                false
       [EB3, English Description_2_Update, English Description_1_Update]

	at pk_Functions.CS_WebtableVerification.invokeMethod(CS_WebtableVerification.groovy)
	at com.kms.katalon.core.main.CustomKeywordDelegatingMetaClass.invokeStaticMethod(CustomKeywordDelegatingMetaClass.java:49)
	at TC_Verify_Insert.run(TC_Verify_Insert:25)
	at com.kms.katalon.core.main.ScriptEngine.run(ScriptEngine.java:194)
	at com.kms.katalon.core.main.ScriptEngine.runScriptAsRawText(ScriptEngine.java:119)
	at com.kms.katalon.core.main.TestCaseExecutor.runScript(TestCaseExecutor.java:328)
	at com.kms.katalon.core.main.TestCaseExecutor.doExecute(TestCaseExecutor.java:319)
	at com.kms.katalon.core.main.TestCaseExecutor.processExecutionPhase(TestCaseExecutor.java:298)
	at com.kms.katalon.core.main.TestCaseExecutor.accessMainPhase(TestCaseExecutor.java:290)
	at com.kms.katalon.core.main.TestCaseExecutor.execute(TestCaseExecutor.java:224)
	at com.kms.katalon.core.main.TestSuiteExecutor.accessTestCaseMainPhase(TestSuiteExecutor.java:129)
	at com.kms.katalon.core.main.TestSuiteExecutor.accessTestSuiteMainPhase(TestSuiteExecutor.java:112)
	at com.kms.katalon.core.main.TestSuiteExecutor.execute(TestSuiteExecutor.java:81)
	at com.kms.katalon.core.main.TestCaseMain.startTestSuite(TestCaseMain.java:149)
	at com.kms.katalon.core.main.TestCaseMain$startTestSuite$0.call(Unknown Source)
	at TempTestSuite1550566553053.run(TempTestSuite1550566553053.groovy:36)
Caused by: Assertion failed: 

assert Columns_row_text == expectedValues
       |                |  |
       |                |  [EB3, English Description_2, English Description_2]
       |                false
       [EB3, English Description_2_Update, English Description_1_Update]

	at pk_Functions.CS_WebtableVerification.ValidateSearchParameters(CS_WebtableVerification.groovy:130)
	at pk_Functions.CS_WebtableVerification.invokeMethod(CS_WebtableVerification.groovy)
	at com.kms.katalon.core.main.CustomKeywordDelegatingMetaClass.invokeStaticMethod(CustomKeywordDelegatingMetaClass.java:49)
	at Script1549377986201.run(Script1549377986201.groovy:25)
	... 13 more


2019-02-19 10:57:29 - [TEST_STEP][ERROR] - if (search == "SearchYes"): if (search == "SearchYes") FAILED.
Reason:
org.codehaus.groovy.runtime.InvokerInvocationException: Assertion failed: 

assert Columns_row_text == expectedValues
       |                |  |
       |                |  [EB3, English Description_2, English Description_2]
       |                false
       [EB3, English Description_2_Update, English Description_1_Update]

	at pk_Functions.CS_WebtableVerification.invokeMethod(CS_WebtableVerification.groovy)
	at com.kms.katalon.core.main.CustomKeywordDelegatingMetaClass.invokeStaticMethod(CustomKeywordDelegatingMetaClass.java:49)
	at TC_Verify_Insert.run(TC_Verify_Insert:25)
	at com.kms.katalon.core.main.ScriptEngine.run(ScriptEngine.java:194)
	at com.kms.katalon.core.main.ScriptEngine.runScriptAsRawText(ScriptEngine.java:119)
	at com.kms.katalon.core.main.TestCaseExecutor.runScript(TestCaseExecutor.java:328)
	at com.kms.katalon.core.main.TestCaseExecutor.doExecute(TestCaseExecutor.java:319)
	at com.kms.katalon.core.main.TestCaseExecutor.processExecutionPhase(TestCaseExecutor.java:298)
	at com.kms.katalon.core.main.TestCaseExecutor.accessMainPhase(TestCaseExecutor.java:290)
	at com.kms.katalon.core.main.TestCaseExecutor.execute(TestCaseExecutor.java:224)
	at com.kms.katalon.core.main.TestSuiteExecutor.accessTestCaseMainPhase(TestSuiteExecutor.java:129)
	at com.kms.katalon.core.main.TestSuiteExecutor.accessTestSuiteMainPhase(TestSuiteExecutor.java:112)
	at com.kms.katalon.core.main.TestSuiteExecutor.execute(TestSuiteExecutor.java:81)
	at com.kms.katalon.core.main.TestCaseMain.startTestSuite(TestCaseMain.java:149)
	at com.kms.katalon.core.main.TestCaseMain$startTestSuite$0.call(Unknown Source)
	at TempTestSuite1550566553053.run(TempTestSuite1550566553053.groovy:36)
Caused by: Assertion failed: 

assert Columns_row_text == expectedValues
       |                |  |
       |                |  [EB3, English Description_2, English Description_2]
       |                false
       [EB3, English Description_2_Update, English Description_1_Update]

	at pk_Functions.CS_WebtableVerification.ValidateSearchParameters(CS_WebtableVerification.groovy:130)
	at pk_Functions.CS_WebtableVerification.invokeMethod(CS_WebtableVerification.groovy)
	at com.kms.katalon.core.main.CustomKeywordDelegatingMetaClass.invokeStaticMethod(CustomKeywordDelegatingMetaClass.java:49)
	at Script1549377986201.run(Script1549377986201.groovy:25)
	... 13 more


2019-02-19 10:57:29 - [TEST_STEP][PASSED] - pk_Functions.CS_SpecificPageData.DataFun(["Code_Search"], "Event Group Management/MOF_NE_Event Group ManagementObjectRepository", "Sheet1", [Code]): pk_Functions.CS_SpecificPageData.DataFun is PASSED

2019-02-19 10:57:30 - [MESSAGE][PASSED] - Text 'EB3' is set on object ''

2019-02-19 10:57:30 - [MESSAGE][PASSED] - pk_Functions.CS_SpecificPageData.DataFun is PASSED

2019-02-19 10:57:30 - [TEST_STEP][PASSED] - delay(2): Delayed 2 second(s)

2019-02-19 10:57:32 - [MESSAGE][PASSED] - Delayed 2 second(s)

2019-02-19 10:57:32 - [TEST_STEP][PASSED] - click(findTestObject("Event Group Managemnt/BTN_Search")): Object: 'Object Repository/Event Group Managemnt/BTN_Search' is clicked on

2019-02-19 10:57:32 - [MESSAGE][PASSED] - Object: 'Object Repository/Event Group Managemnt/BTN_Search' is clicked on

2019-02-19 10:57:32 - [TEST_STEP][ERROR] - pk_Functions.CS_WebtableVerification.ValidateSearchParameters(search, "Event Group Management/MOF_NE_Event Group ManagementObjectRepository", "Sheet1", [Code, EnglishDescription, ArabicDescription], 0): if (search == "SearchYes") FAILED.
Reason:
org.codehaus.groovy.runtime.InvokerInvocationException: Assertion failed: 

assert Columns_row_text == expectedValues
       |                |  |
       |                |  [EB3, English Description_2, English Description_2]
       |                false
       [EB3, English Description_2_Update, English Description_1_Update]

	at pk_Functions.CS_WebtableVerification.invokeMethod(CS_WebtableVerification.groovy)
	at com.kms.katalon.core.main.CustomKeywordDelegatingMetaClass.invokeStaticMethod(CustomKeywordDelegatingMetaClass.java:49)
	at TC_Verify_Insert.run(TC_Verify_Insert:25)
	at com.kms.katalon.core.main.ScriptEngine.run(ScriptEngine.java:194)
	at com.kms.katalon.core.main.ScriptEngine.runScriptAsRawText(ScriptEngine.java:119)
	at com.kms.katalon.core.main.TestCaseExecutor.runScript(TestCaseExecutor.java:328)
	at com.kms.katalon.core.main.TestCaseExecutor.doExecute(TestCaseExecutor.java:319)
	at com.kms.katalon.core.main.TestCaseExecutor.processExecutionPhase(TestCaseExecutor.java:298)
	at com.kms.katalon.core.main.TestCaseExecutor.accessMainPhase(TestCaseExecutor.java:290)
	at com.kms.katalon.core.main.TestCaseExecutor.execute(TestCaseExecutor.java:224)
	at com.kms.katalon.core.main.TestSuiteExecutor.accessTestCaseMainPhase(TestSuiteExecutor.java:129)
	at com.kms.katalon.core.main.TestSuiteExecutor.accessTestSuiteMainPhase(TestSuiteExecutor.java:112)
	at com.kms.katalon.core.main.TestSuiteExecutor.execute(TestSuiteExecutor.java:81)
	at com.kms.katalon.core.main.TestCaseMain.startTestSuite(TestCaseMain.java:149)
	at com.kms.katalon.core.main.TestCaseMain$startTestSuite$0.call(Unknown Source)
	at TempTestSuite1550566553053.run(TempTestSuite1550566553053.groovy:36)
Caused by: Assertion failed: 

assert Columns_row_text == expectedValues
       |                |  |
       |                |  [EB3, English Description_2, English Description_2]
       |                false
       [EB3, English Description_2_Update, English Description_1_Update]

	at pk_Functions.CS_WebtableVerification.ValidateSearchParameters(CS_WebtableVerification.groovy:130)
	at pk_Functions.CS_WebtableVerification.invokeMethod(CS_WebtableVerification.groovy)
	at com.kms.katalon.core.main.CustomKeywordDelegatingMetaClass.invokeStaticMethod(CustomKeywordDelegatingMetaClass.java:49)
	at Script1549377986201.run(Script1549377986201.groovy:25)
	... 13 more


2019-02-19 10:57:35 - [MESSAGE][PASSED] - Delayed 3 second(s)

2019-02-19 10:57:37 - [MESSAGE][PASSED] - Delayed 2 second(s)

2019-02-19 10:57:37 - [MESSAGE][PASSED] - Object: '' is clicked on

2019-02-19 10:57:39 - [MESSAGE][PASSED] - Delayed 2 second(s)

2019-02-19 10:57:39 - [MESSAGE][FAILED] - Assertion failed: 

assert Columns_row_text == expectedValues
       |                |  |
       |                |  [EB3, English Description_2, English Description_2]
       |                false
       [EB3, English Description_2_Update, English Description_1_Update]


2019-02-19 10:57:39 - [MESSAGE][ERROR] - if (search == "SearchYes") FAILED.
Reason:
org.codehaus.groovy.runtime.InvokerInvocationException: Assertion failed: 

assert Columns_row_text == expectedValues
       |                |  |
       |                |  [EB3, English Description_2, English Description_2]
       |                false
       [EB3, English Description_2_Update, English Description_1_Update]

	at pk_Functions.CS_WebtableVerification.invokeMethod(CS_WebtableVerification.groovy)
	at com.kms.katalon.core.main.CustomKeywordDelegatingMetaClass.invokeStaticMethod(CustomKeywordDelegatingMetaClass.java:49)
	at TC_Verify_Insert.run(TC_Verify_Insert:25)
	at com.kms.katalon.core.main.ScriptEngine.run(ScriptEngine.java:194)
	at com.kms.katalon.core.main.ScriptEngine.runScriptAsRawText(ScriptEngine.java:119)
	at com.kms.katalon.core.main.TestCaseExecutor.runScript(TestCaseExecutor.java:328)
	at com.kms.katalon.core.main.TestCaseExecutor.doExecute(TestCaseExecutor.java:319)
	at com.kms.katalon.core.main.TestCaseExecutor.processExecutionPhase(TestCaseExecutor.java:298)
	at com.kms.katalon.core.main.TestCaseExecutor.accessMainPhase(TestCaseExecutor.java:290)
	at com.kms.katalon.core.main.TestCaseExecutor.execute(TestCaseExecutor.java:224)
	at com.kms.katalon.core.main.TestSuiteExecutor.accessTestCaseMainPhase(TestSuiteExecutor.java:129)
	at com.kms.katalon.core.main.TestSuiteExecutor.accessTestSuiteMainPhase(TestSuiteExecutor.java:112)
	at com.kms.katalon.core.main.TestSuiteExecutor.execute(TestSuiteExecutor.java:81)
	at com.kms.katalon.core.main.TestCaseMain.startTestSuite(TestCaseMain.java:149)
	at com.kms.katalon.core.main.TestCaseMain$startTestSuite$0.call(Unknown Source)
	at TempTestSuite1550566553053.run(TempTestSuite1550566553053.groovy:36)
Caused by: Assertion failed: 

assert Columns_row_text == expectedValues
       |                |  |
       |                |  [EB3, English Description_2, English Description_2]
       |                false
       [EB3, English Description_2_Update, English Description_1_Update]

	at pk_Functions.CS_WebtableVerification.ValidateSearchParameters(CS_WebtableVerification.groovy:130)
	at pk_Functions.CS_WebtableVerification.invokeMethod(CS_WebtableVerification.groovy)
	at com.kms.katalon.core.main.CustomKeywordDelegatingMetaClass.invokeStaticMethod(CustomKeywordDelegatingMetaClass.java:49)
	at Script1549377986201.run(Script1549377986201.groovy:25)
	... 13 more]]></system-out>
         <system-err><![CDATA[2019-02-19 10:57:29 - [TEST_CASE][ERROR] - Test Cases/Event Group Management/TC_Verify_Insert: Test Cases/Event Group Management/TC_Verify_Insert FAILED.
Reason:
org.codehaus.groovy.runtime.InvokerInvocationException: Assertion failed: 

assert Columns_row_text == expectedValues
       |                |  |
       |                |  [EB3, English Description_2, English Description_2]
       |                false
       [EB3, English Description_2_Update, English Description_1_Update]

	at pk_Functions.CS_WebtableVerification.invokeMethod(CS_WebtableVerification.groovy)
	at com.kms.katalon.core.main.CustomKeywordDelegatingMetaClass.invokeStaticMethod(CustomKeywordDelegatingMetaClass.java:49)
	at TC_Verify_Insert.run(TC_Verify_Insert:25)
	at com.kms.katalon.core.main.ScriptEngine.run(ScriptEngine.java:194)
	at com.kms.katalon.core.main.ScriptEngine.runScriptAsRawText(ScriptEngine.java:119)
	at com.kms.katalon.core.main.TestCaseExecutor.runScript(TestCaseExecutor.java:328)
	at com.kms.katalon.core.main.TestCaseExecutor.doExecute(TestCaseExecutor.java:319)
	at com.kms.katalon.core.main.TestCaseExecutor.processExecutionPhase(TestCaseExecutor.java:298)
	at com.kms.katalon.core.main.TestCaseExecutor.accessMainPhase(TestCaseExecutor.java:290)
	at com.kms.katalon.core.main.TestCaseExecutor.execute(TestCaseExecutor.java:224)
	at com.kms.katalon.core.main.TestSuiteExecutor.accessTestCaseMainPhase(TestSuiteExecutor.java:129)
	at com.kms.katalon.core.main.TestSuiteExecutor.accessTestSuiteMainPhase(TestSuiteExecutor.java:112)
	at com.kms.katalon.core.main.TestSuiteExecutor.execute(TestSuiteExecutor.java:81)
	at com.kms.katalon.core.main.TestCaseMain.startTestSuite(TestCaseMain.java:149)
	at com.kms.katalon.core.main.TestCaseMain$startTestSuite$0.call(Unknown Source)
	at TempTestSuite1550566553053.run(TempTestSuite1550566553053.groovy:36)
Caused by: Assertion failed: 

assert Columns_row_text == expectedValues
       |                |  |
       |                |  [EB3, English Description_2, English Description_2]
       |                false
       [EB3, English Description_2_Update, English Description_1_Update]

	at pk_Functions.CS_WebtableVerification.ValidateSearchParameters(CS_WebtableVerification.groovy:130)
	at pk_Functions.CS_WebtableVerification.invokeMethod(CS_WebtableVerification.groovy)
	at com.kms.katalon.core.main.CustomKeywordDelegatingMetaClass.invokeStaticMethod(CustomKeywordDelegatingMetaClass.java:49)
	at Script1549377986201.run(Script1549377986201.groovy:25)
	... 13 more]]></system-err>
      </testcase>
      <testcase name="Test Cases/Event Group Management/TC_Verify_Insert" classname="Test Cases/Event Group Management/TC_Verify_Insert" status="PASSED">
         <system-out><![CDATA[2019-02-19 10:57:39 - [TEST_CASE][PASSED] - Test Cases/Event Group Management/TC_Verify_Insert: Test Cases/Event Group Management/TC_Verify_Insert

2019-02-19 10:57:39 - [TEST_STEP][PASSED] - if (search == "SearchYes"): null

2019-02-19 10:57:39 - [TEST_STEP][PASSED] - delay(1): Delayed 1 second(s)

2019-02-19 10:57:40 - [MESSAGE][PASSED] - Delayed 1 second(s)]]></system-out>
         <system-err><![CDATA[]]></system-err>
      </testcase>
      <testcase name="Test Cases/Event Group Management/TC_Verify_Insert" classname="Test Cases/Event Group Management/TC_Verify_Insert" status="PASSED">
         <system-out><![CDATA[2019-02-19 10:57:40 - [TEST_CASE][PASSED] - Test Cases/Event Group Management/TC_Verify_Insert: Test Cases/Event Group Management/TC_Verify_Insert

2019-02-19 10:57:40 - [TEST_STEP][PASSED] - if (search == "SearchYes"): null

2019-02-19 10:57:40 - [TEST_STEP][PASSED] - delay(1): Delayed 1 second(s)

2019-02-19 10:57:41 - [MESSAGE][PASSED] - Delayed 1 second(s)]]></system-out>
         <system-err><![CDATA[]]></system-err>
      </testcase>
      <testcase name="Test Cases/Event Group Management/TC_Verify_Insert" classname="Test Cases/Event Group Management/TC_Verify_Insert" status="PASSED">
         <system-out><![CDATA[2019-02-19 10:57:41 - [TEST_CASE][PASSED] - Test Cases/Event Group Management/TC_Verify_Insert: Test Cases/Event Group Management/TC_Verify_Insert

2019-02-19 10:57:41 - [TEST_STEP][PASSED] - if (search == "SearchYes"): null

2019-02-19 10:57:41 - [TEST_STEP][PASSED] - delay(1): Delayed 1 second(s)

2019-02-19 10:57:42 - [MESSAGE][PASSED] - Delayed 1 second(s)]]></system-out>
         <system-err><![CDATA[]]></system-err>
      </testcase>
      <testcase name="Test Cases/Event Group Management/TC_Click on Search Button" classname="Test Cases/Event Group Management/TC_Click on Search Button" status="PASSED">
         <system-out><![CDATA[2019-02-19 10:57:42 - [TEST_CASE][PASSED] - Test Cases/Event Group Management/TC_Click on Search Button: Test Cases/Event Group Management/TC_Click on Search Button

2019-02-19 10:57:42 - [TEST_STEP][PASSED] - click(findTestObject("Event Group Managemnt/BTN_Clear")): Object: 'Object Repository/Event Group Managemnt/BTN_Clear' is clicked on

2019-02-19 10:57:42 - [MESSAGE][PASSED] - Object: 'Object Repository/Event Group Managemnt/BTN_Clear' is clicked on

2019-02-19 10:57:42 - [TEST_STEP][PASSED] - delay(2): Delayed 2 second(s)

2019-02-19 10:57:44 - [MESSAGE][PASSED] - Delayed 2 second(s)

2019-02-19 10:57:44 - [TEST_STEP][PASSED] - click(findTestObject("Event Group Managemnt/BTN_Search")): Object: 'Object Repository/Event Group Managemnt/BTN_Search' is clicked on

2019-02-19 10:57:44 - [MESSAGE][PASSED] - Object: 'Object Repository/Event Group Managemnt/BTN_Search' is clicked on

2019-02-19 10:57:44 - [TEST_STEP][PASSED] - delay(1): Delayed 1 second(s)

2019-02-19 10:57:45 - [MESSAGE][PASSED] - Delayed 1 second(s)]]></system-out>
         <system-err><![CDATA[]]></system-err>
      </testcase>
      <testcase name="Test Cases/Event Group Management/TC_Delete_Records" classname="Test Cases/Event Group Management/TC_Delete_Records" status="PASSED">
         <system-out><![CDATA[2019-02-19 10:57:45 - [TEST_CASE][PASSED] - Test Cases/Event Group Management/TC_Delete_Records: Test Cases/Event Group Management/TC_Delete_Records

2019-02-19 10:57:46 - [TEST_STEP][PASSED] - if (ActionType): pk_Functions.CS_ClickingonActionButtonswithPagination.SelectRecordFromWebtableFun is PASSED

2019-02-19 10:57:46 - [TEST_STEP][PASSED] - pk_Functions.CS_ClickingonActionButtonswithPagination.SelectRecordFromWebtableFun(ActionType, 0, 3, "Event Group Management/MOF_NE_Event Group ManagementObjectRepository", "Sheet1", code): pk_Functions.CS_ClickingonActionButtonswithPagination.SelectRecordFromWebtableFun is PASSED

2019-02-19 10:57:46 - [MESSAGE][PASSED] - Object: '' is clicked on

2019-02-19 10:57:47 - [MESSAGE][PASSED] - Delayed 1 second(s)

2019-02-19 10:57:47 - [MESSAGE][PASSED] - Attribute 'tabindex' of object '' is: '0'

2019-02-19 10:57:48 - [MESSAGE][PASSED] - Delayed 1 second(s)

2019-02-19 10:57:49 - [MESSAGE][PASSED] - Delayed 1 second(s)

2019-02-19 10:57:49 - [MESSAGE][PASSED] - Attribute 'tabindex' of object '' is: '0'

2019-02-19 10:57:49 - [MESSAGE][PASSED] - Object: '' is clicked on

2019-02-19 10:57:50 - [MESSAGE][PASSED] - Delayed 1 second(s)

2019-02-19 10:57:51 - [MESSAGE][PASSED] - Delayed 1 second(s)

2019-02-19 10:57:53 - [MESSAGE][PASSED] - Delayed 1 second(s)

2019-02-19 10:57:53 - [MESSAGE][PASSED] - Object: '' is clicked on

2019-02-19 10:57:54 - [MESSAGE][PASSED] - Delayed 1 second(s)

2019-02-19 10:57:54 - [MESSAGE][PASSED] - Object: '' is clicked on

2019-02-19 10:57:55 - [MESSAGE][PASSED] - Delayed 1 second(s)

2019-02-19 10:57:55 - [MESSAGE][PASSED] - pk_Functions.CS_ClickingonActionButtonswithPagination.SelectRecordFromWebtableFun is PASSED

2019-02-19 10:57:55 - [TEST_STEP][PASSED] - delay(2): Delayed 2 second(s)

2019-02-19 10:57:57 - [MESSAGE][PASSED] - Delayed 2 second(s)]]></system-out>
         <system-err><![CDATA[]]></system-err>
      </testcase>
      <testcase name="Test Cases/Event Group Management/TC_Delete_Records" classname="Test Cases/Event Group Management/TC_Delete_Records" status="ERROR">
         <error type="ERROR" message="Test Cases/Event Group Management/TC_Delete_Records FAILED.
Reason:
org.openqa.selenium.StaleElementReferenceException: stale element reference: element is not attached to the page document
  (Session info: chrome=72.0.3626.109)
  (Driver info: chromedriver=2.43.600210 (68dcf5eebde37173d4027fa8635e332711d2874a),platform=Windows NT 10.0.17134 x86_64) (WARNING: The server did not provide any stacktrace information)
Command duration or timeout: 0 milliseconds
For documentation on this error, please visit: http://seleniumhq.org/exceptions/stale_element_reference.html
Build info: version: '3.7.1', revision: '8a0099a', time: '2017-11-06T21:07:36.161Z'
System info: host: 'LPALXY0477', ip: '192.168.3.64', os.name: 'Windows 10', os.arch: 'amd64', os.version: '10.0', java.version: '1.8.0_181'
Driver info: com.kms.katalon.selenium.driver.CChromeDriver
Capabilities {acceptInsecureCerts: false, acceptSslCerts: false, applicationCacheEnabled: false, browserConnectionEnabled: false, browserName: chrome, chrome: {chromedriverVersion: 2.43.600210 (68dcf5eebde371..., userDataDir: C:\Users\AEIBRA~1\AppData\L...}, cssSelectorsEnabled: true, databaseEnabled: false, goog:chromeOptions: {debuggerAddress: localhost:51639}, handlesAlerts: true, hasTouchScreen: false, javascriptEnabled: true, locationContextEnabled: true, mobileEmulationEnabled: false, nativeEvents: true, networkConnectionEnabled: false, pageLoadStrategy: normal, platform: XP, platformName: XP, rotatable: false, setWindowRect: true, takesHeapSnapshot: true, takesScreenshot: true, unexpectedAlertBehaviour: , unhandledPromptBehavior: , version: 72.0.3626.109, webStorageEnabled: true}
Session ID: 15f8b0947d244d24a9977c4fa93e01b5
*** Element info: {Using=tag name, value=td}
	at org.openqa.selenium.remote.ErrorHandler.createThrowable(ErrorHandler.java:214)
	at org.openqa.selenium.remote.ErrorHandler.throwIfResponseFailed(ErrorHandler.java:166)
	at org.openqa.selenium.remote.http.JsonHttpResponseCodec.reconstructValue(JsonHttpResponseCodec.java:40)
	at org.openqa.selenium.remote.http.AbstractHttpResponseCodec.decode(AbstractHttpResponseCodec.java:80)
	at org.openqa.selenium.remote.http.AbstractHttpResponseCodec.decode(AbstractHttpResponseCodec.java:44)
	at org.openqa.selenium.remote.HttpCommandExecutor.execute(HttpCommandExecutor.java:164)
	at org.openqa.selenium.remote.service.DriverCommandExecutor.execute(DriverCommandExecutor.java:83)
	at org.openqa.selenium.remote.RemoteWebDriver.execute(RemoteWebDriver.java:600)
	at com.kms.katalon.selenium.driver.CChromeDriver.execute(CChromeDriver.java:20)
	at org.openqa.selenium.remote.RemoteWebElement.execute(RemoteWebElement.java:279)
	at org.openqa.selenium.remote.RemoteWebElement.findElements(RemoteWebElement.java:195)
	at org.openqa.selenium.remote.RemoteWebElement.findElementsByTagName(RemoteWebElement.java:275)
	at org.openqa.selenium.By$ByTagName.findElements(By.java:327)
	at org.openqa.selenium.remote.RemoteWebElement.findElements(RemoteWebElement.java:171)
	at org.openqa.selenium.WebElement$findElements.call(Unknown Source)
	at pk_Functions.CS_ClickingonActionButtonswithPagination.SelectRecordFromWebtableFun(CS_ClickingonActionButtonswithPagination.groovy:145)
	at pk_Functions.CS_ClickingonActionButtonswithPagination.invokeMethod(CS_ClickingonActionButtonswithPagination.groovy)
	at com.kms.katalon.core.main.CustomKeywordDelegatingMetaClass.invokeStaticMethod(CustomKeywordDelegatingMetaClass.java:49)
	at TC_Delete_Records.run(TC_Delete_Records:17)
	at com.kms.katalon.core.main.ScriptEngine.run(ScriptEngine.java:194)
	at com.kms.katalon.core.main.ScriptEngine.runScriptAsRawText(ScriptEngine.java:119)
	at com.kms.katalon.core.main.TestCaseExecutor.runScript(TestCaseExecutor.java:328)
	at com.kms.katalon.core.main.TestCaseExecutor.doExecute(TestCaseExecutor.java:319)
	at com.kms.katalon.core.main.TestCaseExecutor.processExecutionPhase(TestCaseExecutor.java:298)
	at com.kms.katalon.core.main.TestCaseExecutor.accessMainPhase(TestCaseExecutor.java:290)
	at com.kms.katalon.core.main.TestCaseExecutor.execute(TestCaseExecutor.java:224)
	at com.kms.katalon.core.main.TestSuiteExecutor.accessTestCaseMainPhase(TestSuiteExecutor.java:129)
	at com.kms.katalon.core.main.TestSuiteExecutor.accessTestSuiteMainPhase(TestSuiteExecutor.java:112)
	at com.kms.katalon.core.main.TestSuiteExecutor.execute(TestSuiteExecutor.java:81)
	at com.kms.katalon.core.main.TestCaseMain.startTestSuite(TestCaseMain.java:149)
	at com.kms.katalon.core.main.TestCaseMain$startTestSuite$0.call(Unknown Source)
	at TempTestSuite1550566553053.run(TempTestSuite1550566553053.groovy:36)
"/>
         <system-out><![CDATA[2019-02-19 10:57:57 - [TEST_CASE][ERROR] - Test Cases/Event Group Management/TC_Delete_Records: Test Cases/Event Group Management/TC_Delete_Records FAILED.
Reason:
org.openqa.selenium.StaleElementReferenceException: stale element reference: element is not attached to the page document
  (Session info: chrome=72.0.3626.109)
  (Driver info: chromedriver=2.43.600210 (68dcf5eebde37173d4027fa8635e332711d2874a),platform=Windows NT 10.0.17134 x86_64) (WARNING: The server did not provide any stacktrace information)
Command duration or timeout: 0 milliseconds
For documentation on this error, please visit: http://seleniumhq.org/exceptions/stale_element_reference.html
Build info: version: '3.7.1', revision: '8a0099a', time: '2017-11-06T21:07:36.161Z'
System info: host: 'LPALXY0477', ip: '192.168.3.64', os.name: 'Windows 10', os.arch: 'amd64', os.version: '10.0', java.version: '1.8.0_181'
Driver info: com.kms.katalon.selenium.driver.CChromeDriver
Capabilities {acceptInsecureCerts: false, acceptSslCerts: false, applicationCacheEnabled: false, browserConnectionEnabled: false, browserName: chrome, chrome: {chromedriverVersion: 2.43.600210 (68dcf5eebde371..., userDataDir: C:\Users\AEIBRA~1\AppData\L...}, cssSelectorsEnabled: true, databaseEnabled: false, goog:chromeOptions: {debuggerAddress: localhost:51639}, handlesAlerts: true, hasTouchScreen: false, javascriptEnabled: true, locationContextEnabled: true, mobileEmulationEnabled: false, nativeEvents: true, networkConnectionEnabled: false, pageLoadStrategy: normal, platform: XP, platformName: XP, rotatable: false, setWindowRect: true, takesHeapSnapshot: true, takesScreenshot: true, unexpectedAlertBehaviour: , unhandledPromptBehavior: , version: 72.0.3626.109, webStorageEnabled: true}
Session ID: 15f8b0947d244d24a9977c4fa93e01b5
*** Element info: {Using=tag name, value=td}
	at org.openqa.selenium.remote.ErrorHandler.createThrowable(ErrorHandler.java:214)
	at org.openqa.selenium.remote.ErrorHandler.throwIfResponseFailed(ErrorHandler.java:166)
	at org.openqa.selenium.remote.http.JsonHttpResponseCodec.reconstructValue(JsonHttpResponseCodec.java:40)
	at org.openqa.selenium.remote.http.AbstractHttpResponseCodec.decode(AbstractHttpResponseCodec.java:80)
	at org.openqa.selenium.remote.http.AbstractHttpResponseCodec.decode(AbstractHttpResponseCodec.java:44)
	at org.openqa.selenium.remote.HttpCommandExecutor.execute(HttpCommandExecutor.java:164)
	at org.openqa.selenium.remote.service.DriverCommandExecutor.execute(DriverCommandExecutor.java:83)
	at org.openqa.selenium.remote.RemoteWebDriver.execute(RemoteWebDriver.java:600)
	at com.kms.katalon.selenium.driver.CChromeDriver.execute(CChromeDriver.java:20)
	at org.openqa.selenium.remote.RemoteWebElement.execute(RemoteWebElement.java:279)
	at org.openqa.selenium.remote.RemoteWebElement.findElements(RemoteWebElement.java:195)
	at org.openqa.selenium.remote.RemoteWebElement.findElementsByTagName(RemoteWebElement.java:275)
	at org.openqa.selenium.By$ByTagName.findElements(By.java:327)
	at org.openqa.selenium.remote.RemoteWebElement.findElements(RemoteWebElement.java:171)
	at org.openqa.selenium.WebElement$findElements.call(Unknown Source)
	at pk_Functions.CS_ClickingonActionButtonswithPagination.SelectRecordFromWebtableFun(CS_ClickingonActionButtonswithPagination.groovy:145)
	at pk_Functions.CS_ClickingonActionButtonswithPagination.invokeMethod(CS_ClickingonActionButtonswithPagination.groovy)
	at com.kms.katalon.core.main.CustomKeywordDelegatingMetaClass.invokeStaticMethod(CustomKeywordDelegatingMetaClass.java:49)
	at TC_Delete_Records.run(TC_Delete_Records:17)
	at com.kms.katalon.core.main.ScriptEngine.run(ScriptEngine.java:194)
	at com.kms.katalon.core.main.ScriptEngine.runScriptAsRawText(ScriptEngine.java:119)
	at com.kms.katalon.core.main.TestCaseExecutor.runScript(TestCaseExecutor.java:328)
	at com.kms.katalon.core.main.TestCaseExecutor.doExecute(TestCaseExecutor.java:319)
	at com.kms.katalon.core.main.TestCaseExecutor.processExecutionPhase(TestCaseExecutor.java:298)
	at com.kms.katalon.core.main.TestCaseExecutor.accessMainPhase(TestCaseExecutor.java:290)
	at com.kms.katalon.core.main.TestCaseExecutor.execute(TestCaseExecutor.java:224)
	at com.kms.katalon.core.main.TestSuiteExecutor.accessTestCaseMainPhase(TestSuiteExecutor.java:129)
	at com.kms.katalon.core.main.TestSuiteExecutor.accessTestSuiteMainPhase(TestSuiteExecutor.java:112)
	at com.kms.katalon.core.main.TestSuiteExecutor.execute(TestSuiteExecutor.java:81)
	at com.kms.katalon.core.main.TestCaseMain.startTestSuite(TestCaseMain.java:149)
	at com.kms.katalon.core.main.TestCaseMain$startTestSuite$0.call(Unknown Source)
	at TempTestSuite1550566553053.run(TempTestSuite1550566553053.groovy:36)


2019-02-19 10:57:57 - [TEST_STEP][ERROR] - if (ActionType): if (ActionType) FAILED.
Reason:
org.openqa.selenium.StaleElementReferenceException: stale element reference: element is not attached to the page document
  (Session info: chrome=72.0.3626.109)
  (Driver info: chromedriver=2.43.600210 (68dcf5eebde37173d4027fa8635e332711d2874a),platform=Windows NT 10.0.17134 x86_64) (WARNING: The server did not provide any stacktrace information)
Command duration or timeout: 0 milliseconds
For documentation on this error, please visit: http://seleniumhq.org/exceptions/stale_element_reference.html
Build info: version: '3.7.1', revision: '8a0099a', time: '2017-11-06T21:07:36.161Z'
System info: host: 'LPALXY0477', ip: '192.168.3.64', os.name: 'Windows 10', os.arch: 'amd64', os.version: '10.0', java.version: '1.8.0_181'
Driver info: com.kms.katalon.selenium.driver.CChromeDriver
Capabilities {acceptInsecureCerts: false, acceptSslCerts: false, applicationCacheEnabled: false, browserConnectionEnabled: false, browserName: chrome, chrome: {chromedriverVersion: 2.43.600210 (68dcf5eebde371..., userDataDir: C:\Users\AEIBRA~1\AppData\L...}, cssSelectorsEnabled: true, databaseEnabled: false, goog:chromeOptions: {debuggerAddress: localhost:51639}, handlesAlerts: true, hasTouchScreen: false, javascriptEnabled: true, locationContextEnabled: true, mobileEmulationEnabled: false, nativeEvents: true, networkConnectionEnabled: false, pageLoadStrategy: normal, platform: XP, platformName: XP, rotatable: false, setWindowRect: true, takesHeapSnapshot: true, takesScreenshot: true, unexpectedAlertBehaviour: , unhandledPromptBehavior: , version: 72.0.3626.109, webStorageEnabled: true}
Session ID: 15f8b0947d244d24a9977c4fa93e01b5
*** Element info: {Using=tag name, value=td}
	at org.openqa.selenium.remote.ErrorHandler.createThrowable(ErrorHandler.java:214)
	at org.openqa.selenium.remote.ErrorHandler.throwIfResponseFailed(ErrorHandler.java:166)
	at org.openqa.selenium.remote.http.JsonHttpResponseCodec.reconstructValue(JsonHttpResponseCodec.java:40)
	at org.openqa.selenium.remote.http.AbstractHttpResponseCodec.decode(AbstractHttpResponseCodec.java:80)
	at org.openqa.selenium.remote.http.AbstractHttpResponseCodec.decode(AbstractHttpResponseCodec.java:44)
	at org.openqa.selenium.remote.HttpCommandExecutor.execute(HttpCommandExecutor.java:164)
	at org.openqa.selenium.remote.service.DriverCommandExecutor.execute(DriverCommandExecutor.java:83)
	at org.openqa.selenium.remote.RemoteWebDriver.execute(RemoteWebDriver.java:600)
	at com.kms.katalon.selenium.driver.CChromeDriver.execute(CChromeDriver.java:20)
	at org.openqa.selenium.remote.RemoteWebElement.execute(RemoteWebElement.java:279)
	at org.openqa.selenium.remote.RemoteWebElement.findElements(RemoteWebElement.java:195)
	at org.openqa.selenium.remote.RemoteWebElement.findElementsByTagName(RemoteWebElement.java:275)
	at org.openqa.selenium.By$ByTagName.findElements(By.java:327)
	at org.openqa.selenium.remote.RemoteWebElement.findElements(RemoteWebElement.java:171)
	at org.openqa.selenium.WebElement$findElements.call(Unknown Source)
	at pk_Functions.CS_ClickingonActionButtonswithPagination.SelectRecordFromWebtableFun(CS_ClickingonActionButtonswithPagination.groovy:145)
	at pk_Functions.CS_ClickingonActionButtonswithPagination.invokeMethod(CS_ClickingonActionButtonswithPagination.groovy)
	at com.kms.katalon.core.main.CustomKeywordDelegatingMetaClass.invokeStaticMethod(CustomKeywordDelegatingMetaClass.java:49)
	at TC_Delete_Records.run(TC_Delete_Records:17)
	at com.kms.katalon.core.main.ScriptEngine.run(ScriptEngine.java:194)
	at com.kms.katalon.core.main.ScriptEngine.runScriptAsRawText(ScriptEngine.java:119)
	at com.kms.katalon.core.main.TestCaseExecutor.runScript(TestCaseExecutor.java:328)
	at com.kms.katalon.core.main.TestCaseExecutor.doExecute(TestCaseExecutor.java:319)
	at com.kms.katalon.core.main.TestCaseExecutor.processExecutionPhase(TestCaseExecutor.java:298)
	at com.kms.katalon.core.main.TestCaseExecutor.accessMainPhase(TestCaseExecutor.java:290)
	at com.kms.katalon.core.main.TestCaseExecutor.execute(TestCaseExecutor.java:224)
	at com.kms.katalon.core.main.TestSuiteExecutor.accessTestCaseMainPhase(TestSuiteExecutor.java:129)
	at com.kms.katalon.core.main.TestSuiteExecutor.accessTestSuiteMainPhase(TestSuiteExecutor.java:112)
	at com.kms.katalon.core.main.TestSuiteExecutor.execute(TestSuiteExecutor.java:81)
	at com.kms.katalon.core.main.TestCaseMain.startTestSuite(TestCaseMain.java:149)
	at com.kms.katalon.core.main.TestCaseMain$startTestSuite$0.call(Unknown Source)
	at TempTestSuite1550566553053.run(TempTestSuite1550566553053.groovy:36)


2019-02-19 10:57:57 - [TEST_STEP][ERROR] - pk_Functions.CS_ClickingonActionButtonswithPagination.SelectRecordFromWebtableFun(ActionType, 0, 3, "Event Group Management/MOF_NE_Event Group ManagementObjectRepository", "Sheet1", code): if (ActionType) FAILED.
Reason:
org.openqa.selenium.StaleElementReferenceException: stale element reference: element is not attached to the page document
  (Session info: chrome=72.0.3626.109)
  (Driver info: chromedriver=2.43.600210 (68dcf5eebde37173d4027fa8635e332711d2874a),platform=Windows NT 10.0.17134 x86_64) (WARNING: The server did not provide any stacktrace information)
Command duration or timeout: 0 milliseconds
For documentation on this error, please visit: http://seleniumhq.org/exceptions/stale_element_reference.html
Build info: version: '3.7.1', revision: '8a0099a', time: '2017-11-06T21:07:36.161Z'
System info: host: 'LPALXY0477', ip: '192.168.3.64', os.name: 'Windows 10', os.arch: 'amd64', os.version: '10.0', java.version: '1.8.0_181'
Driver info: com.kms.katalon.selenium.driver.CChromeDriver
Capabilities {acceptInsecureCerts: false, acceptSslCerts: false, applicationCacheEnabled: false, browserConnectionEnabled: false, browserName: chrome, chrome: {chromedriverVersion: 2.43.600210 (68dcf5eebde371..., userDataDir: C:\Users\AEIBRA~1\AppData\L...}, cssSelectorsEnabled: true, databaseEnabled: false, goog:chromeOptions: {debuggerAddress: localhost:51639}, handlesAlerts: true, hasTouchScreen: false, javascriptEnabled: true, locationContextEnabled: true, mobileEmulationEnabled: false, nativeEvents: true, networkConnectionEnabled: false, pageLoadStrategy: normal, platform: XP, platformName: XP, rotatable: false, setWindowRect: true, takesHeapSnapshot: true, takesScreenshot: true, unexpectedAlertBehaviour: , unhandledPromptBehavior: , version: 72.0.3626.109, webStorageEnabled: true}
Session ID: 15f8b0947d244d24a9977c4fa93e01b5
*** Element info: {Using=tag name, value=td}
	at org.openqa.selenium.remote.ErrorHandler.createThrowable(ErrorHandler.java:214)
	at org.openqa.selenium.remote.ErrorHandler.throwIfResponseFailed(ErrorHandler.java:166)
	at org.openqa.selenium.remote.http.JsonHttpResponseCodec.reconstructValue(JsonHttpResponseCodec.java:40)
	at org.openqa.selenium.remote.http.AbstractHttpResponseCodec.decode(AbstractHttpResponseCodec.java:80)
	at org.openqa.selenium.remote.http.AbstractHttpResponseCodec.decode(AbstractHttpResponseCodec.java:44)
	at org.openqa.selenium.remote.HttpCommandExecutor.execute(HttpCommandExecutor.java:164)
	at org.openqa.selenium.remote.service.DriverCommandExecutor.execute(DriverCommandExecutor.java:83)
	at org.openqa.selenium.remote.RemoteWebDriver.execute(RemoteWebDriver.java:600)
	at com.kms.katalon.selenium.driver.CChromeDriver.execute(CChromeDriver.java:20)
	at org.openqa.selenium.remote.RemoteWebElement.execute(RemoteWebElement.java:279)
	at org.openqa.selenium.remote.RemoteWebElement.findElements(RemoteWebElement.java:195)
	at org.openqa.selenium.remote.RemoteWebElement.findElementsByTagName(RemoteWebElement.java:275)
	at org.openqa.selenium.By$ByTagName.findElements(By.java:327)
	at org.openqa.selenium.remote.RemoteWebElement.findElements(RemoteWebElement.java:171)
	at org.openqa.selenium.WebElement$findElements.call(Unknown Source)
	at pk_Functions.CS_ClickingonActionButtonswithPagination.SelectRecordFromWebtableFun(CS_ClickingonActionButtonswithPagination.groovy:145)
	at pk_Functions.CS_ClickingonActionButtonswithPagination.invokeMethod(CS_ClickingonActionButtonswithPagination.groovy)
	at com.kms.katalon.core.main.CustomKeywordDelegatingMetaClass.invokeStaticMethod(CustomKeywordDelegatingMetaClass.java:49)
	at TC_Delete_Records.run(TC_Delete_Records:17)
	at com.kms.katalon.core.main.ScriptEngine.run(ScriptEngine.java:194)
	at com.kms.katalon.core.main.ScriptEngine.runScriptAsRawText(ScriptEngine.java:119)
	at com.kms.katalon.core.main.TestCaseExecutor.runScript(TestCaseExecutor.java:328)
	at com.kms.katalon.core.main.TestCaseExecutor.doExecute(TestCaseExecutor.java:319)
	at com.kms.katalon.core.main.TestCaseExecutor.processExecutionPhase(TestCaseExecutor.java:298)
	at com.kms.katalon.core.main.TestCaseExecutor.accessMainPhase(TestCaseExecutor.java:290)
	at com.kms.katalon.core.main.TestCaseExecutor.execute(TestCaseExecutor.java:224)
	at com.kms.katalon.core.main.TestSuiteExecutor.accessTestCaseMainPhase(TestSuiteExecutor.java:129)
	at com.kms.katalon.core.main.TestSuiteExecutor.accessTestSuiteMainPhase(TestSuiteExecutor.java:112)
	at com.kms.katalon.core.main.TestSuiteExecutor.execute(TestSuiteExecutor.java:81)
	at com.kms.katalon.core.main.TestCaseMain.startTestSuite(TestCaseMain.java:149)
	at com.kms.katalon.core.main.TestCaseMain$startTestSuite$0.call(Unknown Source)
	at TempTestSuite1550566553053.run(TempTestSuite1550566553053.groovy:36)


2019-02-19 10:57:57 - [MESSAGE][PASSED] - Object: '' is clicked on

2019-02-19 10:57:58 - [MESSAGE][PASSED] - Delayed 1 second(s)

2019-02-19 10:57:58 - [MESSAGE][PASSED] - Attribute 'tabindex' of object '' is: '0'

2019-02-19 10:57:59 - [MESSAGE][PASSED] - Delayed 1 second(s)

2019-02-19 10:58:00 - [MESSAGE][PASSED] - Delayed 1 second(s)

2019-02-19 10:58:00 - [MESSAGE][PASSED] - Attribute 'tabindex' of object '' is: '0'

2019-02-19 10:58:01 - [MESSAGE][PASSED] - Object: '' is clicked on

2019-02-19 10:58:02 - [MESSAGE][PASSED] - Delayed 1 second(s)

2019-02-19 10:58:03 - [MESSAGE][PASSED] - Delayed 1 second(s)

2019-02-19 10:58:03 - [MESSAGE][ERROR] - stale element reference: element is not attached to the page document
  (Session info: chrome=72.0.3626.109)
  (Driver info: chromedriver=2.43.600210 (68dcf5eebde37173d4027fa8635e332711d2874a),platform=Windows NT 10.0.17134 x86_64) (WARNING: The server did not provide any stacktrace information)
Command duration or timeout: 0 milliseconds
For documentation on this error, please visit: http://seleniumhq.org/exceptions/stale_element_reference.html
Build info: version: '3.7.1', revision: '8a0099a', time: '2017-11-06T21:07:36.161Z'
System info: host: 'LPALXY0477', ip: '192.168.3.64', os.name: 'Windows 10', os.arch: 'amd64', os.version: '10.0', java.version: '1.8.0_181'
Driver info: com.kms.katalon.selenium.driver.CChromeDriver
Capabilities {acceptInsecureCerts: false, acceptSslCerts: false, applicationCacheEnabled: false, browserConnectionEnabled: false, browserName: chrome, chrome: {chromedriverVersion: 2.43.600210 (68dcf5eebde371..., userDataDir: C:\Users\AEIBRA~1\AppData\L...}, cssSelectorsEnabled: true, databaseEnabled: false, goog:chromeOptions: {debuggerAddress: localhost:51639}, handlesAlerts: true, hasTouchScreen: false, javascriptEnabled: true, locationContextEnabled: true, mobileEmulationEnabled: false, nativeEvents: true, networkConnectionEnabled: false, pageLoadStrategy: normal, platform: XP, platformName: XP, rotatable: false, setWindowRect: true, takesHeapSnapshot: true, takesScreenshot: true, unexpectedAlertBehaviour: , unhandledPromptBehavior: , version: 72.0.3626.109, webStorageEnabled: true}
Session ID: 15f8b0947d244d24a9977c4fa93e01b5
*** Element info: {Using=tag name, value=td}

2019-02-19 10:58:03 - [MESSAGE][ERROR] - if (ActionType) FAILED.
Reason:
org.openqa.selenium.StaleElementReferenceException: stale element reference: element is not attached to the page document
  (Session info: chrome=72.0.3626.109)
  (Driver info: chromedriver=2.43.600210 (68dcf5eebde37173d4027fa8635e332711d2874a),platform=Windows NT 10.0.17134 x86_64) (WARNING: The server did not provide any stacktrace information)
Command duration or timeout: 0 milliseconds
For documentation on this error, please visit: http://seleniumhq.org/exceptions/stale_element_reference.html
Build info: version: '3.7.1', revision: '8a0099a', time: '2017-11-06T21:07:36.161Z'
System info: host: 'LPALXY0477', ip: '192.168.3.64', os.name: 'Windows 10', os.arch: 'amd64', os.version: '10.0', java.version: '1.8.0_181'
Driver info: com.kms.katalon.selenium.driver.CChromeDriver
Capabilities {acceptInsecureCerts: false, acceptSslCerts: false, applicationCacheEnabled: false, browserConnectionEnabled: false, browserName: chrome, chrome: {chromedriverVersion: 2.43.600210 (68dcf5eebde371..., userDataDir: C:\Users\AEIBRA~1\AppData\L...}, cssSelectorsEnabled: true, databaseEnabled: false, goog:chromeOptions: {debuggerAddress: localhost:51639}, handlesAlerts: true, hasTouchScreen: false, javascriptEnabled: true, locationContextEnabled: true, mobileEmulationEnabled: false, nativeEvents: true, networkConnectionEnabled: false, pageLoadStrategy: normal, platform: XP, platformName: XP, rotatable: false, setWindowRect: true, takesHeapSnapshot: true, takesScreenshot: true, unexpectedAlertBehaviour: , unhandledPromptBehavior: , version: 72.0.3626.109, webStorageEnabled: true}
Session ID: 15f8b0947d244d24a9977c4fa93e01b5
*** Element info: {Using=tag name, value=td}
	at org.openqa.selenium.remote.ErrorHandler.createThrowable(ErrorHandler.java:214)
	at org.openqa.selenium.remote.ErrorHandler.throwIfResponseFailed(ErrorHandler.java:166)
	at org.openqa.selenium.remote.http.JsonHttpResponseCodec.reconstructValue(JsonHttpResponseCodec.java:40)
	at org.openqa.selenium.remote.http.AbstractHttpResponseCodec.decode(AbstractHttpResponseCodec.java:80)
	at org.openqa.selenium.remote.http.AbstractHttpResponseCodec.decode(AbstractHttpResponseCodec.java:44)
	at org.openqa.selenium.remote.HttpCommandExecutor.execute(HttpCommandExecutor.java:164)
	at org.openqa.selenium.remote.service.DriverCommandExecutor.execute(DriverCommandExecutor.java:83)
	at org.openqa.selenium.remote.RemoteWebDriver.execute(RemoteWebDriver.java:600)
	at com.kms.katalon.selenium.driver.CChromeDriver.execute(CChromeDriver.java:20)
	at org.openqa.selenium.remote.RemoteWebElement.execute(RemoteWebElement.java:279)
	at org.openqa.selenium.remote.RemoteWebElement.findElements(RemoteWebElement.java:195)
	at org.openqa.selenium.remote.RemoteWebElement.findElementsByTagName(RemoteWebElement.java:275)
	at org.openqa.selenium.By$ByTagName.findElements(By.java:327)
	at org.openqa.selenium.remote.RemoteWebElement.findElements(RemoteWebElement.java:171)
	at org.openqa.selenium.WebElement$findElements.call(Unknown Source)
	at pk_Functions.CS_ClickingonActionButtonswithPagination.SelectRecordFromWebtableFun(CS_ClickingonActionButtonswithPagination.groovy:145)
	at pk_Functions.CS_ClickingonActionButtonswithPagination.invokeMethod(CS_ClickingonActionButtonswithPagination.groovy)
	at com.kms.katalon.core.main.CustomKeywordDelegatingMetaClass.invokeStaticMethod(CustomKeywordDelegatingMetaClass.java:49)
	at TC_Delete_Records.run(TC_Delete_Records:17)
	at com.kms.katalon.core.main.ScriptEngine.run(ScriptEngine.java:194)
	at com.kms.katalon.core.main.ScriptEngine.runScriptAsRawText(ScriptEngine.java:119)
	at com.kms.katalon.core.main.TestCaseExecutor.runScript(TestCaseExecutor.java:328)
	at com.kms.katalon.core.main.TestCaseExecutor.doExecute(TestCaseExecutor.java:319)
	at com.kms.katalon.core.main.TestCaseExecutor.processExecutionPhase(TestCaseExecutor.java:298)
	at com.kms.katalon.core.main.TestCaseExecutor.accessMainPhase(TestCaseExecutor.java:290)
	at com.kms.katalon.core.main.TestCaseExecutor.execute(TestCaseExecutor.java:224)
	at com.kms.katalon.core.main.TestSuiteExecutor.accessTestCaseMainPhase(TestSuiteExecutor.java:129)
	at com.kms.katalon.core.main.TestSuiteExecutor.accessTestSuiteMainPhase(TestSuiteExecutor.java:112)
	at com.kms.katalon.core.main.TestSuiteExecutor.execute(TestSuiteExecutor.java:81)
	at com.kms.katalon.core.main.TestCaseMain.startTestSuite(TestCaseMain.java:149)
	at com.kms.katalon.core.main.TestCaseMain$startTestSuite$0.call(Unknown Source)
	at TempTestSuite1550566553053.run(TempTestSuite1550566553053.groovy:36)]]></system-out>
         <system-err><![CDATA[2019-02-19 10:57:57 - [TEST_CASE][ERROR] - Test Cases/Event Group Management/TC_Delete_Records: Test Cases/Event Group Management/TC_Delete_Records FAILED.
Reason:
org.openqa.selenium.StaleElementReferenceException: stale element reference: element is not attached to the page document
  (Session info: chrome=72.0.3626.109)
  (Driver info: chromedriver=2.43.600210 (68dcf5eebde37173d4027fa8635e332711d2874a),platform=Windows NT 10.0.17134 x86_64) (WARNING: The server did not provide any stacktrace information)
Command duration or timeout: 0 milliseconds
For documentation on this error, please visit: http://seleniumhq.org/exceptions/stale_element_reference.html
Build info: version: '3.7.1', revision: '8a0099a', time: '2017-11-06T21:07:36.161Z'
System info: host: 'LPALXY0477', ip: '192.168.3.64', os.name: 'Windows 10', os.arch: 'amd64', os.version: '10.0', java.version: '1.8.0_181'
Driver info: com.kms.katalon.selenium.driver.CChromeDriver
Capabilities {acceptInsecureCerts: false, acceptSslCerts: false, applicationCacheEnabled: false, browserConnectionEnabled: false, browserName: chrome, chrome: {chromedriverVersion: 2.43.600210 (68dcf5eebde371..., userDataDir: C:\Users\AEIBRA~1\AppData\L...}, cssSelectorsEnabled: true, databaseEnabled: false, goog:chromeOptions: {debuggerAddress: localhost:51639}, handlesAlerts: true, hasTouchScreen: false, javascriptEnabled: true, locationContextEnabled: true, mobileEmulationEnabled: false, nativeEvents: true, networkConnectionEnabled: false, pageLoadStrategy: normal, platform: XP, platformName: XP, rotatable: false, setWindowRect: true, takesHeapSnapshot: true, takesScreenshot: true, unexpectedAlertBehaviour: , unhandledPromptBehavior: , version: 72.0.3626.109, webStorageEnabled: true}
Session ID: 15f8b0947d244d24a9977c4fa93e01b5
*** Element info: {Using=tag name, value=td}
	at org.openqa.selenium.remote.ErrorHandler.createThrowable(ErrorHandler.java:214)
	at org.openqa.selenium.remote.ErrorHandler.throwIfResponseFailed(ErrorHandler.java:166)
	at org.openqa.selenium.remote.http.JsonHttpResponseCodec.reconstructValue(JsonHttpResponseCodec.java:40)
	at org.openqa.selenium.remote.http.AbstractHttpResponseCodec.decode(AbstractHttpResponseCodec.java:80)
	at org.openqa.selenium.remote.http.AbstractHttpResponseCodec.decode(AbstractHttpResponseCodec.java:44)
	at org.openqa.selenium.remote.HttpCommandExecutor.execute(HttpCommandExecutor.java:164)
	at org.openqa.selenium.remote.service.DriverCommandExecutor.execute(DriverCommandExecutor.java:83)
	at org.openqa.selenium.remote.RemoteWebDriver.execute(RemoteWebDriver.java:600)
	at com.kms.katalon.selenium.driver.CChromeDriver.execute(CChromeDriver.java:20)
	at org.openqa.selenium.remote.RemoteWebElement.execute(RemoteWebElement.java:279)
	at org.openqa.selenium.remote.RemoteWebElement.findElements(RemoteWebElement.java:195)
	at org.openqa.selenium.remote.RemoteWebElement.findElementsByTagName(RemoteWebElement.java:275)
	at org.openqa.selenium.By$ByTagName.findElements(By.java:327)
	at org.openqa.selenium.remote.RemoteWebElement.findElements(RemoteWebElement.java:171)
	at org.openqa.selenium.WebElement$findElements.call(Unknown Source)
	at pk_Functions.CS_ClickingonActionButtonswithPagination.SelectRecordFromWebtableFun(CS_ClickingonActionButtonswithPagination.groovy:145)
	at pk_Functions.CS_ClickingonActionButtonswithPagination.invokeMethod(CS_ClickingonActionButtonswithPagination.groovy)
	at com.kms.katalon.core.main.CustomKeywordDelegatingMetaClass.invokeStaticMethod(CustomKeywordDelegatingMetaClass.java:49)
	at TC_Delete_Records.run(TC_Delete_Records:17)
	at com.kms.katalon.core.main.ScriptEngine.run(ScriptEngine.java:194)
	at com.kms.katalon.core.main.ScriptEngine.runScriptAsRawText(ScriptEngine.java:119)
	at com.kms.katalon.core.main.TestCaseExecutor.runScript(TestCaseExecutor.java:328)
	at com.kms.katalon.core.main.TestCaseExecutor.doExecute(TestCaseExecutor.java:319)
	at com.kms.katalon.core.main.TestCaseExecutor.processExecutionPhase(TestCaseExecutor.java:298)
	at com.kms.katalon.core.main.TestCaseExecutor.accessMainPhase(TestCaseExecutor.java:290)
	at com.kms.katalon.core.main.TestCaseExecutor.execute(TestCaseExecutor.java:224)
	at com.kms.katalon.core.main.TestSuiteExecutor.accessTestCaseMainPhase(TestSuiteExecutor.java:129)
	at com.kms.katalon.core.main.TestSuiteExecutor.accessTestSuiteMainPhase(TestSuiteExecutor.java:112)
	at com.kms.katalon.core.main.TestSuiteExecutor.execute(TestSuiteExecutor.java:81)
	at com.kms.katalon.core.main.TestCaseMain.startTestSuite(TestCaseMain.java:149)
	at com.kms.katalon.core.main.TestCaseMain$startTestSuite$0.call(Unknown Source)
	at TempTestSuite1550566553053.run(TempTestSuite1550566553053.groovy:36)]]></system-err>
      </testcase>
      <testcase name="Test Cases/Event Group Management/TC_Delete_Records" classname="Test Cases/Event Group Management/TC_Delete_Records" status="PASSED">
         <system-out><![CDATA[2019-02-19 10:58:03 - [TEST_CASE][PASSED] - Test Cases/Event Group Management/TC_Delete_Records: Test Cases/Event Group Management/TC_Delete_Records

2019-02-19 10:58:03 - [TEST_STEP][PASSED] - if (ActionType): pk_Functions.CS_ClickingonActionButtonswithPagination.SelectRecordFromWebtableFun is PASSED

2019-02-19 10:58:03 - [TEST_STEP][PASSED] - pk_Functions.CS_ClickingonActionButtonswithPagination.SelectRecordFromWebtableFun(ActionType, 0, 3, "Event Group Management/MOF_NE_Event Group ManagementObjectRepository", "Sheet1", code): pk_Functions.CS_ClickingonActionButtonswithPagination.SelectRecordFromWebtableFun is PASSED

2019-02-19 10:58:03 - [MESSAGE][PASSED] - Object: '' is clicked on

2019-02-19 10:58:04 - [MESSAGE][PASSED] - Delayed 1 second(s)

2019-02-19 10:58:04 - [MESSAGE][PASSED] - Attribute 'tabindex' of object '' is: '0'

2019-02-19 10:58:05 - [MESSAGE][PASSED] - Delayed 1 second(s)

2019-02-19 10:58:06 - [MESSAGE][PASSED] - Delayed 1 second(s)

2019-02-19 10:58:06 - [MESSAGE][PASSED] - Attribute 'tabindex' of object '' is: '0'

2019-02-19 10:58:06 - [MESSAGE][PASSED] - Object: '' is clicked on

2019-02-19 10:58:07 - [MESSAGE][PASSED] - Delayed 1 second(s)

2019-02-19 10:58:08 - [MESSAGE][PASSED] - Delayed 1 second(s)

2019-02-19 10:58:10 - [MESSAGE][PASSED] - Delayed 1 second(s)

2019-02-19 10:58:10 - [MESSAGE][PASSED] - Object: '' is clicked on

2019-02-19 10:58:11 - [MESSAGE][PASSED] - Delayed 1 second(s)

2019-02-19 10:58:11 - [MESSAGE][PASSED] - Object: '' is clicked on

2019-02-19 10:58:12 - [MESSAGE][PASSED] - Delayed 1 second(s)

2019-02-19 10:58:12 - [MESSAGE][PASSED] - pk_Functions.CS_ClickingonActionButtonswithPagination.SelectRecordFromWebtableFun is PASSED

2019-02-19 10:58:12 - [TEST_STEP][PASSED] - delay(2): Delayed 2 second(s)

2019-02-19 10:58:14 - [MESSAGE][PASSED] - Delayed 2 second(s)]]></system-out>
         <system-err><![CDATA[]]></system-err>
      </testcase>
      <testcase name="Test Cases/Event Group Management/TC_Delete_Records" classname="Test Cases/Event Group Management/TC_Delete_Records" status="PASSED">
         <system-out><![CDATA[2019-02-19 10:58:14 - [TEST_CASE][PASSED] - Test Cases/Event Group Management/TC_Delete_Records: Test Cases/Event Group Management/TC_Delete_Records

2019-02-19 10:58:14 - [TEST_STEP][PASSED] - if (ActionType): pk_Functions.CS_ClickingonActionButtonswithPagination.SelectRecordFromWebtableFun is PASSED

2019-02-19 10:58:14 - [TEST_STEP][PASSED] - pk_Functions.CS_ClickingonActionButtonswithPagination.SelectRecordFromWebtableFun(ActionType, 0, 3, "Event Group Management/MOF_NE_Event Group ManagementObjectRepository", "Sheet1", code): pk_Functions.CS_ClickingonActionButtonswithPagination.SelectRecordFromWebtableFun is PASSED

2019-02-19 10:58:14 - [MESSAGE][PASSED] - Object: '' is clicked on

2019-02-19 10:58:15 - [MESSAGE][PASSED] - Delayed 1 second(s)

2019-02-19 10:58:15 - [MESSAGE][PASSED] - Attribute 'tabindex' of object '' is: '0'

2019-02-19 10:58:16 - [MESSAGE][PASSED] - Delayed 1 second(s)

2019-02-19 10:58:17 - [MESSAGE][PASSED] - Delayed 1 second(s)

2019-02-19 10:58:17 - [MESSAGE][PASSED] - Attribute 'tabindex' of object '' is: '0'

2019-02-19 10:58:17 - [MESSAGE][PASSED] - Object: '' is clicked on

2019-02-19 10:58:18 - [MESSAGE][PASSED] - Delayed 1 second(s)

2019-02-19 10:58:19 - [MESSAGE][PASSED] - Delayed 1 second(s)

2019-02-19 10:58:21 - [MESSAGE][PASSED] - Delayed 1 second(s)

2019-02-19 10:58:21 - [MESSAGE][PASSED] - Object: '' is clicked on

2019-02-19 10:58:22 - [MESSAGE][PASSED] - Delayed 1 second(s)

2019-02-19 10:58:22 - [MESSAGE][PASSED] - Object: '' is clicked on

2019-02-19 10:58:23 - [MESSAGE][PASSED] - Delayed 1 second(s)

2019-02-19 10:58:23 - [MESSAGE][PASSED] - pk_Functions.CS_ClickingonActionButtonswithPagination.SelectRecordFromWebtableFun is PASSED

2019-02-19 10:58:23 - [TEST_STEP][PASSED] - delay(2): Delayed 2 second(s)

2019-02-19 10:58:25 - [MESSAGE][PASSED] - Delayed 2 second(s)]]></system-out>
         <system-err><![CDATA[]]></system-err>
      </testcase>
      <testcase name="Test Cases/Event Group Management/TC_Delete_Records" classname="Test Cases/Event Group Management/TC_Delete_Records" status="PASSED">
         <system-out><![CDATA[2019-02-19 10:58:25 - [TEST_CASE][PASSED] - Test Cases/Event Group Management/TC_Delete_Records: Test Cases/Event Group Management/TC_Delete_Records

2019-02-19 10:58:25 - [TEST_STEP][PASSED] - if (ActionType): pk_Functions.CS_ClickingonActionButtonswithPagination.SelectRecordFromWebtableFun is PASSED

2019-02-19 10:58:25 - [TEST_STEP][PASSED] - pk_Functions.CS_ClickingonActionButtonswithPagination.SelectRecordFromWebtableFun(ActionType, 0, 3, "Event Group Management/MOF_NE_Event Group ManagementObjectRepository", "Sheet1", code): pk_Functions.CS_ClickingonActionButtonswithPagination.SelectRecordFromWebtableFun is PASSED

2019-02-19 10:58:25 - [MESSAGE][PASSED] - Object: '' is clicked on

2019-02-19 10:58:26 - [MESSAGE][PASSED] - Delayed 1 second(s)

2019-02-19 10:58:26 - [MESSAGE][PASSED] - Attribute 'tabindex' of object '' is: '0'

2019-02-19 10:58:27 - [MESSAGE][PASSED] - Delayed 1 second(s)

2019-02-19 10:58:28 - [MESSAGE][PASSED] - Delayed 1 second(s)

2019-02-19 10:58:29 - [MESSAGE][PASSED] - Attribute 'tabindex' of object '' is: '0'

2019-02-19 10:58:29 - [MESSAGE][PASSED] - Object: '' is clicked on

2019-02-19 10:58:30 - [MESSAGE][PASSED] - Delayed 1 second(s)

2019-02-19 10:58:31 - [MESSAGE][PASSED] - Delayed 1 second(s)

2019-02-19 10:58:31 - [MESSAGE][PASSED] - Attribute 'tabindex' of object '' is: '0'

2019-02-19 10:58:31 - [MESSAGE][PASSED] - Object: '' is clicked on

2019-02-19 10:58:32 - [MESSAGE][PASSED] - Delayed 1 second(s)

2019-02-19 10:58:33 - [MESSAGE][PASSED] - Delayed 1 second(s)

2019-02-19 10:58:33 - [MESSAGE][PASSED] - Attribute 'tabindex' of object '' is: '0'

2019-02-19 10:58:34 - [MESSAGE][PASSED] - Object: '' is clicked on

2019-02-19 10:58:35 - [MESSAGE][PASSED] - Delayed 1 second(s)

2019-02-19 10:58:36 - [MESSAGE][PASSED] - Delayed 1 second(s)

2019-02-19 10:58:37 - [MESSAGE][PASSED] - Delayed 1 second(s)

2019-02-19 10:58:37 - [MESSAGE][PASSED] - Object: '' is clicked on

2019-02-19 10:58:38 - [MESSAGE][PASSED] - Delayed 1 second(s)

2019-02-19 10:58:38 - [MESSAGE][PASSED] - Object: '' is clicked on

2019-02-19 10:58:39 - [MESSAGE][PASSED] - Delayed 1 second(s)

2019-02-19 10:58:39 - [MESSAGE][PASSED] - pk_Functions.CS_ClickingonActionButtonswithPagination.SelectRecordFromWebtableFun is PASSED

2019-02-19 10:58:39 - [TEST_STEP][PASSED] - delay(2): Delayed 2 second(s)

2019-02-19 10:58:41 - [MESSAGE][PASSED] - Delayed 2 second(s)]]></system-out>
         <system-err><![CDATA[]]></system-err>
      </testcase>
      <testcase name="Test Cases/Event Group Management/TC_Verify_Delete and Undelete" classname="Test Cases/Event Group Management/TC_Verify_Delete and Undelete" status="PASSED">
         <system-out><![CDATA[2019-02-19 10:58:41 - [TEST_CASE][PASSED] - Test Cases/Event Group Management/TC_Verify_Delete and Undelete: Test Cases/Event Group Management/TC_Verify_Delete and Undelete

2019-02-19 10:58:41 - [TEST_STEP][PASSED] - pk_Functions.CS_WebtableVerification.ValidateSearchParameters(Delete, "Event Group Management/MOF_NE_Event Group ManagementObjectRepository", "Sheet1", [code], 0): pk_Functions.CS_WebtableVerification.ValidateSearchParameters is PASSED

2019-02-19 10:58:44 - [MESSAGE][PASSED] - Delayed 3 second(s)

2019-02-19 10:58:46 - [MESSAGE][PASSED] - Delayed 2 second(s)

2019-02-19 10:58:47 - [MESSAGE][PASSED] - Object: '' is clicked on

2019-02-19 10:58:49 - [MESSAGE][PASSED] - Delayed 2 second(s)

2019-02-19 10:58:49 - [MESSAGE][PASSED] - Attribute 'tabindex' of object '' is: '0'

2019-02-19 10:58:49 - [MESSAGE][PASSED] - Object: '' is clicked on

2019-02-19 10:58:52 - [MESSAGE][PASSED] - Delayed 3 second(s)

2019-02-19 10:58:53 - [MESSAGE][PASSED] - pk_Functions.CS_WebtableVerification.ValidateSearchParameters is PASSED

2019-02-19 10:58:53 - [TEST_STEP][PASSED] - delay(2): Delayed 2 second(s)

2019-02-19 10:58:55 - [MESSAGE][PASSED] - Delayed 2 second(s)]]></system-out>
         <system-err><![CDATA[]]></system-err>
      </testcase>
      <testcase name="Test Cases/Event Group Management/TC_Verify_Delete and Undelete" classname="Test Cases/Event Group Management/TC_Verify_Delete and Undelete" status="PASSED">
         <system-out><![CDATA[2019-02-19 10:58:55 - [TEST_CASE][PASSED] - Test Cases/Event Group Management/TC_Verify_Delete and Undelete: Test Cases/Event Group Management/TC_Verify_Delete and Undelete

2019-02-19 10:58:55 - [TEST_STEP][PASSED] - pk_Functions.CS_WebtableVerification.ValidateSearchParameters(Delete, "Event Group Management/MOF_NE_Event Group ManagementObjectRepository", "Sheet1", [code], 0): pk_Functions.CS_WebtableVerification.ValidateSearchParameters is PASSED

2019-02-19 10:58:58 - [MESSAGE][PASSED] - Delayed 3 second(s)

2019-02-19 10:59:00 - [MESSAGE][PASSED] - Delayed 2 second(s)

2019-02-19 10:59:00 - [MESSAGE][PASSED] - Object: '' is clicked on

2019-02-19 10:59:02 - [MESSAGE][PASSED] - Delayed 2 second(s)

2019-02-19 10:59:02 - [MESSAGE][PASSED] - Attribute 'tabindex' of object '' is: '0'

2019-02-19 10:59:02 - [MESSAGE][PASSED] - Object: '' is clicked on

2019-02-19 10:59:05 - [MESSAGE][PASSED] - Delayed 3 second(s)

2019-02-19 10:59:06 - [MESSAGE][PASSED] - pk_Functions.CS_WebtableVerification.ValidateSearchParameters is PASSED

2019-02-19 10:59:06 - [TEST_STEP][PASSED] - delay(2): Delayed 2 second(s)

2019-02-19 10:59:08 - [MESSAGE][PASSED] - Delayed 2 second(s)]]></system-out>
         <system-err><![CDATA[]]></system-err>
      </testcase>
      <testcase name="Test Cases/Event Group Management/TC_Verify_Delete and Undelete" classname="Test Cases/Event Group Management/TC_Verify_Delete and Undelete" status="PASSED">
         <system-out><![CDATA[2019-02-19 10:59:08 - [TEST_CASE][PASSED] - Test Cases/Event Group Management/TC_Verify_Delete and Undelete: Test Cases/Event Group Management/TC_Verify_Delete and Undelete

2019-02-19 10:59:08 - [TEST_STEP][PASSED] - pk_Functions.CS_WebtableVerification.ValidateSearchParameters(Delete, "Event Group Management/MOF_NE_Event Group ManagementObjectRepository", "Sheet1", [code], 0): pk_Functions.CS_WebtableVerification.ValidateSearchParameters is PASSED

2019-02-19 10:59:11 - [MESSAGE][PASSED] - Delayed 3 second(s)

2019-02-19 10:59:13 - [MESSAGE][PASSED] - Delayed 2 second(s)

2019-02-19 10:59:13 - [MESSAGE][PASSED] - Object: '' is clicked on

2019-02-19 10:59:15 - [MESSAGE][PASSED] - Delayed 2 second(s)

2019-02-19 10:59:16 - [MESSAGE][PASSED] - Attribute 'tabindex' of object '' is: '0'

2019-02-19 10:59:16 - [MESSAGE][PASSED] - Object: '' is clicked on

2019-02-19 10:59:19 - [MESSAGE][PASSED] - Delayed 3 second(s)

2019-02-19 10:59:19 - [MESSAGE][PASSED] - pk_Functions.CS_WebtableVerification.ValidateSearchParameters is PASSED

2019-02-19 10:59:19 - [TEST_STEP][PASSED] - delay(2): Delayed 2 second(s)

2019-02-19 10:59:21 - [MESSAGE][PASSED] - Delayed 2 second(s)]]></system-out>
         <system-err><![CDATA[]]></system-err>
      </testcase>
      <testcase name="Test Cases/Event Group Management/TC_Verify_Delete and Undelete" classname="Test Cases/Event Group Management/TC_Verify_Delete and Undelete" status="PASSED">
         <system-out><![CDATA[2019-02-19 10:59:21 - [TEST_CASE][PASSED] - Test Cases/Event Group Management/TC_Verify_Delete and Undelete: Test Cases/Event Group Management/TC_Verify_Delete and Undelete

2019-02-19 10:59:21 - [TEST_STEP][PASSED] - pk_Functions.CS_WebtableVerification.ValidateSearchParameters(Delete, "Event Group Management/MOF_NE_Event Group ManagementObjectRepository", "Sheet1", [code], 0): pk_Functions.CS_WebtableVerification.ValidateSearchParameters is PASSED

2019-02-19 10:59:24 - [MESSAGE][PASSED] - Delayed 3 second(s)

2019-02-19 10:59:26 - [MESSAGE][PASSED] - Delayed 2 second(s)

2019-02-19 10:59:27 - [MESSAGE][PASSED] - Object: '' is clicked on

2019-02-19 10:59:29 - [MESSAGE][PASSED] - Delayed 2 second(s)

2019-02-19 10:59:29 - [MESSAGE][PASSED] - Attribute 'tabindex' of object '' is: '0'

2019-02-19 10:59:29 - [MESSAGE][PASSED] - Object: '' is clicked on

2019-02-19 10:59:32 - [MESSAGE][PASSED] - Delayed 3 second(s)

2019-02-19 10:59:33 - [MESSAGE][PASSED] - Attribute 'tabindex' of object '' is: '0'

2019-02-19 10:59:33 - [MESSAGE][PASSED] - Object: '' is clicked on

2019-02-19 10:59:36 - [MESSAGE][PASSED] - Delayed 3 second(s)

2019-02-19 10:59:36 - [MESSAGE][PASSED] - Attribute 'tabindex' of object '' is: '0'

2019-02-19 10:59:36 - [MESSAGE][PASSED] - Object: '' is clicked on

2019-02-19 10:59:39 - [MESSAGE][PASSED] - Delayed 3 second(s)

2019-02-19 10:59:40 - [MESSAGE][PASSED] - Attribute 'tabindex' of object '' is: '-1'

2019-02-19 10:59:40 - [MESSAGE][PASSED] - pk_Functions.CS_WebtableVerification.ValidateSearchParameters is PASSED

2019-02-19 10:59:40 - [TEST_STEP][PASSED] - delay(2): Delayed 2 second(s)

2019-02-19 10:59:42 - [MESSAGE][PASSED] - Delayed 2 second(s)]]></system-out>
         <system-err><![CDATA[]]></system-err>
      </testcase>
      <testcase name="Test Cases/Event Group Management/TC_Verify_Delete and Undelete" classname="Test Cases/Event Group Management/TC_Verify_Delete and Undelete" status="PASSED">
         <system-out><![CDATA[2019-02-19 10:59:42 - [TEST_CASE][PASSED] - Test Cases/Event Group Management/TC_Verify_Delete and Undelete: Test Cases/Event Group Management/TC_Verify_Delete and Undelete

2019-02-19 10:59:42 - [TEST_STEP][PASSED] - pk_Functions.CS_WebtableVerification.ValidateSearchParameters(Delete, "Event Group Management/MOF_NE_Event Group ManagementObjectRepository", "Sheet1", [code], 0): pk_Functions.CS_WebtableVerification.ValidateSearchParameters is PASSED

2019-02-19 10:59:45 - [MESSAGE][PASSED] - Delayed 3 second(s)

2019-02-19 10:59:47 - [MESSAGE][PASSED] - Delayed 2 second(s)

2019-02-19 10:59:47 - [MESSAGE][PASSED] - Object: '' is clicked on

2019-02-19 10:59:49 - [MESSAGE][PASSED] - Delayed 2 second(s)

2019-02-19 10:59:50 - [MESSAGE][PASSED] - Attribute 'tabindex' of object '' is: '0'

2019-02-19 10:59:50 - [MESSAGE][PASSED] - Object: '' is clicked on

2019-02-19 10:59:53 - [MESSAGE][PASSED] - Delayed 3 second(s)

2019-02-19 10:59:54 - [MESSAGE][PASSED] - Attribute 'tabindex' of object '' is: '0'

2019-02-19 10:59:54 - [MESSAGE][PASSED] - Object: '' is clicked on

2019-02-19 10:59:57 - [MESSAGE][PASSED] - Delayed 3 second(s)

2019-02-19 10:59:57 - [MESSAGE][PASSED] - Attribute 'tabindex' of object '' is: '0'

2019-02-19 10:59:57 - [MESSAGE][PASSED] - Object: '' is clicked on

2019-02-19 11:00:00 - [MESSAGE][PASSED] - Delayed 3 second(s)

2019-02-19 11:00:01 - [MESSAGE][PASSED] - Attribute 'tabindex' of object '' is: '-1'

2019-02-19 11:00:01 - [MESSAGE][PASSED] - pk_Functions.CS_WebtableVerification.ValidateSearchParameters is PASSED

2019-02-19 11:00:01 - [TEST_STEP][PASSED] - delay(2): Delayed 2 second(s)

2019-02-19 11:00:03 - [MESSAGE][PASSED] - Delayed 2 second(s)]]></system-out>
         <system-err><![CDATA[]]></system-err>
      </testcase>
      <system-out><![CDATA[2019-02-19 10:55:55 - [TEST_SUITE][ERROR] - TS_EGMFullScenario: Test Cases/Event Group Management/TC_Verify_Insert FAILED.
Reason:
org.codehaus.groovy.runtime.InvokerInvocationException: Assertion failed: 

assert Columns_row_text == expectedValues
       |                |  |
       |                |  [EB2, English Description_123, English Description_1]
       |                false
       [EB2, English Description_1_Update, English Description_1_Update]

	at pk_Functions.CS_WebtableVerification.invokeMethod(CS_WebtableVerification.groovy)
	at com.kms.katalon.core.main.CustomKeywordDelegatingMetaClass.invokeStaticMethod(CustomKeywordDelegatingMetaClass.java:49)
	at TC_Verify_Insert.run(TC_Verify_Insert:25)
	at com.kms.katalon.core.main.ScriptEngine.run(ScriptEngine.java:194)
	at com.kms.katalon.core.main.ScriptEngine.runScriptAsRawText(ScriptEngine.java:119)
	at com.kms.katalon.core.main.TestCaseExecutor.runScript(TestCaseExecutor.java:328)
	at com.kms.katalon.core.main.TestCaseExecutor.doExecute(TestCaseExecutor.java:319)
	at com.kms.katalon.core.main.TestCaseExecutor.processExecutionPhase(TestCaseExecutor.java:298)
	at com.kms.katalon.core.main.TestCaseExecutor.accessMainPhase(TestCaseExecutor.java:290)
	at com.kms.katalon.core.main.TestCaseExecutor.execute(TestCaseExecutor.java:224)
	at com.kms.katalon.core.main.TestSuiteExecutor.accessTestCaseMainPhase(TestSuiteExecutor.java:129)
	at com.kms.katalon.core.main.TestSuiteExecutor.accessTestSuiteMainPhase(TestSuiteExecutor.java:112)
	at com.kms.katalon.core.main.TestSuiteExecutor.execute(TestSuiteExecutor.java:81)
	at com.kms.katalon.core.main.TestCaseMain.startTestSuite(TestCaseMain.java:149)
	at com.kms.katalon.core.main.TestCaseMain$startTestSuite$0.call(Unknown Source)
	at TempTestSuite1550566553053.run(TempTestSuite1550566553053.groovy:36)
Caused by: Assertion failed: 

assert Columns_row_text == expectedValues
       |                |  |
       |                |  [EB2, English Description_123, English Description_1]
       |                false
       [EB2, English Description_1_Update, English Description_1_Update]

	at pk_Functions.CS_WebtableVerification.ValidateSearchParameters(CS_WebtableVerification.groovy:130)
	at pk_Functions.CS_WebtableVerification.invokeMethod(CS_WebtableVerification.groovy)
	at com.kms.katalon.core.main.CustomKeywordDelegatingMetaClass.invokeStaticMethod(CustomKeywordDelegatingMetaClass.java:49)
	at Script1549377986201.run(Script1549377986201.groovy:25)
	... 13 more]]></system-out>
      <system-err><![CDATA[2019-02-19 10:55:55 - [TEST_SUITE][ERROR] - TS_EGMFullScenario: Test Cases/Event Group Management/TC_Verify_Insert FAILED.
Reason:
org.codehaus.groovy.runtime.InvokerInvocationException: Assertion failed: 

assert Columns_row_text == expectedValues
       |                |  |
       |                |  [EB2, English Description_123, English Description_1]
       |                false
       [EB2, English Description_1_Update, English Description_1_Update]

	at pk_Functions.CS_WebtableVerification.invokeMethod(CS_WebtableVerification.groovy)
	at com.kms.katalon.core.main.CustomKeywordDelegatingMetaClass.invokeStaticMethod(CustomKeywordDelegatingMetaClass.java:49)
	at TC_Verify_Insert.run(TC_Verify_Insert:25)
	at com.kms.katalon.core.main.ScriptEngine.run(ScriptEngine.java:194)
	at com.kms.katalon.core.main.ScriptEngine.runScriptAsRawText(ScriptEngine.java:119)
	at com.kms.katalon.core.main.TestCaseExecutor.runScript(TestCaseExecutor.java:328)
	at com.kms.katalon.core.main.TestCaseExecutor.doExecute(TestCaseExecutor.java:319)
	at com.kms.katalon.core.main.TestCaseExecutor.processExecutionPhase(TestCaseExecutor.java:298)
	at com.kms.katalon.core.main.TestCaseExecutor.accessMainPhase(TestCaseExecutor.java:290)
	at com.kms.katalon.core.main.TestCaseExecutor.execute(TestCaseExecutor.java:224)
	at com.kms.katalon.core.main.TestSuiteExecutor.accessTestCaseMainPhase(TestSuiteExecutor.java:129)
	at com.kms.katalon.core.main.TestSuiteExecutor.accessTestSuiteMainPhase(TestSuiteExecutor.java:112)
	at com.kms.katalon.core.main.TestSuiteExecutor.execute(TestSuiteExecutor.java:81)
	at com.kms.katalon.core.main.TestCaseMain.startTestSuite(TestCaseMain.java:149)
	at com.kms.katalon.core.main.TestCaseMain$startTestSuite$0.call(Unknown Source)
	at TempTestSuite1550566553053.run(TempTestSuite1550566553053.groovy:36)
Caused by: Assertion failed: 

assert Columns_row_text == expectedValues
       |                |  |
       |                |  [EB2, English Description_123, English Description_1]
       |                false
       [EB2, English Description_1_Update, English Description_1_Update]

	at pk_Functions.CS_WebtableVerification.ValidateSearchParameters(CS_WebtableVerification.groovy:130)
	at pk_Functions.CS_WebtableVerification.invokeMethod(CS_WebtableVerification.groovy)
	at com.kms.katalon.core.main.CustomKeywordDelegatingMetaClass.invokeStaticMethod(CustomKeywordDelegatingMetaClass.java:49)
	at Script1549377986201.run(Script1549377986201.groovy:25)
	... 13 more]]></system-err>
   </testsuite>
</testsuites>
