<?xml version="1.0" encoding="UTF-8"?>
<testsuites name="Search" time="20" tests="1" failures="0" errors="1">
   <testsuite name="Search" tests="1" failures="0" errors="1" time="20" timestamp="2019-01-21 10:42:00" hostname="Ebtehal Gamal Yusuf - LPALXY0199.ejadaalex.local" id="Test Suites/Event Management/Search">
      <properties>
         <property name="deviceName" value=""/>
         <property name="devicePlatform" value=""/>
         <property name="logFolder" value="C:\\Users\\Administrator\\git\\MOF\\Reports\\Event Management\\Search\\20190121_104157"/>
         <property name="logFiles" value="C:\\Users\\Administrator\\git\\MOF\\Reports\\Event Management\\Search\\20190121_104157\\execution0.log"/>
         <property name="attachments" value=""/>
         <property name="hostName" value="Ebtehal Gamal Yusuf - LPALXY0199.ejadaalex.local"/>
         <property name="os" value="Windows 7 64bit"/>
         <property name="katalonVersion" value="5.10.1.1"/>
         <property name="browser" value="Chrome 71.0.3578.98"/>
         <property name="hostAddress" value="192.168.3.51"/>
         <property name="sessionId" value="3b40387c939010e74febed21eed65175"/>
         <property name="seleniumVersion" value="3.7.1"/>
         <property name="proxyInformation" value="ProxyInformation{proxyOption=NO_PROXY, proxyServerType=HTTP, password=, proxyServerAddress=, proxyServerPort=0}"/>
         <property name="platform" value="Windows 7"/>
      </properties>
      <testcase name="Test Cases/TC_Login" classname="Test Cases/TC_Login" status="PASSED">
         <system-out><![CDATA[2019-01-21 10:42:00 - [TEST_CASE][PASSED] - Test Cases/TC_Login: Test Cases/TC_Login

2019-01-21 10:42:01 - [TEST_STEP][PASSED] - pk_Functions.CS_Login.LoginFun(findTestObject(null), "http://192.168.0.190:8080/mof/#/", findTestObject("Login/Username"), findTestObject("Login/Password"), "AAttia", "123", findTestObject("Login/Login")): pk_Functions.CS_Login.LoginFun is PASSED

2019-01-21 10:42:01 - [MESSAGE][WARNING] - Test object id is null

2019-01-21 10:42:01 - [MESSAGE][INFO] - Starting 'Chrome' driver

2019-01-21 10:42:01 - [MESSAGE][INFO] - Action delay is set to 0 seconds

2019-01-21 10:42:17 - [MESSAGE][PASSED] - Browser is opened with url: 'http://192.168.0.190:8080/mof/#/'

2019-01-21 10:42:17 - [MESSAGE][PASSED] - Text 'AAttia' is set on object 'Object Repository/Login/Username'

2019-01-21 10:42:17 - [MESSAGE][PASSED] - Text '123' is set on object 'Object Repository/Login/Password'

2019-01-21 10:42:17 - [MESSAGE][PASSED] - Object: 'Object Repository/Login/Login' is clicked on

2019-01-21 10:42:17 - [MESSAGE][PASSED] - pk_Functions.CS_Login.LoginFun is PASSED]]></system-out>
         <system-err><![CDATA[]]></system-err>
      </testcase>
      <testcase name="Test Cases/Event Management/TC_Search" classname="Test Cases/Event Management/TC_Search" status="ERROR">
         <error type="ERROR" message="Test Cases/Event Management/TC_Search FAILED.
Reason:
java.lang.IllegalArgumentException: Cannot find test data with id 'Data Files/EventManagement/EventManagementSearch_ObjectRepository' because (of) 'java.lang.IllegalArgumentException: Test data with id 'Data Files/EventManagement/EventManagementSearch_ObjectRepository' does not exist'
	at com.kms.katalon.core.testdata.TestDataFactory.findTestData(TestDataFactory.java:122)
	at com.kms.katalon.core.testdata.TestDataFactory$findTestData.callStatic(Unknown Source)
	at pk_Functions.CS_AllPageObject.AllPageObjectFun(CS_AllPageObject.groovy:53)
	at pk_Functions.CS_AllPageObject$AllPageObjectFun.call(Unknown Source)
	at pk_Functions.CS_AllPageData.AllPageDataFun(CS_AllPageData.groovy:60)
	at pk_Functions.CS_AllPageData.invokeMethod(CS_AllPageData.groovy)
	at com.kms.katalon.core.main.CustomKeywordDelegatingMetaClass.invokeStaticMethod(CustomKeywordDelegatingMetaClass.java:49)
	at TC_Search.run(TC_Search:21)
	at com.kms.katalon.core.main.ScriptEngine.run(ScriptEngine.java:194)
	at com.kms.katalon.core.main.ScriptEngine.runScriptAsRawText(ScriptEngine.java:119)
	at com.kms.katalon.core.main.TestCaseExecutor.runScript(TestCaseExecutor.java:328)
	at com.kms.katalon.core.main.TestCaseExecutor.doExecute(TestCaseExecutor.java:319)
	at com.kms.katalon.core.main.TestCaseExecutor.processExecutionPhase(TestCaseExecutor.java:298)
	at com.kms.katalon.core.main.TestCaseExecutor.accessMainPhase(TestCaseExecutor.java:290)
	at com.kms.katalon.core.main.TestCaseExecutor.execute(TestCaseExecutor.java:224)
	at com.kms.katalon.core.main.TestSuiteExecutor.accessTestCaseMainPhase(TestSuiteExecutor.java:129)
	at com.kms.katalon.core.main.TestSuiteExecutor.accessTestSuiteMainPhase(TestSuiteExecutor.java:112)
	at com.kms.katalon.core.main.TestSuiteExecutor.execute(TestSuiteExecutor.java:81)
	at com.kms.katalon.core.main.TestCaseMain.startTestSuite(TestCaseMain.java:149)
	at com.kms.katalon.core.main.TestCaseMain$startTestSuite$0.call(Unknown Source)
	at TempTestSuite1548060117490.run(TempTestSuite1548060117490.groovy:36)
"/>
         <system-out><![CDATA[2019-01-21 10:42:17 - [TEST_CASE][ERROR] - Test Cases/Event Management/TC_Search: Test Cases/Event Management/TC_Search FAILED.
Reason:
java.lang.IllegalArgumentException: Cannot find test data with id 'Data Files/EventManagement/EventManagementSearch_ObjectRepository' because (of) 'java.lang.IllegalArgumentException: Test data with id 'Data Files/EventManagement/EventManagementSearch_ObjectRepository' does not exist'
	at com.kms.katalon.core.testdata.TestDataFactory.findTestData(TestDataFactory.java:122)
	at com.kms.katalon.core.testdata.TestDataFactory$findTestData.callStatic(Unknown Source)
	at pk_Functions.CS_AllPageObject.AllPageObjectFun(CS_AllPageObject.groovy:53)
	at pk_Functions.CS_AllPageObject$AllPageObjectFun.call(Unknown Source)
	at pk_Functions.CS_AllPageData.AllPageDataFun(CS_AllPageData.groovy:60)
	at pk_Functions.CS_AllPageData.invokeMethod(CS_AllPageData.groovy)
	at com.kms.katalon.core.main.CustomKeywordDelegatingMetaClass.invokeStaticMethod(CustomKeywordDelegatingMetaClass.java:49)
	at TC_Search.run(TC_Search:21)
	at com.kms.katalon.core.main.ScriptEngine.run(ScriptEngine.java:194)
	at com.kms.katalon.core.main.ScriptEngine.runScriptAsRawText(ScriptEngine.java:119)
	at com.kms.katalon.core.main.TestCaseExecutor.runScript(TestCaseExecutor.java:328)
	at com.kms.katalon.core.main.TestCaseExecutor.doExecute(TestCaseExecutor.java:319)
	at com.kms.katalon.core.main.TestCaseExecutor.processExecutionPhase(TestCaseExecutor.java:298)
	at com.kms.katalon.core.main.TestCaseExecutor.accessMainPhase(TestCaseExecutor.java:290)
	at com.kms.katalon.core.main.TestCaseExecutor.execute(TestCaseExecutor.java:224)
	at com.kms.katalon.core.main.TestSuiteExecutor.accessTestCaseMainPhase(TestSuiteExecutor.java:129)
	at com.kms.katalon.core.main.TestSuiteExecutor.accessTestSuiteMainPhase(TestSuiteExecutor.java:112)
	at com.kms.katalon.core.main.TestSuiteExecutor.execute(TestSuiteExecutor.java:81)
	at com.kms.katalon.core.main.TestCaseMain.startTestSuite(TestCaseMain.java:149)
	at com.kms.katalon.core.main.TestCaseMain$startTestSuite$0.call(Unknown Source)
	at TempTestSuite1548060117490.run(TempTestSuite1548060117490.groovy:36)


2019-01-21 10:42:18 - [TEST_STEP][PASSED] - click(findTestObject("NE_SideMenu")): Object: 'Object Repository/NE_SideMenu' is clicked on

2019-01-21 10:42:19 - [MESSAGE][PASSED] - Object: 'Object Repository/NE_SideMenu' is clicked on

2019-01-21 10:42:19 - [TEST_STEP][PASSED] - click(findTestObject("NE_EventManagement")): Object: 'Object Repository/NE_EventManagement' is clicked on

2019-01-21 10:42:19 - [MESSAGE][PASSED] - Object: 'Object Repository/NE_EventManagement' is clicked on

2019-01-21 10:42:19 - [TEST_STEP][ERROR] - pk_Functions.CS_AllPageData.AllPageDataFun("EventManagement/EventManagementSearch_ObjectRepository", "Sheet1", [EventCode, EventEnglishDescription, EventArabicDescription, EventGroup, IsEnabled, Search]): pk_Functions.CS_AllPageData.AllPageDataFun("EventManagement/EventManagementSearch_ObjectRepository", "Sheet1", [EventCode, EventEnglishDescription, EventArabicDescription, EventGroup, IsEnabled, Search]) FAILED.
Reason:
java.lang.IllegalArgumentException: Cannot find test data with id 'Data Files/EventManagement/EventManagementSearch_ObjectRepository' because (of) 'java.lang.IllegalArgumentException: Test data with id 'Data Files/EventManagement/EventManagementSearch_ObjectRepository' does not exist'
	at com.kms.katalon.core.testdata.TestDataFactory.findTestData(TestDataFactory.java:122)
	at com.kms.katalon.core.testdata.TestDataFactory$findTestData.callStatic(Unknown Source)
	at pk_Functions.CS_AllPageObject.AllPageObjectFun(CS_AllPageObject.groovy:53)
	at pk_Functions.CS_AllPageObject$AllPageObjectFun.call(Unknown Source)
	at pk_Functions.CS_AllPageData.AllPageDataFun(CS_AllPageData.groovy:60)
	at pk_Functions.CS_AllPageData.invokeMethod(CS_AllPageData.groovy)
	at com.kms.katalon.core.main.CustomKeywordDelegatingMetaClass.invokeStaticMethod(CustomKeywordDelegatingMetaClass.java:49)
	at TC_Search.run(TC_Search:21)
	at com.kms.katalon.core.main.ScriptEngine.run(ScriptEngine.java:194)
	at com.kms.katalon.core.main.ScriptEngine.runScriptAsRawText(ScriptEngine.java:119)
	at com.kms.katalon.core.main.TestCaseExecutor.runScript(TestCaseExecutor.java:328)
	at com.kms.katalon.core.main.TestCaseExecutor.doExecute(TestCaseExecutor.java:319)
	at com.kms.katalon.core.main.TestCaseExecutor.processExecutionPhase(TestCaseExecutor.java:298)
	at com.kms.katalon.core.main.TestCaseExecutor.accessMainPhase(TestCaseExecutor.java:290)
	at com.kms.katalon.core.main.TestCaseExecutor.execute(TestCaseExecutor.java:224)
	at com.kms.katalon.core.main.TestSuiteExecutor.accessTestCaseMainPhase(TestSuiteExecutor.java:129)
	at com.kms.katalon.core.main.TestSuiteExecutor.accessTestSuiteMainPhase(TestSuiteExecutor.java:112)
	at com.kms.katalon.core.main.TestSuiteExecutor.execute(TestSuiteExecutor.java:81)
	at com.kms.katalon.core.main.TestCaseMain.startTestSuite(TestCaseMain.java:149)
	at com.kms.katalon.core.main.TestCaseMain$startTestSuite$0.call(Unknown Source)
	at TempTestSuite1548060117490.run(TempTestSuite1548060117490.groovy:36)


2019-01-21 10:42:19 - [MESSAGE][ERROR] - Cannot find test data with id 'Data Files/EventManagement/EventManagementSearch_ObjectRepository' because (of) 'java.lang.IllegalArgumentException: Test data with id 'Data Files/EventManagement/EventManagementSearch_ObjectRepository' does not exist'

2019-01-21 10:42:19 - [MESSAGE][ERROR] - pk_Functions.CS_AllPageData.AllPageDataFun("EventManagement/EventManagementSearch_ObjectRepository", "Sheet1", [EventCode, EventEnglishDescription, EventArabicDescription, EventGroup, IsEnabled, Search]) FAILED.
Reason:
java.lang.IllegalArgumentException: Cannot find test data with id 'Data Files/EventManagement/EventManagementSearch_ObjectRepository' because (of) 'java.lang.IllegalArgumentException: Test data with id 'Data Files/EventManagement/EventManagementSearch_ObjectRepository' does not exist'
	at com.kms.katalon.core.testdata.TestDataFactory.findTestData(TestDataFactory.java:122)
	at com.kms.katalon.core.testdata.TestDataFactory$findTestData.callStatic(Unknown Source)
	at pk_Functions.CS_AllPageObject.AllPageObjectFun(CS_AllPageObject.groovy:53)
	at pk_Functions.CS_AllPageObject$AllPageObjectFun.call(Unknown Source)
	at pk_Functions.CS_AllPageData.AllPageDataFun(CS_AllPageData.groovy:60)
	at pk_Functions.CS_AllPageData.invokeMethod(CS_AllPageData.groovy)
	at com.kms.katalon.core.main.CustomKeywordDelegatingMetaClass.invokeStaticMethod(CustomKeywordDelegatingMetaClass.java:49)
	at TC_Search.run(TC_Search:21)
	at com.kms.katalon.core.main.ScriptEngine.run(ScriptEngine.java:194)
	at com.kms.katalon.core.main.ScriptEngine.runScriptAsRawText(ScriptEngine.java:119)
	at com.kms.katalon.core.main.TestCaseExecutor.runScript(TestCaseExecutor.java:328)
	at com.kms.katalon.core.main.TestCaseExecutor.doExecute(TestCaseExecutor.java:319)
	at com.kms.katalon.core.main.TestCaseExecutor.processExecutionPhase(TestCaseExecutor.java:298)
	at com.kms.katalon.core.main.TestCaseExecutor.accessMainPhase(TestCaseExecutor.java:290)
	at com.kms.katalon.core.main.TestCaseExecutor.execute(TestCaseExecutor.java:224)
	at com.kms.katalon.core.main.TestSuiteExecutor.accessTestCaseMainPhase(TestSuiteExecutor.java:129)
	at com.kms.katalon.core.main.TestSuiteExecutor.accessTestSuiteMainPhase(TestSuiteExecutor.java:112)
	at com.kms.katalon.core.main.TestSuiteExecutor.execute(TestSuiteExecutor.java:81)
	at com.kms.katalon.core.main.TestCaseMain.startTestSuite(TestCaseMain.java:149)
	at com.kms.katalon.core.main.TestCaseMain$startTestSuite$0.call(Unknown Source)
	at TempTestSuite1548060117490.run(TempTestSuite1548060117490.groovy:36)]]></system-out>
         <system-err><![CDATA[2019-01-21 10:42:17 - [TEST_CASE][ERROR] - Test Cases/Event Management/TC_Search: Test Cases/Event Management/TC_Search FAILED.
Reason:
java.lang.IllegalArgumentException: Cannot find test data with id 'Data Files/EventManagement/EventManagementSearch_ObjectRepository' because (of) 'java.lang.IllegalArgumentException: Test data with id 'Data Files/EventManagement/EventManagementSearch_ObjectRepository' does not exist'
	at com.kms.katalon.core.testdata.TestDataFactory.findTestData(TestDataFactory.java:122)
	at com.kms.katalon.core.testdata.TestDataFactory$findTestData.callStatic(Unknown Source)
	at pk_Functions.CS_AllPageObject.AllPageObjectFun(CS_AllPageObject.groovy:53)
	at pk_Functions.CS_AllPageObject$AllPageObjectFun.call(Unknown Source)
	at pk_Functions.CS_AllPageData.AllPageDataFun(CS_AllPageData.groovy:60)
	at pk_Functions.CS_AllPageData.invokeMethod(CS_AllPageData.groovy)
	at com.kms.katalon.core.main.CustomKeywordDelegatingMetaClass.invokeStaticMethod(CustomKeywordDelegatingMetaClass.java:49)
	at TC_Search.run(TC_Search:21)
	at com.kms.katalon.core.main.ScriptEngine.run(ScriptEngine.java:194)
	at com.kms.katalon.core.main.ScriptEngine.runScriptAsRawText(ScriptEngine.java:119)
	at com.kms.katalon.core.main.TestCaseExecutor.runScript(TestCaseExecutor.java:328)
	at com.kms.katalon.core.main.TestCaseExecutor.doExecute(TestCaseExecutor.java:319)
	at com.kms.katalon.core.main.TestCaseExecutor.processExecutionPhase(TestCaseExecutor.java:298)
	at com.kms.katalon.core.main.TestCaseExecutor.accessMainPhase(TestCaseExecutor.java:290)
	at com.kms.katalon.core.main.TestCaseExecutor.execute(TestCaseExecutor.java:224)
	at com.kms.katalon.core.main.TestSuiteExecutor.accessTestCaseMainPhase(TestSuiteExecutor.java:129)
	at com.kms.katalon.core.main.TestSuiteExecutor.accessTestSuiteMainPhase(TestSuiteExecutor.java:112)
	at com.kms.katalon.core.main.TestSuiteExecutor.execute(TestSuiteExecutor.java:81)
	at com.kms.katalon.core.main.TestCaseMain.startTestSuite(TestCaseMain.java:149)
	at com.kms.katalon.core.main.TestCaseMain$startTestSuite$0.call(Unknown Source)
	at TempTestSuite1548060117490.run(TempTestSuite1548060117490.groovy:36)]]></system-err>
      </testcase>
      <system-out><![CDATA[2019-01-21 10:42:00 - [TEST_SUITE][ERROR] - Search: Test Cases/Event Management/TC_Search FAILED.
Reason:
java.lang.IllegalArgumentException: Cannot find test data with id 'Data Files/EventManagement/EventManagementSearch_ObjectRepository' because (of) 'java.lang.IllegalArgumentException: Test data with id 'Data Files/EventManagement/EventManagementSearch_ObjectRepository' does not exist'
	at com.kms.katalon.core.testdata.TestDataFactory.findTestData(TestDataFactory.java:122)
	at com.kms.katalon.core.testdata.TestDataFactory$findTestData.callStatic(Unknown Source)
	at pk_Functions.CS_AllPageObject.AllPageObjectFun(CS_AllPageObject.groovy:53)
	at pk_Functions.CS_AllPageObject$AllPageObjectFun.call(Unknown Source)
	at pk_Functions.CS_AllPageData.AllPageDataFun(CS_AllPageData.groovy:60)
	at pk_Functions.CS_AllPageData.invokeMethod(CS_AllPageData.groovy)
	at com.kms.katalon.core.main.CustomKeywordDelegatingMetaClass.invokeStaticMethod(CustomKeywordDelegatingMetaClass.java:49)
	at TC_Search.run(TC_Search:21)
	at com.kms.katalon.core.main.ScriptEngine.run(ScriptEngine.java:194)
	at com.kms.katalon.core.main.ScriptEngine.runScriptAsRawText(ScriptEngine.java:119)
	at com.kms.katalon.core.main.TestCaseExecutor.runScript(TestCaseExecutor.java:328)
	at com.kms.katalon.core.main.TestCaseExecutor.doExecute(TestCaseExecutor.java:319)
	at com.kms.katalon.core.main.TestCaseExecutor.processExecutionPhase(TestCaseExecutor.java:298)
	at com.kms.katalon.core.main.TestCaseExecutor.accessMainPhase(TestCaseExecutor.java:290)
	at com.kms.katalon.core.main.TestCaseExecutor.execute(TestCaseExecutor.java:224)
	at com.kms.katalon.core.main.TestSuiteExecutor.accessTestCaseMainPhase(TestSuiteExecutor.java:129)
	at com.kms.katalon.core.main.TestSuiteExecutor.accessTestSuiteMainPhase(TestSuiteExecutor.java:112)
	at com.kms.katalon.core.main.TestSuiteExecutor.execute(TestSuiteExecutor.java:81)
	at com.kms.katalon.core.main.TestCaseMain.startTestSuite(TestCaseMain.java:149)
	at com.kms.katalon.core.main.TestCaseMain$startTestSuite$0.call(Unknown Source)
	at TempTestSuite1548060117490.run(TempTestSuite1548060117490.groovy:36)]]></system-out>
      <system-err><![CDATA[2019-01-21 10:42:00 - [TEST_SUITE][ERROR] - Search: Test Cases/Event Management/TC_Search FAILED.
Reason:
java.lang.IllegalArgumentException: Cannot find test data with id 'Data Files/EventManagement/EventManagementSearch_ObjectRepository' because (of) 'java.lang.IllegalArgumentException: Test data with id 'Data Files/EventManagement/EventManagementSearch_ObjectRepository' does not exist'
	at com.kms.katalon.core.testdata.TestDataFactory.findTestData(TestDataFactory.java:122)
	at com.kms.katalon.core.testdata.TestDataFactory$findTestData.callStatic(Unknown Source)
	at pk_Functions.CS_AllPageObject.AllPageObjectFun(CS_AllPageObject.groovy:53)
	at pk_Functions.CS_AllPageObject$AllPageObjectFun.call(Unknown Source)
	at pk_Functions.CS_AllPageData.AllPageDataFun(CS_AllPageData.groovy:60)
	at pk_Functions.CS_AllPageData.invokeMethod(CS_AllPageData.groovy)
	at com.kms.katalon.core.main.CustomKeywordDelegatingMetaClass.invokeStaticMethod(CustomKeywordDelegatingMetaClass.java:49)
	at TC_Search.run(TC_Search:21)
	at com.kms.katalon.core.main.ScriptEngine.run(ScriptEngine.java:194)
	at com.kms.katalon.core.main.ScriptEngine.runScriptAsRawText(ScriptEngine.java:119)
	at com.kms.katalon.core.main.TestCaseExecutor.runScript(TestCaseExecutor.java:328)
	at com.kms.katalon.core.main.TestCaseExecutor.doExecute(TestCaseExecutor.java:319)
	at com.kms.katalon.core.main.TestCaseExecutor.processExecutionPhase(TestCaseExecutor.java:298)
	at com.kms.katalon.core.main.TestCaseExecutor.accessMainPhase(TestCaseExecutor.java:290)
	at com.kms.katalon.core.main.TestCaseExecutor.execute(TestCaseExecutor.java:224)
	at com.kms.katalon.core.main.TestSuiteExecutor.accessTestCaseMainPhase(TestSuiteExecutor.java:129)
	at com.kms.katalon.core.main.TestSuiteExecutor.accessTestSuiteMainPhase(TestSuiteExecutor.java:112)
	at com.kms.katalon.core.main.TestSuiteExecutor.execute(TestSuiteExecutor.java:81)
	at com.kms.katalon.core.main.TestCaseMain.startTestSuite(TestCaseMain.java:149)
	at com.kms.katalon.core.main.TestCaseMain$startTestSuite$0.call(Unknown Source)
	at TempTestSuite1548060117490.run(TempTestSuite1548060117490.groovy:36)]]></system-err>
   </testsuite>
</testsuites>
