<?xml version="1.0" encoding="UTF-8"?>
<testsuites name="TS_Event Group Management" time="93" tests="0" failures="1" errors="0">
   <testsuite name="TS_Event Group Management" tests="0" failures="1" errors="0" time="93" timestamp="2019-01-22 09:58:41" hostname="Ebtehal Gamal Yusuf - LPALXY0199.ejadaalex.local" id="Test Suites/Event Group Management/TS_Event Group Management">
      <properties>
         <property name="deviceName" value=""/>
         <property name="devicePlatform" value=""/>
         <property name="logFolder" value="C:\\Users\\Administrator\\git\\MOF\\Reports\\Event Group Management\\TS_Event Group Management\\20190122_095838"/>
         <property name="logFiles" value="C:\\Users\\Administrator\\git\\MOF\\Reports\\Event Group Management\\TS_Event Group Management\\20190122_095838\\execution0.log"/>
         <property name="attachments" value="C:\\Users\\Administrator\\git\\MOF\\Reports\\Event Group Management\\TS_Event Group Management\\20190122_095838\\1548144014246.png"/>
         <property name="hostName" value="Ebtehal Gamal Yusuf - LPALXY0199.ejadaalex.local"/>
         <property name="os" value="Windows 7 64bit"/>
         <property name="katalonVersion" value="5.10.1.1"/>
         <property name="browser" value="Chrome 71.0.3578.98"/>
         <property name="hostAddress" value="192.168.3.51"/>
         <property name="sessionId" value="fc28bfe936f2dc852658a0511136a5c9"/>
         <property name="seleniumVersion" value="3.7.1"/>
         <property name="proxyInformation" value="ProxyInformation{proxyOption=NO_PROXY, proxyServerType=HTTP, password=, proxyServerAddress=, proxyServerPort=0}"/>
         <property name="platform" value="Windows 7"/>
      </properties>
      <testcase name="Test Cases/Event Group Management/TC_Update" classname="Test Cases/Event Group Management/TC_Update" status="FAILED">
         <failure type="FAILED" message="Test Cases/Event Group Management/TC_Update FAILED.
Reason:
com.kms.katalon.core.exception.StepFailedException: Unable to get attribute 'value' of object '' (Root cause: com.kms.katalon.core.webui.exception.WebElementNotFoundException: Web element with id: '' located by 'By.xpath: //*[@id=&quot;app-form&quot;]//app-body//app-event-categories-management-details//form/div[3]/div/div/span/div/extended-input//div[2]/input' not found)
	at com.kms.katalon.core.keyword.internal.KeywordMain.stepFailed(KeywordMain.groovy:36)
	at com.kms.katalon.core.webui.keyword.internal.WebUIKeywordMain.stepFailed(WebUIKeywordMain.groovy:65)
	at com.kms.katalon.core.webui.keyword.internal.WebUIKeywordMain.runKeyword(WebUIKeywordMain.groovy:27)
	at com.kms.katalon.core.webui.keyword.builtin.GetAttributeKeyword.getAttribute(GetAttributeKeyword.groovy:93)
	at com.kms.katalon.core.webui.keyword.builtin.GetAttributeKeyword.execute(GetAttributeKeyword.groovy:68)
	at com.kms.katalon.core.keyword.internal.KeywordExecutor.executeKeywordForPlatform(KeywordExecutor.groovy:53)
	at com.kms.katalon.core.webui.keyword.WebUiBuiltInKeywords.getAttribute(WebUiBuiltInKeywords.groovy:921)
	at com.kms.katalon.core.webui.keyword.WebUiBuiltInKeywords$getAttribute$2.call(Unknown Source)
	at pk_Functions.CS_VerifyPageData.CheckMatching(CS_VerifyPageData.groovy:35)
	at pk_Functions.CS_VerifyPageData.invokeMethod(CS_VerifyPageData.groovy)
	at com.kms.katalon.core.main.CustomKeywordDelegatingMetaClass.invokeStaticMethod(CustomKeywordDelegatingMetaClass.java:49)
	at TC_Update.run(TC_Update:38)
	at com.kms.katalon.core.main.ScriptEngine.run(ScriptEngine.java:194)
	at com.kms.katalon.core.main.ScriptEngine.runScriptAsRawText(ScriptEngine.java:119)
	at com.kms.katalon.core.main.TestCaseExecutor.runScript(TestCaseExecutor.java:328)
	at com.kms.katalon.core.main.TestCaseExecutor.doExecute(TestCaseExecutor.java:319)
	at com.kms.katalon.core.main.TestCaseExecutor.processExecutionPhase(TestCaseExecutor.java:298)
	at com.kms.katalon.core.main.TestCaseExecutor.accessMainPhase(TestCaseExecutor.java:290)
	at com.kms.katalon.core.main.TestCaseExecutor.execute(TestCaseExecutor.java:224)
	at com.kms.katalon.core.main.TestSuiteExecutor.accessTestCaseMainPhase(TestSuiteExecutor.java:129)
	at com.kms.katalon.core.main.TestSuiteExecutor.accessTestSuiteMainPhase(TestSuiteExecutor.java:112)
	at com.kms.katalon.core.main.TestSuiteExecutor.execute(TestSuiteExecutor.java:81)
	at com.kms.katalon.core.main.TestCaseMain.startTestSuite(TestCaseMain.java:149)
	at com.kms.katalon.core.main.TestCaseMain$startTestSuite$0.call(Unknown Source)
	at TempTestSuite1548143918655.run(TempTestSuite1548143918655.groovy:36)
"/>
         <system-out><![CDATA[2019-01-22 09:58:41 - [TEST_CASE][FAILED] - Test Cases/Event Group Management/TC_Update: Test Cases/Event Group Management/TC_Update FAILED.
Reason:
com.kms.katalon.core.exception.StepFailedException: Unable to get attribute 'value' of object '' (Root cause: com.kms.katalon.core.webui.exception.WebElementNotFoundException: Web element with id: '' located by 'By.xpath: //*[@id="app-form"]//app-body//app-event-categories-management-details//form/div[3]/div/div/span/div/extended-input//div[2]/input' not found)
	at com.kms.katalon.core.keyword.internal.KeywordMain.stepFailed(KeywordMain.groovy:36)
	at com.kms.katalon.core.webui.keyword.internal.WebUIKeywordMain.stepFailed(WebUIKeywordMain.groovy:65)
	at com.kms.katalon.core.webui.keyword.internal.WebUIKeywordMain.runKeyword(WebUIKeywordMain.groovy:27)
	at com.kms.katalon.core.webui.keyword.builtin.GetAttributeKeyword.getAttribute(GetAttributeKeyword.groovy:93)
	at com.kms.katalon.core.webui.keyword.builtin.GetAttributeKeyword.execute(GetAttributeKeyword.groovy:68)
	at com.kms.katalon.core.keyword.internal.KeywordExecutor.executeKeywordForPlatform(KeywordExecutor.groovy:53)
	at com.kms.katalon.core.webui.keyword.WebUiBuiltInKeywords.getAttribute(WebUiBuiltInKeywords.groovy:921)
	at com.kms.katalon.core.webui.keyword.WebUiBuiltInKeywords$getAttribute$2.call(Unknown Source)
	at pk_Functions.CS_VerifyPageData.CheckMatching(CS_VerifyPageData.groovy:35)
	at pk_Functions.CS_VerifyPageData.invokeMethod(CS_VerifyPageData.groovy)
	at com.kms.katalon.core.main.CustomKeywordDelegatingMetaClass.invokeStaticMethod(CustomKeywordDelegatingMetaClass.java:49)
	at TC_Update.run(TC_Update:38)
	at com.kms.katalon.core.main.ScriptEngine.run(ScriptEngine.java:194)
	at com.kms.katalon.core.main.ScriptEngine.runScriptAsRawText(ScriptEngine.java:119)
	at com.kms.katalon.core.main.TestCaseExecutor.runScript(TestCaseExecutor.java:328)
	at com.kms.katalon.core.main.TestCaseExecutor.doExecute(TestCaseExecutor.java:319)
	at com.kms.katalon.core.main.TestCaseExecutor.processExecutionPhase(TestCaseExecutor.java:298)
	at com.kms.katalon.core.main.TestCaseExecutor.accessMainPhase(TestCaseExecutor.java:290)
	at com.kms.katalon.core.main.TestCaseExecutor.execute(TestCaseExecutor.java:224)
	at com.kms.katalon.core.main.TestSuiteExecutor.accessTestCaseMainPhase(TestSuiteExecutor.java:129)
	at com.kms.katalon.core.main.TestSuiteExecutor.accessTestSuiteMainPhase(TestSuiteExecutor.java:112)
	at com.kms.katalon.core.main.TestSuiteExecutor.execute(TestSuiteExecutor.java:81)
	at com.kms.katalon.core.main.TestCaseMain.startTestSuite(TestCaseMain.java:149)
	at com.kms.katalon.core.main.TestCaseMain$startTestSuite$0.call(Unknown Source)
	at TempTestSuite1548143918655.run(TempTestSuite1548143918655.groovy:36)


2019-01-22 09:58:42 - [TEST_STEP][PASSED] - pk_Functions.CS_Login.LoginFun(findTestObject(null), "http://192.168.0.190:8080/mof/#/", findTestObject("Login/Username"), findTestObject("Login/Password"), "AAttia", "123", findTestObject("Login/Login")): pk_Functions.CS_Login.LoginFun is PASSED

2019-01-22 09:58:42 - [MESSAGE][WARNING] - Test object id is null

2019-01-22 09:58:43 - [MESSAGE][INFO] - Starting 'Chrome' driver

2019-01-22 09:58:43 - [MESSAGE][INFO] - Action delay is set to 0 seconds

2019-01-22 09:59:10 - [MESSAGE][PASSED] - Browser is opened with url: 'http://192.168.0.190:8080/mof/#/'

2019-01-22 09:59:10 - [MESSAGE][PASSED] - Text 'AAttia' is set on object 'Object Repository/Login/Username'

2019-01-22 09:59:10 - [MESSAGE][PASSED] - Text '123' is set on object 'Object Repository/Login/Password'

2019-01-22 09:59:10 - [MESSAGE][PASSED] - Object: 'Object Repository/Login/Login' is clicked on

2019-01-22 09:59:10 - [MESSAGE][PASSED] - pk_Functions.CS_Login.LoginFun is PASSED

2019-01-22 09:59:10 - [TEST_STEP][PASSED] - click(findTestObject("NE_SideMenu")): Object: 'Object Repository/NE_SideMenu' is clicked on

2019-01-22 09:59:13 - [MESSAGE][PASSED] - Object: 'Object Repository/NE_SideMenu' is clicked on

2019-01-22 09:59:13 - [TEST_STEP][PASSED] - click(findTestObject("NE_EventGroupManagement")): Object: 'Object Repository/NE_EventGroupManagement' is clicked on

2019-01-22 09:59:13 - [MESSAGE][PASSED] - Object: 'Object Repository/NE_EventGroupManagement' is clicked on

2019-01-22 09:59:13 - [TEST_STEP][PASSED] - click(findTestObject("Search")): Object: 'Object Repository/Search' is clicked on

2019-01-22 09:59:13 - [MESSAGE][PASSED] - Object: 'Object Repository/Search' is clicked on

2019-01-22 09:59:13 - [TEST_STEP][PASSED] - delay(5): Delayed 5 second(s)

2019-01-22 09:59:18 - [MESSAGE][PASSED] - Delayed 5 second(s)

2019-01-22 09:59:18 - [TEST_STEP][PASSED] - pk_Functions.CS_SelectRecordFromWebtable_IPO.SelectRecordFromWebtableFun("xpath", "//*[@id="app-form"]//app-body//app-event-categories-management-layout//app-event-categories-management-list/p-panel//p-datatable/div/div[2]", "1", 0, 3, 2): pk_Functions.CS_SelectRecordFromWebtable_IPO.SelectRecordFromWebtableFun is PASSED

2019-01-22 09:59:23 - [MESSAGE][PASSED] - Delayed 4 second(s)

2019-01-22 09:59:27 - [MESSAGE][PASSED] - Delayed 4 second(s)

2019-01-22 09:59:27 - [MESSAGE][PASSED] - pk_Functions.CS_SelectRecordFromWebtable_IPO.SelectRecordFromWebtableFun is PASSED

2019-01-22 09:59:27 - [TEST_STEP][PASSED] - delay(5): Delayed 5 second(s)

2019-01-22 09:59:32 - [MESSAGE][PASSED] - Delayed 5 second(s)

2019-01-22 09:59:32 - [TEST_STEP][PASSED] - pk_Functions.CS_AllPageData.AllPageDataFun("Event Group Management/EventManagementGPUpdate_ObjectRepository", "Sheet1", [ArabicDescription, EnglishDescription, Save, Back]): pk_Functions.CS_AllPageData.AllPageDataFun is PASSED

2019-01-22 09:59:36 - [MESSAGE][PASSED] - Delayed 2 second(s)

2019-01-22 09:59:36 - [MESSAGE][PASSED] - Text 'Venice' is set on object ''

2019-01-22 09:59:38 - [MESSAGE][PASSED] - Delayed 2 second(s)

2019-01-22 09:59:38 - [MESSAGE][PASSED] - Text 'Rome' is set on object ''

2019-01-22 09:59:40 - [MESSAGE][PASSED] - Delayed 2 second(s)

2019-01-22 09:59:41 - [MESSAGE][PASSED] - Object: '' is clicked on

2019-01-22 09:59:43 - [MESSAGE][PASSED] - Delayed 2 second(s)

2019-01-22 09:59:43 - [MESSAGE][PASSED] - Object: '' is clicked on

2019-01-22 09:59:43 - [MESSAGE][PASSED] - pk_Functions.CS_AllPageData.AllPageDataFun is PASSED

2019-01-22 09:59:43 - [TEST_STEP][PASSED] - pk_Functions.CS_SelectRecordFromWebtable_IPO.SelectRecordFromWebtableFun("xpath", "//*[@id="app-form"]//app-body//app-event-categories-management-layout//app-event-categories-management-list/p-panel//p-datatable/div/div[2]", "1", 0, 3, 1): pk_Functions.CS_SelectRecordFromWebtable_IPO.SelectRecordFromWebtableFun is PASSED

2019-01-22 09:59:43 - [MESSAGE][PASSED] - pk_Functions.CS_SelectRecordFromWebtable_IPO.SelectRecordFromWebtableFun is PASSED

2019-01-22 09:59:43 - [TEST_STEP][FAILED] - pk_Functions.CS_VerifyPageData.CheckMatching("Event Group Management/EventManagementGPUpdate_ObjectRepository", "Sheet1", "Event Group Management/EventManagemntGPUpdate_Data"): pk_Functions.CS_VerifyPageData.CheckMatching("Event Group Management/EventManagementGPUpdate_ObjectRepository", "Sheet1", "Event Group Management/EventManagemntGPUpdate_Data") FAILED.
Reason:
com.kms.katalon.core.exception.StepFailedException: Unable to get attribute 'value' of object '' (Root cause: com.kms.katalon.core.webui.exception.WebElementNotFoundException: Web element with id: '' located by 'By.xpath: //*[@id="app-form"]//app-body//app-event-categories-management-details//form/div[3]/div/div/span/div/extended-input//div[2]/input' not found)
	at com.kms.katalon.core.keyword.internal.KeywordMain.stepFailed(KeywordMain.groovy:36)
	at com.kms.katalon.core.webui.keyword.internal.WebUIKeywordMain.stepFailed(WebUIKeywordMain.groovy:65)
	at com.kms.katalon.core.webui.keyword.internal.WebUIKeywordMain.runKeyword(WebUIKeywordMain.groovy:27)
	at com.kms.katalon.core.webui.keyword.builtin.GetAttributeKeyword.getAttribute(GetAttributeKeyword.groovy:93)
	at com.kms.katalon.core.webui.keyword.builtin.GetAttributeKeyword.execute(GetAttributeKeyword.groovy:68)
	at com.kms.katalon.core.keyword.internal.KeywordExecutor.executeKeywordForPlatform(KeywordExecutor.groovy:53)
	at com.kms.katalon.core.webui.keyword.WebUiBuiltInKeywords.getAttribute(WebUiBuiltInKeywords.groovy:921)
	at com.kms.katalon.core.webui.keyword.WebUiBuiltInKeywords$getAttribute$2.call(Unknown Source)
	at pk_Functions.CS_VerifyPageData.CheckMatching(CS_VerifyPageData.groovy:35)
	at pk_Functions.CS_VerifyPageData.invokeMethod(CS_VerifyPageData.groovy)
	at com.kms.katalon.core.main.CustomKeywordDelegatingMetaClass.invokeStaticMethod(CustomKeywordDelegatingMetaClass.java:49)
	at TC_Update.run(TC_Update:38)
	at com.kms.katalon.core.main.ScriptEngine.run(ScriptEngine.java:194)
	at com.kms.katalon.core.main.ScriptEngine.runScriptAsRawText(ScriptEngine.java:119)
	at com.kms.katalon.core.main.TestCaseExecutor.runScript(TestCaseExecutor.java:328)
	at com.kms.katalon.core.main.TestCaseExecutor.doExecute(TestCaseExecutor.java:319)
	at com.kms.katalon.core.main.TestCaseExecutor.processExecutionPhase(TestCaseExecutor.java:298)
	at com.kms.katalon.core.main.TestCaseExecutor.accessMainPhase(TestCaseExecutor.java:290)
	at com.kms.katalon.core.main.TestCaseExecutor.execute(TestCaseExecutor.java:224)
	at com.kms.katalon.core.main.TestSuiteExecutor.accessTestCaseMainPhase(TestSuiteExecutor.java:129)
	at com.kms.katalon.core.main.TestSuiteExecutor.accessTestSuiteMainPhase(TestSuiteExecutor.java:112)
	at com.kms.katalon.core.main.TestSuiteExecutor.execute(TestSuiteExecutor.java:81)
	at com.kms.katalon.core.main.TestCaseMain.startTestSuite(TestCaseMain.java:149)
	at com.kms.katalon.core.main.TestCaseMain$startTestSuite$0.call(Unknown Source)
	at TempTestSuite1548143918655.run(TempTestSuite1548143918655.groovy:36)


2019-01-22 10:00:14 - [MESSAGE][INFO] - Unable to find the element located by 'By.xpath: //*[@id="app-form"]//app-body//app-event-categories-management-details//form/div[3]/div/div/span/div/extended-input//div[2]/input'. Please recheck the objects properties to make sure the desired element is located. 

2019-01-22 10:00:14 - [MESSAGE][FAILED] - Unable to get attribute 'value' of object '' (Root cause: com.kms.katalon.core.webui.exception.WebElementNotFoundException: Web element with id: '' located by 'By.xpath: //*[@id="app-form"]//app-body//app-event-categories-management-details//form/div[3]/div/div/span/div/extended-input//div[2]/input' not found)
[[ATTACHMENT|C:\\Users\\Administrator\\git\\MOF\\Reports\\Event Group Management\\TS_Event Group Management\\20190122_095838\\1548144014246.png]]

2019-01-22 10:00:14 - [MESSAGE][FAILED] - Unable to get attribute 'value' of object '' (Root cause: com.kms.katalon.core.webui.exception.WebElementNotFoundException: Web element with id: '' located by 'By.xpath: //*[@id="app-form"]//app-body//app-event-categories-management-details//form/div[3]/div/div/span/div/extended-input//div[2]/input' not found)

2019-01-22 10:00:14 - [MESSAGE][FAILED] - pk_Functions.CS_VerifyPageData.CheckMatching("Event Group Management/EventManagementGPUpdate_ObjectRepository", "Sheet1", "Event Group Management/EventManagemntGPUpdate_Data") FAILED.
Reason:
com.kms.katalon.core.exception.StepFailedException: Unable to get attribute 'value' of object '' (Root cause: com.kms.katalon.core.webui.exception.WebElementNotFoundException: Web element with id: '' located by 'By.xpath: //*[@id="app-form"]//app-body//app-event-categories-management-details//form/div[3]/div/div/span/div/extended-input//div[2]/input' not found)
	at com.kms.katalon.core.keyword.internal.KeywordMain.stepFailed(KeywordMain.groovy:36)
	at com.kms.katalon.core.webui.keyword.internal.WebUIKeywordMain.stepFailed(WebUIKeywordMain.groovy:65)
	at com.kms.katalon.core.webui.keyword.internal.WebUIKeywordMain.runKeyword(WebUIKeywordMain.groovy:27)
	at com.kms.katalon.core.webui.keyword.builtin.GetAttributeKeyword.getAttribute(GetAttributeKeyword.groovy:93)
	at com.kms.katalon.core.webui.keyword.builtin.GetAttributeKeyword.execute(GetAttributeKeyword.groovy:68)
	at com.kms.katalon.core.keyword.internal.KeywordExecutor.executeKeywordForPlatform(KeywordExecutor.groovy:53)
	at com.kms.katalon.core.webui.keyword.WebUiBuiltInKeywords.getAttribute(WebUiBuiltInKeywords.groovy:921)
	at com.kms.katalon.core.webui.keyword.WebUiBuiltInKeywords$getAttribute$2.call(Unknown Source)
	at pk_Functions.CS_VerifyPageData.CheckMatching(CS_VerifyPageData.groovy:35)
	at pk_Functions.CS_VerifyPageData.invokeMethod(CS_VerifyPageData.groovy)
	at com.kms.katalon.core.main.CustomKeywordDelegatingMetaClass.invokeStaticMethod(CustomKeywordDelegatingMetaClass.java:49)
	at TC_Update.run(TC_Update:38)
	at com.kms.katalon.core.main.ScriptEngine.run(ScriptEngine.java:194)
	at com.kms.katalon.core.main.ScriptEngine.runScriptAsRawText(ScriptEngine.java:119)
	at com.kms.katalon.core.main.TestCaseExecutor.runScript(TestCaseExecutor.java:328)
	at com.kms.katalon.core.main.TestCaseExecutor.doExecute(TestCaseExecutor.java:319)
	at com.kms.katalon.core.main.TestCaseExecutor.processExecutionPhase(TestCaseExecutor.java:298)
	at com.kms.katalon.core.main.TestCaseExecutor.accessMainPhase(TestCaseExecutor.java:290)
	at com.kms.katalon.core.main.TestCaseExecutor.execute(TestCaseExecutor.java:224)
	at com.kms.katalon.core.main.TestSuiteExecutor.accessTestCaseMainPhase(TestSuiteExecutor.java:129)
	at com.kms.katalon.core.main.TestSuiteExecutor.accessTestSuiteMainPhase(TestSuiteExecutor.java:112)
	at com.kms.katalon.core.main.TestSuiteExecutor.execute(TestSuiteExecutor.java:81)
	at com.kms.katalon.core.main.TestCaseMain.startTestSuite(TestCaseMain.java:149)
	at com.kms.katalon.core.main.TestCaseMain$startTestSuite$0.call(Unknown Source)
	at TempTestSuite1548143918655.run(TempTestSuite1548143918655.groovy:36)]]></system-out>
         <system-err><![CDATA[2019-01-22 09:58:41 - [TEST_CASE][FAILED] - Test Cases/Event Group Management/TC_Update: Test Cases/Event Group Management/TC_Update FAILED.
Reason:
com.kms.katalon.core.exception.StepFailedException: Unable to get attribute 'value' of object '' (Root cause: com.kms.katalon.core.webui.exception.WebElementNotFoundException: Web element with id: '' located by 'By.xpath: //*[@id="app-form"]//app-body//app-event-categories-management-details//form/div[3]/div/div/span/div/extended-input//div[2]/input' not found)
	at com.kms.katalon.core.keyword.internal.KeywordMain.stepFailed(KeywordMain.groovy:36)
	at com.kms.katalon.core.webui.keyword.internal.WebUIKeywordMain.stepFailed(WebUIKeywordMain.groovy:65)
	at com.kms.katalon.core.webui.keyword.internal.WebUIKeywordMain.runKeyword(WebUIKeywordMain.groovy:27)
	at com.kms.katalon.core.webui.keyword.builtin.GetAttributeKeyword.getAttribute(GetAttributeKeyword.groovy:93)
	at com.kms.katalon.core.webui.keyword.builtin.GetAttributeKeyword.execute(GetAttributeKeyword.groovy:68)
	at com.kms.katalon.core.keyword.internal.KeywordExecutor.executeKeywordForPlatform(KeywordExecutor.groovy:53)
	at com.kms.katalon.core.webui.keyword.WebUiBuiltInKeywords.getAttribute(WebUiBuiltInKeywords.groovy:921)
	at com.kms.katalon.core.webui.keyword.WebUiBuiltInKeywords$getAttribute$2.call(Unknown Source)
	at pk_Functions.CS_VerifyPageData.CheckMatching(CS_VerifyPageData.groovy:35)
	at pk_Functions.CS_VerifyPageData.invokeMethod(CS_VerifyPageData.groovy)
	at com.kms.katalon.core.main.CustomKeywordDelegatingMetaClass.invokeStaticMethod(CustomKeywordDelegatingMetaClass.java:49)
	at TC_Update.run(TC_Update:38)
	at com.kms.katalon.core.main.ScriptEngine.run(ScriptEngine.java:194)
	at com.kms.katalon.core.main.ScriptEngine.runScriptAsRawText(ScriptEngine.java:119)
	at com.kms.katalon.core.main.TestCaseExecutor.runScript(TestCaseExecutor.java:328)
	at com.kms.katalon.core.main.TestCaseExecutor.doExecute(TestCaseExecutor.java:319)
	at com.kms.katalon.core.main.TestCaseExecutor.processExecutionPhase(TestCaseExecutor.java:298)
	at com.kms.katalon.core.main.TestCaseExecutor.accessMainPhase(TestCaseExecutor.java:290)
	at com.kms.katalon.core.main.TestCaseExecutor.execute(TestCaseExecutor.java:224)
	at com.kms.katalon.core.main.TestSuiteExecutor.accessTestCaseMainPhase(TestSuiteExecutor.java:129)
	at com.kms.katalon.core.main.TestSuiteExecutor.accessTestSuiteMainPhase(TestSuiteExecutor.java:112)
	at com.kms.katalon.core.main.TestSuiteExecutor.execute(TestSuiteExecutor.java:81)
	at com.kms.katalon.core.main.TestCaseMain.startTestSuite(TestCaseMain.java:149)
	at com.kms.katalon.core.main.TestCaseMain$startTestSuite$0.call(Unknown Source)
	at TempTestSuite1548143918655.run(TempTestSuite1548143918655.groovy:36)]]></system-err>
      </testcase>
      <system-out><![CDATA[2019-01-22 09:58:41 - [TEST_SUITE][FAILED] - TS_Event Group Management: Test Cases/Event Group Management/TC_Update FAILED.
Reason:
com.kms.katalon.core.exception.StepFailedException: Unable to get attribute 'value' of object '' (Root cause: com.kms.katalon.core.webui.exception.WebElementNotFoundException: Web element with id: '' located by 'By.xpath: //*[@id="app-form"]//app-body//app-event-categories-management-details//form/div[3]/div/div/span/div/extended-input//div[2]/input' not found)
	at com.kms.katalon.core.keyword.internal.KeywordMain.stepFailed(KeywordMain.groovy:36)
	at com.kms.katalon.core.webui.keyword.internal.WebUIKeywordMain.stepFailed(WebUIKeywordMain.groovy:65)
	at com.kms.katalon.core.webui.keyword.internal.WebUIKeywordMain.runKeyword(WebUIKeywordMain.groovy:27)
	at com.kms.katalon.core.webui.keyword.builtin.GetAttributeKeyword.getAttribute(GetAttributeKeyword.groovy:93)
	at com.kms.katalon.core.webui.keyword.builtin.GetAttributeKeyword.execute(GetAttributeKeyword.groovy:68)
	at com.kms.katalon.core.keyword.internal.KeywordExecutor.executeKeywordForPlatform(KeywordExecutor.groovy:53)
	at com.kms.katalon.core.webui.keyword.WebUiBuiltInKeywords.getAttribute(WebUiBuiltInKeywords.groovy:921)
	at com.kms.katalon.core.webui.keyword.WebUiBuiltInKeywords$getAttribute$2.call(Unknown Source)
	at pk_Functions.CS_VerifyPageData.CheckMatching(CS_VerifyPageData.groovy:35)
	at pk_Functions.CS_VerifyPageData.invokeMethod(CS_VerifyPageData.groovy)
	at com.kms.katalon.core.main.CustomKeywordDelegatingMetaClass.invokeStaticMethod(CustomKeywordDelegatingMetaClass.java:49)
	at TC_Update.run(TC_Update:38)
	at com.kms.katalon.core.main.ScriptEngine.run(ScriptEngine.java:194)
	at com.kms.katalon.core.main.ScriptEngine.runScriptAsRawText(ScriptEngine.java:119)
	at com.kms.katalon.core.main.TestCaseExecutor.runScript(TestCaseExecutor.java:328)
	at com.kms.katalon.core.main.TestCaseExecutor.doExecute(TestCaseExecutor.java:319)
	at com.kms.katalon.core.main.TestCaseExecutor.processExecutionPhase(TestCaseExecutor.java:298)
	at com.kms.katalon.core.main.TestCaseExecutor.accessMainPhase(TestCaseExecutor.java:290)
	at com.kms.katalon.core.main.TestCaseExecutor.execute(TestCaseExecutor.java:224)
	at com.kms.katalon.core.main.TestSuiteExecutor.accessTestCaseMainPhase(TestSuiteExecutor.java:129)
	at com.kms.katalon.core.main.TestSuiteExecutor.accessTestSuiteMainPhase(TestSuiteExecutor.java:112)
	at com.kms.katalon.core.main.TestSuiteExecutor.execute(TestSuiteExecutor.java:81)
	at com.kms.katalon.core.main.TestCaseMain.startTestSuite(TestCaseMain.java:149)
	at com.kms.katalon.core.main.TestCaseMain$startTestSuite$0.call(Unknown Source)
	at TempTestSuite1548143918655.run(TempTestSuite1548143918655.groovy:36)]]></system-out>
      <system-err><![CDATA[2019-01-22 09:58:41 - [TEST_SUITE][FAILED] - TS_Event Group Management: Test Cases/Event Group Management/TC_Update FAILED.
Reason:
com.kms.katalon.core.exception.StepFailedException: Unable to get attribute 'value' of object '' (Root cause: com.kms.katalon.core.webui.exception.WebElementNotFoundException: Web element with id: '' located by 'By.xpath: //*[@id="app-form"]//app-body//app-event-categories-management-details//form/div[3]/div/div/span/div/extended-input//div[2]/input' not found)
	at com.kms.katalon.core.keyword.internal.KeywordMain.stepFailed(KeywordMain.groovy:36)
	at com.kms.katalon.core.webui.keyword.internal.WebUIKeywordMain.stepFailed(WebUIKeywordMain.groovy:65)
	at com.kms.katalon.core.webui.keyword.internal.WebUIKeywordMain.runKeyword(WebUIKeywordMain.groovy:27)
	at com.kms.katalon.core.webui.keyword.builtin.GetAttributeKeyword.getAttribute(GetAttributeKeyword.groovy:93)
	at com.kms.katalon.core.webui.keyword.builtin.GetAttributeKeyword.execute(GetAttributeKeyword.groovy:68)
	at com.kms.katalon.core.keyword.internal.KeywordExecutor.executeKeywordForPlatform(KeywordExecutor.groovy:53)
	at com.kms.katalon.core.webui.keyword.WebUiBuiltInKeywords.getAttribute(WebUiBuiltInKeywords.groovy:921)
	at com.kms.katalon.core.webui.keyword.WebUiBuiltInKeywords$getAttribute$2.call(Unknown Source)
	at pk_Functions.CS_VerifyPageData.CheckMatching(CS_VerifyPageData.groovy:35)
	at pk_Functions.CS_VerifyPageData.invokeMethod(CS_VerifyPageData.groovy)
	at com.kms.katalon.core.main.CustomKeywordDelegatingMetaClass.invokeStaticMethod(CustomKeywordDelegatingMetaClass.java:49)
	at TC_Update.run(TC_Update:38)
	at com.kms.katalon.core.main.ScriptEngine.run(ScriptEngine.java:194)
	at com.kms.katalon.core.main.ScriptEngine.runScriptAsRawText(ScriptEngine.java:119)
	at com.kms.katalon.core.main.TestCaseExecutor.runScript(TestCaseExecutor.java:328)
	at com.kms.katalon.core.main.TestCaseExecutor.doExecute(TestCaseExecutor.java:319)
	at com.kms.katalon.core.main.TestCaseExecutor.processExecutionPhase(TestCaseExecutor.java:298)
	at com.kms.katalon.core.main.TestCaseExecutor.accessMainPhase(TestCaseExecutor.java:290)
	at com.kms.katalon.core.main.TestCaseExecutor.execute(TestCaseExecutor.java:224)
	at com.kms.katalon.core.main.TestSuiteExecutor.accessTestCaseMainPhase(TestSuiteExecutor.java:129)
	at com.kms.katalon.core.main.TestSuiteExecutor.accessTestSuiteMainPhase(TestSuiteExecutor.java:112)
	at com.kms.katalon.core.main.TestSuiteExecutor.execute(TestSuiteExecutor.java:81)
	at com.kms.katalon.core.main.TestCaseMain.startTestSuite(TestCaseMain.java:149)
	at com.kms.katalon.core.main.TestCaseMain$startTestSuite$0.call(Unknown Source)
	at TempTestSuite1548143918655.run(TempTestSuite1548143918655.groovy:36)]]></system-err>
   </testsuite>
</testsuites>
