<?xml version="1.0" encoding="UTF-8"?>
<testsuites name="TS_ClickUpdate_Delete" time="104" tests="7" failures="1" errors="0">
   <testsuite name="TS_ClickUpdate_Delete" tests="7" failures="1" errors="0" time="104" timestamp="2019-02-13 14:52:09" hostname="Ebtehal Gamal Yusuf - LPALXY0199.ejadaalex.local" id="Test Suites/Event Group Management/TS_ClickUpdate_Delete">
      <properties>
         <property name="deviceName" value=""/>
         <property name="devicePlatform" value=""/>
         <property name="logFolder" value="C:\\Users\\Administrator\\git\\MOF\\Reports\\Event Group Management\\TS_ClickUpdate_Delete\\20190213_145207"/>
         <property name="logFiles" value="C:\\Users\\Administrator\\git\\MOF\\Reports\\Event Group Management\\TS_ClickUpdate_Delete\\20190213_145207\\execution0.log"/>
         <property name="attachments" value=""/>
         <property name="hostName" value="Ebtehal Gamal Yusuf - LPALXY0199.ejadaalex.local"/>
         <property name="os" value="Windows 7 64bit"/>
         <property name="katalonVersion" value="5.10.1.1"/>
         <property name="browser" value="Chrome 72.0.3626.96"/>
         <property name="hostAddress" value="192.168.3.51"/>
         <property name="sessionId" value="72b078da4c64cfa0baee468524b61a69"/>
         <property name="seleniumVersion" value="3.7.1"/>
         <property name="proxyInformation" value="ProxyInformation{proxyOption=NO_PROXY, proxyServerType=HTTP, password=, proxyServerAddress=, proxyServerPort=0}"/>
         <property name="platform" value="Windows 7"/>
      </properties>
      <testcase name="Test Cases/TC_Login" classname="Test Cases/TC_Login" status="PASSED">
         <system-out><![CDATA[2019-02-13 14:52:10 - [TEST_CASE][PASSED] - Test Cases/TC_Login: Test Cases/TC_Login

2019-02-13 14:52:10 - [TEST_STEP][PASSED] - pk_Functions.CS_Login.LoginFun(findTestObject(null), "http://192.168.0.190:8080/mof/#/", findTestObject("Login/Username"), findTestObject("Login/Password"), "AAttia", "123", findTestObject("Login/Login")): pk_Functions.CS_Login.LoginFun is PASSED

2019-02-13 14:52:10 - [MESSAGE][WARNING] - Test object id is null

2019-02-13 14:52:11 - [MESSAGE][INFO] - Starting 'Chrome' driver

2019-02-13 14:52:11 - [MESSAGE][INFO] - Action delay is set to 0 seconds

2019-02-13 14:52:25 - [MESSAGE][PASSED] - Browser is opened with url: 'http://192.168.0.190:8080/mof/#/'

2019-02-13 14:52:25 - [MESSAGE][PASSED] - Text 'AAttia' is set on object 'Object Repository/Login/Username'

2019-02-13 14:52:25 - [MESSAGE][PASSED] - Text '123' is set on object 'Object Repository/Login/Password'

2019-02-13 14:52:26 - [MESSAGE][PASSED] - Object: 'Object Repository/Login/Login' is clicked on

2019-02-13 14:52:26 - [MESSAGE][PASSED] - pk_Functions.CS_Login.LoginFun is PASSED]]></system-out>
         <system-err><![CDATA[]]></system-err>
      </testcase>
      <testcase name="Test Cases/Event Group Management/TC_Select_Screen" classname="Test Cases/Event Group Management/TC_Select_Screen" status="PASSED">
         <system-out><![CDATA[2019-02-13 14:52:26 - [TEST_CASE][PASSED] - Test Cases/Event Group Management/TC_Select_Screen: Test Cases/Event Group Management/TC_Select_Screen

2019-02-13 14:52:26 - [TEST_STEP][PASSED] - click(findTestObject("NE_SideMenu")): Object: 'Object Repository/NE_SideMenu' is clicked on

2019-02-13 14:52:29 - [MESSAGE][PASSED] - Object: 'Object Repository/NE_SideMenu' is clicked on

2019-02-13 14:52:29 - [TEST_STEP][PASSED] - click(findTestObject("NE_EventGroupManagement")): Object: 'Object Repository/NE_EventGroupManagement' is clicked on

2019-02-13 14:52:29 - [MESSAGE][PASSED] - Object: 'Object Repository/NE_EventGroupManagement' is clicked on

2019-02-13 14:52:29 - [TEST_STEP][PASSED] - click(findTestObject("Event Group Managemnt/BTN_Search")): Object: 'Object Repository/Event Group Managemnt/BTN_Search' is clicked on

2019-02-13 14:52:30 - [MESSAGE][PASSED] - Object: 'Object Repository/Event Group Managemnt/BTN_Search' is clicked on

2019-02-13 14:52:30 - [TEST_STEP][PASSED] - delay(2): Delayed 2 second(s)

2019-02-13 14:52:32 - [MESSAGE][PASSED] - Delayed 2 second(s)]]></system-out>
         <system-err><![CDATA[]]></system-err>
      </testcase>
      <testcase name="Test Cases/Event Group Management/TC_Click on Search Button" classname="Test Cases/Event Group Management/TC_Click on Search Button" status="PASSED">
         <system-out><![CDATA[2019-02-13 14:52:32 - [TEST_CASE][PASSED] - Test Cases/Event Group Management/TC_Click on Search Button: Test Cases/Event Group Management/TC_Click on Search Button

2019-02-13 14:52:33 - [TEST_STEP][PASSED] - click(findTestObject("Event Group Managemnt/BTN_Clear")): Object: 'Object Repository/Event Group Managemnt/BTN_Clear' is clicked on

2019-02-13 14:52:33 - [MESSAGE][PASSED] - Object: 'Object Repository/Event Group Managemnt/BTN_Clear' is clicked on

2019-02-13 14:52:33 - [TEST_STEP][PASSED] - delay(2): Delayed 2 second(s)

2019-02-13 14:52:35 - [MESSAGE][PASSED] - Delayed 2 second(s)

2019-02-13 14:52:35 - [TEST_STEP][PASSED] - click(findTestObject("Event Group Managemnt/BTN_Search")): Object: 'Object Repository/Event Group Managemnt/BTN_Search' is clicked on

2019-02-13 14:52:35 - [MESSAGE][PASSED] - Object: 'Object Repository/Event Group Managemnt/BTN_Search' is clicked on

2019-02-13 14:52:35 - [TEST_STEP][PASSED] - delay(1): Delayed 1 second(s)

2019-02-13 14:52:36 - [MESSAGE][PASSED] - Delayed 1 second(s)]]></system-out>
         <system-err><![CDATA[]]></system-err>
      </testcase>
      <testcase name="Test Cases/Event Group Management/TC_View_Records" classname="Test Cases/Event Group Management/TC_View_Records" status="PASSED">
         <system-out><![CDATA[2019-02-13 14:52:36 - [TEST_CASE][PASSED] - Test Cases/Event Group Management/TC_View_Records: Test Cases/Event Group Management/TC_View_Records

2019-02-13 14:52:36 - [TEST_STEP][PASSED] - if (ActionType == "ViewYes"): Object: 'Object Repository/Event Group Managemnt/BTN_Back (1)' is clicked on

2019-02-13 14:52:36 - [TEST_STEP][PASSED] - delay(1): Delayed 1 second(s)

2019-02-13 14:52:37 - [MESSAGE][PASSED] - Delayed 1 second(s)

2019-02-13 14:52:37 - [TEST_STEP][PASSED] - pk_Functions.CS_ClickingonUpdateorDeletebuttonwithpagination.SelectRecordFromWebtableFun(ActionType, 0, 3, "Event Group Management/MOF_NE_Event Group ManagementObjectRepository", "Sheet1", Code): pk_Functions.CS_ClickingonUpdateorDeletebuttonwithpagination.SelectRecordFromWebtableFun is PASSED

2019-02-13 14:52:39 - [MESSAGE][PASSED] - Object: '' is clicked on

2019-02-13 14:52:41 - [MESSAGE][PASSED] - Delayed 2 second(s)

2019-02-13 14:52:43 - [MESSAGE][PASSED] - Delayed 2 second(s)

2019-02-13 14:52:43 - [MESSAGE][PASSED] - Attribute 'tabindex' of object '' is: '0'

2019-02-13 14:52:43 - [MESSAGE][PASSED] - Attribute 'tabindex' of object '' is: '0'

2019-02-13 14:52:45 - [MESSAGE][PASSED] - Delayed 2 second(s)

2019-02-13 14:52:46 - [MESSAGE][PASSED] - Delayed 1 second(s)

2019-02-13 14:52:47 - [MESSAGE][PASSED] - Delayed 1 second(s)

2019-02-13 14:52:48 - [MESSAGE][PASSED] - Delayed 1 second(s)

2019-02-13 14:52:49 - [MESSAGE][PASSED] - Delayed 1 second(s)

2019-02-13 14:52:50 - [MESSAGE][PASSED] - Delayed 1 second(s)

2019-02-13 14:52:51 - [MESSAGE][PASSED] - Delayed 1 second(s)

2019-02-13 14:52:52 - [MESSAGE][PASSED] - Delayed 1 second(s)

2019-02-13 14:52:53 - [MESSAGE][PASSED] - Delayed 1 second(s)

2019-02-13 14:52:54 - [MESSAGE][PASSED] - Delayed 1 second(s)

2019-02-13 14:52:55 - [MESSAGE][PASSED] - Delayed 1 second(s)

2019-02-13 14:52:56 - [MESSAGE][PASSED] - Delayed 1 second(s)

2019-02-13 14:52:57 - [MESSAGE][PASSED] - Delayed 1 second(s)

2019-02-13 14:52:58 - [MESSAGE][PASSED] - Delayed 1 second(s)

2019-02-13 14:52:58 - [MESSAGE][PASSED] - Attribute 'tabindex' of object '' is: '0'

2019-02-13 14:53:00 - [MESSAGE][PASSED] - Delayed 2 second(s)

2019-02-13 14:53:00 - [MESSAGE][PASSED] - Object: '' is clicked on

2019-02-13 14:53:01 - [MESSAGE][PASSED] - Delayed 1 second(s)

2019-02-13 14:53:02 - [MESSAGE][PASSED] - Delayed 1 second(s)

2019-02-13 14:53:03 - [MESSAGE][PASSED] - Delayed 1 second(s)

2019-02-13 14:53:04 - [MESSAGE][PASSED] - Delayed 1 second(s)

2019-02-13 14:53:06 - [MESSAGE][PASSED] - Delayed 1 second(s)

2019-02-13 14:53:07 - [MESSAGE][PASSED] - Delayed 1 second(s)

2019-02-13 14:53:08 - [MESSAGE][PASSED] - Delayed 1 second(s)

2019-02-13 14:53:09 - [MESSAGE][PASSED] - Delayed 1 second(s)

2019-02-13 14:53:10 - [MESSAGE][PASSED] - Delayed 1 second(s)

2019-02-13 14:53:11 - [MESSAGE][PASSED] - Delayed 1 second(s)

2019-02-13 14:53:11 - [MESSAGE][PASSED] - pk_Functions.CS_ClickingonUpdateorDeletebuttonwithpagination.SelectRecordFromWebtableFun is PASSED

2019-02-13 14:53:11 - [TEST_STEP][PASSED] - delay(2): Delayed 2 second(s)

2019-02-13 14:53:13 - [MESSAGE][PASSED] - Delayed 2 second(s)

2019-02-13 14:53:13 - [TEST_STEP][PASSED] - pk_Functions.CS_VerifyPageData.CheckMatching(["Arabic Description", "English Description"], "Event Group Management/MOF_NE_Event Group ManagementObjectRepository", "Sheet1", [ArabicDescription, EnglishDescription]): pk_Functions.CS_VerifyPageData.CheckMatching is PASSED

2019-02-13 14:53:13 - [MESSAGE][PASSED] - Attribute 'ng-reflect-model' of object '' is: 'English Description_1'

2019-02-13 14:53:13 - [MESSAGE][PASSED] - Actual text 'English Description_1' and expected text 'English Description_1' are matched 

2019-02-13 14:53:13 - [MESSAGE][PASSED] - Attribute 'ng-reflect-model' of object '' is: 'English Description_123'

2019-02-13 14:53:13 - [MESSAGE][PASSED] - Actual text 'English Description_123' and expected text 'English Description_123' are matched 

2019-02-13 14:53:13 - [MESSAGE][PASSED] - pk_Functions.CS_VerifyPageData.CheckMatching is PASSED

2019-02-13 14:53:13 - [TEST_STEP][PASSED] - delay(2): Delayed 2 second(s)

2019-02-13 14:53:15 - [MESSAGE][PASSED] - Delayed 2 second(s)

2019-02-13 14:53:15 - [TEST_STEP][PASSED] - click(findTestObject("Event Group Managemnt/BTN_Back (1)")): Object: 'Object Repository/Event Group Managemnt/BTN_Back (1)' is clicked on

2019-02-13 14:53:15 - [MESSAGE][PASSED] - Object: 'Object Repository/Event Group Managemnt/BTN_Back (1)' is clicked on]]></system-out>
         <system-err><![CDATA[]]></system-err>
      </testcase>
      <testcase name="Test Cases/Event Group Management/TC_View_Records" classname="Test Cases/Event Group Management/TC_View_Records" status="PASSED">
         <system-out><![CDATA[2019-02-13 14:53:15 - [TEST_CASE][PASSED] - Test Cases/Event Group Management/TC_View_Records: Test Cases/Event Group Management/TC_View_Records

2019-02-13 14:53:15 - [TEST_STEP][PASSED] - if (ActionType == "ViewYes"): null]]></system-out>
         <system-err><![CDATA[]]></system-err>
      </testcase>
      <testcase name="Test Cases/Event Group Management/TC_View_Records" classname="Test Cases/Event Group Management/TC_View_Records" status="FAILED">
         <failure type="FAILED" message="Test Cases/Event Group Management/TC_View_Records FAILED.
Reason:
com.kms.katalon.core.exception.StepFailedException: Unable to verify match between actual text 'English Description_4' and expected text 'English Description_3' (Root cause: com.kms.katalon.core.exception.StepFailedException: Actual text 'English Description_4' and expected text 'English Description_3' are not matched)
	at com.kms.katalon.core.keyword.internal.KeywordMain.stepFailed(KeywordMain.groovy:36)
	at com.kms.katalon.core.keyword.internal.KeywordMain.stepFailed(KeywordMain.groovy)
	at com.kms.katalon.core.keyword.internal.KeywordMain.runKeyword(KeywordMain.groovy:56)
	at com.kms.katalon.core.keyword.builtin.VerifyMatchKeyword.verifyMatch(VerifyMatchKeyword.groovy:60)
	at com.kms.katalon.core.keyword.builtin.VerifyMatchKeyword.execute(VerifyMatchKeyword.groovy:45)
	at com.kms.katalon.core.keyword.internal.KeywordExecutor.executeKeywordForPlatform(KeywordExecutor.groovy:53)
	at com.kms.katalon.core.keyword.BuiltinKeywords.verifyMatch(BuiltinKeywords.groovy:73)
	at pk_Functions.CS_VerifyPageData.CheckMatching(CS_VerifyPageData.groovy:40)
	at pk_Functions.CS_VerifyPageData.invokeMethod(CS_VerifyPageData.groovy)
	at com.kms.katalon.core.main.CustomKeywordDelegatingMetaClass.invokeStaticMethod(CustomKeywordDelegatingMetaClass.java:49)
	at TC_View_Records.run(TC_View_Records:25)
	at com.kms.katalon.core.main.ScriptEngine.run(ScriptEngine.java:194)
	at com.kms.katalon.core.main.ScriptEngine.runScriptAsRawText(ScriptEngine.java:119)
	at com.kms.katalon.core.main.TestCaseExecutor.runScript(TestCaseExecutor.java:328)
	at com.kms.katalon.core.main.TestCaseExecutor.doExecute(TestCaseExecutor.java:319)
	at com.kms.katalon.core.main.TestCaseExecutor.processExecutionPhase(TestCaseExecutor.java:298)
	at com.kms.katalon.core.main.TestCaseExecutor.accessMainPhase(TestCaseExecutor.java:290)
	at com.kms.katalon.core.main.TestCaseExecutor.execute(TestCaseExecutor.java:224)
	at com.kms.katalon.core.main.TestSuiteExecutor.accessTestCaseMainPhase(TestSuiteExecutor.java:129)
	at com.kms.katalon.core.main.TestSuiteExecutor.accessTestSuiteMainPhase(TestSuiteExecutor.java:112)
	at com.kms.katalon.core.main.TestSuiteExecutor.execute(TestSuiteExecutor.java:81)
	at com.kms.katalon.core.main.TestCaseMain.startTestSuite(TestCaseMain.java:149)
	at com.kms.katalon.core.main.TestCaseMain$startTestSuite$0.call(Unknown Source)
	at TempTestSuite1550062327151.run(TempTestSuite1550062327151.groovy:36)
"/>
         <system-out><![CDATA[2019-02-13 14:53:15 - [TEST_CASE][FAILED] - Test Cases/Event Group Management/TC_View_Records: Test Cases/Event Group Management/TC_View_Records FAILED.
Reason:
com.kms.katalon.core.exception.StepFailedException: Unable to verify match between actual text 'English Description_4' and expected text 'English Description_3' (Root cause: com.kms.katalon.core.exception.StepFailedException: Actual text 'English Description_4' and expected text 'English Description_3' are not matched)
	at com.kms.katalon.core.keyword.internal.KeywordMain.stepFailed(KeywordMain.groovy:36)
	at com.kms.katalon.core.keyword.internal.KeywordMain.stepFailed(KeywordMain.groovy)
	at com.kms.katalon.core.keyword.internal.KeywordMain.runKeyword(KeywordMain.groovy:56)
	at com.kms.katalon.core.keyword.builtin.VerifyMatchKeyword.verifyMatch(VerifyMatchKeyword.groovy:60)
	at com.kms.katalon.core.keyword.builtin.VerifyMatchKeyword.execute(VerifyMatchKeyword.groovy:45)
	at com.kms.katalon.core.keyword.internal.KeywordExecutor.executeKeywordForPlatform(KeywordExecutor.groovy:53)
	at com.kms.katalon.core.keyword.BuiltinKeywords.verifyMatch(BuiltinKeywords.groovy:73)
	at pk_Functions.CS_VerifyPageData.CheckMatching(CS_VerifyPageData.groovy:40)
	at pk_Functions.CS_VerifyPageData.invokeMethod(CS_VerifyPageData.groovy)
	at com.kms.katalon.core.main.CustomKeywordDelegatingMetaClass.invokeStaticMethod(CustomKeywordDelegatingMetaClass.java:49)
	at TC_View_Records.run(TC_View_Records:25)
	at com.kms.katalon.core.main.ScriptEngine.run(ScriptEngine.java:194)
	at com.kms.katalon.core.main.ScriptEngine.runScriptAsRawText(ScriptEngine.java:119)
	at com.kms.katalon.core.main.TestCaseExecutor.runScript(TestCaseExecutor.java:328)
	at com.kms.katalon.core.main.TestCaseExecutor.doExecute(TestCaseExecutor.java:319)
	at com.kms.katalon.core.main.TestCaseExecutor.processExecutionPhase(TestCaseExecutor.java:298)
	at com.kms.katalon.core.main.TestCaseExecutor.accessMainPhase(TestCaseExecutor.java:290)
	at com.kms.katalon.core.main.TestCaseExecutor.execute(TestCaseExecutor.java:224)
	at com.kms.katalon.core.main.TestSuiteExecutor.accessTestCaseMainPhase(TestSuiteExecutor.java:129)
	at com.kms.katalon.core.main.TestSuiteExecutor.accessTestSuiteMainPhase(TestSuiteExecutor.java:112)
	at com.kms.katalon.core.main.TestSuiteExecutor.execute(TestSuiteExecutor.java:81)
	at com.kms.katalon.core.main.TestCaseMain.startTestSuite(TestCaseMain.java:149)
	at com.kms.katalon.core.main.TestCaseMain$startTestSuite$0.call(Unknown Source)
	at TempTestSuite1550062327151.run(TempTestSuite1550062327151.groovy:36)


2019-02-13 14:53:15 - [TEST_STEP][FAILED] - if (ActionType == "ViewYes"): if (ActionType == "ViewYes") FAILED.
Reason:
com.kms.katalon.core.exception.StepFailedException: Unable to verify match between actual text 'English Description_4' and expected text 'English Description_3' (Root cause: com.kms.katalon.core.exception.StepFailedException: Actual text 'English Description_4' and expected text 'English Description_3' are not matched)
	at com.kms.katalon.core.keyword.internal.KeywordMain.stepFailed(KeywordMain.groovy:36)
	at com.kms.katalon.core.keyword.internal.KeywordMain.stepFailed(KeywordMain.groovy)
	at com.kms.katalon.core.keyword.internal.KeywordMain.runKeyword(KeywordMain.groovy:56)
	at com.kms.katalon.core.keyword.builtin.VerifyMatchKeyword.verifyMatch(VerifyMatchKeyword.groovy:60)
	at com.kms.katalon.core.keyword.builtin.VerifyMatchKeyword.execute(VerifyMatchKeyword.groovy:45)
	at com.kms.katalon.core.keyword.internal.KeywordExecutor.executeKeywordForPlatform(KeywordExecutor.groovy:53)
	at com.kms.katalon.core.keyword.BuiltinKeywords.verifyMatch(BuiltinKeywords.groovy:73)
	at pk_Functions.CS_VerifyPageData.CheckMatching(CS_VerifyPageData.groovy:40)
	at pk_Functions.CS_VerifyPageData.invokeMethod(CS_VerifyPageData.groovy)
	at com.kms.katalon.core.main.CustomKeywordDelegatingMetaClass.invokeStaticMethod(CustomKeywordDelegatingMetaClass.java:49)
	at TC_View_Records.run(TC_View_Records:25)
	at com.kms.katalon.core.main.ScriptEngine.run(ScriptEngine.java:194)
	at com.kms.katalon.core.main.ScriptEngine.runScriptAsRawText(ScriptEngine.java:119)
	at com.kms.katalon.core.main.TestCaseExecutor.runScript(TestCaseExecutor.java:328)
	at com.kms.katalon.core.main.TestCaseExecutor.doExecute(TestCaseExecutor.java:319)
	at com.kms.katalon.core.main.TestCaseExecutor.processExecutionPhase(TestCaseExecutor.java:298)
	at com.kms.katalon.core.main.TestCaseExecutor.accessMainPhase(TestCaseExecutor.java:290)
	at com.kms.katalon.core.main.TestCaseExecutor.execute(TestCaseExecutor.java:224)
	at com.kms.katalon.core.main.TestSuiteExecutor.accessTestCaseMainPhase(TestSuiteExecutor.java:129)
	at com.kms.katalon.core.main.TestSuiteExecutor.accessTestSuiteMainPhase(TestSuiteExecutor.java:112)
	at com.kms.katalon.core.main.TestSuiteExecutor.execute(TestSuiteExecutor.java:81)
	at com.kms.katalon.core.main.TestCaseMain.startTestSuite(TestCaseMain.java:149)
	at com.kms.katalon.core.main.TestCaseMain$startTestSuite$0.call(Unknown Source)
	at TempTestSuite1550062327151.run(TempTestSuite1550062327151.groovy:36)


2019-02-13 14:53:15 - [TEST_STEP][PASSED] - delay(1): Delayed 1 second(s)

2019-02-13 14:53:16 - [MESSAGE][PASSED] - Delayed 1 second(s)

2019-02-13 14:53:16 - [TEST_STEP][PASSED] - pk_Functions.CS_ClickingonUpdateorDeletebuttonwithpagination.SelectRecordFromWebtableFun(ActionType, 0, 3, "Event Group Management/MOF_NE_Event Group ManagementObjectRepository", "Sheet1", Code): pk_Functions.CS_ClickingonUpdateorDeletebuttonwithpagination.SelectRecordFromWebtableFun is PASSED

2019-02-13 14:53:17 - [MESSAGE][PASSED] - Object: '' is clicked on

2019-02-13 14:53:19 - [MESSAGE][PASSED] - Delayed 2 second(s)

2019-02-13 14:53:21 - [MESSAGE][PASSED] - Delayed 2 second(s)

2019-02-13 14:53:21 - [MESSAGE][PASSED] - Attribute 'tabindex' of object '' is: '0'

2019-02-13 14:53:21 - [MESSAGE][PASSED] - Attribute 'tabindex' of object '' is: '0'

2019-02-13 14:53:23 - [MESSAGE][PASSED] - Delayed 2 second(s)

2019-02-13 14:53:24 - [MESSAGE][PASSED] - Delayed 1 second(s)

2019-02-13 14:53:25 - [MESSAGE][PASSED] - Delayed 1 second(s)

2019-02-13 14:53:26 - [MESSAGE][PASSED] - Delayed 1 second(s)

2019-02-13 14:53:27 - [MESSAGE][PASSED] - Delayed 1 second(s)

2019-02-13 14:53:28 - [MESSAGE][PASSED] - Delayed 1 second(s)

2019-02-13 14:53:29 - [MESSAGE][PASSED] - Delayed 1 second(s)

2019-02-13 14:53:30 - [MESSAGE][PASSED] - Delayed 1 second(s)

2019-02-13 14:53:31 - [MESSAGE][PASSED] - Delayed 1 second(s)

2019-02-13 14:53:32 - [MESSAGE][PASSED] - Delayed 1 second(s)

2019-02-13 14:53:33 - [MESSAGE][PASSED] - Delayed 1 second(s)

2019-02-13 14:53:34 - [MESSAGE][PASSED] - Delayed 1 second(s)

2019-02-13 14:53:35 - [MESSAGE][PASSED] - Delayed 1 second(s)

2019-02-13 14:53:36 - [MESSAGE][PASSED] - Delayed 1 second(s)

2019-02-13 14:53:36 - [MESSAGE][PASSED] - Attribute 'tabindex' of object '' is: '0'

2019-02-13 14:53:38 - [MESSAGE][PASSED] - Delayed 2 second(s)

2019-02-13 14:53:38 - [MESSAGE][PASSED] - Object: '' is clicked on

2019-02-13 14:53:39 - [MESSAGE][PASSED] - Delayed 1 second(s)

2019-02-13 14:53:40 - [MESSAGE][PASSED] - Delayed 1 second(s)

2019-02-13 14:53:41 - [MESSAGE][PASSED] - Delayed 1 second(s)

2019-02-13 14:53:42 - [MESSAGE][PASSED] - Delayed 1 second(s)

2019-02-13 14:53:43 - [MESSAGE][PASSED] - Delayed 1 second(s)

2019-02-13 14:53:44 - [MESSAGE][PASSED] - Delayed 1 second(s)

2019-02-13 14:53:45 - [MESSAGE][PASSED] - Delayed 1 second(s)

2019-02-13 14:53:46 - [MESSAGE][PASSED] - Delayed 1 second(s)

2019-02-13 14:53:47 - [MESSAGE][PASSED] - Delayed 1 second(s)

2019-02-13 14:53:48 - [MESSAGE][PASSED] - Delayed 1 second(s)

2019-02-13 14:53:50 - [MESSAGE][PASSED] - Delayed 1 second(s)

2019-02-13 14:53:51 - [MESSAGE][PASSED] - Delayed 1 second(s)

2019-02-13 14:53:52 - [MESSAGE][PASSED] - Delayed 1 second(s)

2019-02-13 14:53:52 - [MESSAGE][PASSED] - pk_Functions.CS_ClickingonUpdateorDeletebuttonwithpagination.SelectRecordFromWebtableFun is PASSED

2019-02-13 14:53:52 - [TEST_STEP][PASSED] - delay(2): Delayed 2 second(s)

2019-02-13 14:53:54 - [MESSAGE][PASSED] - Delayed 2 second(s)

2019-02-13 14:53:54 - [TEST_STEP][FAILED] - pk_Functions.CS_VerifyPageData.CheckMatching(["Arabic Description", "English Description"], "Event Group Management/MOF_NE_Event Group ManagementObjectRepository", "Sheet1", [ArabicDescription, EnglishDescription]): if (ActionType == "ViewYes") FAILED.
Reason:
com.kms.katalon.core.exception.StepFailedException: Unable to verify match between actual text 'English Description_4' and expected text 'English Description_3' (Root cause: com.kms.katalon.core.exception.StepFailedException: Actual text 'English Description_4' and expected text 'English Description_3' are not matched)
	at com.kms.katalon.core.keyword.internal.KeywordMain.stepFailed(KeywordMain.groovy:36)
	at com.kms.katalon.core.keyword.internal.KeywordMain.stepFailed(KeywordMain.groovy)
	at com.kms.katalon.core.keyword.internal.KeywordMain.runKeyword(KeywordMain.groovy:56)
	at com.kms.katalon.core.keyword.builtin.VerifyMatchKeyword.verifyMatch(VerifyMatchKeyword.groovy:60)
	at com.kms.katalon.core.keyword.builtin.VerifyMatchKeyword.execute(VerifyMatchKeyword.groovy:45)
	at com.kms.katalon.core.keyword.internal.KeywordExecutor.executeKeywordForPlatform(KeywordExecutor.groovy:53)
	at com.kms.katalon.core.keyword.BuiltinKeywords.verifyMatch(BuiltinKeywords.groovy:73)
	at pk_Functions.CS_VerifyPageData.CheckMatching(CS_VerifyPageData.groovy:40)
	at pk_Functions.CS_VerifyPageData.invokeMethod(CS_VerifyPageData.groovy)
	at com.kms.katalon.core.main.CustomKeywordDelegatingMetaClass.invokeStaticMethod(CustomKeywordDelegatingMetaClass.java:49)
	at TC_View_Records.run(TC_View_Records:25)
	at com.kms.katalon.core.main.ScriptEngine.run(ScriptEngine.java:194)
	at com.kms.katalon.core.main.ScriptEngine.runScriptAsRawText(ScriptEngine.java:119)
	at com.kms.katalon.core.main.TestCaseExecutor.runScript(TestCaseExecutor.java:328)
	at com.kms.katalon.core.main.TestCaseExecutor.doExecute(TestCaseExecutor.java:319)
	at com.kms.katalon.core.main.TestCaseExecutor.processExecutionPhase(TestCaseExecutor.java:298)
	at com.kms.katalon.core.main.TestCaseExecutor.accessMainPhase(TestCaseExecutor.java:290)
	at com.kms.katalon.core.main.TestCaseExecutor.execute(TestCaseExecutor.java:224)
	at com.kms.katalon.core.main.TestSuiteExecutor.accessTestCaseMainPhase(TestSuiteExecutor.java:129)
	at com.kms.katalon.core.main.TestSuiteExecutor.accessTestSuiteMainPhase(TestSuiteExecutor.java:112)
	at com.kms.katalon.core.main.TestSuiteExecutor.execute(TestSuiteExecutor.java:81)
	at com.kms.katalon.core.main.TestCaseMain.startTestSuite(TestCaseMain.java:149)
	at com.kms.katalon.core.main.TestCaseMain$startTestSuite$0.call(Unknown Source)
	at TempTestSuite1550062327151.run(TempTestSuite1550062327151.groovy:36)


2019-02-13 14:53:54 - [MESSAGE][PASSED] - Attribute 'ng-reflect-model' of object '' is: 'English Description_4'

2019-02-13 14:53:54 - [MESSAGE][FAILED] - Unable to verify match between actual text 'English Description_4' and expected text 'English Description_3' (Root cause: com.kms.katalon.core.exception.StepFailedException: Actual text 'English Description_4' and expected text 'English Description_3' are not matched)

2019-02-13 14:53:54 - [MESSAGE][FAILED] - Unable to verify match between actual text 'English Description_4' and expected text 'English Description_3' (Root cause: com.kms.katalon.core.exception.StepFailedException: Actual text 'English Description_4' and expected text 'English Description_3' are not matched)

2019-02-13 14:53:54 - [MESSAGE][FAILED] - if (ActionType == "ViewYes") FAILED.
Reason:
com.kms.katalon.core.exception.StepFailedException: Unable to verify match between actual text 'English Description_4' and expected text 'English Description_3' (Root cause: com.kms.katalon.core.exception.StepFailedException: Actual text 'English Description_4' and expected text 'English Description_3' are not matched)
	at com.kms.katalon.core.keyword.internal.KeywordMain.stepFailed(KeywordMain.groovy:36)
	at com.kms.katalon.core.keyword.internal.KeywordMain.stepFailed(KeywordMain.groovy)
	at com.kms.katalon.core.keyword.internal.KeywordMain.runKeyword(KeywordMain.groovy:56)
	at com.kms.katalon.core.keyword.builtin.VerifyMatchKeyword.verifyMatch(VerifyMatchKeyword.groovy:60)
	at com.kms.katalon.core.keyword.builtin.VerifyMatchKeyword.execute(VerifyMatchKeyword.groovy:45)
	at com.kms.katalon.core.keyword.internal.KeywordExecutor.executeKeywordForPlatform(KeywordExecutor.groovy:53)
	at com.kms.katalon.core.keyword.BuiltinKeywords.verifyMatch(BuiltinKeywords.groovy:73)
	at pk_Functions.CS_VerifyPageData.CheckMatching(CS_VerifyPageData.groovy:40)
	at pk_Functions.CS_VerifyPageData.invokeMethod(CS_VerifyPageData.groovy)
	at com.kms.katalon.core.main.CustomKeywordDelegatingMetaClass.invokeStaticMethod(CustomKeywordDelegatingMetaClass.java:49)
	at TC_View_Records.run(TC_View_Records:25)
	at com.kms.katalon.core.main.ScriptEngine.run(ScriptEngine.java:194)
	at com.kms.katalon.core.main.ScriptEngine.runScriptAsRawText(ScriptEngine.java:119)
	at com.kms.katalon.core.main.TestCaseExecutor.runScript(TestCaseExecutor.java:328)
	at com.kms.katalon.core.main.TestCaseExecutor.doExecute(TestCaseExecutor.java:319)
	at com.kms.katalon.core.main.TestCaseExecutor.processExecutionPhase(TestCaseExecutor.java:298)
	at com.kms.katalon.core.main.TestCaseExecutor.accessMainPhase(TestCaseExecutor.java:290)
	at com.kms.katalon.core.main.TestCaseExecutor.execute(TestCaseExecutor.java:224)
	at com.kms.katalon.core.main.TestSuiteExecutor.accessTestCaseMainPhase(TestSuiteExecutor.java:129)
	at com.kms.katalon.core.main.TestSuiteExecutor.accessTestSuiteMainPhase(TestSuiteExecutor.java:112)
	at com.kms.katalon.core.main.TestSuiteExecutor.execute(TestSuiteExecutor.java:81)
	at com.kms.katalon.core.main.TestCaseMain.startTestSuite(TestCaseMain.java:149)
	at com.kms.katalon.core.main.TestCaseMain$startTestSuite$0.call(Unknown Source)
	at TempTestSuite1550062327151.run(TempTestSuite1550062327151.groovy:36)]]></system-out>
         <system-err><![CDATA[2019-02-13 14:53:15 - [TEST_CASE][FAILED] - Test Cases/Event Group Management/TC_View_Records: Test Cases/Event Group Management/TC_View_Records FAILED.
Reason:
com.kms.katalon.core.exception.StepFailedException: Unable to verify match between actual text 'English Description_4' and expected text 'English Description_3' (Root cause: com.kms.katalon.core.exception.StepFailedException: Actual text 'English Description_4' and expected text 'English Description_3' are not matched)
	at com.kms.katalon.core.keyword.internal.KeywordMain.stepFailed(KeywordMain.groovy:36)
	at com.kms.katalon.core.keyword.internal.KeywordMain.stepFailed(KeywordMain.groovy)
	at com.kms.katalon.core.keyword.internal.KeywordMain.runKeyword(KeywordMain.groovy:56)
	at com.kms.katalon.core.keyword.builtin.VerifyMatchKeyword.verifyMatch(VerifyMatchKeyword.groovy:60)
	at com.kms.katalon.core.keyword.builtin.VerifyMatchKeyword.execute(VerifyMatchKeyword.groovy:45)
	at com.kms.katalon.core.keyword.internal.KeywordExecutor.executeKeywordForPlatform(KeywordExecutor.groovy:53)
	at com.kms.katalon.core.keyword.BuiltinKeywords.verifyMatch(BuiltinKeywords.groovy:73)
	at pk_Functions.CS_VerifyPageData.CheckMatching(CS_VerifyPageData.groovy:40)
	at pk_Functions.CS_VerifyPageData.invokeMethod(CS_VerifyPageData.groovy)
	at com.kms.katalon.core.main.CustomKeywordDelegatingMetaClass.invokeStaticMethod(CustomKeywordDelegatingMetaClass.java:49)
	at TC_View_Records.run(TC_View_Records:25)
	at com.kms.katalon.core.main.ScriptEngine.run(ScriptEngine.java:194)
	at com.kms.katalon.core.main.ScriptEngine.runScriptAsRawText(ScriptEngine.java:119)
	at com.kms.katalon.core.main.TestCaseExecutor.runScript(TestCaseExecutor.java:328)
	at com.kms.katalon.core.main.TestCaseExecutor.doExecute(TestCaseExecutor.java:319)
	at com.kms.katalon.core.main.TestCaseExecutor.processExecutionPhase(TestCaseExecutor.java:298)
	at com.kms.katalon.core.main.TestCaseExecutor.accessMainPhase(TestCaseExecutor.java:290)
	at com.kms.katalon.core.main.TestCaseExecutor.execute(TestCaseExecutor.java:224)
	at com.kms.katalon.core.main.TestSuiteExecutor.accessTestCaseMainPhase(TestSuiteExecutor.java:129)
	at com.kms.katalon.core.main.TestSuiteExecutor.accessTestSuiteMainPhase(TestSuiteExecutor.java:112)
	at com.kms.katalon.core.main.TestSuiteExecutor.execute(TestSuiteExecutor.java:81)
	at com.kms.katalon.core.main.TestCaseMain.startTestSuite(TestCaseMain.java:149)
	at com.kms.katalon.core.main.TestCaseMain$startTestSuite$0.call(Unknown Source)
	at TempTestSuite1550062327151.run(TempTestSuite1550062327151.groovy:36)]]></system-err>
      </testcase>
      <testcase name="Test Cases/Event Group Management/TC_View_Records" classname="Test Cases/Event Group Management/TC_View_Records" status="PASSED">
         <system-out><![CDATA[2019-02-13 14:53:54 - [TEST_CASE][PASSED] - Test Cases/Event Group Management/TC_View_Records: Test Cases/Event Group Management/TC_View_Records

2019-02-13 14:53:54 - [TEST_STEP][PASSED] - if (ActionType == "ViewYes"): null]]></system-out>
         <system-err><![CDATA[]]></system-err>
      </testcase>
      <testcase name="Test Cases/Event Group Management/TC_View_Records" classname="Test Cases/Event Group Management/TC_View_Records" status="PASSED">
         <system-out><![CDATA[2019-02-13 14:53:54 - [TEST_CASE][PASSED] - Test Cases/Event Group Management/TC_View_Records: Test Cases/Event Group Management/TC_View_Records

2019-02-13 14:53:54 - [TEST_STEP][PASSED] - if (ActionType == "ViewYes"): null]]></system-out>
         <system-err><![CDATA[]]></system-err>
      </testcase>
      <system-out><![CDATA[2019-02-13 14:52:09 - [TEST_SUITE][FAILED] - TS_ClickUpdate_Delete: Test Cases/Event Group Management/TC_View_Records FAILED.
Reason:
com.kms.katalon.core.exception.StepFailedException: Unable to verify match between actual text 'English Description_4' and expected text 'English Description_3' (Root cause: com.kms.katalon.core.exception.StepFailedException: Actual text 'English Description_4' and expected text 'English Description_3' are not matched)
	at com.kms.katalon.core.keyword.internal.KeywordMain.stepFailed(KeywordMain.groovy:36)
	at com.kms.katalon.core.keyword.internal.KeywordMain.stepFailed(KeywordMain.groovy)
	at com.kms.katalon.core.keyword.internal.KeywordMain.runKeyword(KeywordMain.groovy:56)
	at com.kms.katalon.core.keyword.builtin.VerifyMatchKeyword.verifyMatch(VerifyMatchKeyword.groovy:60)
	at com.kms.katalon.core.keyword.builtin.VerifyMatchKeyword.execute(VerifyMatchKeyword.groovy:45)
	at com.kms.katalon.core.keyword.internal.KeywordExecutor.executeKeywordForPlatform(KeywordExecutor.groovy:53)
	at com.kms.katalon.core.keyword.BuiltinKeywords.verifyMatch(BuiltinKeywords.groovy:73)
	at pk_Functions.CS_VerifyPageData.CheckMatching(CS_VerifyPageData.groovy:40)
	at pk_Functions.CS_VerifyPageData.invokeMethod(CS_VerifyPageData.groovy)
	at com.kms.katalon.core.main.CustomKeywordDelegatingMetaClass.invokeStaticMethod(CustomKeywordDelegatingMetaClass.java:49)
	at TC_View_Records.run(TC_View_Records:25)
	at com.kms.katalon.core.main.ScriptEngine.run(ScriptEngine.java:194)
	at com.kms.katalon.core.main.ScriptEngine.runScriptAsRawText(ScriptEngine.java:119)
	at com.kms.katalon.core.main.TestCaseExecutor.runScript(TestCaseExecutor.java:328)
	at com.kms.katalon.core.main.TestCaseExecutor.doExecute(TestCaseExecutor.java:319)
	at com.kms.katalon.core.main.TestCaseExecutor.processExecutionPhase(TestCaseExecutor.java:298)
	at com.kms.katalon.core.main.TestCaseExecutor.accessMainPhase(TestCaseExecutor.java:290)
	at com.kms.katalon.core.main.TestCaseExecutor.execute(TestCaseExecutor.java:224)
	at com.kms.katalon.core.main.TestSuiteExecutor.accessTestCaseMainPhase(TestSuiteExecutor.java:129)
	at com.kms.katalon.core.main.TestSuiteExecutor.accessTestSuiteMainPhase(TestSuiteExecutor.java:112)
	at com.kms.katalon.core.main.TestSuiteExecutor.execute(TestSuiteExecutor.java:81)
	at com.kms.katalon.core.main.TestCaseMain.startTestSuite(TestCaseMain.java:149)
	at com.kms.katalon.core.main.TestCaseMain$startTestSuite$0.call(Unknown Source)
	at TempTestSuite1550062327151.run(TempTestSuite1550062327151.groovy:36)]]></system-out>
      <system-err><![CDATA[2019-02-13 14:52:09 - [TEST_SUITE][FAILED] - TS_ClickUpdate_Delete: Test Cases/Event Group Management/TC_View_Records FAILED.
Reason:
com.kms.katalon.core.exception.StepFailedException: Unable to verify match between actual text 'English Description_4' and expected text 'English Description_3' (Root cause: com.kms.katalon.core.exception.StepFailedException: Actual text 'English Description_4' and expected text 'English Description_3' are not matched)
	at com.kms.katalon.core.keyword.internal.KeywordMain.stepFailed(KeywordMain.groovy:36)
	at com.kms.katalon.core.keyword.internal.KeywordMain.stepFailed(KeywordMain.groovy)
	at com.kms.katalon.core.keyword.internal.KeywordMain.runKeyword(KeywordMain.groovy:56)
	at com.kms.katalon.core.keyword.builtin.VerifyMatchKeyword.verifyMatch(VerifyMatchKeyword.groovy:60)
	at com.kms.katalon.core.keyword.builtin.VerifyMatchKeyword.execute(VerifyMatchKeyword.groovy:45)
	at com.kms.katalon.core.keyword.internal.KeywordExecutor.executeKeywordForPlatform(KeywordExecutor.groovy:53)
	at com.kms.katalon.core.keyword.BuiltinKeywords.verifyMatch(BuiltinKeywords.groovy:73)
	at pk_Functions.CS_VerifyPageData.CheckMatching(CS_VerifyPageData.groovy:40)
	at pk_Functions.CS_VerifyPageData.invokeMethod(CS_VerifyPageData.groovy)
	at com.kms.katalon.core.main.CustomKeywordDelegatingMetaClass.invokeStaticMethod(CustomKeywordDelegatingMetaClass.java:49)
	at TC_View_Records.run(TC_View_Records:25)
	at com.kms.katalon.core.main.ScriptEngine.run(ScriptEngine.java:194)
	at com.kms.katalon.core.main.ScriptEngine.runScriptAsRawText(ScriptEngine.java:119)
	at com.kms.katalon.core.main.TestCaseExecutor.runScript(TestCaseExecutor.java:328)
	at com.kms.katalon.core.main.TestCaseExecutor.doExecute(TestCaseExecutor.java:319)
	at com.kms.katalon.core.main.TestCaseExecutor.processExecutionPhase(TestCaseExecutor.java:298)
	at com.kms.katalon.core.main.TestCaseExecutor.accessMainPhase(TestCaseExecutor.java:290)
	at com.kms.katalon.core.main.TestCaseExecutor.execute(TestCaseExecutor.java:224)
	at com.kms.katalon.core.main.TestSuiteExecutor.accessTestCaseMainPhase(TestSuiteExecutor.java:129)
	at com.kms.katalon.core.main.TestSuiteExecutor.accessTestSuiteMainPhase(TestSuiteExecutor.java:112)
	at com.kms.katalon.core.main.TestSuiteExecutor.execute(TestSuiteExecutor.java:81)
	at com.kms.katalon.core.main.TestCaseMain.startTestSuite(TestCaseMain.java:149)
	at com.kms.katalon.core.main.TestCaseMain$startTestSuite$0.call(Unknown Source)
	at TempTestSuite1550062327151.run(TempTestSuite1550062327151.groovy:36)]]></system-err>
   </testsuite>
</testsuites>
