<?xml version="1.0" encoding="UTF-8"?>
<testsuites name="TS_ClickUpdate_Delete" time="38" tests="2" failures="0" errors="4">
   <testsuite name="TS_ClickUpdate_Delete" tests="2" failures="0" errors="4" time="38" timestamp="2019-02-06 14:00:29" hostname="Ebtehal Gamal Yusuf - LPALXY0199.ejadaalex.local" id="Test Suites/Event Group Management/TS_ClickUpdate_Delete">
      <properties>
         <property name="deviceName" value=""/>
         <property name="devicePlatform" value=""/>
         <property name="logFolder" value="C:\\Users\\Administrator\\git\\MOF\\Reports\\Event Group Management\\TS_ClickUpdate_Delete\\20190206_140020"/>
         <property name="logFiles" value="C:\\Users\\Administrator\\git\\MOF\\Reports\\Event Group Management\\TS_ClickUpdate_Delete\\20190206_140020\\execution0.log"/>
         <property name="attachments" value=""/>
         <property name="hostName" value="Ebtehal Gamal Yusuf - LPALXY0199.ejadaalex.local"/>
         <property name="os" value="Windows 7 64bit"/>
         <property name="katalonVersion" value="5.10.1.1"/>
         <property name="browser" value="Chrome 71.0.3578.98"/>
         <property name="hostAddress" value="192.168.3.51"/>
         <property name="sessionId" value="57c1607961483f4167188cc9a3f00c18"/>
         <property name="seleniumVersion" value="3.7.1"/>
         <property name="proxyInformation" value="ProxyInformation{proxyOption=NO_PROXY, proxyServerType=HTTP, password=, proxyServerAddress=, proxyServerPort=0}"/>
         <property name="platform" value="Windows 7"/>
      </properties>
      <testcase name="Test Cases/TC_Login" classname="Test Cases/TC_Login" status="PASSED">
         <system-out><![CDATA[2019-02-06 14:00:30 - [TEST_CASE][PASSED] - Test Cases/TC_Login: Test Cases/TC_Login

2019-02-06 14:00:30 - [TEST_STEP][PASSED] - pk_Functions.CS_Login.LoginFun(findTestObject(null), "http://192.168.0.190:8080/mof/#/", findTestObject("Login/Username"), findTestObject("Login/Password"), "AAttia", "123", findTestObject("Login/Login")): pk_Functions.CS_Login.LoginFun is PASSED

2019-02-06 14:00:30 - [MESSAGE][WARNING] - Test object id is null

2019-02-06 14:00:31 - [MESSAGE][INFO] - Starting 'Chrome' driver

2019-02-06 14:00:31 - [MESSAGE][INFO] - Action delay is set to 0 seconds

2019-02-06 14:00:57 - [MESSAGE][PASSED] - Browser is opened with url: 'http://192.168.0.190:8080/mof/#/'

2019-02-06 14:00:57 - [MESSAGE][PASSED] - Text 'AAttia' is set on object 'Object Repository/Login/Username'

2019-02-06 14:00:57 - [MESSAGE][PASSED] - Text '123' is set on object 'Object Repository/Login/Password'

2019-02-06 14:00:58 - [MESSAGE][PASSED] - Object: 'Object Repository/Login/Login' is clicked on

2019-02-06 14:00:58 - [MESSAGE][PASSED] - pk_Functions.CS_Login.LoginFun is PASSED]]></system-out>
         <system-err><![CDATA[]]></system-err>
      </testcase>
      <testcase name="Test Cases/Event Group Management/TC_Select_Screen" classname="Test Cases/Event Group Management/TC_Select_Screen" status="PASSED">
         <system-out><![CDATA[2019-02-06 14:00:58 - [TEST_CASE][PASSED] - Test Cases/Event Group Management/TC_Select_Screen: Test Cases/Event Group Management/TC_Select_Screen

2019-02-06 14:00:58 - [TEST_STEP][PASSED] - click(findTestObject("NE_SideMenu")): Object: 'Object Repository/NE_SideMenu' is clicked on

2019-02-06 14:00:59 - [MESSAGE][PASSED] - Object: 'Object Repository/NE_SideMenu' is clicked on

2019-02-06 14:00:59 - [TEST_STEP][PASSED] - click(findTestObject("NE_EventGroupManagement")): Object: 'Object Repository/NE_EventGroupManagement' is clicked on

2019-02-06 14:00:59 - [MESSAGE][PASSED] - Object: 'Object Repository/NE_EventGroupManagement' is clicked on

2019-02-06 14:00:59 - [TEST_STEP][PASSED] - click(findTestObject("Event Group Managemnt/BTN_Search")): Object: 'Object Repository/Event Group Managemnt/BTN_Search' is clicked on

2019-02-06 14:01:00 - [MESSAGE][PASSED] - Object: 'Object Repository/Event Group Managemnt/BTN_Search' is clicked on

2019-02-06 14:01:00 - [TEST_STEP][PASSED] - delay(2): Delayed 2 second(s)

2019-02-06 14:01:02 - [MESSAGE][PASSED] - Delayed 2 second(s)]]></system-out>
         <system-err><![CDATA[]]></system-err>
      </testcase>
      <testcase name="Test Cases/Event Group Management/TC_Update and Delete test" classname="Test Cases/Event Group Management/TC_Update and Delete test" status="ERROR">
         <error type="ERROR" message="Test Cases/Event Group Management/TC_Update and Delete test FAILED.
Reason:
org.codehaus.groovy.runtime.metaclass.MissingMethodExceptionNoStack: No signature of method: pk_Functions.CS_ClickingonUpdateorDeletebutton_Fulltabl.SelectRecordFromWebtableFun() is applicable for argument types: (com.kms.katalon.core.testobject.TestObject, java.lang.String, java.lang.Integer, java.lang.Integer, java.lang.String, java.lang.String, java.lang.String) values: [TestObject - 'Object Repository/BTN_NextPage', Update, 0, 3, ...]
Possible solutions: SelectRecordFromWebtableFun(java.lang.String, int, int, java.lang.String, java.lang.String, java.lang.String)
"/>
         <system-out><![CDATA[2019-02-06 14:01:02 - [TEST_CASE][ERROR] - Test Cases/Event Group Management/TC_Update and Delete test: Test Cases/Event Group Management/TC_Update and Delete test FAILED.
Reason:
org.codehaus.groovy.runtime.metaclass.MissingMethodExceptionNoStack: No signature of method: pk_Functions.CS_ClickingonUpdateorDeletebutton_Fulltabl.SelectRecordFromWebtableFun() is applicable for argument types: (com.kms.katalon.core.testobject.TestObject, java.lang.String, java.lang.Integer, java.lang.Integer, java.lang.String, java.lang.String, java.lang.String) values: [TestObject - 'Object Repository/BTN_NextPage', Update, 0, 3, ...]
Possible solutions: SelectRecordFromWebtableFun(java.lang.String, int, int, java.lang.String, java.lang.String, java.lang.String)


2019-02-06 14:01:02 - [TEST_STEP][PASSED] - delay(1): Delayed 1 second(s)

2019-02-06 14:01:03 - [MESSAGE][PASSED] - Delayed 1 second(s)

2019-02-06 14:01:03 - [TEST_STEP][ERROR] - pk_Functions.CS_ClickingonUpdateorDeletebutton_Fulltabl.SelectRecordFromWebtableFun(findTestObject("BTN_NextPage"), ActionType, 0, 3, "Event Group Management/MOF_NE_Event Group ManagementObjectRepository", "Sheet1", Code): pk_Functions.CS_ClickingonUpdateorDeletebutton_Fulltabl.SelectRecordFromWebtableFun(findTestObject("BTN_NextPage"), ActionType, 0, 3, "Event Group Management/MOF_NE_Event Group ManagementObjectRepository", "Sheet1", Code) FAILED.
Reason:
org.codehaus.groovy.runtime.metaclass.MissingMethodExceptionNoStack: No signature of method: pk_Functions.CS_ClickingonUpdateorDeletebutton_Fulltabl.SelectRecordFromWebtableFun() is applicable for argument types: (com.kms.katalon.core.testobject.TestObject, java.lang.String, java.lang.Integer, java.lang.Integer, java.lang.String, java.lang.String, java.lang.String) values: [TestObject - 'Object Repository/BTN_NextPage', Update, 0, 3, ...]
Possible solutions: SelectRecordFromWebtableFun(java.lang.String, int, int, java.lang.String, java.lang.String, java.lang.String)


2019-02-06 14:01:04 - [MESSAGE][ERROR] - No signature of method: pk_Functions.CS_ClickingonUpdateorDeletebutton_Fulltabl.SelectRecordFromWebtableFun() is applicable for argument types: (com.kms.katalon.core.testobject.TestObject, java.lang.String, java.lang.Integer, java.lang.Integer, java.lang.String, java.lang.String, java.lang.String) values: [TestObject - 'Object Repository/BTN_NextPage', Update, 0, 3, ...]
Possible solutions: SelectRecordFromWebtableFun(java.lang.String, int, int, java.lang.String, java.lang.String, java.lang.String)

2019-02-06 14:01:04 - [MESSAGE][ERROR] - pk_Functions.CS_ClickingonUpdateorDeletebutton_Fulltabl.SelectRecordFromWebtableFun(findTestObject("BTN_NextPage"), ActionType, 0, 3, "Event Group Management/MOF_NE_Event Group ManagementObjectRepository", "Sheet1", Code) FAILED.
Reason:
org.codehaus.groovy.runtime.metaclass.MissingMethodExceptionNoStack: No signature of method: pk_Functions.CS_ClickingonUpdateorDeletebutton_Fulltabl.SelectRecordFromWebtableFun() is applicable for argument types: (com.kms.katalon.core.testobject.TestObject, java.lang.String, java.lang.Integer, java.lang.Integer, java.lang.String, java.lang.String, java.lang.String) values: [TestObject - 'Object Repository/BTN_NextPage', Update, 0, 3, ...]
Possible solutions: SelectRecordFromWebtableFun(java.lang.String, int, int, java.lang.String, java.lang.String, java.lang.String)]]></system-out>
         <system-err><![CDATA[2019-02-06 14:01:02 - [TEST_CASE][ERROR] - Test Cases/Event Group Management/TC_Update and Delete test: Test Cases/Event Group Management/TC_Update and Delete test FAILED.
Reason:
org.codehaus.groovy.runtime.metaclass.MissingMethodExceptionNoStack: No signature of method: pk_Functions.CS_ClickingonUpdateorDeletebutton_Fulltabl.SelectRecordFromWebtableFun() is applicable for argument types: (com.kms.katalon.core.testobject.TestObject, java.lang.String, java.lang.Integer, java.lang.Integer, java.lang.String, java.lang.String, java.lang.String) values: [TestObject - 'Object Repository/BTN_NextPage', Update, 0, 3, ...]
Possible solutions: SelectRecordFromWebtableFun(java.lang.String, int, int, java.lang.String, java.lang.String, java.lang.String)]]></system-err>
      </testcase>
      <testcase name="Test Cases/Event Group Management/TC_Update and Delete test" classname="Test Cases/Event Group Management/TC_Update and Delete test" status="ERROR">
         <error type="ERROR" message="Test Cases/Event Group Management/TC_Update and Delete test FAILED.
Reason:
org.codehaus.groovy.runtime.metaclass.MissingMethodExceptionNoStack: No signature of method: pk_Functions.CS_ClickingonUpdateorDeletebutton_Fulltabl.SelectRecordFromWebtableFun() is applicable for argument types: (com.kms.katalon.core.testobject.TestObject, java.lang.String, java.lang.Integer, java.lang.Integer, java.lang.String, java.lang.String, java.lang.String) values: [TestObject - 'Object Repository/BTN_NextPage', Update, 0, 3, ...]
Possible solutions: SelectRecordFromWebtableFun(java.lang.String, int, int, java.lang.String, java.lang.String, java.lang.String)
"/>
         <system-out><![CDATA[2019-02-06 14:01:04 - [TEST_CASE][ERROR] - Test Cases/Event Group Management/TC_Update and Delete test: Test Cases/Event Group Management/TC_Update and Delete test FAILED.
Reason:
org.codehaus.groovy.runtime.metaclass.MissingMethodExceptionNoStack: No signature of method: pk_Functions.CS_ClickingonUpdateorDeletebutton_Fulltabl.SelectRecordFromWebtableFun() is applicable for argument types: (com.kms.katalon.core.testobject.TestObject, java.lang.String, java.lang.Integer, java.lang.Integer, java.lang.String, java.lang.String, java.lang.String) values: [TestObject - 'Object Repository/BTN_NextPage', Update, 0, 3, ...]
Possible solutions: SelectRecordFromWebtableFun(java.lang.String, int, int, java.lang.String, java.lang.String, java.lang.String)


2019-02-06 14:01:04 - [TEST_STEP][PASSED] - delay(1): Delayed 1 second(s)

2019-02-06 14:01:05 - [MESSAGE][PASSED] - Delayed 1 second(s)

2019-02-06 14:01:05 - [TEST_STEP][ERROR] - pk_Functions.CS_ClickingonUpdateorDeletebutton_Fulltabl.SelectRecordFromWebtableFun(findTestObject("BTN_NextPage"), ActionType, 0, 3, "Event Group Management/MOF_NE_Event Group ManagementObjectRepository", "Sheet1", Code): pk_Functions.CS_ClickingonUpdateorDeletebutton_Fulltabl.SelectRecordFromWebtableFun(findTestObject("BTN_NextPage"), ActionType, 0, 3, "Event Group Management/MOF_NE_Event Group ManagementObjectRepository", "Sheet1", Code) FAILED.
Reason:
org.codehaus.groovy.runtime.metaclass.MissingMethodExceptionNoStack: No signature of method: pk_Functions.CS_ClickingonUpdateorDeletebutton_Fulltabl.SelectRecordFromWebtableFun() is applicable for argument types: (com.kms.katalon.core.testobject.TestObject, java.lang.String, java.lang.Integer, java.lang.Integer, java.lang.String, java.lang.String, java.lang.String) values: [TestObject - 'Object Repository/BTN_NextPage', Update, 0, 3, ...]
Possible solutions: SelectRecordFromWebtableFun(java.lang.String, int, int, java.lang.String, java.lang.String, java.lang.String)


2019-02-06 14:01:05 - [MESSAGE][ERROR] - No signature of method: pk_Functions.CS_ClickingonUpdateorDeletebutton_Fulltabl.SelectRecordFromWebtableFun() is applicable for argument types: (com.kms.katalon.core.testobject.TestObject, java.lang.String, java.lang.Integer, java.lang.Integer, java.lang.String, java.lang.String, java.lang.String) values: [TestObject - 'Object Repository/BTN_NextPage', Update, 0, 3, ...]
Possible solutions: SelectRecordFromWebtableFun(java.lang.String, int, int, java.lang.String, java.lang.String, java.lang.String)

2019-02-06 14:01:05 - [MESSAGE][ERROR] - pk_Functions.CS_ClickingonUpdateorDeletebutton_Fulltabl.SelectRecordFromWebtableFun(findTestObject("BTN_NextPage"), ActionType, 0, 3, "Event Group Management/MOF_NE_Event Group ManagementObjectRepository", "Sheet1", Code) FAILED.
Reason:
org.codehaus.groovy.runtime.metaclass.MissingMethodExceptionNoStack: No signature of method: pk_Functions.CS_ClickingonUpdateorDeletebutton_Fulltabl.SelectRecordFromWebtableFun() is applicable for argument types: (com.kms.katalon.core.testobject.TestObject, java.lang.String, java.lang.Integer, java.lang.Integer, java.lang.String, java.lang.String, java.lang.String) values: [TestObject - 'Object Repository/BTN_NextPage', Update, 0, 3, ...]
Possible solutions: SelectRecordFromWebtableFun(java.lang.String, int, int, java.lang.String, java.lang.String, java.lang.String)]]></system-out>
         <system-err><![CDATA[2019-02-06 14:01:04 - [TEST_CASE][ERROR] - Test Cases/Event Group Management/TC_Update and Delete test: Test Cases/Event Group Management/TC_Update and Delete test FAILED.
Reason:
org.codehaus.groovy.runtime.metaclass.MissingMethodExceptionNoStack: No signature of method: pk_Functions.CS_ClickingonUpdateorDeletebutton_Fulltabl.SelectRecordFromWebtableFun() is applicable for argument types: (com.kms.katalon.core.testobject.TestObject, java.lang.String, java.lang.Integer, java.lang.Integer, java.lang.String, java.lang.String, java.lang.String) values: [TestObject - 'Object Repository/BTN_NextPage', Update, 0, 3, ...]
Possible solutions: SelectRecordFromWebtableFun(java.lang.String, int, int, java.lang.String, java.lang.String, java.lang.String)]]></system-err>
      </testcase>
      <testcase name="Test Cases/Event Group Management/TC_Update and Delete test" classname="Test Cases/Event Group Management/TC_Update and Delete test" status="ERROR">
         <error type="ERROR" message="Test Cases/Event Group Management/TC_Update and Delete test FAILED.
Reason:
org.codehaus.groovy.runtime.metaclass.MissingMethodExceptionNoStack: No signature of method: pk_Functions.CS_ClickingonUpdateorDeletebutton_Fulltabl.SelectRecordFromWebtableFun() is applicable for argument types: (com.kms.katalon.core.testobject.TestObject, java.lang.String, java.lang.Integer, java.lang.Integer, java.lang.String, java.lang.String, java.lang.String) values: [TestObject - 'Object Repository/BTN_NextPage', , 0, 3, Event Group Management/MOF_NE_Event Group ManagementObjectRepository, ...]
Possible solutions: SelectRecordFromWebtableFun(java.lang.String, int, int, java.lang.String, java.lang.String, java.lang.String)
"/>
         <system-out><![CDATA[2019-02-06 14:01:05 - [TEST_CASE][ERROR] - Test Cases/Event Group Management/TC_Update and Delete test: Test Cases/Event Group Management/TC_Update and Delete test FAILED.
Reason:
org.codehaus.groovy.runtime.metaclass.MissingMethodExceptionNoStack: No signature of method: pk_Functions.CS_ClickingonUpdateorDeletebutton_Fulltabl.SelectRecordFromWebtableFun() is applicable for argument types: (com.kms.katalon.core.testobject.TestObject, java.lang.String, java.lang.Integer, java.lang.Integer, java.lang.String, java.lang.String, java.lang.String) values: [TestObject - 'Object Repository/BTN_NextPage', , 0, 3, Event Group Management/MOF_NE_Event Group ManagementObjectRepository, ...]
Possible solutions: SelectRecordFromWebtableFun(java.lang.String, int, int, java.lang.String, java.lang.String, java.lang.String)


2019-02-06 14:01:05 - [TEST_STEP][PASSED] - delay(1): Delayed 1 second(s)

2019-02-06 14:01:06 - [MESSAGE][PASSED] - Delayed 1 second(s)

2019-02-06 14:01:06 - [TEST_STEP][ERROR] - pk_Functions.CS_ClickingonUpdateorDeletebutton_Fulltabl.SelectRecordFromWebtableFun(findTestObject("BTN_NextPage"), ActionType, 0, 3, "Event Group Management/MOF_NE_Event Group ManagementObjectRepository", "Sheet1", Code): pk_Functions.CS_ClickingonUpdateorDeletebutton_Fulltabl.SelectRecordFromWebtableFun(findTestObject("BTN_NextPage"), ActionType, 0, 3, "Event Group Management/MOF_NE_Event Group ManagementObjectRepository", "Sheet1", Code) FAILED.
Reason:
org.codehaus.groovy.runtime.metaclass.MissingMethodExceptionNoStack: No signature of method: pk_Functions.CS_ClickingonUpdateorDeletebutton_Fulltabl.SelectRecordFromWebtableFun() is applicable for argument types: (com.kms.katalon.core.testobject.TestObject, java.lang.String, java.lang.Integer, java.lang.Integer, java.lang.String, java.lang.String, java.lang.String) values: [TestObject - 'Object Repository/BTN_NextPage', , 0, 3, Event Group Management/MOF_NE_Event Group ManagementObjectRepository, ...]
Possible solutions: SelectRecordFromWebtableFun(java.lang.String, int, int, java.lang.String, java.lang.String, java.lang.String)


2019-02-06 14:01:06 - [MESSAGE][ERROR] - No signature of method: pk_Functions.CS_ClickingonUpdateorDeletebutton_Fulltabl.SelectRecordFromWebtableFun() is applicable for argument types: (com.kms.katalon.core.testobject.TestObject, java.lang.String, java.lang.Integer, java.lang.Integer, java.lang.String, java.lang.String, java.lang.String) values: [TestObject - 'Object Repository/BTN_NextPage', , 0, 3, Event Group Management/MOF_NE_Event Group ManagementObjectRepository, ...]
Possible solutions: SelectRecordFromWebtableFun(java.lang.String, int, int, java.lang.String, java.lang.String, java.lang.String)

2019-02-06 14:01:06 - [MESSAGE][ERROR] - pk_Functions.CS_ClickingonUpdateorDeletebutton_Fulltabl.SelectRecordFromWebtableFun(findTestObject("BTN_NextPage"), ActionType, 0, 3, "Event Group Management/MOF_NE_Event Group ManagementObjectRepository", "Sheet1", Code) FAILED.
Reason:
org.codehaus.groovy.runtime.metaclass.MissingMethodExceptionNoStack: No signature of method: pk_Functions.CS_ClickingonUpdateorDeletebutton_Fulltabl.SelectRecordFromWebtableFun() is applicable for argument types: (com.kms.katalon.core.testobject.TestObject, java.lang.String, java.lang.Integer, java.lang.Integer, java.lang.String, java.lang.String, java.lang.String) values: [TestObject - 'Object Repository/BTN_NextPage', , 0, 3, Event Group Management/MOF_NE_Event Group ManagementObjectRepository, ...]
Possible solutions: SelectRecordFromWebtableFun(java.lang.String, int, int, java.lang.String, java.lang.String, java.lang.String)]]></system-out>
         <system-err><![CDATA[2019-02-06 14:01:05 - [TEST_CASE][ERROR] - Test Cases/Event Group Management/TC_Update and Delete test: Test Cases/Event Group Management/TC_Update and Delete test FAILED.
Reason:
org.codehaus.groovy.runtime.metaclass.MissingMethodExceptionNoStack: No signature of method: pk_Functions.CS_ClickingonUpdateorDeletebutton_Fulltabl.SelectRecordFromWebtableFun() is applicable for argument types: (com.kms.katalon.core.testobject.TestObject, java.lang.String, java.lang.Integer, java.lang.Integer, java.lang.String, java.lang.String, java.lang.String) values: [TestObject - 'Object Repository/BTN_NextPage', , 0, 3, Event Group Management/MOF_NE_Event Group ManagementObjectRepository, ...]
Possible solutions: SelectRecordFromWebtableFun(java.lang.String, int, int, java.lang.String, java.lang.String, java.lang.String)]]></system-err>
      </testcase>
      <testcase name="Test Cases/Event Group Management/TC_Update and Delete test" classname="Test Cases/Event Group Management/TC_Update and Delete test" status="ERROR">
         <error type="ERROR" message="Test Cases/Event Group Management/TC_Update and Delete test FAILED.
Reason:
org.codehaus.groovy.runtime.metaclass.MissingMethodExceptionNoStack: No signature of method: pk_Functions.CS_ClickingonUpdateorDeletebutton_Fulltabl.SelectRecordFromWebtableFun() is applicable for argument types: (com.kms.katalon.core.testobject.TestObject, java.lang.String, java.lang.Integer, java.lang.Integer, java.lang.String, java.lang.String, java.lang.String) values: [TestObject - 'Object Repository/BTN_NextPage', , 0, 3, Event Group Management/MOF_NE_Event Group ManagementObjectRepository, ...]
Possible solutions: SelectRecordFromWebtableFun(java.lang.String, int, int, java.lang.String, java.lang.String, java.lang.String)
"/>
         <system-out><![CDATA[2019-02-06 14:01:06 - [TEST_CASE][ERROR] - Test Cases/Event Group Management/TC_Update and Delete test: Test Cases/Event Group Management/TC_Update and Delete test FAILED.
Reason:
org.codehaus.groovy.runtime.metaclass.MissingMethodExceptionNoStack: No signature of method: pk_Functions.CS_ClickingonUpdateorDeletebutton_Fulltabl.SelectRecordFromWebtableFun() is applicable for argument types: (com.kms.katalon.core.testobject.TestObject, java.lang.String, java.lang.Integer, java.lang.Integer, java.lang.String, java.lang.String, java.lang.String) values: [TestObject - 'Object Repository/BTN_NextPage', , 0, 3, Event Group Management/MOF_NE_Event Group ManagementObjectRepository, ...]
Possible solutions: SelectRecordFromWebtableFun(java.lang.String, int, int, java.lang.String, java.lang.String, java.lang.String)


2019-02-06 14:01:06 - [TEST_STEP][PASSED] - delay(1): Delayed 1 second(s)

2019-02-06 14:01:07 - [MESSAGE][PASSED] - Delayed 1 second(s)

2019-02-06 14:01:07 - [TEST_STEP][ERROR] - pk_Functions.CS_ClickingonUpdateorDeletebutton_Fulltabl.SelectRecordFromWebtableFun(findTestObject("BTN_NextPage"), ActionType, 0, 3, "Event Group Management/MOF_NE_Event Group ManagementObjectRepository", "Sheet1", Code): pk_Functions.CS_ClickingonUpdateorDeletebutton_Fulltabl.SelectRecordFromWebtableFun(findTestObject("BTN_NextPage"), ActionType, 0, 3, "Event Group Management/MOF_NE_Event Group ManagementObjectRepository", "Sheet1", Code) FAILED.
Reason:
org.codehaus.groovy.runtime.metaclass.MissingMethodExceptionNoStack: No signature of method: pk_Functions.CS_ClickingonUpdateorDeletebutton_Fulltabl.SelectRecordFromWebtableFun() is applicable for argument types: (com.kms.katalon.core.testobject.TestObject, java.lang.String, java.lang.Integer, java.lang.Integer, java.lang.String, java.lang.String, java.lang.String) values: [TestObject - 'Object Repository/BTN_NextPage', , 0, 3, Event Group Management/MOF_NE_Event Group ManagementObjectRepository, ...]
Possible solutions: SelectRecordFromWebtableFun(java.lang.String, int, int, java.lang.String, java.lang.String, java.lang.String)


2019-02-06 14:01:07 - [MESSAGE][ERROR] - No signature of method: pk_Functions.CS_ClickingonUpdateorDeletebutton_Fulltabl.SelectRecordFromWebtableFun() is applicable for argument types: (com.kms.katalon.core.testobject.TestObject, java.lang.String, java.lang.Integer, java.lang.Integer, java.lang.String, java.lang.String, java.lang.String) values: [TestObject - 'Object Repository/BTN_NextPage', , 0, 3, Event Group Management/MOF_NE_Event Group ManagementObjectRepository, ...]
Possible solutions: SelectRecordFromWebtableFun(java.lang.String, int, int, java.lang.String, java.lang.String, java.lang.String)

2019-02-06 14:01:07 - [MESSAGE][ERROR] - pk_Functions.CS_ClickingonUpdateorDeletebutton_Fulltabl.SelectRecordFromWebtableFun(findTestObject("BTN_NextPage"), ActionType, 0, 3, "Event Group Management/MOF_NE_Event Group ManagementObjectRepository", "Sheet1", Code) FAILED.
Reason:
org.codehaus.groovy.runtime.metaclass.MissingMethodExceptionNoStack: No signature of method: pk_Functions.CS_ClickingonUpdateorDeletebutton_Fulltabl.SelectRecordFromWebtableFun() is applicable for argument types: (com.kms.katalon.core.testobject.TestObject, java.lang.String, java.lang.Integer, java.lang.Integer, java.lang.String, java.lang.String, java.lang.String) values: [TestObject - 'Object Repository/BTN_NextPage', , 0, 3, Event Group Management/MOF_NE_Event Group ManagementObjectRepository, ...]
Possible solutions: SelectRecordFromWebtableFun(java.lang.String, int, int, java.lang.String, java.lang.String, java.lang.String)]]></system-out>
         <system-err><![CDATA[2019-02-06 14:01:06 - [TEST_CASE][ERROR] - Test Cases/Event Group Management/TC_Update and Delete test: Test Cases/Event Group Management/TC_Update and Delete test FAILED.
Reason:
org.codehaus.groovy.runtime.metaclass.MissingMethodExceptionNoStack: No signature of method: pk_Functions.CS_ClickingonUpdateorDeletebutton_Fulltabl.SelectRecordFromWebtableFun() is applicable for argument types: (com.kms.katalon.core.testobject.TestObject, java.lang.String, java.lang.Integer, java.lang.Integer, java.lang.String, java.lang.String, java.lang.String) values: [TestObject - 'Object Repository/BTN_NextPage', , 0, 3, Event Group Management/MOF_NE_Event Group ManagementObjectRepository, ...]
Possible solutions: SelectRecordFromWebtableFun(java.lang.String, int, int, java.lang.String, java.lang.String, java.lang.String)]]></system-err>
      </testcase>
      <system-out><![CDATA[2019-02-06 14:00:29 - [TEST_SUITE][ERROR] - TS_ClickUpdate_Delete: Test Cases/Event Group Management/TC_Update and Delete test FAILED.
Reason:
org.codehaus.groovy.runtime.metaclass.MissingMethodExceptionNoStack: No signature of method: pk_Functions.CS_ClickingonUpdateorDeletebutton_Fulltabl.SelectRecordFromWebtableFun() is applicable for argument types: (com.kms.katalon.core.testobject.TestObject, java.lang.String, java.lang.Integer, java.lang.Integer, java.lang.String, java.lang.String, java.lang.String) values: [TestObject - 'Object Repository/BTN_NextPage', Update, 0, 3, ...]
Possible solutions: SelectRecordFromWebtableFun(java.lang.String, int, int, java.lang.String, java.lang.String, java.lang.String)]]></system-out>
      <system-err><![CDATA[2019-02-06 14:00:29 - [TEST_SUITE][ERROR] - TS_ClickUpdate_Delete: Test Cases/Event Group Management/TC_Update and Delete test FAILED.
Reason:
org.codehaus.groovy.runtime.metaclass.MissingMethodExceptionNoStack: No signature of method: pk_Functions.CS_ClickingonUpdateorDeletebutton_Fulltabl.SelectRecordFromWebtableFun() is applicable for argument types: (com.kms.katalon.core.testobject.TestObject, java.lang.String, java.lang.Integer, java.lang.Integer, java.lang.String, java.lang.String, java.lang.String) values: [TestObject - 'Object Repository/BTN_NextPage', Update, 0, 3, ...]
Possible solutions: SelectRecordFromWebtableFun(java.lang.String, int, int, java.lang.String, java.lang.String, java.lang.String)]]></system-err>
   </testsuite>
</testsuites>
