<?xml version="1.0" encoding="UTF-8"?>
<testsuites name="TS_EGMFullScenario" time="269" tests="10" failures="3" errors="0">
   <testsuite name="TS_EGMFullScenario" tests="10" failures="3" errors="0" time="269" timestamp="2019-02-18 13:49:24" hostname="Ebtehal Gamal Yusuf - LPALXY0199.ejadaalex.local" id="Test Suites/Event Group Management/TS_EGMFullScenario">
      <properties>
         <property name="deviceName" value=""/>
         <property name="devicePlatform" value=""/>
         <property name="logFolder" value="C:\\Users\\Administrator\\git\\MOF\\Reports\\Event Group Management\\TS_EGMFullScenario\\20190218_134920"/>
         <property name="logFiles" value="C:\\Users\\Administrator\\git\\MOF\\Reports\\Event Group Management\\TS_EGMFullScenario\\20190218_134920\\execution0.log"/>
         <property name="attachments" value="C:\\Users\\Administrator\\git\\MOF\\Reports\\Event Group Management\\TS_EGMFullScenario\\20190218_134920\\1550490715403.png, C:\\Users\\Administrator\\git\\MOF\\Reports\\Event Group Management\\TS_EGMFullScenario\\20190218_134920\\1550490753017.png, C:\\Users\\Administrator\\git\\MOF\\Reports\\Event Group Management\\TS_EGMFullScenario\\20190218_134920\\1550490790710.png"/>
         <property name="hostName" value="Ebtehal Gamal Yusuf - LPALXY0199.ejadaalex.local"/>
         <property name="os" value="Windows 7 64bit"/>
         <property name="katalonVersion" value="5.10.1.1"/>
         <property name="browser" value="Chrome 72.0.3626.109"/>
         <property name="hostAddress" value="192.168.3.51"/>
         <property name="sessionId" value="c869dfc4adae21016221adcbf3544954"/>
         <property name="seleniumVersion" value="3.7.1"/>
         <property name="proxyInformation" value="ProxyInformation{proxyOption=NO_PROXY, proxyServerType=HTTP, password=, proxyServerAddress=, proxyServerPort=0}"/>
         <property name="platform" value="Windows 7"/>
      </properties>
      <testcase name="Test Cases/TC_Login" classname="Test Cases/TC_Login" status="PASSED">
         <system-out><![CDATA[2019-02-18 13:49:25 - [TEST_CASE][PASSED] - Test Cases/TC_Login: Test Cases/TC_Login

2019-02-18 13:49:26 - [TEST_STEP][PASSED] - pk_Functions.CS_Login.LoginFun(findTestObject(null), "http://192.168.0.190:8080/mof/#/", findTestObject("Login/Username"), findTestObject("Login/Password"), "AAttia", "123", findTestObject("Login/Login")): pk_Functions.CS_Login.LoginFun is PASSED

2019-02-18 13:49:26 - [MESSAGE][WARNING] - Test object id is null

2019-02-18 13:49:28 - [MESSAGE][INFO] - Starting 'Chrome' driver

2019-02-18 13:49:28 - [MESSAGE][INFO] - Action delay is set to 0 seconds

2019-02-18 13:49:48 - [MESSAGE][PASSED] - Browser is opened with url: 'http://192.168.0.190:8080/mof/#/'

2019-02-18 13:49:49 - [MESSAGE][PASSED] - Text 'AAttia' is set on object 'Object Repository/Login/Username'

2019-02-18 13:49:49 - [MESSAGE][PASSED] - Text '123' is set on object 'Object Repository/Login/Password'

2019-02-18 13:49:49 - [MESSAGE][PASSED] - Object: 'Object Repository/Login/Login' is clicked on

2019-02-18 13:49:49 - [MESSAGE][PASSED] - pk_Functions.CS_Login.LoginFun is PASSED

2019-02-18 13:49:49 - [TEST_STEP][PASSED] - maximizeWindow(): Current window maximized

2019-02-18 13:49:50 - [MESSAGE][PASSED] - Current window maximized]]></system-out>
         <system-err><![CDATA[]]></system-err>
      </testcase>
      <testcase name="Test Cases/Event Group Management/TC_Select_Screen" classname="Test Cases/Event Group Management/TC_Select_Screen" status="PASSED">
         <system-out><![CDATA[2019-02-18 13:49:50 - [TEST_CASE][PASSED] - Test Cases/Event Group Management/TC_Select_Screen: Test Cases/Event Group Management/TC_Select_Screen

2019-02-18 13:49:51 - [TEST_STEP][PASSED] - click(findTestObject("NE_SideMenu")): Object: 'Object Repository/NE_SideMenu' is clicked on

2019-02-18 13:49:51 - [MESSAGE][PASSED] - Object: 'Object Repository/NE_SideMenu' is clicked on

2019-02-18 13:49:51 - [TEST_STEP][PASSED] - click(findTestObject("NE_EventGroupManagement")): Object: 'Object Repository/NE_EventGroupManagement' is clicked on

2019-02-18 13:49:51 - [MESSAGE][PASSED] - Object: 'Object Repository/NE_EventGroupManagement' is clicked on

2019-02-18 13:49:51 - [TEST_STEP][PASSED] - click(findTestObject("Event Group Managemnt/BTN_Search")): Object: 'Object Repository/Event Group Managemnt/BTN_Search' is clicked on

2019-02-18 13:49:52 - [MESSAGE][PASSED] - Object: 'Object Repository/Event Group Managemnt/BTN_Search' is clicked on

2019-02-18 13:49:52 - [TEST_STEP][PASSED] - delay(2): Delayed 2 second(s)

2019-02-18 13:49:54 - [MESSAGE][PASSED] - Delayed 2 second(s)]]></system-out>
         <system-err><![CDATA[]]></system-err>
      </testcase>
      <testcase name="Test Cases/Event Group Management/TC_Click on Search Button" classname="Test Cases/Event Group Management/TC_Click on Search Button" status="PASSED">
         <system-out><![CDATA[2019-02-18 13:49:54 - [TEST_CASE][PASSED] - Test Cases/Event Group Management/TC_Click on Search Button: Test Cases/Event Group Management/TC_Click on Search Button

2019-02-18 13:49:54 - [TEST_STEP][PASSED] - click(findTestObject("Event Group Managemnt/BTN_Clear")): Object: 'Object Repository/Event Group Managemnt/BTN_Clear' is clicked on

2019-02-18 13:49:55 - [MESSAGE][PASSED] - Object: 'Object Repository/Event Group Managemnt/BTN_Clear' is clicked on

2019-02-18 13:49:55 - [TEST_STEP][PASSED] - delay(2): Delayed 2 second(s)

2019-02-18 13:49:57 - [MESSAGE][PASSED] - Delayed 2 second(s)

2019-02-18 13:49:57 - [TEST_STEP][PASSED] - click(findTestObject("Event Group Managemnt/BTN_Search")): Object: 'Object Repository/Event Group Managemnt/BTN_Search' is clicked on

2019-02-18 13:49:57 - [MESSAGE][PASSED] - Object: 'Object Repository/Event Group Managemnt/BTN_Search' is clicked on

2019-02-18 13:49:57 - [TEST_STEP][PASSED] - delay(1): Delayed 1 second(s)

2019-02-18 13:49:58 - [MESSAGE][PASSED] - Delayed 1 second(s)]]></system-out>
         <system-err><![CDATA[]]></system-err>
      </testcase>
      <testcase name="Test Cases/Event Group Management/TC_Update_Records 2" classname="Test Cases/Event Group Management/TC_Update_Records 2" status="PASSED">
         <system-out><![CDATA[2019-02-18 13:49:58 - [TEST_CASE][PASSED] - Test Cases/Event Group Management/TC_Update_Records 2: Test Cases/Event Group Management/TC_Update_Records 2

2019-02-18 13:49:58 - [TEST_STEP][PASSED] - if (ActionType == "UpdateYes"): Delayed 1 second(s)

2019-02-18 13:49:58 - [TEST_STEP][PASSED] - delay(1): Delayed 1 second(s)

2019-02-18 13:49:59 - [MESSAGE][PASSED] - Delayed 1 second(s)

2019-02-18 13:49:59 - [TEST_STEP][PASSED] - pk_Functions.CS_ClickingonActionButtonswithPagination.SelectRecordFromWebtableFun("UpdateYes", 0, 3, "Event Group Management/MOF_NE_Event Group ManagementObjectRepository", "Sheet1", Code): pk_Functions.CS_ClickingonActionButtonswithPagination.SelectRecordFromWebtableFun is PASSED

2019-02-18 13:50:01 - [MESSAGE][PASSED] - Object: '' is clicked on

2019-02-18 13:50:03 - [MESSAGE][PASSED] - Delayed 2 second(s)

2019-02-18 13:50:03 - [MESSAGE][PASSED] - Attribute 'tabindex' of object '' is: '0'

2019-02-18 13:50:04 - [MESSAGE][PASSED] - Delayed 1 second(s)

2019-02-18 13:50:05 - [MESSAGE][PASSED] - Delayed 1 second(s)

2019-02-18 13:50:07 - [MESSAGE][PASSED] - Delayed 1 second(s)

2019-02-18 13:50:07 - [MESSAGE][PASSED] - Attribute 'tabindex' of object '' is: '0'

2019-02-18 13:50:07 - [MESSAGE][PASSED] - Object: '' is clicked on

2019-02-18 13:50:08 - [MESSAGE][PASSED] - Delayed 1 second(s)

2019-02-18 13:50:09 - [MESSAGE][PASSED] - Delayed 1 second(s)

2019-02-18 13:50:10 - [MESSAGE][PASSED] - Delayed 1 second(s)

2019-02-18 13:50:10 - [MESSAGE][PASSED] - pk_Functions.CS_ClickingonActionButtonswithPagination.SelectRecordFromWebtableFun is PASSED

2019-02-18 13:50:10 - [TEST_STEP][PASSED] - delay(2): Delayed 2 second(s)

2019-02-18 13:50:12 - [MESSAGE][PASSED] - Delayed 2 second(s)

2019-02-18 13:50:12 - [TEST_STEP][PASSED] - pk_Functions.CS_SpecificPageData.DataFun(["Arabic Description", "English Description"], "Event Group Management/MOF_NE_Event Group ManagementObjectRepository", "Sheet1", [ArabicDescription, EnglishDescription]): pk_Functions.CS_SpecificPageData.DataFun is PASSED

2019-02-18 13:50:13 - [MESSAGE][PASSED] - Text 'English Description_1_Update' is set on object ''

2019-02-18 13:50:14 - [MESSAGE][PASSED] - Text 'English Description_1_Update' is set on object ''

2019-02-18 13:50:14 - [MESSAGE][PASSED] - pk_Functions.CS_SpecificPageData.DataFun is PASSED

2019-02-18 13:50:14 - [TEST_STEP][PASSED] - delay(2): Delayed 2 second(s)

2019-02-18 13:50:16 - [MESSAGE][PASSED] - Delayed 2 second(s)

2019-02-18 13:50:16 - [TEST_STEP][PASSED] - click(findTestObject("BTN_Save")): Object: 'Object Repository/BTN_Save' is clicked on

2019-02-18 13:50:16 - [MESSAGE][PASSED] - Object: 'Object Repository/BTN_Save' is clicked on

2019-02-18 13:50:16 - [TEST_STEP][PASSED] - delay(2): Delayed 2 second(s)

2019-02-18 13:50:18 - [MESSAGE][PASSED] - Delayed 2 second(s)

2019-02-18 13:50:18 - [TEST_STEP][PASSED] - click(findTestObject("Event Group Managemnt/BTN_Back (1)")): Object: 'Object Repository/Event Group Managemnt/BTN_Back (1)' is clicked on

2019-02-18 13:50:18 - [MESSAGE][PASSED] - Object: 'Object Repository/Event Group Managemnt/BTN_Back (1)' is clicked on

2019-02-18 13:50:18 - [TEST_STEP][PASSED] - delay(1): Delayed 1 second(s)

2019-02-18 13:50:19 - [MESSAGE][PASSED] - Delayed 1 second(s)]]></system-out>
         <system-err><![CDATA[]]></system-err>
      </testcase>
      <testcase name="Test Cases/Event Group Management/TC_Update_Records 2" classname="Test Cases/Event Group Management/TC_Update_Records 2" status="PASSED">
         <system-out><![CDATA[2019-02-18 13:50:19 - [TEST_CASE][PASSED] - Test Cases/Event Group Management/TC_Update_Records 2: Test Cases/Event Group Management/TC_Update_Records 2

2019-02-18 13:50:19 - [TEST_STEP][PASSED] - if (ActionType == "UpdateYes"): null]]></system-out>
         <system-err><![CDATA[]]></system-err>
      </testcase>
      <testcase name="Test Cases/Event Group Management/TC_Update_Records 2" classname="Test Cases/Event Group Management/TC_Update_Records 2" status="PASSED">
         <system-out><![CDATA[2019-02-18 13:50:19 - [TEST_CASE][PASSED] - Test Cases/Event Group Management/TC_Update_Records 2: Test Cases/Event Group Management/TC_Update_Records 2

2019-02-18 13:50:19 - [TEST_STEP][PASSED] - if (ActionType == "UpdateYes"): null]]></system-out>
         <system-err><![CDATA[]]></system-err>
      </testcase>
      <testcase name="Test Cases/Event Group Management/TC_Update_Records 2" classname="Test Cases/Event Group Management/TC_Update_Records 2" status="PASSED">
         <system-out><![CDATA[2019-02-18 13:50:20 - [TEST_CASE][PASSED] - Test Cases/Event Group Management/TC_Update_Records 2: Test Cases/Event Group Management/TC_Update_Records 2

2019-02-18 13:50:20 - [TEST_STEP][PASSED] - if (ActionType == "UpdateYes"): null]]></system-out>
         <system-err><![CDATA[]]></system-err>
      </testcase>
      <testcase name="Test Cases/Event Group Management/TC_Update_Records 2" classname="Test Cases/Event Group Management/TC_Update_Records 2" status="PASSED">
         <system-out><![CDATA[2019-02-18 13:50:20 - [TEST_CASE][PASSED] - Test Cases/Event Group Management/TC_Update_Records 2: Test Cases/Event Group Management/TC_Update_Records 2

2019-02-18 13:50:20 - [TEST_STEP][PASSED] - if (ActionType == "UpdateYes"): Delayed 1 second(s)

2019-02-18 13:50:20 - [TEST_STEP][PASSED] - delay(1): Delayed 1 second(s)

2019-02-18 13:50:21 - [MESSAGE][PASSED] - Delayed 1 second(s)

2019-02-18 13:50:21 - [TEST_STEP][PASSED] - pk_Functions.CS_ClickingonActionButtonswithPagination.SelectRecordFromWebtableFun("UpdateYes", 0, 3, "Event Group Management/MOF_NE_Event Group ManagementObjectRepository", "Sheet1", Code): pk_Functions.CS_ClickingonActionButtonswithPagination.SelectRecordFromWebtableFun is PASSED

2019-02-18 13:50:21 - [MESSAGE][PASSED] - Object: '' is clicked on

2019-02-18 13:50:23 - [MESSAGE][PASSED] - Delayed 2 second(s)

2019-02-18 13:50:23 - [MESSAGE][PASSED] - Attribute 'tabindex' of object '' is: '0'

2019-02-18 13:50:24 - [MESSAGE][PASSED] - Delayed 1 second(s)

2019-02-18 13:50:25 - [MESSAGE][PASSED] - Delayed 1 second(s)

2019-02-18 13:50:27 - [MESSAGE][PASSED] - Delayed 1 second(s)

2019-02-18 13:50:27 - [MESSAGE][PASSED] - Attribute 'tabindex' of object '' is: '0'

2019-02-18 13:50:27 - [MESSAGE][PASSED] - Object: '' is clicked on

2019-02-18 13:50:28 - [MESSAGE][PASSED] - Delayed 1 second(s)

2019-02-18 13:50:29 - [MESSAGE][PASSED] - Delayed 1 second(s)

2019-02-18 13:50:30 - [MESSAGE][PASSED] - Delayed 1 second(s)

2019-02-18 13:50:30 - [MESSAGE][PASSED] - Attribute 'tabindex' of object '' is: '0'

2019-02-18 13:50:30 - [MESSAGE][PASSED] - Object: '' is clicked on

2019-02-18 13:50:31 - [MESSAGE][PASSED] - Delayed 1 second(s)

2019-02-18 13:50:32 - [MESSAGE][PASSED] - Delayed 1 second(s)

2019-02-18 13:50:34 - [MESSAGE][PASSED] - Delayed 1 second(s)

2019-02-18 13:50:34 - [MESSAGE][PASSED] - Attribute 'tabindex' of object '' is: '0'

2019-02-18 13:50:34 - [MESSAGE][PASSED] - Object: '' is clicked on

2019-02-18 13:50:35 - [MESSAGE][PASSED] - Delayed 1 second(s)

2019-02-18 13:50:36 - [MESSAGE][PASSED] - Delayed 1 second(s)

2019-02-18 13:50:37 - [MESSAGE][PASSED] - Delayed 1 second(s)

2019-02-18 13:50:37 - [MESSAGE][PASSED] - pk_Functions.CS_ClickingonActionButtonswithPagination.SelectRecordFromWebtableFun is PASSED

2019-02-18 13:50:37 - [TEST_STEP][PASSED] - delay(2): Delayed 2 second(s)

2019-02-18 13:50:39 - [MESSAGE][PASSED] - Delayed 2 second(s)

2019-02-18 13:50:39 - [TEST_STEP][PASSED] - pk_Functions.CS_SpecificPageData.DataFun(["Arabic Description", "English Description"], "Event Group Management/MOF_NE_Event Group ManagementObjectRepository", "Sheet1", [ArabicDescription, EnglishDescription]): pk_Functions.CS_SpecificPageData.DataFun is PASSED

2019-02-18 13:50:40 - [MESSAGE][PASSED] - Text 'English Description_4' is set on object ''

2019-02-18 13:50:40 - [MESSAGE][PASSED] - Text 'English Description_4' is set on object ''

2019-02-18 13:50:40 - [MESSAGE][PASSED] - pk_Functions.CS_SpecificPageData.DataFun is PASSED

2019-02-18 13:50:40 - [TEST_STEP][PASSED] - delay(2): Delayed 2 second(s)

2019-02-18 13:50:42 - [MESSAGE][PASSED] - Delayed 2 second(s)

2019-02-18 13:50:42 - [TEST_STEP][PASSED] - click(findTestObject("BTN_Save")): Object: 'Object Repository/BTN_Save' is clicked on

2019-02-18 13:50:42 - [MESSAGE][PASSED] - Object: 'Object Repository/BTN_Save' is clicked on

2019-02-18 13:50:42 - [TEST_STEP][PASSED] - delay(2): Delayed 2 second(s)

2019-02-18 13:50:44 - [MESSAGE][PASSED] - Delayed 2 second(s)

2019-02-18 13:50:44 - [TEST_STEP][PASSED] - click(findTestObject("Event Group Managemnt/BTN_Back (1)")): Object: 'Object Repository/Event Group Managemnt/BTN_Back (1)' is clicked on

2019-02-18 13:50:45 - [MESSAGE][PASSED] - Object: 'Object Repository/Event Group Managemnt/BTN_Back (1)' is clicked on

2019-02-18 13:50:45 - [TEST_STEP][PASSED] - delay(1): Delayed 1 second(s)

2019-02-18 13:50:46 - [MESSAGE][PASSED] - Delayed 1 second(s)]]></system-out>
         <system-err><![CDATA[]]></system-err>
      </testcase>
      <testcase name="Test Cases/Event Group Management/TC_Verify_Update" classname="Test Cases/Event Group Management/TC_Verify_Update" status="PASSED">
         <system-out><![CDATA[2019-02-18 13:50:46 - [TEST_CASE][PASSED] - Test Cases/Event Group Management/TC_Verify_Update: Test Cases/Event Group Management/TC_Verify_Update

2019-02-18 13:50:46 - [TEST_STEP][PASSED] - if (ActionType == "UpdateYes"): Object: 'Object Repository/Event Group Managemnt/BTN_Back (1)' is clicked on

2019-02-18 13:50:46 - [TEST_STEP][PASSED] - delay(1): Delayed 1 second(s)

2019-02-18 13:50:47 - [MESSAGE][PASSED] - Delayed 1 second(s)

2019-02-18 13:50:47 - [TEST_STEP][PASSED] - pk_Functions.CS_ClickingonActionButtonswithPagination.SelectRecordFromWebtableFun(ActionType, 0, 3, "Event Group Management/MOF_NE_Event Group ManagementObjectRepository", "Sheet1", Code): pk_Functions.CS_ClickingonActionButtonswithPagination.SelectRecordFromWebtableFun is PASSED

2019-02-18 13:50:47 - [MESSAGE][PASSED] - Object: '' is clicked on

2019-02-18 13:50:49 - [MESSAGE][PASSED] - Delayed 2 second(s)

2019-02-18 13:50:49 - [MESSAGE][PASSED] - Attribute 'tabindex' of object '' is: '0'

2019-02-18 13:50:50 - [MESSAGE][PASSED] - Delayed 1 second(s)

2019-02-18 13:50:52 - [MESSAGE][PASSED] - Delayed 1 second(s)

2019-02-18 13:50:53 - [MESSAGE][PASSED] - Delayed 1 second(s)

2019-02-18 13:50:53 - [MESSAGE][PASSED] - Attribute 'tabindex' of object '' is: '0'

2019-02-18 13:50:53 - [MESSAGE][PASSED] - Object: '' is clicked on

2019-02-18 13:50:54 - [MESSAGE][PASSED] - Delayed 1 second(s)

2019-02-18 13:50:55 - [MESSAGE][PASSED] - Delayed 1 second(s)

2019-02-18 13:50:57 - [MESSAGE][PASSED] - Delayed 1 second(s)

2019-02-18 13:50:57 - [MESSAGE][PASSED] - pk_Functions.CS_ClickingonActionButtonswithPagination.SelectRecordFromWebtableFun is PASSED

2019-02-18 13:50:57 - [TEST_STEP][PASSED] - delay(2): Delayed 2 second(s)

2019-02-18 13:50:59 - [MESSAGE][PASSED] - Delayed 2 second(s)

2019-02-18 13:50:59 - [TEST_STEP][PASSED] - pk_Functions.CS_VerifyPageData.CheckMatching(["Arabic Description", "English Description"], "Event Group Management/MOF_NE_Event Group ManagementObjectRepository", "Sheet1", [ArabicDescription, EnglishDescription]): pk_Functions.CS_VerifyPageData.CheckMatching is PASSED

2019-02-18 13:50:59 - [MESSAGE][PASSED] - Attribute 'ng-reflect-model' of object '' is: 'English Description_1_Update'

2019-02-18 13:50:59 - [MESSAGE][PASSED] - Actual text 'English Description_1_Update' and expected text 'English Description_1_Update' are matched 

2019-02-18 13:50:59 - [MESSAGE][PASSED] - Attribute 'ng-reflect-model' of object '' is: 'English Description_1_Update'

2019-02-18 13:50:59 - [MESSAGE][PASSED] - Actual text 'English Description_1_Update' and expected text 'English Description_1_Update' are matched 

2019-02-18 13:50:59 - [MESSAGE][PASSED] - pk_Functions.CS_VerifyPageData.CheckMatching is PASSED

2019-02-18 13:50:59 - [TEST_STEP][PASSED] - delay(2): Delayed 2 second(s)

2019-02-18 13:51:01 - [MESSAGE][PASSED] - Delayed 2 second(s)

2019-02-18 13:51:01 - [TEST_STEP][PASSED] - click(findTestObject("Event Group Managemnt/BTN_Back (1)")): Object: 'Object Repository/Event Group Managemnt/BTN_Back (1)' is clicked on

2019-02-18 13:51:01 - [MESSAGE][PASSED] - Object: 'Object Repository/Event Group Managemnt/BTN_Back (1)' is clicked on

2019-02-18 13:51:01 - [TEST_STEP][PASSED] - delay(1): Delayed 1 second(s)

2019-02-18 13:51:02 - [MESSAGE][PASSED] - Delayed 1 second(s)

2019-02-18 13:51:02 - [TEST_STEP][PASSED] - pk_Functions.CS_ClickingonActionButtonswithPagination.SelectRecordFromWebtableFun(ActionType, 0, 3, "Event Group Management/MOF_NE_Event Group ManagementObjectRepository", "Sheet1", Code): pk_Functions.CS_ClickingonActionButtonswithPagination.SelectRecordFromWebtableFun is PASSED

2019-02-18 13:51:03 - [MESSAGE][PASSED] - Object: '' is clicked on

2019-02-18 13:51:05 - [MESSAGE][PASSED] - Delayed 2 second(s)

2019-02-18 13:51:05 - [MESSAGE][PASSED] - Attribute 'tabindex' of object '' is: '0'

2019-02-18 13:51:06 - [MESSAGE][PASSED] - Delayed 1 second(s)

2019-02-18 13:51:07 - [MESSAGE][PASSED] - Delayed 1 second(s)

2019-02-18 13:51:08 - [MESSAGE][PASSED] - Delayed 1 second(s)

2019-02-18 13:51:08 - [MESSAGE][PASSED] - Attribute 'tabindex' of object '' is: '0'

2019-02-18 13:51:08 - [MESSAGE][PASSED] - Object: '' is clicked on

2019-02-18 13:51:09 - [MESSAGE][PASSED] - Delayed 1 second(s)

2019-02-18 13:51:10 - [MESSAGE][PASSED] - Delayed 1 second(s)

2019-02-18 13:51:12 - [MESSAGE][PASSED] - Delayed 1 second(s)

2019-02-18 13:51:12 - [MESSAGE][PASSED] - pk_Functions.CS_ClickingonActionButtonswithPagination.SelectRecordFromWebtableFun is PASSED

2019-02-18 13:51:12 - [TEST_STEP][PASSED] - delay(2): Delayed 2 second(s)

2019-02-18 13:51:14 - [MESSAGE][PASSED] - Delayed 2 second(s)

2019-02-18 13:51:14 - [TEST_STEP][PASSED] - pk_Functions.CS_VerifyPageData.CheckMatching(["Arabic Description", "English Description"], "Event Group Management/MOF_NE_Event Group ManagementObjectRepository", "Sheet1", [ArabicDescription, EnglishDescription]): pk_Functions.CS_VerifyPageData.CheckMatching is PASSED

2019-02-18 13:51:14 - [MESSAGE][PASSED] - Attribute 'ng-reflect-model' of object '' is: 'English Description_1_Update'

2019-02-18 13:51:14 - [MESSAGE][PASSED] - Actual text 'English Description_1_Update' and expected text 'English Description_1_Update' are matched 

2019-02-18 13:51:14 - [MESSAGE][PASSED] - Attribute 'ng-reflect-model' of object '' is: 'English Description_1_Update'

2019-02-18 13:51:14 - [MESSAGE][PASSED] - Actual text 'English Description_1_Update' and expected text 'English Description_1_Update' are matched 

2019-02-18 13:51:14 - [MESSAGE][PASSED] - pk_Functions.CS_VerifyPageData.CheckMatching is PASSED

2019-02-18 13:51:14 - [TEST_STEP][PASSED] - delay(2): Delayed 2 second(s)

2019-02-18 13:51:16 - [MESSAGE][PASSED] - Delayed 2 second(s)

2019-02-18 13:51:16 - [TEST_STEP][PASSED] - click(findTestObject("Event Group Managemnt/BTN_Back (1)")): Object: 'Object Repository/Event Group Managemnt/BTN_Back (1)' is clicked on

2019-02-18 13:51:18 - [MESSAGE][PASSED] - Object: 'Object Repository/Event Group Managemnt/BTN_Back (1)' is clicked on]]></system-out>
         <system-err><![CDATA[]]></system-err>
      </testcase>
      <testcase name="Test Cases/Event Group Management/TC_Verify_Update" classname="Test Cases/Event Group Management/TC_Verify_Update" status="FAILED">
         <failure type="FAILED" message="Test Cases/Event Group Management/TC_Verify_Update FAILED.
Reason:
com.kms.katalon.core.exception.StepFailedException: Unable to get attribute 'ng-reflect-model' of object '' (Root cause: com.kms.katalon.core.webui.exception.WebElementNotFoundException: Web element with id: '' located by 'By.xpath: //*[@id=&quot;app-form&quot;]//form//div[2]/span/div/extended-input//div[2]/input' not found)
	at com.kms.katalon.core.keyword.internal.KeywordMain.stepFailed(KeywordMain.groovy:36)
	at com.kms.katalon.core.webui.keyword.internal.WebUIKeywordMain.stepFailed(WebUIKeywordMain.groovy:65)
	at com.kms.katalon.core.webui.keyword.internal.WebUIKeywordMain.runKeyword(WebUIKeywordMain.groovy:27)
	at com.kms.katalon.core.webui.keyword.builtin.GetAttributeKeyword.getAttribute(GetAttributeKeyword.groovy:93)
	at com.kms.katalon.core.webui.keyword.builtin.GetAttributeKeyword.execute(GetAttributeKeyword.groovy:68)
	at com.kms.katalon.core.keyword.internal.KeywordExecutor.executeKeywordForPlatform(KeywordExecutor.groovy:53)
	at com.kms.katalon.core.webui.keyword.WebUiBuiltInKeywords.getAttribute(WebUiBuiltInKeywords.groovy:921)
	at com.kms.katalon.core.webui.keyword.WebUiBuiltInKeywords$getAttribute$3.call(Unknown Source)
	at pk_Functions.CS_VerifyPageData.CheckMatching(CS_VerifyPageData.groovy:40)
	at pk_Functions.CS_VerifyPageData.invokeMethod(CS_VerifyPageData.groovy)
	at com.kms.katalon.core.main.CustomKeywordDelegatingMetaClass.invokeStaticMethod(CustomKeywordDelegatingMetaClass.java:49)
	at TC_Verify_Update.run(TC_Verify_Update:40)
	at com.kms.katalon.core.main.ScriptEngine.run(ScriptEngine.java:194)
	at com.kms.katalon.core.main.ScriptEngine.runScriptAsRawText(ScriptEngine.java:119)
	at com.kms.katalon.core.main.TestCaseExecutor.runScript(TestCaseExecutor.java:328)
	at com.kms.katalon.core.main.TestCaseExecutor.doExecute(TestCaseExecutor.java:319)
	at com.kms.katalon.core.main.TestCaseExecutor.processExecutionPhase(TestCaseExecutor.java:298)
	at com.kms.katalon.core.main.TestCaseExecutor.accessMainPhase(TestCaseExecutor.java:290)
	at com.kms.katalon.core.main.TestCaseExecutor.execute(TestCaseExecutor.java:224)
	at com.kms.katalon.core.main.TestSuiteExecutor.accessTestCaseMainPhase(TestSuiteExecutor.java:129)
	at com.kms.katalon.core.main.TestSuiteExecutor.accessTestSuiteMainPhase(TestSuiteExecutor.java:112)
	at com.kms.katalon.core.main.TestSuiteExecutor.execute(TestSuiteExecutor.java:81)
	at com.kms.katalon.core.main.TestCaseMain.startTestSuite(TestCaseMain.java:149)
	at com.kms.katalon.core.main.TestCaseMain$startTestSuite$0.call(Unknown Source)
	at TempTestSuite1550490560340.run(TempTestSuite1550490560340.groovy:36)
"/>
         <system-out><![CDATA[2019-02-18 13:51:18 - [TEST_CASE][FAILED] - Test Cases/Event Group Management/TC_Verify_Update: Test Cases/Event Group Management/TC_Verify_Update FAILED.
Reason:
com.kms.katalon.core.exception.StepFailedException: Unable to get attribute 'ng-reflect-model' of object '' (Root cause: com.kms.katalon.core.webui.exception.WebElementNotFoundException: Web element with id: '' located by 'By.xpath: //*[@id="app-form"]//form//div[2]/span/div/extended-input//div[2]/input' not found)
	at com.kms.katalon.core.keyword.internal.KeywordMain.stepFailed(KeywordMain.groovy:36)
	at com.kms.katalon.core.webui.keyword.internal.WebUIKeywordMain.stepFailed(WebUIKeywordMain.groovy:65)
	at com.kms.katalon.core.webui.keyword.internal.WebUIKeywordMain.runKeyword(WebUIKeywordMain.groovy:27)
	at com.kms.katalon.core.webui.keyword.builtin.GetAttributeKeyword.getAttribute(GetAttributeKeyword.groovy:93)
	at com.kms.katalon.core.webui.keyword.builtin.GetAttributeKeyword.execute(GetAttributeKeyword.groovy:68)
	at com.kms.katalon.core.keyword.internal.KeywordExecutor.executeKeywordForPlatform(KeywordExecutor.groovy:53)
	at com.kms.katalon.core.webui.keyword.WebUiBuiltInKeywords.getAttribute(WebUiBuiltInKeywords.groovy:921)
	at com.kms.katalon.core.webui.keyword.WebUiBuiltInKeywords$getAttribute$3.call(Unknown Source)
	at pk_Functions.CS_VerifyPageData.CheckMatching(CS_VerifyPageData.groovy:40)
	at pk_Functions.CS_VerifyPageData.invokeMethod(CS_VerifyPageData.groovy)
	at com.kms.katalon.core.main.CustomKeywordDelegatingMetaClass.invokeStaticMethod(CustomKeywordDelegatingMetaClass.java:49)
	at TC_Verify_Update.run(TC_Verify_Update:40)
	at com.kms.katalon.core.main.ScriptEngine.run(ScriptEngine.java:194)
	at com.kms.katalon.core.main.ScriptEngine.runScriptAsRawText(ScriptEngine.java:119)
	at com.kms.katalon.core.main.TestCaseExecutor.runScript(TestCaseExecutor.java:328)
	at com.kms.katalon.core.main.TestCaseExecutor.doExecute(TestCaseExecutor.java:319)
	at com.kms.katalon.core.main.TestCaseExecutor.processExecutionPhase(TestCaseExecutor.java:298)
	at com.kms.katalon.core.main.TestCaseExecutor.accessMainPhase(TestCaseExecutor.java:290)
	at com.kms.katalon.core.main.TestCaseExecutor.execute(TestCaseExecutor.java:224)
	at com.kms.katalon.core.main.TestSuiteExecutor.accessTestCaseMainPhase(TestSuiteExecutor.java:129)
	at com.kms.katalon.core.main.TestSuiteExecutor.accessTestSuiteMainPhase(TestSuiteExecutor.java:112)
	at com.kms.katalon.core.main.TestSuiteExecutor.execute(TestSuiteExecutor.java:81)
	at com.kms.katalon.core.main.TestCaseMain.startTestSuite(TestCaseMain.java:149)
	at com.kms.katalon.core.main.TestCaseMain$startTestSuite$0.call(Unknown Source)
	at TempTestSuite1550490560340.run(TempTestSuite1550490560340.groovy:36)


2019-02-18 13:51:18 - [TEST_STEP][PASSED] - if (ActionType == "UpdateYes"): null

2019-02-18 13:51:18 - [TEST_STEP][PASSED] - delay(1): Delayed 1 second(s)

2019-02-18 13:51:19 - [MESSAGE][PASSED] - Delayed 1 second(s)

2019-02-18 13:51:19 - [TEST_STEP][PASSED] - pk_Functions.CS_ClickingonActionButtonswithPagination.SelectRecordFromWebtableFun(ActionType, 0, 3, "Event Group Management/MOF_NE_Event Group ManagementObjectRepository", "Sheet1", Code): pk_Functions.CS_ClickingonActionButtonswithPagination.SelectRecordFromWebtableFun is PASSED

2019-02-18 13:51:19 - [MESSAGE][PASSED] - Object: '' is clicked on

2019-02-18 13:51:21 - [MESSAGE][PASSED] - Delayed 2 second(s)

2019-02-18 13:51:22 - [MESSAGE][PASSED] - Delayed 1 second(s)

2019-02-18 13:51:22 - [MESSAGE][PASSED] - pk_Functions.CS_ClickingonActionButtonswithPagination.SelectRecordFromWebtableFun is PASSED

2019-02-18 13:51:22 - [TEST_STEP][PASSED] - delay(2): Delayed 2 second(s)

2019-02-18 13:51:24 - [MESSAGE][PASSED] - Delayed 2 second(s)

2019-02-18 13:51:24 - [TEST_STEP][FAILED] - pk_Functions.CS_VerifyPageData.CheckMatching(["Arabic Description", "English Description"], "Event Group Management/MOF_NE_Event Group ManagementObjectRepository", "Sheet1", [ArabicDescription, EnglishDescription]): pk_Functions.CS_VerifyPageData.CheckMatching(["Arabic Description", "English Description"], "Event Group Management/MOF_NE_Event Group ManagementObjectRepository", "Sheet1", [ArabicDescription, EnglishDescription]) FAILED.
Reason:
com.kms.katalon.core.exception.StepFailedException: Unable to get attribute 'ng-reflect-model' of object '' (Root cause: com.kms.katalon.core.webui.exception.WebElementNotFoundException: Web element with id: '' located by 'By.xpath: //*[@id="app-form"]//form//div[2]/span/div/extended-input//div[2]/input' not found)
	at com.kms.katalon.core.keyword.internal.KeywordMain.stepFailed(KeywordMain.groovy:36)
	at com.kms.katalon.core.webui.keyword.internal.WebUIKeywordMain.stepFailed(WebUIKeywordMain.groovy:65)
	at com.kms.katalon.core.webui.keyword.internal.WebUIKeywordMain.runKeyword(WebUIKeywordMain.groovy:27)
	at com.kms.katalon.core.webui.keyword.builtin.GetAttributeKeyword.getAttribute(GetAttributeKeyword.groovy:93)
	at com.kms.katalon.core.webui.keyword.builtin.GetAttributeKeyword.execute(GetAttributeKeyword.groovy:68)
	at com.kms.katalon.core.keyword.internal.KeywordExecutor.executeKeywordForPlatform(KeywordExecutor.groovy:53)
	at com.kms.katalon.core.webui.keyword.WebUiBuiltInKeywords.getAttribute(WebUiBuiltInKeywords.groovy:921)
	at com.kms.katalon.core.webui.keyword.WebUiBuiltInKeywords$getAttribute$3.call(Unknown Source)
	at pk_Functions.CS_VerifyPageData.CheckMatching(CS_VerifyPageData.groovy:40)
	at pk_Functions.CS_VerifyPageData.invokeMethod(CS_VerifyPageData.groovy)
	at com.kms.katalon.core.main.CustomKeywordDelegatingMetaClass.invokeStaticMethod(CustomKeywordDelegatingMetaClass.java:49)
	at TC_Verify_Update.run(TC_Verify_Update:40)
	at com.kms.katalon.core.main.ScriptEngine.run(ScriptEngine.java:194)
	at com.kms.katalon.core.main.ScriptEngine.runScriptAsRawText(ScriptEngine.java:119)
	at com.kms.katalon.core.main.TestCaseExecutor.runScript(TestCaseExecutor.java:328)
	at com.kms.katalon.core.main.TestCaseExecutor.doExecute(TestCaseExecutor.java:319)
	at com.kms.katalon.core.main.TestCaseExecutor.processExecutionPhase(TestCaseExecutor.java:298)
	at com.kms.katalon.core.main.TestCaseExecutor.accessMainPhase(TestCaseExecutor.java:290)
	at com.kms.katalon.core.main.TestCaseExecutor.execute(TestCaseExecutor.java:224)
	at com.kms.katalon.core.main.TestSuiteExecutor.accessTestCaseMainPhase(TestSuiteExecutor.java:129)
	at com.kms.katalon.core.main.TestSuiteExecutor.accessTestSuiteMainPhase(TestSuiteExecutor.java:112)
	at com.kms.katalon.core.main.TestSuiteExecutor.execute(TestSuiteExecutor.java:81)
	at com.kms.katalon.core.main.TestCaseMain.startTestSuite(TestCaseMain.java:149)
	at com.kms.katalon.core.main.TestCaseMain$startTestSuite$0.call(Unknown Source)
	at TempTestSuite1550490560340.run(TempTestSuite1550490560340.groovy:36)


2019-02-18 13:51:55 - [MESSAGE][INFO] - Unable to find the element located by 'By.xpath: //*[@id="app-form"]//form//div[2]/span/div/extended-input//div[2]/input'. Please recheck the objects properties to make sure the desired element is located. 

2019-02-18 13:51:55 - [MESSAGE][FAILED] - Unable to get attribute 'ng-reflect-model' of object '' (Root cause: com.kms.katalon.core.webui.exception.WebElementNotFoundException: Web element with id: '' located by 'By.xpath: //*[@id="app-form"]//form//div[2]/span/div/extended-input//div[2]/input' not found)
[[ATTACHMENT|C:\\Users\\Administrator\\git\\MOF\\Reports\\Event Group Management\\TS_EGMFullScenario\\20190218_134920\\1550490715403.png]]

2019-02-18 13:51:55 - [MESSAGE][FAILED] - Unable to get attribute 'ng-reflect-model' of object '' (Root cause: com.kms.katalon.core.webui.exception.WebElementNotFoundException: Web element with id: '' located by 'By.xpath: //*[@id="app-form"]//form//div[2]/span/div/extended-input//div[2]/input' not found)

2019-02-18 13:51:55 - [MESSAGE][FAILED] - pk_Functions.CS_VerifyPageData.CheckMatching(["Arabic Description", "English Description"], "Event Group Management/MOF_NE_Event Group ManagementObjectRepository", "Sheet1", [ArabicDescription, EnglishDescription]) FAILED.
Reason:
com.kms.katalon.core.exception.StepFailedException: Unable to get attribute 'ng-reflect-model' of object '' (Root cause: com.kms.katalon.core.webui.exception.WebElementNotFoundException: Web element with id: '' located by 'By.xpath: //*[@id="app-form"]//form//div[2]/span/div/extended-input//div[2]/input' not found)
	at com.kms.katalon.core.keyword.internal.KeywordMain.stepFailed(KeywordMain.groovy:36)
	at com.kms.katalon.core.webui.keyword.internal.WebUIKeywordMain.stepFailed(WebUIKeywordMain.groovy:65)
	at com.kms.katalon.core.webui.keyword.internal.WebUIKeywordMain.runKeyword(WebUIKeywordMain.groovy:27)
	at com.kms.katalon.core.webui.keyword.builtin.GetAttributeKeyword.getAttribute(GetAttributeKeyword.groovy:93)
	at com.kms.katalon.core.webui.keyword.builtin.GetAttributeKeyword.execute(GetAttributeKeyword.groovy:68)
	at com.kms.katalon.core.keyword.internal.KeywordExecutor.executeKeywordForPlatform(KeywordExecutor.groovy:53)
	at com.kms.katalon.core.webui.keyword.WebUiBuiltInKeywords.getAttribute(WebUiBuiltInKeywords.groovy:921)
	at com.kms.katalon.core.webui.keyword.WebUiBuiltInKeywords$getAttribute$3.call(Unknown Source)
	at pk_Functions.CS_VerifyPageData.CheckMatching(CS_VerifyPageData.groovy:40)
	at pk_Functions.CS_VerifyPageData.invokeMethod(CS_VerifyPageData.groovy)
	at com.kms.katalon.core.main.CustomKeywordDelegatingMetaClass.invokeStaticMethod(CustomKeywordDelegatingMetaClass.java:49)
	at TC_Verify_Update.run(TC_Verify_Update:40)
	at com.kms.katalon.core.main.ScriptEngine.run(ScriptEngine.java:194)
	at com.kms.katalon.core.main.ScriptEngine.runScriptAsRawText(ScriptEngine.java:119)
	at com.kms.katalon.core.main.TestCaseExecutor.runScript(TestCaseExecutor.java:328)
	at com.kms.katalon.core.main.TestCaseExecutor.doExecute(TestCaseExecutor.java:319)
	at com.kms.katalon.core.main.TestCaseExecutor.processExecutionPhase(TestCaseExecutor.java:298)
	at com.kms.katalon.core.main.TestCaseExecutor.accessMainPhase(TestCaseExecutor.java:290)
	at com.kms.katalon.core.main.TestCaseExecutor.execute(TestCaseExecutor.java:224)
	at com.kms.katalon.core.main.TestSuiteExecutor.accessTestCaseMainPhase(TestSuiteExecutor.java:129)
	at com.kms.katalon.core.main.TestSuiteExecutor.accessTestSuiteMainPhase(TestSuiteExecutor.java:112)
	at com.kms.katalon.core.main.TestSuiteExecutor.execute(TestSuiteExecutor.java:81)
	at com.kms.katalon.core.main.TestCaseMain.startTestSuite(TestCaseMain.java:149)
	at com.kms.katalon.core.main.TestCaseMain$startTestSuite$0.call(Unknown Source)
	at TempTestSuite1550490560340.run(TempTestSuite1550490560340.groovy:36)]]></system-out>
         <system-err><![CDATA[2019-02-18 13:51:18 - [TEST_CASE][FAILED] - Test Cases/Event Group Management/TC_Verify_Update: Test Cases/Event Group Management/TC_Verify_Update FAILED.
Reason:
com.kms.katalon.core.exception.StepFailedException: Unable to get attribute 'ng-reflect-model' of object '' (Root cause: com.kms.katalon.core.webui.exception.WebElementNotFoundException: Web element with id: '' located by 'By.xpath: //*[@id="app-form"]//form//div[2]/span/div/extended-input//div[2]/input' not found)
	at com.kms.katalon.core.keyword.internal.KeywordMain.stepFailed(KeywordMain.groovy:36)
	at com.kms.katalon.core.webui.keyword.internal.WebUIKeywordMain.stepFailed(WebUIKeywordMain.groovy:65)
	at com.kms.katalon.core.webui.keyword.internal.WebUIKeywordMain.runKeyword(WebUIKeywordMain.groovy:27)
	at com.kms.katalon.core.webui.keyword.builtin.GetAttributeKeyword.getAttribute(GetAttributeKeyword.groovy:93)
	at com.kms.katalon.core.webui.keyword.builtin.GetAttributeKeyword.execute(GetAttributeKeyword.groovy:68)
	at com.kms.katalon.core.keyword.internal.KeywordExecutor.executeKeywordForPlatform(KeywordExecutor.groovy:53)
	at com.kms.katalon.core.webui.keyword.WebUiBuiltInKeywords.getAttribute(WebUiBuiltInKeywords.groovy:921)
	at com.kms.katalon.core.webui.keyword.WebUiBuiltInKeywords$getAttribute$3.call(Unknown Source)
	at pk_Functions.CS_VerifyPageData.CheckMatching(CS_VerifyPageData.groovy:40)
	at pk_Functions.CS_VerifyPageData.invokeMethod(CS_VerifyPageData.groovy)
	at com.kms.katalon.core.main.CustomKeywordDelegatingMetaClass.invokeStaticMethod(CustomKeywordDelegatingMetaClass.java:49)
	at TC_Verify_Update.run(TC_Verify_Update:40)
	at com.kms.katalon.core.main.ScriptEngine.run(ScriptEngine.java:194)
	at com.kms.katalon.core.main.ScriptEngine.runScriptAsRawText(ScriptEngine.java:119)
	at com.kms.katalon.core.main.TestCaseExecutor.runScript(TestCaseExecutor.java:328)
	at com.kms.katalon.core.main.TestCaseExecutor.doExecute(TestCaseExecutor.java:319)
	at com.kms.katalon.core.main.TestCaseExecutor.processExecutionPhase(TestCaseExecutor.java:298)
	at com.kms.katalon.core.main.TestCaseExecutor.accessMainPhase(TestCaseExecutor.java:290)
	at com.kms.katalon.core.main.TestCaseExecutor.execute(TestCaseExecutor.java:224)
	at com.kms.katalon.core.main.TestSuiteExecutor.accessTestCaseMainPhase(TestSuiteExecutor.java:129)
	at com.kms.katalon.core.main.TestSuiteExecutor.accessTestSuiteMainPhase(TestSuiteExecutor.java:112)
	at com.kms.katalon.core.main.TestSuiteExecutor.execute(TestSuiteExecutor.java:81)
	at com.kms.katalon.core.main.TestCaseMain.startTestSuite(TestCaseMain.java:149)
	at com.kms.katalon.core.main.TestCaseMain$startTestSuite$0.call(Unknown Source)
	at TempTestSuite1550490560340.run(TempTestSuite1550490560340.groovy:36)]]></system-err>
      </testcase>
      <testcase name="Test Cases/Event Group Management/TC_Verify_Update" classname="Test Cases/Event Group Management/TC_Verify_Update" status="FAILED">
         <failure type="FAILED" message="Test Cases/Event Group Management/TC_Verify_Update FAILED.
Reason:
com.kms.katalon.core.exception.StepFailedException: Unable to get attribute 'ng-reflect-model' of object '' (Root cause: com.kms.katalon.core.webui.exception.WebElementNotFoundException: Web element with id: '' located by 'By.xpath: //*[@id=&quot;app-form&quot;]//form//div[2]/span/div/extended-input//div[2]/input' not found)
	at com.kms.katalon.core.keyword.internal.KeywordMain.stepFailed(KeywordMain.groovy:36)
	at com.kms.katalon.core.webui.keyword.internal.WebUIKeywordMain.stepFailed(WebUIKeywordMain.groovy:65)
	at com.kms.katalon.core.webui.keyword.internal.WebUIKeywordMain.runKeyword(WebUIKeywordMain.groovy:27)
	at com.kms.katalon.core.webui.keyword.builtin.GetAttributeKeyword.getAttribute(GetAttributeKeyword.groovy:93)
	at com.kms.katalon.core.webui.keyword.builtin.GetAttributeKeyword.execute(GetAttributeKeyword.groovy:68)
	at com.kms.katalon.core.keyword.internal.KeywordExecutor.executeKeywordForPlatform(KeywordExecutor.groovy:53)
	at com.kms.katalon.core.webui.keyword.WebUiBuiltInKeywords.getAttribute(WebUiBuiltInKeywords.groovy:921)
	at com.kms.katalon.core.webui.keyword.WebUiBuiltInKeywords$getAttribute$3.call(Unknown Source)
	at pk_Functions.CS_VerifyPageData.CheckMatching(CS_VerifyPageData.groovy:40)
	at pk_Functions.CS_VerifyPageData.invokeMethod(CS_VerifyPageData.groovy)
	at com.kms.katalon.core.main.CustomKeywordDelegatingMetaClass.invokeStaticMethod(CustomKeywordDelegatingMetaClass.java:49)
	at TC_Verify_Update.run(TC_Verify_Update:40)
	at com.kms.katalon.core.main.ScriptEngine.run(ScriptEngine.java:194)
	at com.kms.katalon.core.main.ScriptEngine.runScriptAsRawText(ScriptEngine.java:119)
	at com.kms.katalon.core.main.TestCaseExecutor.runScript(TestCaseExecutor.java:328)
	at com.kms.katalon.core.main.TestCaseExecutor.doExecute(TestCaseExecutor.java:319)
	at com.kms.katalon.core.main.TestCaseExecutor.processExecutionPhase(TestCaseExecutor.java:298)
	at com.kms.katalon.core.main.TestCaseExecutor.accessMainPhase(TestCaseExecutor.java:290)
	at com.kms.katalon.core.main.TestCaseExecutor.execute(TestCaseExecutor.java:224)
	at com.kms.katalon.core.main.TestSuiteExecutor.accessTestCaseMainPhase(TestSuiteExecutor.java:129)
	at com.kms.katalon.core.main.TestSuiteExecutor.accessTestSuiteMainPhase(TestSuiteExecutor.java:112)
	at com.kms.katalon.core.main.TestSuiteExecutor.execute(TestSuiteExecutor.java:81)
	at com.kms.katalon.core.main.TestCaseMain.startTestSuite(TestCaseMain.java:149)
	at com.kms.katalon.core.main.TestCaseMain$startTestSuite$0.call(Unknown Source)
	at TempTestSuite1550490560340.run(TempTestSuite1550490560340.groovy:36)
"/>
         <system-out><![CDATA[2019-02-18 13:51:55 - [TEST_CASE][FAILED] - Test Cases/Event Group Management/TC_Verify_Update: Test Cases/Event Group Management/TC_Verify_Update FAILED.
Reason:
com.kms.katalon.core.exception.StepFailedException: Unable to get attribute 'ng-reflect-model' of object '' (Root cause: com.kms.katalon.core.webui.exception.WebElementNotFoundException: Web element with id: '' located by 'By.xpath: //*[@id="app-form"]//form//div[2]/span/div/extended-input//div[2]/input' not found)
	at com.kms.katalon.core.keyword.internal.KeywordMain.stepFailed(KeywordMain.groovy:36)
	at com.kms.katalon.core.webui.keyword.internal.WebUIKeywordMain.stepFailed(WebUIKeywordMain.groovy:65)
	at com.kms.katalon.core.webui.keyword.internal.WebUIKeywordMain.runKeyword(WebUIKeywordMain.groovy:27)
	at com.kms.katalon.core.webui.keyword.builtin.GetAttributeKeyword.getAttribute(GetAttributeKeyword.groovy:93)
	at com.kms.katalon.core.webui.keyword.builtin.GetAttributeKeyword.execute(GetAttributeKeyword.groovy:68)
	at com.kms.katalon.core.keyword.internal.KeywordExecutor.executeKeywordForPlatform(KeywordExecutor.groovy:53)
	at com.kms.katalon.core.webui.keyword.WebUiBuiltInKeywords.getAttribute(WebUiBuiltInKeywords.groovy:921)
	at com.kms.katalon.core.webui.keyword.WebUiBuiltInKeywords$getAttribute$3.call(Unknown Source)
	at pk_Functions.CS_VerifyPageData.CheckMatching(CS_VerifyPageData.groovy:40)
	at pk_Functions.CS_VerifyPageData.invokeMethod(CS_VerifyPageData.groovy)
	at com.kms.katalon.core.main.CustomKeywordDelegatingMetaClass.invokeStaticMethod(CustomKeywordDelegatingMetaClass.java:49)
	at TC_Verify_Update.run(TC_Verify_Update:40)
	at com.kms.katalon.core.main.ScriptEngine.run(ScriptEngine.java:194)
	at com.kms.katalon.core.main.ScriptEngine.runScriptAsRawText(ScriptEngine.java:119)
	at com.kms.katalon.core.main.TestCaseExecutor.runScript(TestCaseExecutor.java:328)
	at com.kms.katalon.core.main.TestCaseExecutor.doExecute(TestCaseExecutor.java:319)
	at com.kms.katalon.core.main.TestCaseExecutor.processExecutionPhase(TestCaseExecutor.java:298)
	at com.kms.katalon.core.main.TestCaseExecutor.accessMainPhase(TestCaseExecutor.java:290)
	at com.kms.katalon.core.main.TestCaseExecutor.execute(TestCaseExecutor.java:224)
	at com.kms.katalon.core.main.TestSuiteExecutor.accessTestCaseMainPhase(TestSuiteExecutor.java:129)
	at com.kms.katalon.core.main.TestSuiteExecutor.accessTestSuiteMainPhase(TestSuiteExecutor.java:112)
	at com.kms.katalon.core.main.TestSuiteExecutor.execute(TestSuiteExecutor.java:81)
	at com.kms.katalon.core.main.TestCaseMain.startTestSuite(TestCaseMain.java:149)
	at com.kms.katalon.core.main.TestCaseMain$startTestSuite$0.call(Unknown Source)
	at TempTestSuite1550490560340.run(TempTestSuite1550490560340.groovy:36)


2019-02-18 13:51:55 - [TEST_STEP][PASSED] - if (ActionType == "UpdateYes"): null

2019-02-18 13:51:55 - [TEST_STEP][PASSED] - delay(1): Delayed 1 second(s)

2019-02-18 13:51:56 - [MESSAGE][PASSED] - Delayed 1 second(s)

2019-02-18 13:51:56 - [TEST_STEP][PASSED] - pk_Functions.CS_ClickingonActionButtonswithPagination.SelectRecordFromWebtableFun(ActionType, 0, 3, "Event Group Management/MOF_NE_Event Group ManagementObjectRepository", "Sheet1", Code): pk_Functions.CS_ClickingonActionButtonswithPagination.SelectRecordFromWebtableFun is PASSED

2019-02-18 13:51:57 - [MESSAGE][PASSED] - Object: '' is clicked on

2019-02-18 13:51:59 - [MESSAGE][PASSED] - Delayed 2 second(s)

2019-02-18 13:52:00 - [MESSAGE][PASSED] - Delayed 1 second(s)

2019-02-18 13:52:00 - [MESSAGE][PASSED] - pk_Functions.CS_ClickingonActionButtonswithPagination.SelectRecordFromWebtableFun is PASSED

2019-02-18 13:52:00 - [TEST_STEP][PASSED] - delay(2): Delayed 2 second(s)

2019-02-18 13:52:02 - [MESSAGE][PASSED] - Delayed 2 second(s)

2019-02-18 13:52:02 - [TEST_STEP][FAILED] - pk_Functions.CS_VerifyPageData.CheckMatching(["Arabic Description", "English Description"], "Event Group Management/MOF_NE_Event Group ManagementObjectRepository", "Sheet1", [ArabicDescription, EnglishDescription]): pk_Functions.CS_VerifyPageData.CheckMatching(["Arabic Description", "English Description"], "Event Group Management/MOF_NE_Event Group ManagementObjectRepository", "Sheet1", [ArabicDescription, EnglishDescription]) FAILED.
Reason:
com.kms.katalon.core.exception.StepFailedException: Unable to get attribute 'ng-reflect-model' of object '' (Root cause: com.kms.katalon.core.webui.exception.WebElementNotFoundException: Web element with id: '' located by 'By.xpath: //*[@id="app-form"]//form//div[2]/span/div/extended-input//div[2]/input' not found)
	at com.kms.katalon.core.keyword.internal.KeywordMain.stepFailed(KeywordMain.groovy:36)
	at com.kms.katalon.core.webui.keyword.internal.WebUIKeywordMain.stepFailed(WebUIKeywordMain.groovy:65)
	at com.kms.katalon.core.webui.keyword.internal.WebUIKeywordMain.runKeyword(WebUIKeywordMain.groovy:27)
	at com.kms.katalon.core.webui.keyword.builtin.GetAttributeKeyword.getAttribute(GetAttributeKeyword.groovy:93)
	at com.kms.katalon.core.webui.keyword.builtin.GetAttributeKeyword.execute(GetAttributeKeyword.groovy:68)
	at com.kms.katalon.core.keyword.internal.KeywordExecutor.executeKeywordForPlatform(KeywordExecutor.groovy:53)
	at com.kms.katalon.core.webui.keyword.WebUiBuiltInKeywords.getAttribute(WebUiBuiltInKeywords.groovy:921)
	at com.kms.katalon.core.webui.keyword.WebUiBuiltInKeywords$getAttribute$3.call(Unknown Source)
	at pk_Functions.CS_VerifyPageData.CheckMatching(CS_VerifyPageData.groovy:40)
	at pk_Functions.CS_VerifyPageData.invokeMethod(CS_VerifyPageData.groovy)
	at com.kms.katalon.core.main.CustomKeywordDelegatingMetaClass.invokeStaticMethod(CustomKeywordDelegatingMetaClass.java:49)
	at TC_Verify_Update.run(TC_Verify_Update:40)
	at com.kms.katalon.core.main.ScriptEngine.run(ScriptEngine.java:194)
	at com.kms.katalon.core.main.ScriptEngine.runScriptAsRawText(ScriptEngine.java:119)
	at com.kms.katalon.core.main.TestCaseExecutor.runScript(TestCaseExecutor.java:328)
	at com.kms.katalon.core.main.TestCaseExecutor.doExecute(TestCaseExecutor.java:319)
	at com.kms.katalon.core.main.TestCaseExecutor.processExecutionPhase(TestCaseExecutor.java:298)
	at com.kms.katalon.core.main.TestCaseExecutor.accessMainPhase(TestCaseExecutor.java:290)
	at com.kms.katalon.core.main.TestCaseExecutor.execute(TestCaseExecutor.java:224)
	at com.kms.katalon.core.main.TestSuiteExecutor.accessTestCaseMainPhase(TestSuiteExecutor.java:129)
	at com.kms.katalon.core.main.TestSuiteExecutor.accessTestSuiteMainPhase(TestSuiteExecutor.java:112)
	at com.kms.katalon.core.main.TestSuiteExecutor.execute(TestSuiteExecutor.java:81)
	at com.kms.katalon.core.main.TestCaseMain.startTestSuite(TestCaseMain.java:149)
	at com.kms.katalon.core.main.TestCaseMain$startTestSuite$0.call(Unknown Source)
	at TempTestSuite1550490560340.run(TempTestSuite1550490560340.groovy:36)


2019-02-18 13:52:33 - [MESSAGE][INFO] - Unable to find the element located by 'By.xpath: //*[@id="app-form"]//form//div[2]/span/div/extended-input//div[2]/input'. Please recheck the objects properties to make sure the desired element is located. 

2019-02-18 13:52:33 - [MESSAGE][FAILED] - Unable to get attribute 'ng-reflect-model' of object '' (Root cause: com.kms.katalon.core.webui.exception.WebElementNotFoundException: Web element with id: '' located by 'By.xpath: //*[@id="app-form"]//form//div[2]/span/div/extended-input//div[2]/input' not found)
[[ATTACHMENT|C:\\Users\\Administrator\\git\\MOF\\Reports\\Event Group Management\\TS_EGMFullScenario\\20190218_134920\\1550490753017.png]]

2019-02-18 13:52:33 - [MESSAGE][FAILED] - Unable to get attribute 'ng-reflect-model' of object '' (Root cause: com.kms.katalon.core.webui.exception.WebElementNotFoundException: Web element with id: '' located by 'By.xpath: //*[@id="app-form"]//form//div[2]/span/div/extended-input//div[2]/input' not found)

2019-02-18 13:52:33 - [MESSAGE][FAILED] - pk_Functions.CS_VerifyPageData.CheckMatching(["Arabic Description", "English Description"], "Event Group Management/MOF_NE_Event Group ManagementObjectRepository", "Sheet1", [ArabicDescription, EnglishDescription]) FAILED.
Reason:
com.kms.katalon.core.exception.StepFailedException: Unable to get attribute 'ng-reflect-model' of object '' (Root cause: com.kms.katalon.core.webui.exception.WebElementNotFoundException: Web element with id: '' located by 'By.xpath: //*[@id="app-form"]//form//div[2]/span/div/extended-input//div[2]/input' not found)
	at com.kms.katalon.core.keyword.internal.KeywordMain.stepFailed(KeywordMain.groovy:36)
	at com.kms.katalon.core.webui.keyword.internal.WebUIKeywordMain.stepFailed(WebUIKeywordMain.groovy:65)
	at com.kms.katalon.core.webui.keyword.internal.WebUIKeywordMain.runKeyword(WebUIKeywordMain.groovy:27)
	at com.kms.katalon.core.webui.keyword.builtin.GetAttributeKeyword.getAttribute(GetAttributeKeyword.groovy:93)
	at com.kms.katalon.core.webui.keyword.builtin.GetAttributeKeyword.execute(GetAttributeKeyword.groovy:68)
	at com.kms.katalon.core.keyword.internal.KeywordExecutor.executeKeywordForPlatform(KeywordExecutor.groovy:53)
	at com.kms.katalon.core.webui.keyword.WebUiBuiltInKeywords.getAttribute(WebUiBuiltInKeywords.groovy:921)
	at com.kms.katalon.core.webui.keyword.WebUiBuiltInKeywords$getAttribute$3.call(Unknown Source)
	at pk_Functions.CS_VerifyPageData.CheckMatching(CS_VerifyPageData.groovy:40)
	at pk_Functions.CS_VerifyPageData.invokeMethod(CS_VerifyPageData.groovy)
	at com.kms.katalon.core.main.CustomKeywordDelegatingMetaClass.invokeStaticMethod(CustomKeywordDelegatingMetaClass.java:49)
	at TC_Verify_Update.run(TC_Verify_Update:40)
	at com.kms.katalon.core.main.ScriptEngine.run(ScriptEngine.java:194)
	at com.kms.katalon.core.main.ScriptEngine.runScriptAsRawText(ScriptEngine.java:119)
	at com.kms.katalon.core.main.TestCaseExecutor.runScript(TestCaseExecutor.java:328)
	at com.kms.katalon.core.main.TestCaseExecutor.doExecute(TestCaseExecutor.java:319)
	at com.kms.katalon.core.main.TestCaseExecutor.processExecutionPhase(TestCaseExecutor.java:298)
	at com.kms.katalon.core.main.TestCaseExecutor.accessMainPhase(TestCaseExecutor.java:290)
	at com.kms.katalon.core.main.TestCaseExecutor.execute(TestCaseExecutor.java:224)
	at com.kms.katalon.core.main.TestSuiteExecutor.accessTestCaseMainPhase(TestSuiteExecutor.java:129)
	at com.kms.katalon.core.main.TestSuiteExecutor.accessTestSuiteMainPhase(TestSuiteExecutor.java:112)
	at com.kms.katalon.core.main.TestSuiteExecutor.execute(TestSuiteExecutor.java:81)
	at com.kms.katalon.core.main.TestCaseMain.startTestSuite(TestCaseMain.java:149)
	at com.kms.katalon.core.main.TestCaseMain$startTestSuite$0.call(Unknown Source)
	at TempTestSuite1550490560340.run(TempTestSuite1550490560340.groovy:36)]]></system-out>
         <system-err><![CDATA[2019-02-18 13:51:55 - [TEST_CASE][FAILED] - Test Cases/Event Group Management/TC_Verify_Update: Test Cases/Event Group Management/TC_Verify_Update FAILED.
Reason:
com.kms.katalon.core.exception.StepFailedException: Unable to get attribute 'ng-reflect-model' of object '' (Root cause: com.kms.katalon.core.webui.exception.WebElementNotFoundException: Web element with id: '' located by 'By.xpath: //*[@id="app-form"]//form//div[2]/span/div/extended-input//div[2]/input' not found)
	at com.kms.katalon.core.keyword.internal.KeywordMain.stepFailed(KeywordMain.groovy:36)
	at com.kms.katalon.core.webui.keyword.internal.WebUIKeywordMain.stepFailed(WebUIKeywordMain.groovy:65)
	at com.kms.katalon.core.webui.keyword.internal.WebUIKeywordMain.runKeyword(WebUIKeywordMain.groovy:27)
	at com.kms.katalon.core.webui.keyword.builtin.GetAttributeKeyword.getAttribute(GetAttributeKeyword.groovy:93)
	at com.kms.katalon.core.webui.keyword.builtin.GetAttributeKeyword.execute(GetAttributeKeyword.groovy:68)
	at com.kms.katalon.core.keyword.internal.KeywordExecutor.executeKeywordForPlatform(KeywordExecutor.groovy:53)
	at com.kms.katalon.core.webui.keyword.WebUiBuiltInKeywords.getAttribute(WebUiBuiltInKeywords.groovy:921)
	at com.kms.katalon.core.webui.keyword.WebUiBuiltInKeywords$getAttribute$3.call(Unknown Source)
	at pk_Functions.CS_VerifyPageData.CheckMatching(CS_VerifyPageData.groovy:40)
	at pk_Functions.CS_VerifyPageData.invokeMethod(CS_VerifyPageData.groovy)
	at com.kms.katalon.core.main.CustomKeywordDelegatingMetaClass.invokeStaticMethod(CustomKeywordDelegatingMetaClass.java:49)
	at TC_Verify_Update.run(TC_Verify_Update:40)
	at com.kms.katalon.core.main.ScriptEngine.run(ScriptEngine.java:194)
	at com.kms.katalon.core.main.ScriptEngine.runScriptAsRawText(ScriptEngine.java:119)
	at com.kms.katalon.core.main.TestCaseExecutor.runScript(TestCaseExecutor.java:328)
	at com.kms.katalon.core.main.TestCaseExecutor.doExecute(TestCaseExecutor.java:319)
	at com.kms.katalon.core.main.TestCaseExecutor.processExecutionPhase(TestCaseExecutor.java:298)
	at com.kms.katalon.core.main.TestCaseExecutor.accessMainPhase(TestCaseExecutor.java:290)
	at com.kms.katalon.core.main.TestCaseExecutor.execute(TestCaseExecutor.java:224)
	at com.kms.katalon.core.main.TestSuiteExecutor.accessTestCaseMainPhase(TestSuiteExecutor.java:129)
	at com.kms.katalon.core.main.TestSuiteExecutor.accessTestSuiteMainPhase(TestSuiteExecutor.java:112)
	at com.kms.katalon.core.main.TestSuiteExecutor.execute(TestSuiteExecutor.java:81)
	at com.kms.katalon.core.main.TestCaseMain.startTestSuite(TestCaseMain.java:149)
	at com.kms.katalon.core.main.TestCaseMain$startTestSuite$0.call(Unknown Source)
	at TempTestSuite1550490560340.run(TempTestSuite1550490560340.groovy:36)]]></system-err>
      </testcase>
      <testcase name="Test Cases/Event Group Management/TC_Verify_Update" classname="Test Cases/Event Group Management/TC_Verify_Update" status="FAILED">
         <failure type="FAILED" message="Test Cases/Event Group Management/TC_Verify_Update FAILED.
Reason:
com.kms.katalon.core.exception.StepFailedException: Unable to get attribute 'ng-reflect-model' of object '' (Root cause: com.kms.katalon.core.webui.exception.WebElementNotFoundException: Web element with id: '' located by 'By.xpath: //*[@id=&quot;app-form&quot;]//form//div[2]/span/div/extended-input//div[2]/input' not found)
	at com.kms.katalon.core.keyword.internal.KeywordMain.stepFailed(KeywordMain.groovy:36)
	at com.kms.katalon.core.webui.keyword.internal.WebUIKeywordMain.stepFailed(WebUIKeywordMain.groovy:65)
	at com.kms.katalon.core.webui.keyword.internal.WebUIKeywordMain.runKeyword(WebUIKeywordMain.groovy:27)
	at com.kms.katalon.core.webui.keyword.builtin.GetAttributeKeyword.getAttribute(GetAttributeKeyword.groovy:93)
	at com.kms.katalon.core.webui.keyword.builtin.GetAttributeKeyword.execute(GetAttributeKeyword.groovy:68)
	at com.kms.katalon.core.keyword.internal.KeywordExecutor.executeKeywordForPlatform(KeywordExecutor.groovy:53)
	at com.kms.katalon.core.webui.keyword.WebUiBuiltInKeywords.getAttribute(WebUiBuiltInKeywords.groovy:921)
	at com.kms.katalon.core.webui.keyword.WebUiBuiltInKeywords$getAttribute$3.call(Unknown Source)
	at pk_Functions.CS_VerifyPageData.CheckMatching(CS_VerifyPageData.groovy:40)
	at pk_Functions.CS_VerifyPageData.invokeMethod(CS_VerifyPageData.groovy)
	at com.kms.katalon.core.main.CustomKeywordDelegatingMetaClass.invokeStaticMethod(CustomKeywordDelegatingMetaClass.java:49)
	at TC_Verify_Update.run(TC_Verify_Update:40)
	at com.kms.katalon.core.main.ScriptEngine.run(ScriptEngine.java:194)
	at com.kms.katalon.core.main.ScriptEngine.runScriptAsRawText(ScriptEngine.java:119)
	at com.kms.katalon.core.main.TestCaseExecutor.runScript(TestCaseExecutor.java:328)
	at com.kms.katalon.core.main.TestCaseExecutor.doExecute(TestCaseExecutor.java:319)
	at com.kms.katalon.core.main.TestCaseExecutor.processExecutionPhase(TestCaseExecutor.java:298)
	at com.kms.katalon.core.main.TestCaseExecutor.accessMainPhase(TestCaseExecutor.java:290)
	at com.kms.katalon.core.main.TestCaseExecutor.execute(TestCaseExecutor.java:224)
	at com.kms.katalon.core.main.TestSuiteExecutor.accessTestCaseMainPhase(TestSuiteExecutor.java:129)
	at com.kms.katalon.core.main.TestSuiteExecutor.accessTestSuiteMainPhase(TestSuiteExecutor.java:112)
	at com.kms.katalon.core.main.TestSuiteExecutor.execute(TestSuiteExecutor.java:81)
	at com.kms.katalon.core.main.TestCaseMain.startTestSuite(TestCaseMain.java:149)
	at com.kms.katalon.core.main.TestCaseMain$startTestSuite$0.call(Unknown Source)
	at TempTestSuite1550490560340.run(TempTestSuite1550490560340.groovy:36)
"/>
         <system-out><![CDATA[2019-02-18 13:52:33 - [TEST_CASE][FAILED] - Test Cases/Event Group Management/TC_Verify_Update: Test Cases/Event Group Management/TC_Verify_Update FAILED.
Reason:
com.kms.katalon.core.exception.StepFailedException: Unable to get attribute 'ng-reflect-model' of object '' (Root cause: com.kms.katalon.core.webui.exception.WebElementNotFoundException: Web element with id: '' located by 'By.xpath: //*[@id="app-form"]//form//div[2]/span/div/extended-input//div[2]/input' not found)
	at com.kms.katalon.core.keyword.internal.KeywordMain.stepFailed(KeywordMain.groovy:36)
	at com.kms.katalon.core.webui.keyword.internal.WebUIKeywordMain.stepFailed(WebUIKeywordMain.groovy:65)
	at com.kms.katalon.core.webui.keyword.internal.WebUIKeywordMain.runKeyword(WebUIKeywordMain.groovy:27)
	at com.kms.katalon.core.webui.keyword.builtin.GetAttributeKeyword.getAttribute(GetAttributeKeyword.groovy:93)
	at com.kms.katalon.core.webui.keyword.builtin.GetAttributeKeyword.execute(GetAttributeKeyword.groovy:68)
	at com.kms.katalon.core.keyword.internal.KeywordExecutor.executeKeywordForPlatform(KeywordExecutor.groovy:53)
	at com.kms.katalon.core.webui.keyword.WebUiBuiltInKeywords.getAttribute(WebUiBuiltInKeywords.groovy:921)
	at com.kms.katalon.core.webui.keyword.WebUiBuiltInKeywords$getAttribute$3.call(Unknown Source)
	at pk_Functions.CS_VerifyPageData.CheckMatching(CS_VerifyPageData.groovy:40)
	at pk_Functions.CS_VerifyPageData.invokeMethod(CS_VerifyPageData.groovy)
	at com.kms.katalon.core.main.CustomKeywordDelegatingMetaClass.invokeStaticMethod(CustomKeywordDelegatingMetaClass.java:49)
	at TC_Verify_Update.run(TC_Verify_Update:40)
	at com.kms.katalon.core.main.ScriptEngine.run(ScriptEngine.java:194)
	at com.kms.katalon.core.main.ScriptEngine.runScriptAsRawText(ScriptEngine.java:119)
	at com.kms.katalon.core.main.TestCaseExecutor.runScript(TestCaseExecutor.java:328)
	at com.kms.katalon.core.main.TestCaseExecutor.doExecute(TestCaseExecutor.java:319)
	at com.kms.katalon.core.main.TestCaseExecutor.processExecutionPhase(TestCaseExecutor.java:298)
	at com.kms.katalon.core.main.TestCaseExecutor.accessMainPhase(TestCaseExecutor.java:290)
	at com.kms.katalon.core.main.TestCaseExecutor.execute(TestCaseExecutor.java:224)
	at com.kms.katalon.core.main.TestSuiteExecutor.accessTestCaseMainPhase(TestSuiteExecutor.java:129)
	at com.kms.katalon.core.main.TestSuiteExecutor.accessTestSuiteMainPhase(TestSuiteExecutor.java:112)
	at com.kms.katalon.core.main.TestSuiteExecutor.execute(TestSuiteExecutor.java:81)
	at com.kms.katalon.core.main.TestCaseMain.startTestSuite(TestCaseMain.java:149)
	at com.kms.katalon.core.main.TestCaseMain$startTestSuite$0.call(Unknown Source)
	at TempTestSuite1550490560340.run(TempTestSuite1550490560340.groovy:36)


2019-02-18 13:52:33 - [TEST_STEP][PASSED] - if (ActionType == "UpdateYes"): null

2019-02-18 13:52:33 - [TEST_STEP][PASSED] - delay(1): Delayed 1 second(s)

2019-02-18 13:52:34 - [MESSAGE][PASSED] - Delayed 1 second(s)

2019-02-18 13:52:34 - [TEST_STEP][PASSED] - pk_Functions.CS_ClickingonActionButtonswithPagination.SelectRecordFromWebtableFun(ActionType, 0, 3, "Event Group Management/MOF_NE_Event Group ManagementObjectRepository", "Sheet1", Code): pk_Functions.CS_ClickingonActionButtonswithPagination.SelectRecordFromWebtableFun is PASSED

2019-02-18 13:52:34 - [MESSAGE][PASSED] - Object: '' is clicked on

2019-02-18 13:52:36 - [MESSAGE][PASSED] - Delayed 2 second(s)

2019-02-18 13:52:37 - [MESSAGE][PASSED] - Delayed 1 second(s)

2019-02-18 13:52:37 - [MESSAGE][PASSED] - pk_Functions.CS_ClickingonActionButtonswithPagination.SelectRecordFromWebtableFun is PASSED

2019-02-18 13:52:37 - [TEST_STEP][PASSED] - delay(2): Delayed 2 second(s)

2019-02-18 13:52:39 - [MESSAGE][PASSED] - Delayed 2 second(s)

2019-02-18 13:52:39 - [TEST_STEP][FAILED] - pk_Functions.CS_VerifyPageData.CheckMatching(["Arabic Description", "English Description"], "Event Group Management/MOF_NE_Event Group ManagementObjectRepository", "Sheet1", [ArabicDescription, EnglishDescription]): pk_Functions.CS_VerifyPageData.CheckMatching(["Arabic Description", "English Description"], "Event Group Management/MOF_NE_Event Group ManagementObjectRepository", "Sheet1", [ArabicDescription, EnglishDescription]) FAILED.
Reason:
com.kms.katalon.core.exception.StepFailedException: Unable to get attribute 'ng-reflect-model' of object '' (Root cause: com.kms.katalon.core.webui.exception.WebElementNotFoundException: Web element with id: '' located by 'By.xpath: //*[@id="app-form"]//form//div[2]/span/div/extended-input//div[2]/input' not found)
	at com.kms.katalon.core.keyword.internal.KeywordMain.stepFailed(KeywordMain.groovy:36)
	at com.kms.katalon.core.webui.keyword.internal.WebUIKeywordMain.stepFailed(WebUIKeywordMain.groovy:65)
	at com.kms.katalon.core.webui.keyword.internal.WebUIKeywordMain.runKeyword(WebUIKeywordMain.groovy:27)
	at com.kms.katalon.core.webui.keyword.builtin.GetAttributeKeyword.getAttribute(GetAttributeKeyword.groovy:93)
	at com.kms.katalon.core.webui.keyword.builtin.GetAttributeKeyword.execute(GetAttributeKeyword.groovy:68)
	at com.kms.katalon.core.keyword.internal.KeywordExecutor.executeKeywordForPlatform(KeywordExecutor.groovy:53)
	at com.kms.katalon.core.webui.keyword.WebUiBuiltInKeywords.getAttribute(WebUiBuiltInKeywords.groovy:921)
	at com.kms.katalon.core.webui.keyword.WebUiBuiltInKeywords$getAttribute$3.call(Unknown Source)
	at pk_Functions.CS_VerifyPageData.CheckMatching(CS_VerifyPageData.groovy:40)
	at pk_Functions.CS_VerifyPageData.invokeMethod(CS_VerifyPageData.groovy)
	at com.kms.katalon.core.main.CustomKeywordDelegatingMetaClass.invokeStaticMethod(CustomKeywordDelegatingMetaClass.java:49)
	at TC_Verify_Update.run(TC_Verify_Update:40)
	at com.kms.katalon.core.main.ScriptEngine.run(ScriptEngine.java:194)
	at com.kms.katalon.core.main.ScriptEngine.runScriptAsRawText(ScriptEngine.java:119)
	at com.kms.katalon.core.main.TestCaseExecutor.runScript(TestCaseExecutor.java:328)
	at com.kms.katalon.core.main.TestCaseExecutor.doExecute(TestCaseExecutor.java:319)
	at com.kms.katalon.core.main.TestCaseExecutor.processExecutionPhase(TestCaseExecutor.java:298)
	at com.kms.katalon.core.main.TestCaseExecutor.accessMainPhase(TestCaseExecutor.java:290)
	at com.kms.katalon.core.main.TestCaseExecutor.execute(TestCaseExecutor.java:224)
	at com.kms.katalon.core.main.TestSuiteExecutor.accessTestCaseMainPhase(TestSuiteExecutor.java:129)
	at com.kms.katalon.core.main.TestSuiteExecutor.accessTestSuiteMainPhase(TestSuiteExecutor.java:112)
	at com.kms.katalon.core.main.TestSuiteExecutor.execute(TestSuiteExecutor.java:81)
	at com.kms.katalon.core.main.TestCaseMain.startTestSuite(TestCaseMain.java:149)
	at com.kms.katalon.core.main.TestCaseMain$startTestSuite$0.call(Unknown Source)
	at TempTestSuite1550490560340.run(TempTestSuite1550490560340.groovy:36)


2019-02-18 13:53:10 - [MESSAGE][INFO] - Unable to find the element located by 'By.xpath: //*[@id="app-form"]//form//div[2]/span/div/extended-input//div[2]/input'. Please recheck the objects properties to make sure the desired element is located. 

2019-02-18 13:53:11 - [MESSAGE][FAILED] - Unable to get attribute 'ng-reflect-model' of object '' (Root cause: com.kms.katalon.core.webui.exception.WebElementNotFoundException: Web element with id: '' located by 'By.xpath: //*[@id="app-form"]//form//div[2]/span/div/extended-input//div[2]/input' not found)
[[ATTACHMENT|C:\\Users\\Administrator\\git\\MOF\\Reports\\Event Group Management\\TS_EGMFullScenario\\20190218_134920\\1550490790710.png]]

2019-02-18 13:53:11 - [MESSAGE][FAILED] - Unable to get attribute 'ng-reflect-model' of object '' (Root cause: com.kms.katalon.core.webui.exception.WebElementNotFoundException: Web element with id: '' located by 'By.xpath: //*[@id="app-form"]//form//div[2]/span/div/extended-input//div[2]/input' not found)

2019-02-18 13:53:11 - [MESSAGE][FAILED] - pk_Functions.CS_VerifyPageData.CheckMatching(["Arabic Description", "English Description"], "Event Group Management/MOF_NE_Event Group ManagementObjectRepository", "Sheet1", [ArabicDescription, EnglishDescription]) FAILED.
Reason:
com.kms.katalon.core.exception.StepFailedException: Unable to get attribute 'ng-reflect-model' of object '' (Root cause: com.kms.katalon.core.webui.exception.WebElementNotFoundException: Web element with id: '' located by 'By.xpath: //*[@id="app-form"]//form//div[2]/span/div/extended-input//div[2]/input' not found)
	at com.kms.katalon.core.keyword.internal.KeywordMain.stepFailed(KeywordMain.groovy:36)
	at com.kms.katalon.core.webui.keyword.internal.WebUIKeywordMain.stepFailed(WebUIKeywordMain.groovy:65)
	at com.kms.katalon.core.webui.keyword.internal.WebUIKeywordMain.runKeyword(WebUIKeywordMain.groovy:27)
	at com.kms.katalon.core.webui.keyword.builtin.GetAttributeKeyword.getAttribute(GetAttributeKeyword.groovy:93)
	at com.kms.katalon.core.webui.keyword.builtin.GetAttributeKeyword.execute(GetAttributeKeyword.groovy:68)
	at com.kms.katalon.core.keyword.internal.KeywordExecutor.executeKeywordForPlatform(KeywordExecutor.groovy:53)
	at com.kms.katalon.core.webui.keyword.WebUiBuiltInKeywords.getAttribute(WebUiBuiltInKeywords.groovy:921)
	at com.kms.katalon.core.webui.keyword.WebUiBuiltInKeywords$getAttribute$3.call(Unknown Source)
	at pk_Functions.CS_VerifyPageData.CheckMatching(CS_VerifyPageData.groovy:40)
	at pk_Functions.CS_VerifyPageData.invokeMethod(CS_VerifyPageData.groovy)
	at com.kms.katalon.core.main.CustomKeywordDelegatingMetaClass.invokeStaticMethod(CustomKeywordDelegatingMetaClass.java:49)
	at TC_Verify_Update.run(TC_Verify_Update:40)
	at com.kms.katalon.core.main.ScriptEngine.run(ScriptEngine.java:194)
	at com.kms.katalon.core.main.ScriptEngine.runScriptAsRawText(ScriptEngine.java:119)
	at com.kms.katalon.core.main.TestCaseExecutor.runScript(TestCaseExecutor.java:328)
	at com.kms.katalon.core.main.TestCaseExecutor.doExecute(TestCaseExecutor.java:319)
	at com.kms.katalon.core.main.TestCaseExecutor.processExecutionPhase(TestCaseExecutor.java:298)
	at com.kms.katalon.core.main.TestCaseExecutor.accessMainPhase(TestCaseExecutor.java:290)
	at com.kms.katalon.core.main.TestCaseExecutor.execute(TestCaseExecutor.java:224)
	at com.kms.katalon.core.main.TestSuiteExecutor.accessTestCaseMainPhase(TestSuiteExecutor.java:129)
	at com.kms.katalon.core.main.TestSuiteExecutor.accessTestSuiteMainPhase(TestSuiteExecutor.java:112)
	at com.kms.katalon.core.main.TestSuiteExecutor.execute(TestSuiteExecutor.java:81)
	at com.kms.katalon.core.main.TestCaseMain.startTestSuite(TestCaseMain.java:149)
	at com.kms.katalon.core.main.TestCaseMain$startTestSuite$0.call(Unknown Source)
	at TempTestSuite1550490560340.run(TempTestSuite1550490560340.groovy:36)]]></system-out>
         <system-err><![CDATA[2019-02-18 13:52:33 - [TEST_CASE][FAILED] - Test Cases/Event Group Management/TC_Verify_Update: Test Cases/Event Group Management/TC_Verify_Update FAILED.
Reason:
com.kms.katalon.core.exception.StepFailedException: Unable to get attribute 'ng-reflect-model' of object '' (Root cause: com.kms.katalon.core.webui.exception.WebElementNotFoundException: Web element with id: '' located by 'By.xpath: //*[@id="app-form"]//form//div[2]/span/div/extended-input//div[2]/input' not found)
	at com.kms.katalon.core.keyword.internal.KeywordMain.stepFailed(KeywordMain.groovy:36)
	at com.kms.katalon.core.webui.keyword.internal.WebUIKeywordMain.stepFailed(WebUIKeywordMain.groovy:65)
	at com.kms.katalon.core.webui.keyword.internal.WebUIKeywordMain.runKeyword(WebUIKeywordMain.groovy:27)
	at com.kms.katalon.core.webui.keyword.builtin.GetAttributeKeyword.getAttribute(GetAttributeKeyword.groovy:93)
	at com.kms.katalon.core.webui.keyword.builtin.GetAttributeKeyword.execute(GetAttributeKeyword.groovy:68)
	at com.kms.katalon.core.keyword.internal.KeywordExecutor.executeKeywordForPlatform(KeywordExecutor.groovy:53)
	at com.kms.katalon.core.webui.keyword.WebUiBuiltInKeywords.getAttribute(WebUiBuiltInKeywords.groovy:921)
	at com.kms.katalon.core.webui.keyword.WebUiBuiltInKeywords$getAttribute$3.call(Unknown Source)
	at pk_Functions.CS_VerifyPageData.CheckMatching(CS_VerifyPageData.groovy:40)
	at pk_Functions.CS_VerifyPageData.invokeMethod(CS_VerifyPageData.groovy)
	at com.kms.katalon.core.main.CustomKeywordDelegatingMetaClass.invokeStaticMethod(CustomKeywordDelegatingMetaClass.java:49)
	at TC_Verify_Update.run(TC_Verify_Update:40)
	at com.kms.katalon.core.main.ScriptEngine.run(ScriptEngine.java:194)
	at com.kms.katalon.core.main.ScriptEngine.runScriptAsRawText(ScriptEngine.java:119)
	at com.kms.katalon.core.main.TestCaseExecutor.runScript(TestCaseExecutor.java:328)
	at com.kms.katalon.core.main.TestCaseExecutor.doExecute(TestCaseExecutor.java:319)
	at com.kms.katalon.core.main.TestCaseExecutor.processExecutionPhase(TestCaseExecutor.java:298)
	at com.kms.katalon.core.main.TestCaseExecutor.accessMainPhase(TestCaseExecutor.java:290)
	at com.kms.katalon.core.main.TestCaseExecutor.execute(TestCaseExecutor.java:224)
	at com.kms.katalon.core.main.TestSuiteExecutor.accessTestCaseMainPhase(TestSuiteExecutor.java:129)
	at com.kms.katalon.core.main.TestSuiteExecutor.accessTestSuiteMainPhase(TestSuiteExecutor.java:112)
	at com.kms.katalon.core.main.TestSuiteExecutor.execute(TestSuiteExecutor.java:81)
	at com.kms.katalon.core.main.TestCaseMain.startTestSuite(TestCaseMain.java:149)
	at com.kms.katalon.core.main.TestCaseMain$startTestSuite$0.call(Unknown Source)
	at TempTestSuite1550490560340.run(TempTestSuite1550490560340.groovy:36)]]></system-err>
      </testcase>
      <testcase name="Test Cases/Event Group Management/TC_Verify_Update" classname="Test Cases/Event Group Management/TC_Verify_Update" status="PASSED">
         <system-out><![CDATA[2019-02-18 13:53:11 - [TEST_CASE][PASSED] - Test Cases/Event Group Management/TC_Verify_Update: Test Cases/Event Group Management/TC_Verify_Update

2019-02-18 13:53:11 - [TEST_STEP][PASSED] - if (ActionType == "UpdateYes"): Object: 'Object Repository/Event Group Managemnt/BTN_Back (1)' is clicked on

2019-02-18 13:53:11 - [TEST_STEP][PASSED] - delay(1): Delayed 1 second(s)

2019-02-18 13:53:12 - [MESSAGE][PASSED] - Delayed 1 second(s)

2019-02-18 13:53:12 - [TEST_STEP][PASSED] - pk_Functions.CS_ClickingonActionButtonswithPagination.SelectRecordFromWebtableFun(ActionType, 0, 3, "Event Group Management/MOF_NE_Event Group ManagementObjectRepository", "Sheet1", Code): pk_Functions.CS_ClickingonActionButtonswithPagination.SelectRecordFromWebtableFun is PASSED

2019-02-18 13:53:12 - [MESSAGE][PASSED] - Object: '' is clicked on

2019-02-18 13:53:14 - [MESSAGE][PASSED] - Delayed 2 second(s)

2019-02-18 13:53:14 - [MESSAGE][PASSED] - Attribute 'tabindex' of object '' is: '0'

2019-02-18 13:53:15 - [MESSAGE][PASSED] - Delayed 1 second(s)

2019-02-18 13:53:16 - [MESSAGE][PASSED] - Delayed 1 second(s)

2019-02-18 13:53:17 - [MESSAGE][PASSED] - Delayed 1 second(s)

2019-02-18 13:53:17 - [MESSAGE][PASSED] - Attribute 'tabindex' of object '' is: '0'

2019-02-18 13:53:17 - [MESSAGE][PASSED] - Object: '' is clicked on

2019-02-18 13:53:18 - [MESSAGE][PASSED] - Delayed 1 second(s)

2019-02-18 13:53:20 - [MESSAGE][PASSED] - Delayed 1 second(s)

2019-02-18 13:53:21 - [MESSAGE][PASSED] - Delayed 1 second(s)

2019-02-18 13:53:21 - [MESSAGE][PASSED] - Attribute 'tabindex' of object '' is: '0'

2019-02-18 13:53:21 - [MESSAGE][PASSED] - Object: '' is clicked on

2019-02-18 13:53:22 - [MESSAGE][PASSED] - Delayed 1 second(s)

2019-02-18 13:53:23 - [MESSAGE][PASSED] - Delayed 1 second(s)

2019-02-18 13:53:25 - [MESSAGE][PASSED] - Delayed 1 second(s)

2019-02-18 13:53:25 - [MESSAGE][PASSED] - Attribute 'tabindex' of object '' is: '0'

2019-02-18 13:53:25 - [MESSAGE][PASSED] - Object: '' is clicked on

2019-02-18 13:53:26 - [MESSAGE][PASSED] - Delayed 1 second(s)

2019-02-18 13:53:27 - [MESSAGE][PASSED] - Delayed 1 second(s)

2019-02-18 13:53:28 - [MESSAGE][PASSED] - Delayed 1 second(s)

2019-02-18 13:53:28 - [MESSAGE][PASSED] - pk_Functions.CS_ClickingonActionButtonswithPagination.SelectRecordFromWebtableFun is PASSED

2019-02-18 13:53:28 - [TEST_STEP][PASSED] - delay(2): Delayed 2 second(s)

2019-02-18 13:53:30 - [MESSAGE][PASSED] - Delayed 2 second(s)

2019-02-18 13:53:30 - [TEST_STEP][PASSED] - pk_Functions.CS_VerifyPageData.CheckMatching(["Arabic Description", "English Description"], "Event Group Management/MOF_NE_Event Group ManagementObjectRepository", "Sheet1", [ArabicDescription, EnglishDescription]): pk_Functions.CS_VerifyPageData.CheckMatching is PASSED

2019-02-18 13:53:30 - [MESSAGE][PASSED] - Attribute 'ng-reflect-model' of object '' is: 'English Description_4'

2019-02-18 13:53:30 - [MESSAGE][PASSED] - Actual text 'English Description_4' and expected text 'English Description_4' are matched 

2019-02-18 13:53:30 - [MESSAGE][PASSED] - Attribute 'ng-reflect-model' of object '' is: 'English Description_4'

2019-02-18 13:53:30 - [MESSAGE][PASSED] - Actual text 'English Description_4' and expected text 'English Description_4' are matched 

2019-02-18 13:53:30 - [MESSAGE][PASSED] - pk_Functions.CS_VerifyPageData.CheckMatching is PASSED

2019-02-18 13:53:30 - [TEST_STEP][PASSED] - delay(2): Delayed 2 second(s)

2019-02-18 13:53:32 - [MESSAGE][PASSED] - Delayed 2 second(s)

2019-02-18 13:53:32 - [TEST_STEP][PASSED] - click(findTestObject("Event Group Managemnt/BTN_Back (1)")): Object: 'Object Repository/Event Group Managemnt/BTN_Back (1)' is clicked on

2019-02-18 13:53:32 - [MESSAGE][PASSED] - Object: 'Object Repository/Event Group Managemnt/BTN_Back (1)' is clicked on

2019-02-18 13:53:32 - [TEST_STEP][PASSED] - delay(1): Delayed 1 second(s)

2019-02-18 13:53:33 - [MESSAGE][PASSED] - Delayed 1 second(s)

2019-02-18 13:53:33 - [TEST_STEP][PASSED] - pk_Functions.CS_ClickingonActionButtonswithPagination.SelectRecordFromWebtableFun(ActionType, 0, 3, "Event Group Management/MOF_NE_Event Group ManagementObjectRepository", "Sheet1", Code): pk_Functions.CS_ClickingonActionButtonswithPagination.SelectRecordFromWebtableFun is PASSED

2019-02-18 13:53:34 - [MESSAGE][PASSED] - Object: '' is clicked on

2019-02-18 13:53:36 - [MESSAGE][PASSED] - Delayed 2 second(s)

2019-02-18 13:53:36 - [MESSAGE][PASSED] - Attribute 'tabindex' of object '' is: '0'

2019-02-18 13:53:37 - [MESSAGE][PASSED] - Delayed 1 second(s)

2019-02-18 13:53:38 - [MESSAGE][PASSED] - Delayed 1 second(s)

2019-02-18 13:53:39 - [MESSAGE][PASSED] - Delayed 1 second(s)

2019-02-18 13:53:39 - [MESSAGE][PASSED] - Attribute 'tabindex' of object '' is: '0'

2019-02-18 13:53:39 - [MESSAGE][PASSED] - Object: '' is clicked on

2019-02-18 13:53:40 - [MESSAGE][PASSED] - Delayed 1 second(s)

2019-02-18 13:53:41 - [MESSAGE][PASSED] - Delayed 1 second(s)

2019-02-18 13:53:43 - [MESSAGE][PASSED] - Delayed 1 second(s)

2019-02-18 13:53:43 - [MESSAGE][PASSED] - Attribute 'tabindex' of object '' is: '0'

2019-02-18 13:53:43 - [MESSAGE][PASSED] - Object: '' is clicked on

2019-02-18 13:53:44 - [MESSAGE][PASSED] - Delayed 1 second(s)

2019-02-18 13:53:45 - [MESSAGE][PASSED] - Delayed 1 second(s)

2019-02-18 13:53:46 - [MESSAGE][PASSED] - Delayed 1 second(s)

2019-02-18 13:53:46 - [MESSAGE][PASSED] - Attribute 'tabindex' of object '' is: '0'

2019-02-18 13:53:46 - [MESSAGE][PASSED] - Object: '' is clicked on

2019-02-18 13:53:47 - [MESSAGE][PASSED] - Delayed 1 second(s)

2019-02-18 13:53:48 - [MESSAGE][PASSED] - Delayed 1 second(s)

2019-02-18 13:53:50 - [MESSAGE][PASSED] - Delayed 1 second(s)

2019-02-18 13:53:50 - [MESSAGE][PASSED] - pk_Functions.CS_ClickingonActionButtonswithPagination.SelectRecordFromWebtableFun is PASSED

2019-02-18 13:53:50 - [TEST_STEP][PASSED] - delay(2): Delayed 2 second(s)

2019-02-18 13:53:52 - [MESSAGE][PASSED] - Delayed 2 second(s)

2019-02-18 13:53:52 - [TEST_STEP][PASSED] - pk_Functions.CS_VerifyPageData.CheckMatching(["Arabic Description", "English Description"], "Event Group Management/MOF_NE_Event Group ManagementObjectRepository", "Sheet1", [ArabicDescription, EnglishDescription]): pk_Functions.CS_VerifyPageData.CheckMatching is PASSED

2019-02-18 13:53:52 - [MESSAGE][PASSED] - Attribute 'ng-reflect-model' of object '' is: 'English Description_4'

2019-02-18 13:53:52 - [MESSAGE][PASSED] - Actual text 'English Description_4' and expected text 'English Description_4' are matched 

2019-02-18 13:53:52 - [MESSAGE][PASSED] - Attribute 'ng-reflect-model' of object '' is: 'English Description_4'

2019-02-18 13:53:52 - [MESSAGE][PASSED] - Actual text 'English Description_4' and expected text 'English Description_4' are matched 

2019-02-18 13:53:52 - [MESSAGE][PASSED] - pk_Functions.CS_VerifyPageData.CheckMatching is PASSED

2019-02-18 13:53:52 - [TEST_STEP][PASSED] - delay(2): Delayed 2 second(s)

2019-02-18 13:53:54 - [MESSAGE][PASSED] - Delayed 2 second(s)

2019-02-18 13:53:54 - [TEST_STEP][PASSED] - click(findTestObject("Event Group Managemnt/BTN_Back (1)")): Object: 'Object Repository/Event Group Managemnt/BTN_Back (1)' is clicked on

2019-02-18 13:53:54 - [MESSAGE][PASSED] - Object: 'Object Repository/Event Group Managemnt/BTN_Back (1)' is clicked on]]></system-out>
         <system-err><![CDATA[]]></system-err>
      </testcase>
      <system-out><![CDATA[2019-02-18 13:49:24 - [TEST_SUITE][FAILED] - TS_EGMFullScenario: Test Cases/Event Group Management/TC_Verify_Update FAILED.
Reason:
com.kms.katalon.core.exception.StepFailedException: Unable to get attribute 'ng-reflect-model' of object '' (Root cause: com.kms.katalon.core.webui.exception.WebElementNotFoundException: Web element with id: '' located by 'By.xpath: //*[@id="app-form"]//form//div[2]/span/div/extended-input//div[2]/input' not found)
	at com.kms.katalon.core.keyword.internal.KeywordMain.stepFailed(KeywordMain.groovy:36)
	at com.kms.katalon.core.webui.keyword.internal.WebUIKeywordMain.stepFailed(WebUIKeywordMain.groovy:65)
	at com.kms.katalon.core.webui.keyword.internal.WebUIKeywordMain.runKeyword(WebUIKeywordMain.groovy:27)
	at com.kms.katalon.core.webui.keyword.builtin.GetAttributeKeyword.getAttribute(GetAttributeKeyword.groovy:93)
	at com.kms.katalon.core.webui.keyword.builtin.GetAttributeKeyword.execute(GetAttributeKeyword.groovy:68)
	at com.kms.katalon.core.keyword.internal.KeywordExecutor.executeKeywordForPlatform(KeywordExecutor.groovy:53)
	at com.kms.katalon.core.webui.keyword.WebUiBuiltInKeywords.getAttribute(WebUiBuiltInKeywords.groovy:921)
	at com.kms.katalon.core.webui.keyword.WebUiBuiltInKeywords$getAttribute$3.call(Unknown Source)
	at pk_Functions.CS_VerifyPageData.CheckMatching(CS_VerifyPageData.groovy:40)
	at pk_Functions.CS_VerifyPageData.invokeMethod(CS_VerifyPageData.groovy)
	at com.kms.katalon.core.main.CustomKeywordDelegatingMetaClass.invokeStaticMethod(CustomKeywordDelegatingMetaClass.java:49)
	at TC_Verify_Update.run(TC_Verify_Update:40)
	at com.kms.katalon.core.main.ScriptEngine.run(ScriptEngine.java:194)
	at com.kms.katalon.core.main.ScriptEngine.runScriptAsRawText(ScriptEngine.java:119)
	at com.kms.katalon.core.main.TestCaseExecutor.runScript(TestCaseExecutor.java:328)
	at com.kms.katalon.core.main.TestCaseExecutor.doExecute(TestCaseExecutor.java:319)
	at com.kms.katalon.core.main.TestCaseExecutor.processExecutionPhase(TestCaseExecutor.java:298)
	at com.kms.katalon.core.main.TestCaseExecutor.accessMainPhase(TestCaseExecutor.java:290)
	at com.kms.katalon.core.main.TestCaseExecutor.execute(TestCaseExecutor.java:224)
	at com.kms.katalon.core.main.TestSuiteExecutor.accessTestCaseMainPhase(TestSuiteExecutor.java:129)
	at com.kms.katalon.core.main.TestSuiteExecutor.accessTestSuiteMainPhase(TestSuiteExecutor.java:112)
	at com.kms.katalon.core.main.TestSuiteExecutor.execute(TestSuiteExecutor.java:81)
	at com.kms.katalon.core.main.TestCaseMain.startTestSuite(TestCaseMain.java:149)
	at com.kms.katalon.core.main.TestCaseMain$startTestSuite$0.call(Unknown Source)
	at TempTestSuite1550490560340.run(TempTestSuite1550490560340.groovy:36)]]></system-out>
      <system-err><![CDATA[2019-02-18 13:49:24 - [TEST_SUITE][FAILED] - TS_EGMFullScenario: Test Cases/Event Group Management/TC_Verify_Update FAILED.
Reason:
com.kms.katalon.core.exception.StepFailedException: Unable to get attribute 'ng-reflect-model' of object '' (Root cause: com.kms.katalon.core.webui.exception.WebElementNotFoundException: Web element with id: '' located by 'By.xpath: //*[@id="app-form"]//form//div[2]/span/div/extended-input//div[2]/input' not found)
	at com.kms.katalon.core.keyword.internal.KeywordMain.stepFailed(KeywordMain.groovy:36)
	at com.kms.katalon.core.webui.keyword.internal.WebUIKeywordMain.stepFailed(WebUIKeywordMain.groovy:65)
	at com.kms.katalon.core.webui.keyword.internal.WebUIKeywordMain.runKeyword(WebUIKeywordMain.groovy:27)
	at com.kms.katalon.core.webui.keyword.builtin.GetAttributeKeyword.getAttribute(GetAttributeKeyword.groovy:93)
	at com.kms.katalon.core.webui.keyword.builtin.GetAttributeKeyword.execute(GetAttributeKeyword.groovy:68)
	at com.kms.katalon.core.keyword.internal.KeywordExecutor.executeKeywordForPlatform(KeywordExecutor.groovy:53)
	at com.kms.katalon.core.webui.keyword.WebUiBuiltInKeywords.getAttribute(WebUiBuiltInKeywords.groovy:921)
	at com.kms.katalon.core.webui.keyword.WebUiBuiltInKeywords$getAttribute$3.call(Unknown Source)
	at pk_Functions.CS_VerifyPageData.CheckMatching(CS_VerifyPageData.groovy:40)
	at pk_Functions.CS_VerifyPageData.invokeMethod(CS_VerifyPageData.groovy)
	at com.kms.katalon.core.main.CustomKeywordDelegatingMetaClass.invokeStaticMethod(CustomKeywordDelegatingMetaClass.java:49)
	at TC_Verify_Update.run(TC_Verify_Update:40)
	at com.kms.katalon.core.main.ScriptEngine.run(ScriptEngine.java:194)
	at com.kms.katalon.core.main.ScriptEngine.runScriptAsRawText(ScriptEngine.java:119)
	at com.kms.katalon.core.main.TestCaseExecutor.runScript(TestCaseExecutor.java:328)
	at com.kms.katalon.core.main.TestCaseExecutor.doExecute(TestCaseExecutor.java:319)
	at com.kms.katalon.core.main.TestCaseExecutor.processExecutionPhase(TestCaseExecutor.java:298)
	at com.kms.katalon.core.main.TestCaseExecutor.accessMainPhase(TestCaseExecutor.java:290)
	at com.kms.katalon.core.main.TestCaseExecutor.execute(TestCaseExecutor.java:224)
	at com.kms.katalon.core.main.TestSuiteExecutor.accessTestCaseMainPhase(TestSuiteExecutor.java:129)
	at com.kms.katalon.core.main.TestSuiteExecutor.accessTestSuiteMainPhase(TestSuiteExecutor.java:112)
	at com.kms.katalon.core.main.TestSuiteExecutor.execute(TestSuiteExecutor.java:81)
	at com.kms.katalon.core.main.TestCaseMain.startTestSuite(TestCaseMain.java:149)
	at com.kms.katalon.core.main.TestCaseMain$startTestSuite$0.call(Unknown Source)
	at TempTestSuite1550490560340.run(TempTestSuite1550490560340.groovy:36)]]></system-err>
   </testsuite>
</testsuites>
